#T: 4, B: 2#
#N, OpTime, Op-GB/s, KTime, K-GB/s (basic, conflcit, block)#
32, 0.271488, 3.017444, 0.225280, 3.636364, 0.233664, 3.505889, 0.199680, 4.102564, 0.231680, 3.535912, 0.200704, 4.081633
64, 0.491392, 6.668404, 0.448512, 7.305936, 0.420704, 7.788849, 0.378880, 8.648649, 0.474464, 6.906320, 0.402432, 8.142494
128, 1.116192, 11.742783, 1.013760, 12.929294, 1.213312, 10.802827, 1.104896, 11.862837, 1.210048, 10.831967, 1.097728, 11.940298
256, 4.019424, 13.043859, 3.721216, 14.089158, 4.200640, 12.481145, 3.890176, 13.477231, 4.270336, 12.277441, 3.974144, 13.192476
512, 18.468000, 11.355598, 17.363968, 12.077608, 17.769119, 11.802228, 16.633856, 12.607732, 17.857599, 11.743751, 16.709633, 12.550557
1024, 71.603966, 11.715284, 67.921921, 12.350369, 68.035294, 12.329789, 64.397308, 13.026333, 68.139809, 12.310877, 64.450562, 13.015570
2048, 348.371033, 9.631809, 333.944824, 10.047897, 271.357697, 12.365388, 257.099762, 13.051133, 271.231934, 12.371121, 257.175537, 13.047288
4096, 1424.663940, 9.421010, 1364.343750, 9.837530, 1249.165894, 10.744588, 1192.642578, 11.253810, 1154.988647, 11.620697, 1083.126831, 12.391691
8192, 5923.610840, 9.063237, 5681.153809, 9.450033, 5766.473633, 9.310212, 5534.647461, 9.700183, 5754.112793, 9.330212, 5525.624023, 9.716023
#T: 4, B: 4#
#N, OpTime, Op-GB/s, KTime, K-GB/s (basic, conflcit, block)#
32, 0.259488, 3.156986, 0.215040, 3.809524, 0.217024, 3.774698, 0.182272, 4.494382, 0.214080, 3.826607, 0.183296, 4.469274
64, 0.348864, 9.392773, 0.307200, 10.666666, 0.430336, 7.614515, 0.389120, 8.421052, 0.391552, 8.368748, 0.351232, 9.329446
128, 0.977088, 13.414555, 0.875520, 14.970760, 1.107776, 11.831994, 1.006592, 13.021362, 1.069184, 12.259069, 0.966656, 13.559321
256, 3.698016, 14.177548, 3.399680, 15.421687, 3.869248, 13.550127, 3.567616, 14.695752, 3.823840, 13.711034, 3.524608, 14.875073
512, 16.458015, 12.742435, 15.374336, 13.640602, 16.631041, 12.609866, 15.484928, 13.543182, 16.772608, 12.503434, 15.612928, 13.432150
1024, 62.301537, 13.464528, 58.612736, 14.311920, 68.308830, 12.280416, 64.694275, 12.966538, 69.232224, 12.116624, 64.658432, 12.973726
2048, 249.058044, 13.472535, 234.979324, 14.279738, 271.594604, 12.354602, 257.897461, 13.010765, 280.615662, 11.957434, 264.683533, 12.677189
4096, 1079.072998, 12.438244, 1023.260681, 13.116670, 1182.775757, 11.347691, 1126.926392, 11.910070, 1175.810791, 11.414908, 1119.204346, 11.992245
8192, 6181.192383, 8.685555, 5942.650879, 9.034199, 5719.217285, 9.387139, 5490.963379, 9.777353, 5704.940430, 9.410631, 5474.762695, 9.806287
#T: 8, B: 2#
#N, OpTime, Op-GB/s, KTime, K-GB/s (basic, conflcit, block)#
32, 0.268800, 3.047619, 0.222208, 3.686636, 0.197792, 4.141725, 0.164864, 4.968944, 0.198368, 4.129698, 0.164864, 4.968944
64, 0.272992, 12.003282, 0.231424, 14.159292, 0.234016, 14.002461, 0.192512, 17.021276, 0.234816, 13.954756, 0.193536, 16.931217
128, 0.661472, 19.815199, 0.540672, 24.242424, 0.449184, 29.180025, 0.351232, 37.317783, 0.438464, 29.893448, 0.335872, 39.024391
256, 1.989984, 26.346342, 1.707008, 30.713858, 1.363040, 38.464611, 1.068032, 49.089165, 1.352224, 38.772274, 1.078272, 48.622982
512, 9.192800, 22.812984, 8.167424, 25.677031, 5.963392, 35.167099, 4.944896, 42.410435, 6.012256, 34.881283, 5.010432, 41.855713
1024, 35.391617, 23.702246, 31.526913, 26.607769, 22.801567, 36.789612, 19.565569, 42.874336, 22.926592, 36.588989, 19.620865, 42.753510
2048, 156.637177, 21.421755, 143.599609, 23.366659, 121.854530, 27.536467, 107.551743, 31.198408, 119.848740, 27.997318, 107.526146, 31.205835
4096, 620.426331, 21.633144, 569.335815, 23.574440, 733.200134, 18.305742, 682.352661, 19.669847, 732.195129, 18.330870, 681.090027, 19.706312
8192, 3522.359619, 15.241797, 3313.561523, 16.202232, 3272.863037, 16.403709, 3070.270508, 17.486111, 3276.021973, 16.387892, 3069.805664, 17.488758
#T: 8, B: 4#
#N, OpTime, Op-GB/s, KTime, K-GB/s (basic, conflcit, block)#
32, 0.212864, 3.848467, 0.167936, 4.878049, 0.198272, 4.131698, 0.163840, 5.000000, 0.196320, 4.172779, 0.166912, 4.907975
64, 0.250976, 13.056229, 0.207872, 15.763547, 0.234592, 13.968081, 0.192512, 17.021276, 0.257184, 12.741073, 0.215040, 15.238095
128, 0.584352, 22.430315, 0.483328, 27.118643, 0.494336, 26.514759, 0.394240, 33.246754, 0.510336, 25.683472, 0.410624, 31.920200
256, 1.960928, 26.736729, 1.666048, 31.468960, 1.608928, 32.586170, 1.320960, 39.689922, 1.583872, 33.101665, 1.300480, 40.314960
512, 7.594784, 27.613058, 6.546432, 32.035038, 6.435264, 32.588436, 5.417984, 38.707237, 6.448800, 32.520035, 5.438464, 38.561474
1024, 29.466305, 28.468477, 26.040319, 32.213921, 24.632160, 34.055511, 21.362688, 39.267567, 24.595327, 34.106510, 21.316608, 39.352451
2048, 130.228226, 25.765867, 117.176323, 28.635847, 116.985725, 28.682501, 104.641533, 32.066074, 117.022240, 28.673552, 104.621056, 32.072350
4096, 778.367981, 17.243481, 725.657593, 18.496014, 779.830811, 17.211134, 724.684814, 18.520842, 776.639771, 17.281851, 725.369873, 18.503349
8192, 3563.727783, 15.064869, 3359.669189, 15.979875, 3378.394775, 15.891302, 3176.285156, 16.902479, 3378.731445, 15.889718, 3176.768555, 16.899906
#T: 8, B: 8#
#N, OpTime, Op-GB/s, KTime, K-GB/s (basic, conflcit, block)#
32, 0.222048, 3.689292, 0.178176, 4.597701, 0.200864, 4.078382, 0.164864, 4.968944, 0.196704, 4.164633, 0.164864, 4.968944
64, 0.298560, 10.975348, 0.254976, 12.851405, 0.235040, 13.941457, 0.193536, 16.931217, 0.239104, 13.704496, 0.196608, 16.666666
128, 0.575968, 22.756819, 0.478208, 27.408993, 0.500736, 26.175869, 0.402432, 32.569977, 0.497280, 26.357786, 0.399360, 32.820511
256, 1.942048, 26.996656, 1.653760, 31.702787, 1.573856, 33.312325, 1.290240, 40.634918, 1.837472, 28.533115, 1.512448, 34.664864
512, 7.364608, 28.476086, 6.311936, 33.225178, 6.833632, 30.688688, 5.830656, 35.967686, 6.725056, 31.184156, 5.653504, 37.094730
1024, 28.290176, 29.652018, 24.875008, 33.723038, 25.070305, 33.460335, 21.888000, 38.325146, 25.073919, 33.455513, 21.860352, 38.373619
2048, 128.840347, 26.043419, 116.339714, 28.841770, 117.938881, 28.450695, 105.667587, 31.754705, 117.855583, 28.470804, 105.766914, 31.724886
4096, 772.192444, 17.381384, 720.754700, 18.621832, 775.871948, 17.298954, 724.962280, 18.513754, 773.863098, 17.343859, 723.575806, 18.549229
8192, 3395.277588, 15.812284, 3192.556641, 16.816332, 3392.136230, 15.826926, 3163.458496, 16.971012, 3379.444092, 15.886368, 3164.310547, 16.966442
#T: 16, B: 2#
#N, OpTime, Op-GB/s, KTime, K-GB/s (basic, conflcit, block)#
32, 0.386016, 2.122192, 0.292864, 2.797203, 0.205600, 3.984436, 0.174080, 4.705883, 0.198176, 4.133699, 0.165888, 4.938272
64, 0.392864, 8.340800, 0.351232, 9.329446, 0.229472, 14.279738, 0.187392, 17.486340, 0.217120, 15.092114, 0.177152, 18.497110
128, 0.968512, 13.533338, 0.866304, 15.130024, 0.413536, 31.695425, 0.265216, 49.420849, 0.661824, 19.804661, 0.335872, 39.024391
256, 3.708064, 14.139130, 3.161088, 16.585682, 1.153280, 45.460598, 0.673792, 77.811546, 0.952992, 55.014942, 0.621568, 84.349258
512, 13.080704, 16.032410, 11.367424, 18.448788, 5.602176, 37.434597, 4.500480, 46.598404, 6.374368, 32.899761, 4.517888, 46.418858
1024, 48.435455, 17.319147, 44.635136, 18.793732, 21.005280, 39.935711, 17.935360, 46.771339, 21.115841, 39.726612, 17.941471, 46.755409
2048, 186.067902, 18.033434, 173.036545, 19.391529, 99.138077, 33.846161, 86.515709, 38.784206, 100.909149, 33.252121, 86.933502, 38.597816
4096, 779.795593, 17.211912, 725.044250, 18.511660, 465.674377, 28.822227, 416.714752, 32.208538, 467.489685, 28.710308, 419.203064, 32.017353
8192, 3167.850342, 16.947483, 2965.547119, 18.103603, 2076.838135, 25.850397, 1885.714478, 28.470425, 2093.212646, 25.648178, 1903.844360, 28.199306
#T: 16, B: 4#
#N, OpTime, Op-GB/s, KTime, K-GB/s (basic, conflcit, block)#
32, 0.309376, 2.647911, 0.245760, 3.333333, 0.263232, 3.112084, 0.220160, 3.720930, 0.292896, 2.796897, 0.239616, 3.418803
64, 0.349888, 9.365283, 0.304128, 10.774411, 0.228416, 14.345756, 0.183296, 17.877096, 0.226976, 14.436769, 0.183296, 17.877096
128, 0.964416, 13.590816, 0.860160, 15.238095, 0.392000, 33.436737, 0.291840, 44.912281, 0.357376, 36.676216, 0.257024, 50.996017
256, 3.469792, 15.110070, 3.137536, 16.710182, 0.937376, 55.931450, 0.657408, 79.750778, 0.865760, 60.558121, 0.590848, 88.734833
512, 12.328512, 17.010584, 11.231232, 18.672503, 5.560160, 37.717476, 4.462592, 46.994034, 5.329600, 39.349144, 4.381696, 47.861649
1024, 47.898434, 17.513325, 44.401665, 18.892553, 21.029152, 39.890377, 17.908735, 46.840874, 21.023680, 39.900761, 17.885183, 46.902554
2048, 185.592102, 18.079666, 172.967941, 19.399220, 101.010750, 33.218674, 88.878082, 37.753326, 100.621407, 33.347210, 88.686592, 37.834843
4096, 745.204590, 18.010857, 694.154236, 19.335434, 465.541229, 28.830471, 417.466370, 32.150547, 464.066132, 28.922112, 417.044495, 32.183071
8192, 3003.538086, 17.874617, 2804.729736, 19.141626, 2086.688721, 25.728367, 1885.894653, 28.467705, 2074.833008, 25.875380, 1885.251587, 28.477415
#T: 16, B: 8#
#N, OpTime, Op-GB/s, KTime, K-GB/s (basic, conflcit, block)#
32, 0.251200, 3.261147, 0.204800, 4.000000, 0.196128, 4.176864, 0.161792, 5.063291, 0.192192, 4.262404, 0.160768, 5.095541
64, 0.362656, 9.035560, 0.320512, 10.223642, 0.236736, 13.841578, 0.194560, 16.842104, 0.209280, 15.657493, 0.167936, 19.512196
128, 0.954528, 13.731604, 0.848896, 15.440289, 0.355264, 36.894253, 0.261120, 50.196079, 0.359712, 36.438038, 0.264192, 49.612408
256, 3.381184, 15.506047, 3.073024, 17.060980, 0.988352, 53.046688, 0.709632, 73.881676, 0.956448, 54.816151, 0.666624, 78.648232
512, 12.100992, 17.330414, 11.038720, 18.998144, 5.409248, 38.769753, 4.378624, 47.895229, 5.347136, 39.220097, 4.380640, 47.873188
1024, 47.114815, 17.804607, 43.759617, 19.169748, 20.880096, 40.175140, 17.761280, 47.229748, 20.878304, 40.178589, 17.781759, 47.175354
2048, 185.907455, 18.048998, 172.973053, 19.398647, 100.322433, 33.446590, 87.080963, 38.532455, 98.351875, 34.116718, 86.217728, 38.918251
4096, 743.058350, 18.062880, 692.355042, 19.385679, 452.070770, 29.689539, 404.332550, 33.194885, 451.302368, 29.740089, 403.863556, 33.233433
8192, 3002.582275, 17.880306, 2802.955322, 19.153746, 1979.856201, 27.116661, 1780.959229, 30.145042, 1971.058716, 27.237692, 1781.463013, 30.136517
#T: 16, B: 16#
#N, OpTime, Op-GB/s, KTime, K-GB/s (basic, conflcit, block)#
32, 0.229312, 3.572425, 0.185344, 4.419889, 0.195904, 4.181640, 0.160768, 5.095541, 0.193344, 4.237008, 0.161824, 5.062290
64, 0.361216, 9.071580, 0.317440, 10.322580, 0.219008, 14.962010, 0.177152, 18.497110, 0.209888, 15.612136, 0.167936, 19.512196
128, 0.937984, 13.973800, 0.835584, 15.686275, 0.395616, 33.131119, 0.293888, 44.599304, 0.379168, 34.568317, 0.277504, 47.232471
256, 3.334880, 15.721345, 3.019776, 17.361816, 1.287200, 40.730888, 1.006592, 52.085449, 1.194752, 43.882580, 0.918528, 57.079151
512, 12.116128, 17.308764, 11.057152, 18.966476, 5.628192, 37.261559, 4.621312, 45.380013, 5.539424, 37.858665, 4.532224, 46.272026
1024, 47.171391, 17.783253, 43.677696, 19.205702, 21.615265, 38.808723, 18.430977, 45.513638, 21.313601, 39.358006, 18.160641, 46.191147
2048, 185.965088, 18.043404, 173.019165, 19.393476, 99.630814, 33.678768, 87.487488, 38.353405, 98.877373, 33.935402, 87.021568, 38.558754
4096, 789.869690, 16.992388, 738.009094, 18.186460, 358.087860, 37.481785, 311.604218, 43.073143, 388.826721, 34.518650, 341.783539, 39.269806
8192, 3184.043945, 16.861290, 2983.291992, 17.995922, 1954.752075, 27.464911, 1761.201172, 30.483225, 1952.374390, 27.498358, 1760.250854, 30.499681
#T: 32, B: 2#
#N, OpTime, Op-GB/s, KTime, K-GB/s (basic, conflcit, block)#
32, 0.527488, 1.553021, 0.475136, 1.724138, 0.320800, 2.553616, 0.285696, 2.867383, 0.225632, 3.630691, 0.178176, 4.597701
64, 0.660032, 4.964608, 0.577536, 5.673759, 0.397600, 8.241448, 0.333824, 9.815950, 0.244224, 13.417191, 0.197632, 16.580311
128, 1.017152, 12.886177, 0.888832, 14.746544, 0.614080, 21.344450, 0.520192, 25.196850, 0.303680, 43.161221, 0.214016, 61.244019
256, 3.218432, 16.290169, 2.914304, 17.990162, 1.942720, 26.987316, 1.616896, 32.425587, 0.752544, 69.668755, 0.480256, 109.168442
512, 13.690656, 15.318127, 12.505088, 16.770390, 7.461664, 28.105688, 6.240256, 33.606827, 5.696640, 36.813843, 4.505600, 46.545456
1024, 59.692001, 14.053152, 56.006657, 14.977877, 28.279137, 29.663593, 25.008127, 33.543526, 20.956703, 40.028282, 17.767424, 47.213417
2048, 256.258850, 13.093960, 242.565125, 13.833164, 100.674240, 33.329708, 88.409058, 37.953613, 83.208862, 40.325550, 71.094269, 47.197098
4096, 1214.814941, 11.048409, 1158.254639, 11.587929, 397.805542, 33.739532, 351.093750, 38.228458, 333.397217, 40.257603, 287.418365, 46.697685
8192, 6429.910645, 8.349586, 6196.455566, 8.664162, 1587.604980, 33.816402, 1401.792480, 38.298885, 1375.951050, 39.018169, 1192.638428, 45.015396
#T: 32, B: 4#
#N, OpTime, Op-GB/s, KTime, K-GB/s (basic, conflcit, block)#
32, 0.366560, 2.234832, 0.309248, 2.649007, 0.269344, 3.041464, 0.228320, 3.587947, 0.229056, 3.576418, 0.192512, 4.255319
64, 0.421920, 7.766401, 0.374784, 8.743170, 0.315296, 10.392774, 0.270336, 12.121212, 0.235424, 13.918717, 0.191488, 17.112299
128, 0.998048, 13.132835, 0.899072, 14.578588, 0.622560, 21.053713, 0.520192, 25.196850, 0.336800, 38.916862, 0.212992, 61.538464
256, 3.351424, 15.643739, 3.024896, 17.332432, 1.934208, 27.106081, 1.659904, 31.585442, 0.782240, 67.023933, 0.497664, 105.349792
512, 12.416352, 16.890242, 11.300864, 18.557447, 7.210528, 29.084583, 6.051840, 34.653130, 5.485664, 38.229683, 4.448256, 47.145489
1024, 47.290817, 17.738344, 43.653118, 19.216515, 26.148705, 32.080395, 22.725632, 36.912540, 20.911520, 40.114769, 17.776640, 47.188942
2048, 184.850754, 18.152174, 172.033020, 19.504646, 101.500000, 33.058552, 89.504768, 37.488987, 83.135422, 40.361176, 71.401474, 46.994034
4096, 739.203430, 18.157076, 689.408997, 19.468519, 403.730988, 33.244347, 357.078003, 37.587788, 333.687805, 40.222546, 287.469574, 46.689369
8192, 2969.599121, 18.078901, 2770.549805, 19.377775, 1631.046631, 32.915730, 1431.833618, 37.495342, 1371.177979, 39.153992, 1188.233276, 45.182281
#T: 32, B: 8#
#N, OpTime, Op-GB/s, KTime, K-GB/s (basic, conflcit, block)#
32, 0.293280, 2.793235, 0.239616, 3.418803, 0.239488, 3.420631, 0.202752, 4.040404, 0.199328, 4.109809, 0.160768, 5.095541
64, 0.407936, 8.032633, 0.362496, 9.039548, 0.314912, 10.405447, 0.271360, 12.075471, 0.209344, 15.652705, 0.166912, 19.631901
128, 1.013856, 12.928068, 0.908288, 14.430665, 0.639360, 20.500500, 0.523264, 25.048923, 0.342944, 38.219650, 0.208896, 62.745098
256, 3.262112, 16.072042, 2.927616, 17.908360, 1.995936, 26.267776, 1.677312, 31.257631, 0.803584, 65.243713, 0.504864, 103.847374
512, 12.360096, 16.967117, 11.199488, 18.725428, 7.239072, 28.969902, 6.121472, 34.258949, 5.600288, 37.447216, 4.419584, 47.451347
1024, 47.415104, 17.691847, 43.920383, 19.099579, 26.636801, 31.492550, 23.356417, 35.915646, 20.983681, 39.976818, 17.790976, 47.150917
2048, 185.862686, 18.053345, 173.144058, 19.379488, 104.050560, 32.248199, 92.139519, 36.416981, 82.757828, 40.545326, 71.043076, 47.231110
4096, 741.720520, 18.095459, 691.841003, 19.400084, 414.468658, 32.383083, 367.930359, 36.479111, 329.942780, 40.679092, 284.327942, 47.205254
8192, 2968.093750, 18.088072, 2769.746826, 19.383392, 1656.145874, 32.416885, 1468.625977, 36.556000, 1358.953247, 39.506210, 1175.829468, 45.658909
#T: 32, B: 16#
#N, OpTime, Op-GB/s, KTime, K-GB/s (basic, conflcit, block)#
32, 0.284128, 2.883208, 0.238592, 3.433476, 0.241824, 3.387588, 0.206848, 3.960396, 0.189888, 4.314122, 0.156672, 5.228758
64, 0.401312, 8.165218, 0.356352, 9.195402, 0.313184, 10.462859, 0.270336, 12.121212, 0.210304, 15.581253, 0.166912, 19.631901
128, 0.993024, 13.199278, 0.898048, 14.595211, 0.644864, 20.325525, 0.541696, 24.196596, 0.323232, 40.550442, 0.233472, 56.140350
256, 3.237632, 16.193563, 2.940928, 17.827297, 2.002272, 26.184656, 1.712128, 30.622009, 0.876896, 59.789074, 0.603136, 86.926994
512, 12.319552, 17.022957, 11.240448, 18.657192, 7.479360, 28.039190, 6.413312, 32.699986, 5.561504, 37.708363, 4.535296, 46.240688
1024, 47.679264, 17.593828, 44.146687, 19.001671, 27.874657, 30.094032, 24.600576, 34.099232, 20.933760, 40.072151, 17.708033, 47.371769
2048, 186.977081, 17.945745, 174.222336, 19.259546, 109.493629, 30.645100, 97.515549, 34.409313, 82.806717, 40.521389, 71.127037, 47.175354
4096, 746.711121, 17.974518, 696.563721, 19.268549, 438.535492, 30.605898, 389.091339, 34.495171, 328.951355, 40.801693, 283.332611, 47.371082
8192, 2992.939941, 17.937912, 2792.904785, 19.222672, 1734.623169, 30.950291, 1547.449341, 34.693924, 1355.641724, 39.602715, 1172.870117, 45.774117
