2, 0.000001
2, 0.000001
2, 0.000001
2, 0.000001
2, 0.000001
2, 0.000000
2, 0.000001
2, 0.000001
2, 0.000000
2, 0.000000
2, 0.000002
2, 0.000000
2, 0.000001
2, 0.000000
2, 0.000001
2, 0.000000
2, 0.000001
2, 0.000002
2, 0.000001
2, 0.000002
2, 0.000001
2, 0.000000
2, 0.000000
2, 0.000000
2, 0.000001
2, 0.000000
2, 0.000001
2, 0.000001
2, 0.000000
2, 0.000001
2, 0.000001
2, 0.000001
2, 0.000001
2, 0.000001
2, 0.000001
2, 0.000001
2, 0.000000
2, 0.000001
2, 0.000001
2, 0.000001
2, 0.000002
2, 0.000002
2, 0.000000
2, 0.000001
2, 0.000001
2, 0.000000
2, 0.000001
2, 0.000001
2, 0.000001
2, 0.000001
4, 0.000001
4, 0.000001
4, 0.000001
4, 0.000000
4, 0.000002
4, 0.000002
4, 0.000001
4, 0.000001
4, 0.000000
4, 0.000001
4, 0.000001
4, 0.000001
4, 0.000000
4, 0.000002
4, 0.000001
4, 0.000001
4, 0.000001
4, 0.000001
4, 0.000000
4, 0.000001
4, 0.000003
4, 0.000001
4, 0.000002
4, 0.000001
4, 0.000000
4, 0.000000
4, 0.000001
4, 0.000000
4, 0.000001
4, 0.000001
4, 0.000000
4, 0.000000
4, 0.000001
4, 0.000000
4, 0.000001
4, 0.000002
4, 0.000002
4, 0.000001
4, 0.000001
4, 0.000000
4, 0.000000
4, 0.000000
4, 0.000000
4, 0.000001
4, 0.000001
4, 0.000000
4, 0.000000
4, 0.000000
4, 0.000001
4, 0.000001
8, 0.000001
8, 0.000002
8, 0.000002
8, 0.000002
8, 0.000001
8, 0.000000
8, 0.000000
8, 0.000001
8, 0.000001
8, 0.000002
8, 0.000000
8, 0.000001
8, 0.000000
8, 0.000000
8, 0.000001
8, 0.000001
8, 0.000001
8, 0.000001
8, 0.000000
8, 0.000001
8, 0.000000
8, 0.000001
8, 0.000000
8, 0.000001
8, 0.000001
8, 0.000001
8, 0.000001
8, 0.000000
8, 0.000001
8, 0.000000
8, 0.000001
8, 0.000001
8, 0.000001
8, 0.000001
8, 0.000001
8, 0.000000
8, 0.000001
8, 0.000001
8, 0.000000
8, 0.000001
8, 0.000002
8, 0.000001
8, 0.000001
8, 0.000001
8, 0.000001
8, 0.000000
8, 0.000001
8, 0.000002
8, 0.000001
8, 0.000001
16, 0.000000
16, 0.000001
16, 0.000001
16, 0.000001
16, 0.000001
16, 0.000001
16, 0.000001
16, 0.000001
16, 0.000001
16, 0.000001
16, 0.000001
16, 0.000001
16, 0.000001
16, 0.000002
16, 0.000001
16, 0.000001
16, 0.000001
16, 0.000000
16, 0.000001
16, 0.000005
16, 0.000001
16, 0.000001
16, 0.000000
16, 0.000001
16, 0.000001
16, 0.000001
16, 0.000000
16, 0.000003
16, 0.000002
16, 0.000001
16, 0.000000
16, 0.000000
16, 0.000001
16, 0.000001
16, 0.000001
16, 0.000001
16, 0.000001
16, 0.000000
16, 0.000001
16, 0.000001
16, 0.000000
16, 0.000001
16, 0.000001
16, 0.000000
16, 0.000001
16, 0.000000
16, 0.000001
16, 0.000000
16, 0.000001
16, 0.000001
32, 0.000003
32, 0.000002
32, 0.000002
32, 0.000001
32, 0.000001
32, 0.000001
32, 0.000007
32, 0.000002
32, 0.000001
32, 0.000002
32, 0.000002
32, 0.000002
32, 0.000002
32, 0.000002
32, 0.000001
32, 0.000002
32, 0.000012
32, 0.000002
32, 0.000003
32, 0.000001
32, 0.000002
32, 0.000001
32, 0.000002
32, 0.000001
32, 0.000008
32, 0.000001
32, 0.000002
32, 0.000001
32, 0.000001
32, 0.000001
32, 0.000001
32, 0.000002
32, 0.000002
32, 0.000001
32, 0.000001
32, 0.000001
32, 0.000001
32, 0.000002
32, 0.000002
32, 0.000002
32, 0.000002
32, 0.000001
32, 0.000001
32, 0.000001
32, 0.000001
32, 0.000001
32, 0.000001
32, 0.000003
32, 0.000001
32, 0.000001
64, 0.000004
64, 0.000003
64, 0.000005
64, 0.000005
64, 0.000004
64, 0.000003
64, 0.000003
64, 0.000003
64, 0.000004
64, 0.000004
64, 0.000006
64, 0.000003
64, 0.000007
64, 0.000003
64, 0.000003
64, 0.000003
64, 0.000004
64, 0.000004
64, 0.000006
64, 0.000004
64, 0.000004
64, 0.000004
64, 0.000005
64, 0.000008
64, 0.000005
64, 0.000005
64, 0.000005
64, 0.000006
64, 0.000007
64, 0.000007
64, 0.000005
64, 0.000006
64, 0.000012
64, 0.000006
64, 0.000009
64, 0.000006
64, 0.000004
64, 0.000004
64, 0.000003
64, 0.000003
64, 0.000003
64, 0.000003
64, 0.000003
64, 0.000003
64, 0.000003
64, 0.000004
64, 0.000003
64, 0.000002
64, 0.000002
64, 0.000002
128, 0.000009
128, 0.000013
128, 0.000013
128, 0.000014
128, 0.000014
128, 0.000011
128, 0.000010
128, 0.000009
128, 0.000010
128, 0.000014
128, 0.000011
128, 0.000009
128, 0.000010
128, 0.000010
128, 0.000009
128, 0.000011
128, 0.000123
128, 0.000012
128, 0.000010
128, 0.000009
128, 0.000010
128, 0.000052
128, 0.000011
128, 0.000009
128, 0.000009
128, 0.000010
128, 0.000010
128, 0.000010
128, 0.000010
128, 0.000011
128, 0.000009
128, 0.000010
128, 0.000010
128, 0.000009
128, 0.000009
128, 0.000014
128, 0.000010
128, 0.000009
128, 0.000009
128, 0.000011
128, 0.000012
128, 0.000012
128, 0.000011
128, 0.000010
128, 0.000011
128, 0.000009
128, 0.000010
128, 0.000012
128, 0.000011
128, 0.000010
256, 0.000055
256, 0.000092
256, 0.000093
256, 0.000043
256, 0.000039
256, 0.000049
256, 0.000152
256, 0.000051
256, 0.000043
256, 0.000045
256, 0.000041
256, 0.000043
256, 0.000078
256, 0.000100
256, 0.000071
256, 0.000060
256, 0.000039
256, 0.000038
256, 0.000037
256, 0.000074
256, 0.000094
256, 0.000061
256, 0.000042
256, 0.000041
256, 0.000048
256, 0.000066
256, 0.000055
256, 0.000048
256, 0.000042
256, 0.000046
256, 0.000058
256, 0.000082
256, 0.000060
256, 0.000073
256, 0.000047
256, 0.000047
256, 0.000042
256, 0.000096
256, 0.000080
256, 0.000055
256, 0.000050
256, 0.000055
256, 0.000060
256, 0.000098
256, 0.000096
256, 0.000055
256, 0.000054
256, 0.000049
256, 0.000060
256, 0.000065
512, 0.000559
512, 0.000281
512, 0.000370
512, 0.000495
512, 0.000185
512, 0.000180
512, 0.000290
512, 0.000545
512, 0.000202
512, 0.000168
512, 0.000501
512, 0.000866
512, 0.000172
512, 0.000239
512, 0.000807
512, 0.000215
512, 0.000169
512, 0.000168
512, 0.000605
512, 0.000233
512, 0.000253
512, 0.001224
512, 0.000517
512, 0.000253
512, 0.000229
512, 0.000646
512, 0.000482
512, 0.000188
512, 0.000178
512, 0.000542
512, 0.000344
512, 0.000222
512, 0.000406
512, 0.000400
512, 0.000236
512, 0.000192
512, 0.001218
512, 0.000660
512, 0.000166
512, 0.000172
512, 0.000268
512, 0.000658
512, 0.000178
512, 0.000223
512, 0.000530
512, 0.000467
512, 0.000171
512, 0.000167
512, 0.001355
512, 0.000505
1024, 0.001594
1024, 0.002455
1024, 0.004377
1024, 0.001450
1024, 0.003088
1024, 0.003958
1024, 0.001622
1024, 0.003909
1024, 0.003535
1024, 0.001572
1024, 0.004137
1024, 0.002117
1024, 0.001680
1024, 0.003763
1024, 0.001701
1024, 0.002452
1024, 0.003822
1024, 0.001598
1024, 0.004177
1024, 0.001666
1024, 0.002104
1024, 0.004557
1024, 0.001703
1024, 0.001460
1024, 0.003307
1024, 0.001673
1024, 0.002578
1024, 0.004452
1024, 0.001472
1024, 0.003577
1024, 0.004608
1024, 0.001459
1024, 0.003404
1024, 0.003180
1024, 0.001488
1024, 0.004366
1024, 0.001733
1024, 0.001618
1024, 0.004662
1024, 0.001676
1024, 0.001753
1024, 0.003310
1024, 0.001574
1024, 0.002529
1024, 0.004181
1024, 0.001464
1024, 0.002446
1024, 0.004367
1024, 0.001449
1024, 0.002598
2048, 0.016683
2048, 0.017654
2048, 0.016160
2048, 0.015264
2048, 0.015967
2048, 0.014560
2048, 0.014112
2048, 0.014299
2048, 0.015668
2048, 0.015881
2048, 0.015248
2048, 0.015270
2048, 0.014424
2048, 0.014200
2048, 0.015273
2048, 0.016489
2048, 0.015487
2048, 0.015141
2048, 0.015180
2048, 0.014366
2048, 0.013837
2048, 0.014513
2048, 0.015809
2048, 0.015842
2048, 0.015323
2048, 0.015181
2048, 0.015212
2048, 0.013927
2048, 0.014190
2048, 0.016454
2048, 0.015016
2048, 0.015566
2048, 0.014233
2048, 0.014114
2048, 0.015332
2048, 0.015838
2048, 0.015662
2048, 0.013297
2048, 0.014831
2048, 0.016769
2048, 0.016165
2048, 0.015759
2048, 0.013883
2048, 0.016177
2048, 0.014847
2048, 0.016577
2048, 0.015412
2048, 0.015120
2048, 0.013091
2048, 0.014451
4096, 0.114682
4096, 0.117118
4096, 0.119418
4096, 0.117746
4096, 0.116622
4096, 0.116186
4096, 0.152153
4096, 0.115258
4096, 0.113109
4096, 0.116348
4096, 0.115494
4096, 0.123419
4096, 0.116243
4096, 0.116884
4096, 0.119025
4096, 0.119416
4096, 0.118172
4096, 0.118669
4096, 0.115984
4096, 0.118193
4096, 0.117147
4096, 0.117754
4096, 0.115973
4096, 0.118129
4096, 0.119073
4096, 0.116624
4096, 0.115488
4096, 0.115707
4096, 0.113743
4096, 0.114111
4096, 0.117119
4096, 0.117070
4096, 0.116548
4096, 0.117702
4096, 0.115249
4096, 0.118397
4096, 0.120796
4096, 0.118259
4096, 0.118619
4096, 0.126395
4096, 0.117862
4096, 0.118655
4096, 0.116473
4096, 0.115713
4096, 0.116271
4096, 0.115509
4096, 0.115458
4096, 0.117441
4096, 0.119063
4096, 0.120480
8192, 0.674073
8192, 0.675284
8192, 0.670032
8192, 0.676747
8192, 0.672231
8192, 0.666113
8192, 0.660093
8192, 0.667992
8192, 0.670143
8192, 0.671665
8192, 0.676378
8192, 0.686946
8192, 0.673635
8192, 0.674653
8192, 0.680577
8192, 0.671527
8192, 0.678567
8192, 0.681239
8192, 0.669987
8192, 0.677158
8192, 0.680715
8192, 0.678656
8192, 0.677344
8192, 0.667211
8192, 0.667224
8192, 0.680063
8192, 0.675528
8192, 0.659462
8192, 0.667275
8192, 0.689792
8192, 0.669299
8192, 0.678533
8192, 0.662613
8192, 0.673422
8192, 0.670193
8192, 0.685702
8192, 0.688335
8192, 0.674681
8192, 0.671805
8192, 0.669780
8192, 0.685073
8192, 0.681100
8192, 0.671902
8192, 0.675529
8192, 0.688607
8192, 0.663940
8192, 0.670421
8192, 0.680677
8192, 0.681396
8192, 0.676412
4, 0.000000, 2
4, 0.000001, 2
4, 0.000000, 2
4, 0.000002, 2
4, 0.000003, 2
4, 0.000002, 2
4, 0.000001, 2
4, 0.000001, 2
4, 0.000001, 2
4, 0.000001, 2
4, 0.000001, 2
4, 0.000001, 2
4, 0.000001, 2
4, 0.000000, 2
4, 0.000001, 2
4, 0.000001, 2
4, 0.000001, 2
4, 0.000001, 2
4, 0.000001, 2
4, 0.000001, 2
4, 0.000001, 2
4, 0.000000, 2
4, 0.000001, 2
4, 0.000001, 2
4, 0.000003, 2
4, 0.000002, 2
4, 0.000001, 2
4, 0.000000, 2
4, 0.000001, 2
4, 0.000001, 2
4, 0.000005, 2
4, 0.000002, 2
4, 0.000001, 2
4, 0.000001, 2
4, 0.000001, 2
4, 0.000001, 2
4, 0.000001, 2
4, 0.000005, 2
4, 0.000001, 2
4, 0.000001, 2
4, 0.000000, 2
4, 0.000001, 2
4, 0.000000, 2
4, 0.000001, 2
4, 0.000001, 2
4, 0.000001, 2
4, 0.000001, 2
4, 0.000001, 2
4, 0.000001, 2
4, 0.000000, 2
8, 0.000001, 2
8, 0.000001, 2
8, 0.000002, 2
8, 0.000002, 2
8, 0.000001, 2
8, 0.000001, 2
8, 0.000001, 2
8, 0.000001, 2
8, 0.000003, 2
8, 0.000002, 2
8, 0.000002, 2
8, 0.000001, 2
8, 0.000001, 2
8, 0.000001, 2
8, 0.000001, 2
8, 0.000001, 2
8, 0.000002, 2
8, 0.000001, 2
8, 0.000001, 2
8, 0.000001, 2
8, 0.000001, 2
8, 0.000001, 2
8, 0.000001, 2
8, 0.000001, 2
8, 0.000002, 2
8, 0.000000, 2
8, 0.000002, 2
8, 0.000001, 2
8, 0.000001, 2
8, 0.000001, 2
8, 0.000001, 2
8, 0.000004, 2
8, 0.000002, 2
8, 0.000001, 2
8, 0.000001, 2
8, 0.000001, 2
8, 0.000001, 2
8, 0.000001, 2
8, 0.000001, 2
8, 0.000001, 2
8, 0.000001, 2
8, 0.000001, 2
8, 0.000001, 2
8, 0.000001, 2
8, 0.000001, 2
8, 0.000001, 2
8, 0.000003, 2
8, 0.000001, 2
8, 0.000001, 2
8, 0.000001, 2
8, 0.000001, 4
8, 0.000001, 4
8, 0.000001, 4
8, 0.000001, 4
8, 0.000001, 4
8, 0.000002, 4
8, 0.000001, 4
8, 0.000001, 4
8, 0.000001, 4
8, 0.000001, 4
8, 0.000001, 4
8, 0.000001, 4
8, 0.000001, 4
8, 0.000001, 4
8, 0.000001, 4
8, 0.000001, 4
8, 0.000001, 4
8, 0.000001, 4
8, 0.000001, 4
8, 0.000001, 4
8, 0.000001, 4
8, 0.000002, 4
8, 0.000001, 4
8, 0.000001, 4
8, 0.000004, 4
8, 0.000001, 4
8, 0.000002, 4
8, 0.000001, 4
8, 0.000001, 4
8, 0.000001, 4
8, 0.000001, 4
8, 0.000001, 4
8, 0.000001, 4
8, 0.000002, 4
8, 0.000001, 4
8, 0.000001, 4
8, 0.000001, 4
8, 0.000001, 4
8, 0.000001, 4
8, 0.000001, 4
8, 0.000001, 4
8, 0.000001, 4
8, 0.000001, 4
8, 0.000002, 4
8, 0.000001, 4
8, 0.000002, 4
8, 0.000002, 4
8, 0.000001, 4
8, 0.000001, 4
8, 0.000002, 4
16, 0.000002, 2
16, 0.000002, 2
16, 0.000002, 2
16, 0.000001, 2
16, 0.000002, 2
16, 0.000001, 2
16, 0.000001, 2
16, 0.000002, 2
16, 0.000001, 2
16, 0.000002, 2
16, 0.000001, 2
16, 0.000002, 2
16, 0.000001, 2
16, 0.000001, 2
16, 0.000002, 2
16, 0.000001, 2
16, 0.000001, 2
16, 0.000003, 2
16, 0.000001, 2
16, 0.000001, 2
16, 0.000001, 2
16, 0.000001, 2
16, 0.000001, 2
16, 0.000001, 2
16, 0.000004, 2
16, 0.000001, 2
16, 0.000002, 2
16, 0.000001, 2
16, 0.000001, 2
16, 0.000001, 2
16, 0.000001, 2
16, 0.000002, 2
16, 0.000002, 2
16, 0.000001, 2
16, 0.000002, 2
16, 0.000001, 2
16, 0.000001, 2
16, 0.000001, 2
16, 0.000001, 2
16, 0.000004, 2
16, 0.000002, 2
16, 0.000001, 2
16, 0.000001, 2
16, 0.000001, 2
16, 0.000001, 2
16, 0.000001, 2
16, 0.000001, 2
16, 0.000002, 2
16, 0.000001, 2
16, 0.000001, 2
16, 0.000001, 4
16, 0.000001, 4
16, 0.000002, 4
16, 0.000001, 4
16, 0.000001, 4
16, 0.000003, 4
16, 0.000001, 4
16, 0.000002, 4
16, 0.000001, 4
16, 0.000001, 4
16, 0.000001, 4
16, 0.000002, 4
16, 0.000001, 4
16, 0.000002, 4
16, 0.000002, 4
16, 0.000002, 4
16, 0.000001, 4
16, 0.000001, 4
16, 0.000001, 4
16, 0.000001, 4
16, 0.000002, 4
16, 0.000002, 4
16, 0.000001, 4
16, 0.000001, 4
16, 0.000002, 4
16, 0.000001, 4
16, 0.000001, 4
16, 0.000001, 4
16, 0.000001, 4
16, 0.000002, 4
16, 0.000002, 4
16, 0.000002, 4
16, 0.000002, 4
16, 0.000002, 4
16, 0.000002, 4
16, 0.000002, 4
16, 0.000003, 4
16, 0.000001, 4
16, 0.000002, 4
16, 0.000002, 4
16, 0.000001, 4
16, 0.000002, 4
16, 0.000001, 4
16, 0.000001, 4
16, 0.000001, 4
16, 0.000002, 4
16, 0.000002, 4
16, 0.000001, 4
16, 0.000002, 4
16, 0.000001, 4
16, 0.000001, 8
16, 0.000001, 8
16, 0.000001, 8
16, 0.000000, 8
16, 0.000001, 8
16, 0.000001, 8
16, 0.000002, 8
16, 0.000001, 8
16, 0.000001, 8
16, 0.000001, 8
16, 0.000001, 8
16, 0.000001, 8
16, 0.000001, 8
16, 0.000005, 8
16, 0.000001, 8
16, 0.000001, 8
16, 0.000001, 8
16, 0.000000, 8
16, 0.000001, 8
16, 0.000001, 8
16, 0.000001, 8
16, 0.000002, 8
16, 0.000001, 8
16, 0.000001, 8
16, 0.000001, 8
16, 0.000001, 8
16, 0.000001, 8
16, 0.000002, 8
16, 0.000002, 8
16, 0.000001, 8
16, 0.000001, 8
16, 0.000001, 8
16, 0.000002, 8
16, 0.000001, 8
16, 0.000002, 8
16, 0.000002, 8
16, 0.000001, 8
16, 0.000001, 8
16, 0.000002, 8
16, 0.000003, 8
16, 0.000002, 8
16, 0.000002, 8
16, 0.000002, 8
16, 0.000002, 8
16, 0.000001, 8
16, 0.000002, 8
16, 0.000002, 8
16, 0.000002, 8
16, 0.000002, 8
16, 0.000002, 8
32, 0.000005, 2
32, 0.000003, 2
32, 0.000004, 2
32, 0.000003, 2
32, 0.000004, 2
32, 0.000006, 2
32, 0.000004, 2
32, 0.000002, 2
32, 0.000004, 2
32, 0.000004, 2
32, 0.000004, 2
32, 0.000002, 2
32, 0.000002, 2
32, 0.000002, 2
32, 0.000002, 2
32, 0.000003, 2
32, 0.000004, 2
32, 0.000003, 2
32, 0.000003, 2
32, 0.000003, 2
32, 0.000004, 2
32, 0.000004, 2
32, 0.000004, 2
32, 0.000005, 2
32, 0.000004, 2
32, 0.000003, 2
32, 0.000003, 2
32, 0.000003, 2
32, 0.000004, 2
32, 0.000003, 2
32, 0.000003, 2
32, 0.000003, 2
32, 0.000004, 2
32, 0.000003, 2
32, 0.000003, 2
32, 0.000004, 2
32, 0.000004, 2
32, 0.000003, 2
32, 0.000003, 2
32, 0.000003, 2
32, 0.000003, 2
32, 0.000005, 2
32, 0.000003, 2
32, 0.000002, 2
32, 0.000003, 2
32, 0.000004, 2
32, 0.000006, 2
32, 0.000004, 2
32, 0.000003, 2
32, 0.000004, 2
32, 0.000003, 4
32, 0.000005, 4
32, 0.000003, 4
32, 0.000002, 4
32, 0.000003, 4
32, 0.000004, 4
32, 0.000004, 4
32, 0.000003, 4
32, 0.000004, 4
32, 0.000004, 4
32, 0.000006, 4
32, 0.000004, 4
32, 0.000003, 4
32, 0.000003, 4
32, 0.000005, 4
32, 0.000004, 4
32, 0.000002, 4
32, 0.000003, 4
32, 0.000005, 4
32, 0.000003, 4
32, 0.000003, 4
32, 0.000003, 4
32, 0.000003, 4
32, 0.000003, 4
32, 0.000003, 4
32, 0.000003, 4
32, 0.000001, 4
32, 0.000002, 4
32, 0.000002, 4
32, 0.000003, 4
32, 0.000002, 4
32, 0.000001, 4
32, 0.000001, 4
32, 0.000001, 4
32, 0.000002, 4
32, 0.000002, 4
32, 0.000001, 4
32, 0.000003, 4
32, 0.000001, 4
32, 0.000001, 4
32, 0.000001, 4
32, 0.000001, 4
32, 0.000001, 4
32, 0.000001, 4
32, 0.000001, 4
32, 0.000002, 4
32, 0.000001, 4
32, 0.000002, 4
32, 0.000002, 4
32, 0.000001, 4
32, 0.000001, 8
32, 0.000001, 8
32, 0.000001, 8
32, 0.000001, 8
32, 0.000002, 8
32, 0.000001, 8
32, 0.000002, 8
32, 0.000001, 8
32, 0.000002, 8
32, 0.000001, 8
32, 0.000002, 8
32, 0.000004, 8
32, 0.000002, 8
32, 0.000001, 8
32, 0.000002, 8
32, 0.000002, 8
32, 0.000002, 8
32, 0.000002, 8
32, 0.000002, 8
32, 0.000002, 8
32, 0.000002, 8
32, 0.000002, 8
32, 0.000002, 8
32, 0.000001, 8
32, 0.000002, 8
32, 0.000002, 8
32, 0.000002, 8
32, 0.000002, 8
32, 0.000001, 8
32, 0.000001, 8
32, 0.000002, 8
32, 0.000002, 8
32, 0.000002, 8
32, 0.000007, 8
32, 0.000003, 8
32, 0.000002, 8
32, 0.000002, 8
32, 0.000003, 8
32, 0.000002, 8
32, 0.000003, 8
32, 0.000002, 8
32, 0.000002, 8
32, 0.000002, 8
32, 0.000002, 8
32, 0.000002, 8
32, 0.000001, 8
32, 0.000002, 8
32, 0.000002, 8
32, 0.000002, 8
32, 0.000001, 8
32, 0.000001, 16
32, 0.000002, 16
32, 0.000001, 16
32, 0.000001, 16
32, 0.000001, 16
32, 0.000002, 16
32, 0.000002, 16
32, 0.000001, 16
32, 0.000001, 16
32, 0.000001, 16
32, 0.000002, 16
32, 0.000004, 16
32, 0.000001, 16
32, 0.000001, 16
32, 0.000001, 16
32, 0.000001, 16
32, 0.000002, 16
32, 0.000001, 16
32, 0.000001, 16
32, 0.000004, 16
32, 0.000001, 16
32, 0.000001, 16
32, 0.000002, 16
32, 0.000002, 16
32, 0.000002, 16
32, 0.000002, 16
32, 0.000002, 16
32, 0.000003, 16
32, 0.000002, 16
32, 0.000002, 16
32, 0.000002, 16
32, 0.000002, 16
32, 0.000003, 16
32, 0.000002, 16
32, 0.000002, 16
32, 0.000002, 16
32, 0.000002, 16
32, 0.000002, 16
32, 0.000003, 16
32, 0.000005, 16
32, 0.000001, 16
32, 0.000001, 16
32, 0.000001, 16
32, 0.000002, 16
32, 0.000002, 16
32, 0.000001, 16
32, 0.000001, 16
32, 0.000002, 16
32, 0.000001, 16
32, 0.000001, 16
64, 0.000004, 2
64, 0.000004, 2
64, 0.000006, 2
64, 0.000004, 2
64, 0.000004, 2
64, 0.000004, 2
64, 0.000003, 2
64, 0.000004, 2
64, 0.000004, 2
64, 0.000005, 2
64, 0.000004, 2
64, 0.000004, 2
64, 0.000004, 2
64, 0.000004, 2
64, 0.000004, 2
64, 0.000004, 2
64, 0.000056, 2
64, 0.000005, 2
64, 0.000004, 2
64, 0.000006, 2
64, 0.000006, 2
64, 0.000005, 2
64, 0.000006, 2
64, 0.000009, 2
64, 0.000005, 2
64, 0.000004, 2
64, 0.000004, 2
64, 0.000005, 2
64, 0.000006, 2
64, 0.000005, 2
64, 0.000007, 2
64, 0.000006, 2
64, 0.000005, 2
64, 0.000005, 2
64, 0.000006, 2
64, 0.000006, 2
64, 0.000007, 2
64, 0.000007, 2
64, 0.000007, 2
64, 0.000006, 2
64, 0.000006, 2
64, 0.000005, 2
64, 0.000005, 2
64, 0.000006, 2
64, 0.000034, 2
64, 0.000004, 2
64, 0.000004, 2
64, 0.000004, 2
64, 0.000004, 2
64, 0.000005, 2
64, 0.000004, 4
64, 0.000004, 4
64, 0.000004, 4
64, 0.000004, 4
64, 0.000004, 4
64, 0.000003, 4
64, 0.000003, 4
64, 0.000003, 4
64, 0.000010, 4
64, 0.000004, 4
64, 0.000004, 4
64, 0.000004, 4
64, 0.000003, 4
64, 0.000004, 4
64, 0.000003, 4
64, 0.000003, 4
64, 0.000004, 4
64, 0.000005, 4
64, 0.000004, 4
64, 0.000004, 4
64, 0.000004, 4
64, 0.000002, 4
64, 0.000003, 4
64, 0.000004, 4
64, 0.000003, 4
64, 0.000004, 4
64, 0.000003, 4
64, 0.000004, 4
64, 0.000003, 4
64, 0.000003, 4
64, 0.000004, 4
64, 0.000004, 4
64, 0.000004, 4
64, 0.000004, 4
64, 0.000004, 4
64, 0.000004, 4
64, 0.000004, 4
64, 0.000004, 4
64, 0.000003, 4
64, 0.000005, 4
64, 0.000003, 4
64, 0.000003, 4
64, 0.000003, 4
64, 0.000004, 4
64, 0.000003, 4
64, 0.000004, 4
64, 0.000004, 4
64, 0.000005, 4
64, 0.000005, 4
64, 0.000004, 4
64, 0.000004, 8
64, 0.000005, 8
64, 0.000005, 8
64, 0.000008, 8
64, 0.000006, 8
64, 0.000005, 8
64, 0.000005, 8
64, 0.000005, 8
64, 0.000005, 8
64, 0.000006, 8
64, 0.000006, 8
64, 0.000004, 8
64, 0.000004, 8
64, 0.000005, 8
64, 0.000005, 8
64, 0.000004, 8
64, 0.000006, 8
64, 0.000004, 8
64, 0.000006, 8
64, 0.000004, 8
64, 0.000005, 8
64, 0.000004, 8
64, 0.000006, 8
64, 0.000006, 8
64, 0.000005, 8
64, 0.000004, 8
64, 0.000004, 8
64, 0.000004, 8
64, 0.000004, 8
64, 0.000003, 8
64, 0.000004, 8
64, 0.000006, 8
64, 0.000003, 8
64, 0.000005, 8
64, 0.000003, 8
64, 0.000003, 8
64, 0.000003, 8
64, 0.000003, 8
64, 0.000003, 8
64, 0.000004, 8
64, 0.000005, 8
64, 0.000004, 8
64, 0.000003, 8
64, 0.000003, 8
64, 0.000003, 8
64, 0.000003, 8
64, 0.000004, 8
64, 0.000005, 8
64, 0.000003, 8
64, 0.000003, 8
64, 0.000003, 16
64, 0.000003, 16
64, 0.000003, 16
64, 0.000006, 16
64, 0.000003, 16
64, 0.000003, 16
64, 0.000003, 16
64, 0.000002, 16
64, 0.000003, 16
64, 0.000003, 16
64, 0.000003, 16
64, 0.000003, 16
64, 0.000004, 16
64, 0.000002, 16
64, 0.000002, 16
64, 0.000002, 16
64, 0.000003, 16
64, 0.000002, 16
64, 0.000002, 16
64, 0.000004, 16
64, 0.000004, 16
64, 0.000003, 16
64, 0.000024, 16
64, 0.000002, 16
64, 0.000003, 16
64, 0.000002, 16
64, 0.000003, 16
64, 0.000003, 16
64, 0.000004, 16
64, 0.000003, 16
64, 0.000002, 16
64, 0.000002, 16
64, 0.000003, 16
64, 0.000003, 16
64, 0.000003, 16
64, 0.000007, 16
64, 0.000004, 16
64, 0.000003, 16
64, 0.000003, 16
64, 0.000003, 16
64, 0.000002, 16
64, 0.000002, 16
64, 0.000003, 16
64, 0.000006, 16
64, 0.000003, 16
64, 0.000003, 16
64, 0.000003, 16
64, 0.000002, 16
64, 0.000003, 16
64, 0.000003, 16
64, 0.000002, 32
64, 0.000004, 32
64, 0.000003, 32
64, 0.000004, 32
64, 0.000004, 32
64, 0.000003, 32
64, 0.000004, 32
64, 0.000004, 32
64, 0.000003, 32
64, 0.000006, 32
64, 0.000003, 32
64, 0.000003, 32
64, 0.000003, 32
64, 0.000003, 32
64, 0.000003, 32
64, 0.000004, 32
64, 0.000003, 32
64, 0.000006, 32
64, 0.000003, 32
64, 0.000003, 32
64, 0.000004, 32
64, 0.000003, 32
64, 0.000003, 32
64, 0.000004, 32
64, 0.000004, 32
64, 0.000004, 32
64, 0.000005, 32
64, 0.000003, 32
64, 0.000003, 32
64, 0.000004, 32
64, 0.000003, 32
64, 0.000004, 32
64, 0.000003, 32
64, 0.000004, 32
64, 0.000004, 32
64, 0.000004, 32
64, 0.000005, 32
64, 0.000003, 32
64, 0.000004, 32
64, 0.000003, 32
64, 0.000004, 32
64, 0.000003, 32
64, 0.000005, 32
64, 0.000002, 32
64, 0.000003, 32
64, 0.000002, 32
64, 0.000002, 32
64, 0.000003, 32
64, 0.000003, 32
64, 0.000003, 32
128, 0.000014, 2
128, 0.000015, 2
128, 0.000014, 2
128, 0.000020, 2
128, 0.000025, 2
128, 0.000062, 2
128, 0.000036, 2
128, 0.000018, 2
128, 0.000019, 2
128, 0.000025, 2
128, 0.000027, 2
128, 0.000024, 2
128, 0.000023, 2
128, 0.000024, 2
128, 0.000024, 2
128, 0.000022, 2
128, 0.000051, 2
128, 0.000017, 2
128, 0.000016, 2
128, 0.000015, 2
128, 0.000012, 2
128, 0.000014, 2
128, 0.000012, 2
128, 0.000014, 2
128, 0.000014, 2
128, 0.000019, 2
128, 0.000015, 2
128, 0.000012, 2
128, 0.000013, 2
128, 0.000013, 2
128, 0.000012, 2
128, 0.000014, 2
128, 0.000014, 2
128, 0.000027, 2
128, 0.000039, 2
128, 0.000015, 2
128, 0.000012, 2
128, 0.000013, 2
128, 0.000013, 2
128, 0.000013, 2
128, 0.000015, 2
128, 0.000016, 2
128, 0.000014, 2
128, 0.000017, 2
128, 0.000016, 2
128, 0.000018, 2
128, 0.000017, 2
128, 0.000018, 2
128, 0.000019, 2
128, 0.000014, 2
128, 0.000017, 4
128, 0.000010, 4
128, 0.000011, 4
128, 0.000010, 4
128, 0.000013, 4
128, 0.000014, 4
128, 0.000014, 4
128, 0.000011, 4
128, 0.000012, 4
128, 0.000013, 4
128, 0.000014, 4
128, 0.000015, 4
128, 0.000018, 4
128, 0.000018, 4
128, 0.000015, 4
128, 0.000019, 4
128, 0.000022, 4
128, 0.000023, 4
128, 0.000020, 4
128, 0.000021, 4
128, 0.000037, 4
128, 0.000024, 4
128, 0.000040, 4
128, 0.000021, 4
128, 0.000024, 4
128, 0.000023, 4
128, 0.000036, 4
128, 0.000023, 4
128, 0.000021, 4
128, 0.000024, 4
128, 0.000022, 4
128, 0.000027, 4
128, 0.000019, 4
128, 0.000021, 4
128, 0.000020, 4
128, 0.000022, 4
128, 0.000023, 4
128, 0.000026, 4
128, 0.000021, 4
128, 0.000015, 4
128, 0.000016, 4
128, 0.000014, 4
128, 0.000013, 4
128, 0.000012, 4
128, 0.000015, 4
128, 0.000013, 4
128, 0.000039, 4
128, 0.000012, 4
128, 0.000013, 4
128, 0.000011, 4
128, 0.000010, 8
128, 0.000012, 8
128, 0.000015, 8
128, 0.000013, 8
128, 0.000011, 8
128, 0.000012, 8
128, 0.000013, 8
128, 0.000012, 8
128, 0.000011, 8
128, 0.000014, 8
128, 0.000010, 8
128, 0.000011, 8
128, 0.000044, 8
128, 0.000012, 8
128, 0.000013, 8
128, 0.000013, 8
128, 0.000048, 8
128, 0.000013, 8
128, 0.000014, 8
128, 0.000013, 8
128, 0.000014, 8
128, 0.000017, 8
128, 0.000022, 8
128, 0.000013, 8
128, 0.000013, 8
128, 0.000016, 8
128, 0.000017, 8
128, 0.000017, 8
128, 0.000016, 8
128, 0.000016, 8
128, 0.000012, 8
128, 0.000011, 8
128, 0.000010, 8
128, 0.000011, 8
128, 0.000009, 8
128, 0.000010, 8
128, 0.000012, 8
128, 0.000011, 8
128, 0.000014, 8
128, 0.000013, 8
128, 0.000014, 8
128, 0.000013, 8
128, 0.000021, 8
128, 0.000018, 8
128, 0.000013, 8
128, 0.000015, 8
128, 0.000015, 8
128, 0.000014, 8
128, 0.000018, 8
128, 0.000019, 8
128, 0.000016, 16
128, 0.000014, 16
128, 0.000016, 16
128, 0.000011, 16
128, 0.000018, 16
128, 0.000048, 16
128, 0.000016, 16
128, 0.000017, 16
128, 0.000017, 16
128, 0.000015, 16
128, 0.000012, 16
128, 0.000012, 16
128, 0.000012, 16
128, 0.000010, 16
128, 0.000035, 16
128, 0.000009, 16
128, 0.000010, 16
128, 0.000013, 16
128, 0.000013, 16
128, 0.000011, 16
128, 0.000011, 16
128, 0.000010, 16
128, 0.000009, 16
128, 0.000009, 16
128, 0.000011, 16
128, 0.000013, 16
128, 0.000011, 16
128, 0.000010, 16
128, 0.000010, 16
128, 0.000010, 16
128, 0.000010, 16
128, 0.000011, 16
128, 0.000019, 16
128, 0.000011, 16
128, 0.000010, 16
128, 0.000010, 16
128, 0.000014, 16
128, 0.000014, 16
128, 0.000011, 16
128, 0.000010, 16
128, 0.000009, 16
128, 0.000009, 16
128, 0.000013, 16
128, 0.000013, 16
128, 0.000010, 16
128, 0.000009, 16
128, 0.000009, 16
128, 0.000011, 16
128, 0.000009, 16
128, 0.000010, 16
128, 0.000011, 32
128, 0.000012, 32
128, 0.000011, 32
128, 0.000011, 32
128, 0.000010, 32
128, 0.000009, 32
128, 0.000011, 32
128, 0.000011, 32
128, 0.000012, 32
128, 0.000011, 32
128, 0.000011, 32
128, 0.000012, 32
128, 0.000011, 32
128, 0.000008, 32
128, 0.000010, 32
128, 0.000012, 32
128, 0.000010, 32
128, 0.000012, 32
128, 0.000009, 32
128, 0.000009, 32
128, 0.000011, 32
128, 0.000010, 32
128, 0.000018, 32
128, 0.000012, 32
128, 0.000010, 32
128, 0.000010, 32
128, 0.000010, 32
128, 0.000011, 32
128, 0.000010, 32
128, 0.000013, 32
128, 0.000012, 32
128, 0.000010, 32
128, 0.000011, 32
128, 0.000011, 32
128, 0.000012, 32
128, 0.000016, 32
128, 0.000020, 32
128, 0.000022, 32
128, 0.000013, 32
128, 0.000015, 32
128, 0.000016, 32
128, 0.000014, 32
128, 0.000019, 32
128, 0.000029, 32
128, 0.000014, 32
128, 0.000017, 32
128, 0.000017, 32
128, 0.000018, 32
128, 0.000027, 32
128, 0.000017, 32
128, 0.000014, 64
128, 0.000018, 64
128, 0.000017, 64
128, 0.000014, 64
128, 0.000016, 64
128, 0.000011, 64
128, 0.000010, 64
128, 0.000010, 64
128, 0.000011, 64
128, 0.000010, 64
128, 0.000010, 64
128, 0.000009, 64
128, 0.000020, 64
128, 0.000015, 64
128, 0.000010, 64
128, 0.000009, 64
128, 0.000011, 64
128, 0.000010, 64
128, 0.000011, 64
128, 0.000012, 64
128, 0.000010, 64
128, 0.000011, 64
128, 0.000009, 64
128, 0.000010, 64
128, 0.000012, 64
128, 0.000011, 64
128, 0.000016, 64
128, 0.000014, 64
128, 0.000011, 64
128, 0.000012, 64
128, 0.000012, 64
128, 0.000014, 64
128, 0.000014, 64
128, 0.000013, 64
128, 0.000012, 64
128, 0.000013, 64
128, 0.000015, 64
128, 0.000015, 64
128, 0.000016, 64
128, 0.000018, 64
128, 0.000014, 64
128, 0.000013, 64
128, 0.000015, 64
128, 0.000015, 64
128, 0.000012, 64
128, 0.000013, 64
128, 0.000021, 64
128, 0.000015, 64
128, 0.000020, 64
128, 0.000015, 64
256, 0.000106, 2
256, 0.000089, 2
256, 0.000154, 2
256, 0.000134, 2
256, 0.000067, 2
256, 0.000067, 2
256, 0.000064, 2
256, 0.000054, 2
256, 0.000089, 2
256, 0.000109, 2
256, 0.000181, 2
256, 0.000067, 2
256, 0.000082, 2
256, 0.000112, 2
256, 0.000090, 2
256, 0.000082, 2
256, 0.000087, 2
256, 0.000077, 2
256, 0.000075, 2
256, 0.000110, 2
256, 0.000058, 2
256, 0.000055, 2
256, 0.000065, 2
256, 0.000050, 2
256, 0.000048, 2
256, 0.000053, 2
256, 0.000070, 2
256, 0.000066, 2
256, 0.000058, 2
256, 0.000053, 2
256, 0.000048, 2
256, 0.000057, 2
256, 0.000071, 2
256, 0.000140, 2
256, 0.000096, 2
256, 0.000055, 2
256, 0.000048, 2
256, 0.000057, 2
256, 0.000051, 2
256, 0.000145, 2
256, 0.000094, 2
256, 0.000054, 2
256, 0.000080, 2
256, 0.000058, 2
256, 0.000047, 2
256, 0.000175, 2
256, 0.000107, 2
256, 0.000109, 2
256, 0.000074, 2
256, 0.000084, 2
256, 0.000111, 4
256, 0.000093, 4
256, 0.000073, 4
256, 0.000104, 4
256, 0.000073, 4
256, 0.000135, 4
256, 0.000089, 4
256, 0.000060, 4
256, 0.000073, 4
256, 0.000078, 4
256, 0.000100, 4
256, 0.000129, 4
256, 0.000068, 4
256, 0.000063, 4
256, 0.000082, 4
256, 0.000298, 4
256, 0.000089, 4
256, 0.000064, 4
256, 0.000078, 4
256, 0.000079, 4
256, 0.000210, 4
256, 0.000306, 4
256, 0.000074, 4
256, 0.000082, 4
256, 0.000158, 4
256, 0.000087, 4
256, 0.000128, 4
256, 0.000090, 4
256, 0.000071, 4
256, 0.000089, 4
256, 0.000099, 4
256, 0.000118, 4
256, 0.000062, 4
256, 0.000052, 4
256, 0.000051, 4
256, 0.000118, 4
256, 0.000093, 4
256, 0.000048, 4
256, 0.000048, 4
256, 0.000078, 4
256, 0.000041, 4
256, 0.000048, 4
256, 0.000082, 4
256, 0.000071, 4
256, 0.000095, 4
256, 0.000074, 4
256, 0.000046, 4
256, 0.000054, 4
256, 0.000070, 4
256, 0.000115, 4
256, 0.000057, 8
256, 0.000067, 8
256, 0.000063, 8
256, 0.000062, 8
256, 0.000084, 8
256, 0.000091, 8
256, 0.000072, 8
256, 0.000083, 8
256, 0.000084, 8
256, 0.000248, 8
256, 0.000080, 8
256, 0.000080, 8
256, 0.000110, 8
256, 0.000068, 8
256, 0.000103, 8
256, 0.000067, 8
256, 0.000080, 8
256, 0.000098, 8
256, 0.000084, 8
256, 0.000098, 8
256, 0.000086, 8
256, 0.000155, 8
256, 0.000091, 8
256, 0.000090, 8
256, 0.000079, 8
256, 0.000103, 8
256, 0.000103, 8
256, 0.000081, 8
256, 0.000069, 8
256, 0.000114, 8
256, 0.000104, 8
256, 0.000095, 8
256, 0.000087, 8
256, 0.000083, 8
256, 0.000144, 8
256, 0.000083, 8
256, 0.000097, 8
256, 0.000109, 8
256, 0.000116, 8
256, 0.000095, 8
256, 0.000075, 8
256, 0.000169, 8
256, 0.000164, 8
256, 0.000070, 8
256, 0.000081, 8
256, 0.000061, 8
256, 0.000052, 8
256, 0.000090, 8
256, 0.000060, 8
256, 0.000044, 8
256, 0.000039, 16
256, 0.000068, 16
256, 0.000071, 16
256, 0.000132, 16
256, 0.000075, 16
256, 0.000041, 16
256, 0.000042, 16
256, 0.000080, 16
256, 0.000192, 16
256, 0.000045, 16
256, 0.000037, 16
256, 0.000042, 16
256, 0.000037, 16
256, 0.000089, 16
256, 0.000074, 16
256, 0.000043, 16
256, 0.000038, 16
256, 0.000053, 16
256, 0.000051, 16
256, 0.000088, 16
256, 0.000080, 16
256, 0.000071, 16
256, 0.000054, 16
256, 0.000048, 16
256, 0.000049, 16
256, 0.000065, 16
256, 0.000059, 16
256, 0.000146, 16
256, 0.000044, 16
256, 0.000040, 16
256, 0.000036, 16
256, 0.000047, 16
256, 0.000068, 16
256, 0.000052, 16
256, 0.000046, 16
256, 0.000040, 16
256, 0.000037, 16
256, 0.000037, 16
256, 0.000077, 16
256, 0.000048, 16
256, 0.000049, 16
256, 0.000037, 16
256, 0.000040, 16
256, 0.000052, 16
256, 0.000056, 16
256, 0.000073, 16
256, 0.000087, 16
256, 0.000045, 16
256, 0.000062, 16
256, 0.000052, 16
256, 0.000084, 32
256, 0.000067, 32
256, 0.000051, 32
256, 0.000055, 32
256, 0.000051, 32
256, 0.000060, 32
256, 0.000450, 32
256, 0.000097, 32
256, 0.000119, 32
256, 0.000063, 32
256, 0.000064, 32
256, 0.000066, 32
256, 0.000120, 32
256, 0.000073, 32
256, 0.000117, 32
256, 0.000044, 32
256, 0.000039, 32
256, 0.000040, 32
256, 0.000084, 32
256, 0.000060, 32
256, 0.000056, 32
256, 0.000046, 32
256, 0.000057, 32
256, 0.000062, 32
256, 0.000200, 32
256, 0.000063, 32
256, 0.000089, 32
256, 0.000066, 32
256, 0.000074, 32
256, 0.000098, 32
256, 0.000158, 32
256, 0.000103, 32
256, 0.000075, 32
256, 0.000084, 32
256, 0.000082, 32
256, 0.000078, 32
256, 0.000058, 32
256, 0.000071, 32
256, 0.000072, 32
256, 0.000075, 32
256, 0.000115, 32
256, 0.000069, 32
256, 0.000054, 32
256, 0.000048, 32
256, 0.000046, 32
256, 0.000247, 32
256, 0.000075, 32
256, 0.000050, 32
256, 0.000041, 32
256, 0.000039, 32
256, 0.000042, 64
256, 0.000054, 64
256, 0.000107, 64
256, 0.000092, 64
256, 0.000042, 64
256, 0.000039, 64
256, 0.000042, 64
256, 0.000042, 64
256, 0.000121, 64
256, 0.000053, 64
256, 0.000071, 64
256, 0.000042, 64
256, 0.000043, 64
256, 0.000042, 64
256, 0.000062, 64
256, 0.000117, 64
256, 0.000048, 64
256, 0.000047, 64
256, 0.000049, 64
256, 0.000044, 64
256, 0.000083, 64
256, 0.000049, 64
256, 0.000093, 64
256, 0.000162, 64
256, 0.000052, 64
256, 0.000056, 64
256, 0.000059, 64
256, 0.000086, 64
256, 0.000087, 64
256, 0.000058, 64
256, 0.000037, 64
256, 0.000040, 64
256, 0.000043, 64
256, 0.000051, 64
256, 0.000072, 64
256, 0.000086, 64
256, 0.000044, 64
256, 0.000039, 64
256, 0.000042, 64
256, 0.000093, 64
256, 0.000057, 64
256, 0.000055, 64
256, 0.000058, 64
256, 0.000058, 64
256, 0.000056, 64
256, 0.000077, 64
256, 0.000090, 64
256, 0.000087, 64
256, 0.000051, 64
256, 0.000053, 64
256, 0.000039, 128
256, 0.000049, 128
256, 0.000086, 128
256, 0.000112, 128
256, 0.000049, 128
256, 0.000041, 128
256, 0.000041, 128
256, 0.000074, 128
256, 0.000063, 128
256, 0.000044, 128
256, 0.000043, 128
256, 0.000036, 128
256, 0.000037, 128
256, 0.000043, 128
256, 0.000185, 128
256, 0.000053, 128
256, 0.000048, 128
256, 0.000043, 128
256, 0.000072, 128
256, 0.000039, 128
256, 0.000042, 128
256, 0.000085, 128
256, 0.000105, 128
256, 0.000112, 128
256, 0.000057, 128
256, 0.000062, 128
256, 0.000079, 128
256, 0.000048, 128
256, 0.000059, 128
256, 0.000046, 128
256, 0.000060, 128
256, 0.000068, 128
256, 0.000123, 128
256, 0.000083, 128
256, 0.000045, 128
256, 0.000041, 128
256, 0.000044, 128
256, 0.000044, 128
256, 0.000046, 128
256, 0.000066, 128
256, 0.000137, 128
256, 0.000236, 128
256, 0.000047, 128
256, 0.000045, 128
256, 0.000049, 128
256, 0.000053, 128
256, 0.000075, 128
256, 0.000091, 128
256, 0.000048, 128
256, 0.000047, 128
512, 0.000316, 2
512, 0.000878, 2
512, 0.000284, 2
512, 0.000242, 2
512, 0.001441, 2
512, 0.000594, 2
512, 0.000318, 2
512, 0.000351, 2
512, 0.000648, 2
512, 0.000296, 2
512, 0.000266, 2
512, 0.001262, 2
512, 0.000599, 2
512, 0.000240, 2
512, 0.000230, 2
512, 0.000499, 2
512, 0.000599, 2
512, 0.000255, 2
512, 0.000221, 2
512, 0.000737, 2
512, 0.000255, 2
512, 0.000213, 2
512, 0.000210, 2
512, 0.001739, 2
512, 0.000569, 2
512, 0.000208, 2
512, 0.000229, 2
512, 0.000652, 2
512, 0.000259, 2
512, 0.000303, 2
512, 0.000216, 2
512, 0.000609, 2
512, 0.000536, 2
512, 0.000264, 2
512, 0.000275, 2
512, 0.000341, 2
512, 0.000555, 2
512, 0.000281, 2
512, 0.000267, 2
512, 0.000623, 2
512, 0.000695, 2
512, 0.000215, 2
512, 0.000225, 2
512, 0.000428, 2
512, 0.000331, 2
512, 0.000214, 2
512, 0.000208, 2
512, 0.000474, 2
512, 0.000559, 2
512, 0.000209, 2
512, 0.000179, 4
512, 0.000527, 4
512, 0.000486, 4
512, 0.000206, 4
512, 0.000230, 4
512, 0.000796, 4
512, 0.000317, 4
512, 0.000315, 4
512, 0.000603, 4
512, 0.000484, 4
512, 0.000261, 4
512, 0.000398, 4
512, 0.000735, 4
512, 0.000551, 4
512, 0.000289, 4
512, 0.000387, 4
512, 0.000522, 4
512, 0.000271, 4
512, 0.000206, 4
512, 0.000387, 4
512, 0.000279, 4
512, 0.000437, 4
512, 0.001226, 4
512, 0.000310, 4
512, 0.000249, 4
512, 0.000301, 4
512, 0.000663, 4
512, 0.000513, 4
512, 0.000179, 4
512, 0.000199, 4
512, 0.000405, 4
512, 0.000250, 4
512, 0.000183, 4
512, 0.000198, 4
512, 0.000536, 4
512, 0.000553, 4
512, 0.000180, 4
512, 0.000195, 4
512, 0.000541, 4
512, 0.000214, 4
512, 0.000238, 4
512, 0.000267, 4
512, 0.000581, 4
512, 0.000305, 4
512, 0.000243, 4
512, 0.000222, 4
512, 0.000888, 4
512, 0.000212, 4
512, 0.000179, 4
512, 0.000187, 4
512, 0.000632, 8
512, 0.000231, 8
512, 0.000223, 8
512, 0.000204, 8
512, 0.000399, 8
512, 0.000452, 8
512, 0.000167, 8
512, 0.000224, 8
512, 0.000441, 8
512, 0.000227, 8
512, 0.000231, 8
512, 0.000185, 8
512, 0.000444, 8
512, 0.000248, 8
512, 0.000196, 8
512, 0.000179, 8
512, 0.000380, 8
512, 0.000342, 8
512, 0.000170, 8
512, 0.000172, 8
512, 0.001512, 8
512, 0.000432, 8
512, 0.000162, 8
512, 0.000165, 8
512, 0.000687, 8
512, 0.000415, 8
512, 0.000163, 8
512, 0.000167, 8
512, 0.000298, 8
512, 0.000393, 8
512, 0.000228, 8
512, 0.000176, 8
512, 0.000169, 8
512, 0.000579, 8
512, 0.000206, 8
512, 0.000208, 8
512, 0.000251, 8
512, 0.000428, 8
512, 0.000258, 8
512, 0.000242, 8
512, 0.001059, 8
512, 0.000386, 8
512, 0.000161, 8
512, 0.000162, 8
512, 0.000239, 8
512, 0.000380, 8
512, 0.000205, 8
512, 0.000229, 8
512, 0.000411, 8
512, 0.000490, 8
512, 0.000172, 16
512, 0.000154, 16
512, 0.000237, 16
512, 0.000597, 16
512, 0.000269, 16
512, 0.000360, 16
512, 0.000574, 16
512, 0.000209, 16
512, 0.000208, 16
512, 0.000408, 16
512, 0.000293, 16
512, 0.000283, 16
512, 0.000379, 16
512, 0.000467, 16
512, 0.000162, 16
512, 0.000260, 16
512, 0.000154, 16
512, 0.000701, 16
512, 0.000180, 16
512, 0.000152, 16
512, 0.000173, 16
512, 0.000570, 16
512, 0.000177, 16
512, 0.000181, 16
512, 0.000157, 16
512, 0.000526, 16
512, 0.000394, 16
512, 0.000159, 16
512, 0.000220, 16
512, 0.000685, 16
512, 0.000175, 16
512, 0.000157, 16
512, 0.000151, 16
512, 0.000286, 16
512, 0.000185, 16
512, 0.000202, 16
512, 0.000267, 16
512, 0.000382, 16
512, 0.000365, 16
512, 0.000270, 16
512, 0.000156, 16
512, 0.000576, 16
512, 0.000195, 16
512, 0.000155, 16
512, 0.000158, 16
512, 0.000611, 16
512, 0.000189, 16
512, 0.000200, 16
512, 0.000156, 16
512, 0.001278, 16
512, 0.000549, 32
512, 0.000168, 32
512, 0.000190, 32
512, 0.000361, 32
512, 0.000232, 32
512, 0.000243, 32
512, 0.000207, 32
512, 0.000475, 32
512, 0.000240, 32
512, 0.000252, 32
512, 0.000461, 32
512, 0.000446, 32
512, 0.000204, 32
512, 0.000187, 32
512, 0.000174, 32
512, 0.000541, 32
512, 0.000414, 32
512, 0.000210, 32
512, 0.000295, 32
512, 0.000336, 32
512, 0.000259, 32
512, 0.000221, 32
512, 0.000701, 32
512, 0.000471, 32
512, 0.000187, 32
512, 0.000164, 32
512, 0.000173, 32
512, 0.000579, 32
512, 0.000412, 32
512, 0.000175, 32
512, 0.000196, 32
512, 0.000397, 32
512, 0.000498, 32
512, 0.000201, 32
512, 0.000462, 32
512, 0.000425, 32
512, 0.000166, 32
512, 0.000195, 32
512, 0.000325, 32
512, 0.000422, 32
512, 0.000172, 32
512, 0.000173, 32
512, 0.000273, 32
512, 0.000495, 32
512, 0.000177, 32
512, 0.000172, 32
512, 0.000308, 32
512, 0.000750, 32
512, 0.000224, 32
512, 0.000298, 32
512, 0.000428, 64
512, 0.000303, 64
512, 0.000175, 64
512, 0.000182, 64
512, 0.000266, 64
512, 0.000586, 64
512, 0.000175, 64
512, 0.000190, 64
512, 0.000434, 64
512, 0.000586, 64
512, 0.000204, 64
512, 0.000199, 64
512, 0.000172, 64
512, 0.000500, 64
512, 0.000191, 64
512, 0.000228, 64
512, 0.001195, 64
512, 0.000438, 64
512, 0.000210, 64
512, 0.000274, 64
512, 0.000569, 64
512, 0.000219, 64
512, 0.000183, 64
512, 0.000175, 64
512, 0.001836, 64
512, 0.000452, 64
512, 0.000194, 64
512, 0.000170, 64
512, 0.001972, 64
512, 0.000408, 64
512, 0.000166, 64
512, 0.000188, 64
512, 0.000276, 64
512, 0.000493, 64
512, 0.000190, 64
512, 0.000179, 64
512, 0.000289, 64
512, 0.000470, 64
512, 0.000192, 64
512, 0.000213, 64
512, 0.000267, 64
512, 0.000503, 64
512, 0.000197, 64
512, 0.000187, 64
512, 0.000245, 64
512, 0.000362, 64
512, 0.000236, 64
512, 0.000265, 64
512, 0.001261, 64
512, 0.000521, 64
512, 0.000175, 128
512, 0.000206, 128
512, 0.000368, 128
512, 0.000456, 128
512, 0.000222, 128
512, 0.000192, 128
512, 0.001686, 128
512, 0.000437, 128
512, 0.000180, 128
512, 0.000195, 128
512, 0.000179, 128
512, 0.000513, 128
512, 0.000338, 128
512, 0.000174, 128
512, 0.000180, 128
512, 0.000586, 128
512, 0.000440, 128
512, 0.000169, 128
512, 0.000227, 128
512, 0.000495, 128
512, 0.000262, 128
512, 0.000164, 128
512, 0.000188, 128
512, 0.000408, 128
512, 0.000331, 128
512, 0.000169, 128
512, 0.000168, 128
512, 0.000623, 128
512, 0.000499, 128
512, 0.000173, 128
512, 0.000182, 128
512, 0.001792, 128
512, 0.000521, 128
512, 0.000172, 128
512, 0.000174, 128
512, 0.000693, 128
512, 0.000239, 128
512, 0.000235, 128
512, 0.000170, 128
512, 0.000703, 128
512, 0.000347, 128
512, 0.000194, 128
512, 0.000291, 128
512, 0.000574, 128
512, 0.000211, 128
512, 0.000282, 128
512, 0.000284, 128
512, 0.000460, 128
512, 0.000253, 128
512, 0.000202, 128
1024, 0.003081, 2
1024, 0.003375, 2
1024, 0.001370, 2
1024, 0.004325, 2
1024, 0.001618, 2
1024, 0.001687, 2
1024, 0.004208, 2
1024, 0.001462, 2
1024, 0.002424, 2
1024, 0.004334, 2
1024, 0.001361, 2
1024, 0.003755, 2
1024, 0.002355, 2
1024, 0.001375, 2
1024, 0.004819, 2
1024, 0.001536, 2
1024, 0.002283, 2
1024, 0.004610, 2
1024, 0.001501, 2
1024, 0.002780, 2
1024, 0.004372, 2
1024, 0.001552, 2
1024, 0.001672, 2
1024, 0.004267, 2
1024, 0.001872, 2
1024, 0.001311, 2
1024, 0.004552, 2
1024, 0.001689, 2
1024, 0.002239, 2
1024, 0.004341, 2
1024, 0.001375, 2
1024, 0.003218, 2
1024, 0.002246, 2
1024, 0.001691, 2
1024, 0.004527, 2
1024, 0.002363, 2
1024, 0.001332, 2
1024, 0.004484, 2
1024, 0.001374, 2
1024, 0.002175, 2
1024, 0.003825, 2
1024, 0.001250, 2
1024, 0.003526, 2
1024, 0.001747, 2
1024, 0.002067, 2
1024, 0.003049, 2
1024, 0.001427, 2
1024, 0.002202, 2
1024, 0.003973, 2
1024, 0.001345, 2
1024, 0.003275, 4
1024, 0.000962, 4
1024, 0.001932, 4
1024, 0.003065, 4
1024, 0.000916, 4
1024, 0.002943, 4
1024, 0.001109, 4
1024, 0.000883, 4
1024, 0.003032, 4
1024, 0.000924, 4
1024, 0.003329, 4
1024, 0.000989, 4
1024, 0.002060, 4
1024, 0.003025, 4
1024, 0.001017, 4
1024, 0.003571, 4
1024, 0.000887, 4
1024, 0.001688, 4
1024, 0.003043, 4
1024, 0.001257, 4
1024, 0.003264, 4
1024, 0.000873, 4
1024, 0.001249, 4
1024, 0.003360, 4
1024, 0.001035, 4
1024, 0.003319, 4
1024, 0.001040, 4
1024, 0.001249, 4
1024, 0.002793, 4
1024, 0.000941, 4
1024, 0.003358, 4
1024, 0.000922, 4
1024, 0.001957, 4
1024, 0.003456, 4
1024, 0.000895, 4
1024, 0.003406, 4
1024, 0.000869, 4
1024, 0.003385, 4
1024, 0.000887, 4
1024, 0.001261, 4
1024, 0.003740, 4
1024, 0.001004, 4
1024, 0.003539, 4
1024, 0.001725, 4
1024, 0.001000, 4
1024, 0.002622, 4
1024, 0.001166, 4
1024, 0.003471, 4
1024, 0.003399, 4
1024, 0.000960, 4
1024, 0.003110, 8
1024, 0.000732, 8
1024, 0.001740, 8
1024, 0.003704, 8
1024, 0.000885, 8
1024, 0.003004, 8
1024, 0.000931, 8
1024, 0.002159, 8
1024, 0.003308, 8
1024, 0.000786, 8
1024, 0.002525, 8
1024, 0.000746, 8
1024, 0.002335, 8
1024, 0.001740, 8
1024, 0.000884, 8
1024, 0.002334, 8
1024, 0.000784, 8
1024, 0.003229, 8
1024, 0.001911, 8
1024, 0.000819, 8
1024, 0.003280, 8
1024, 0.000858, 8
1024, 0.003615, 8
1024, 0.001355, 8
1024, 0.001011, 8
1024, 0.003028, 8
1024, 0.000777, 8
1024, 0.002913, 8
1024, 0.000763, 8
1024, 0.002129, 8
1024, 0.002954, 8
1024, 0.000845, 8
1024, 0.003898, 8
1024, 0.000752, 8
1024, 0.001964, 8
1024, 0.003056, 8
1024, 0.000765, 8
1024, 0.002572, 8
1024, 0.000798, 8
1024, 0.002988, 8
1024, 0.002928, 8
1024, 0.000940, 8
1024, 0.001310, 8
1024, 0.001255, 8
1024, 0.003470, 8
1024, 0.000771, 8
1024, 0.003339, 8
1024, 0.001336, 8
1024, 0.000944, 8
1024, 0.002857, 8
1024, 0.000950, 16
1024, 0.003486, 16
1024, 0.000799, 16
1024, 0.001906, 16
1024, 0.000913, 16
1024, 0.001038, 16
1024, 0.002882, 16
1024, 0.000764, 16
1024, 0.002465, 16
1024, 0.000827, 16
1024, 0.003447, 16
1024, 0.000756, 16
1024, 0.002099, 16
1024, 0.000950, 16
1024, 0.000777, 16
1024, 0.003552, 16
1024, 0.000763, 16
1024, 0.003063, 16
1024, 0.000771, 16
1024, 0.001933, 16
1024, 0.002986, 16
1024, 0.001044, 16
1024, 0.003564, 16
1024, 0.000765, 16
1024, 0.001901, 16
1024, 0.003236, 16
1024, 0.000918, 16
1024, 0.003206, 16
1024, 0.000996, 16
1024, 0.002082, 16
1024, 0.003021, 16
1024, 0.000761, 16
1024, 0.002549, 16
1024, 0.000765, 16
1024, 0.002802, 16
1024, 0.000736, 16
1024, 0.001862, 16
1024, 0.003074, 16
1024, 0.000768, 16
1024, 0.003095, 16
1024, 0.000758, 16
1024, 0.003385, 16
1024, 0.001086, 16
1024, 0.000872, 16
1024, 0.001797, 16
1024, 0.000867, 16
1024, 0.003020, 16
1024, 0.000787, 16
1024, 0.003334, 16
1024, 0.000913, 16
1024, 0.001989, 32
1024, 0.001629, 32
1024, 0.000801, 32
1024, 0.003112, 32
1024, 0.000781, 32
1024, 0.003328, 32
1024, 0.000769, 32
1024, 0.001848, 32
1024, 0.001337, 32
1024, 0.002655, 32
1024, 0.000975, 32
1024, 0.000905, 32
1024, 0.003393, 32
1024, 0.001731, 32
1024, 0.001036, 32
1024, 0.003932, 32
1024, 0.002809, 32
1024, 0.000785, 32
1024, 0.001915, 32
1024, 0.002015, 32
1024, 0.000919, 32
1024, 0.002488, 32
1024, 0.000796, 32
1024, 0.003410, 32
1024, 0.000876, 32
1024, 0.001950, 32
1024, 0.003069, 32
1024, 0.000854, 32
1024, 0.002438, 32
1024, 0.000796, 32
1024, 0.002811, 32
1024, 0.001039, 32
1024, 0.001001, 32
1024, 0.002881, 32
1024, 0.000773, 32
1024, 0.002723, 32
1024, 0.000766, 32
1024, 0.001531, 32
1024, 0.003139, 32
1024, 0.000973, 32
1024, 0.002719, 32
1024, 0.000772, 32
1024, 0.002466, 32
1024, 0.001391, 32
1024, 0.000896, 32
1024, 0.003204, 32
1024, 0.000773, 32
1024, 0.002432, 32
1024, 0.000822, 32
1024, 0.002669, 32
1024, 0.000981, 64
1024, 0.001302, 64
1024, 0.003526, 64
1024, 0.000940, 64
1024, 0.003170, 64
1024, 0.001025, 64
1024, 0.002469, 64
1024, 0.001066, 64
1024, 0.001560, 64
1024, 0.003091, 64
1024, 0.000931, 64
1024, 0.003364, 64
1024, 0.000910, 64
1024, 0.003318, 64
1024, 0.001055, 64
1024, 0.001490, 64
1024, 0.002652, 64
1024, 0.000913, 64
1024, 0.002784, 64
1024, 0.001018, 64
1024, 0.002553, 64
1024, 0.003458, 64
1024, 0.000993, 64
1024, 0.003445, 64
1024, 0.001057, 64
1024, 0.001989, 64
1024, 0.003312, 64
1024, 0.001107, 64
1024, 0.002996, 64
1024, 0.001289, 64
1024, 0.001002, 64
1024, 0.003051, 64
1024, 0.000923, 64
1024, 0.003592, 64
1024, 0.001332, 64
1024, 0.001107, 64
1024, 0.003315, 64
1024, 0.001260, 64
1024, 0.002574, 64
1024, 0.001992, 64
1024, 0.001098, 64
1024, 0.002994, 64
1024, 0.000924, 64
1024, 0.002400, 64
1024, 0.002992, 64
1024, 0.000923, 64
1024, 0.002137, 64
1024, 0.000897, 64
1024, 0.003448, 64
1024, 0.000912, 64
1024, 0.001220, 128
1024, 0.004019, 128
1024, 0.000970, 128
1024, 0.003721, 128
1024, 0.001062, 128
1024, 0.001425, 128
1024, 0.003600, 128
1024, 0.000968, 128
1024, 0.004365, 128
1024, 0.001582, 128
1024, 0.000979, 128
1024, 0.003912, 128
1024, 0.000965, 128
1024, 0.003819, 128
1024, 0.001232, 128
1024, 0.001966, 128
1024, 0.003572, 128
1024, 0.001063, 128
1024, 0.004264, 128
1024, 0.000969, 128
1024, 0.001579, 128
1024, 0.004099, 128
1024, 0.001144, 128
1024, 0.003948, 128
1024, 0.001306, 128
1024, 0.000991, 128
1024, 0.002684, 128
1024, 0.001025, 128
1024, 0.004455, 128
1024, 0.001003, 128
1024, 0.001658, 128
1024, 0.003498, 128
1024, 0.000978, 128
1024, 0.004057, 128
1024, 0.001737, 128
1024, 0.000990, 128
1024, 0.003038, 128
1024, 0.001234, 128
1024, 0.003101, 128
1024, 0.001398, 128
1024, 0.000993, 128
1024, 0.005227, 128
1024, 0.000954, 128
1024, 0.002151, 128
1024, 0.003732, 128
1024, 0.000976, 128
1024, 0.003380, 128
1024, 0.001356, 128
1024, 0.002355, 128
1024, 0.003769, 128
2048, 0.011278, 2
2048, 0.011238, 2
2048, 0.010647, 2
2048, 0.011494, 2
2048, 0.013407, 2
2048, 0.014739, 2
2048, 0.014908, 2
2048, 0.014871, 2
2048, 0.014492, 2
2048, 0.014748, 2
2048, 0.014384, 2
2048, 0.013935, 2
2048, 0.013118, 2
2048, 0.016312, 2
2048, 0.015147, 2
2048, 0.014719, 2
2048, 0.015515, 2
2048, 0.014882, 2
2048, 0.014220, 2
2048, 0.014255, 2
2048, 0.012246, 2
2048, 0.012790, 2
2048, 0.012366, 2
2048, 0.012032, 2
2048, 0.011674, 2
2048, 0.011531, 2
2048, 0.011402, 2
2048, 0.012210, 2
2048, 0.012558, 2
2048, 0.013029, 2
2048, 0.014086, 2
2048, 0.014838, 2
2048, 0.014769, 2
2048, 0.014326, 2
2048, 0.014697, 2
2048, 0.013746, 2
2048, 0.012664, 2
2048, 0.013760, 2
2048, 0.012747, 2
2048, 0.012843, 2
2048, 0.011196, 2
2048, 0.012964, 2
2048, 0.013644, 2
2048, 0.013886, 2
2048, 0.015032, 2
2048, 0.015480, 2
2048, 0.014529, 2
2048, 0.014141, 2
2048, 0.014581, 2
2048, 0.013547, 2
2048, 0.011798, 4
2048, 0.012854, 4
2048, 0.013214, 4
2048, 0.013483, 4
2048, 0.013978, 4
2048, 0.013802, 4
2048, 0.012895, 4
2048, 0.012010, 4
2048, 0.012699, 4
2048, 0.011575, 4
2048, 0.012971, 4
2048, 0.012342, 4
2048, 0.010415, 4
2048, 0.012826, 4
2048, 0.012939, 4
2048, 0.013018, 4
2048, 0.014732, 4
2048, 0.013605, 4
2048, 0.013767, 4
2048, 0.013391, 4
2048, 0.011843, 4
2048, 0.013072, 4
2048, 0.011608, 4
2048, 0.010383, 4
2048, 0.009809, 4
2048, 0.007283, 4
2048, 0.007880, 4
2048, 0.009888, 4
2048, 0.012099, 4
2048, 0.013281, 4
2048, 0.013615, 4
2048, 0.013680, 4
2048, 0.013663, 4
2048, 0.013593, 4
2048, 0.013923, 4
2048, 0.014140, 4
2048, 0.013862, 4
2048, 0.012896, 4
2048, 0.014166, 4
2048, 0.013977, 4
2048, 0.013760, 4
2048, 0.012766, 4
2048, 0.012824, 4
2048, 0.012980, 4
2048, 0.013636, 4
2048, 0.013545, 4
2048, 0.012592, 4
2048, 0.011818, 4
2048, 0.012649, 4
2048, 0.011241, 4
2048, 0.008298, 8
2048, 0.006972, 8
2048, 0.009551, 8
2048, 0.006840, 8
2048, 0.009594, 8
2048, 0.012977, 8
2048, 0.012710, 8
2048, 0.010469, 8
2048, 0.007315, 8
2048, 0.007303, 8
2048, 0.010153, 8
2048, 0.012594, 8
2048, 0.013184, 8
2048, 0.013323, 8
2048, 0.013890, 8
2048, 0.013161, 8
2048, 0.012590, 8
2048, 0.012315, 8
2048, 0.010294, 8
2048, 0.008713, 8
2048, 0.006758, 8
2048, 0.009820, 8
2048, 0.012666, 8
2048, 0.013427, 8
2048, 0.012930, 8
2048, 0.012472, 8
2048, 0.012452, 8
2048, 0.011895, 8
2048, 0.011532, 8
2048, 0.008587, 8
2048, 0.006961, 8
2048, 0.010363, 8
2048, 0.013351, 8
2048, 0.013458, 8
2048, 0.013463, 8
2048, 0.013824, 8
2048, 0.012833, 8
2048, 0.012147, 8
2048, 0.009929, 8
2048, 0.008530, 8
2048, 0.007052, 8
2048, 0.010703, 8
2048, 0.012325, 8
2048, 0.013891, 8
2048, 0.013164, 8
2048, 0.013284, 8
2048, 0.012230, 8
2048, 0.010136, 8
2048, 0.008420, 8
2048, 0.006892, 8
2048, 0.009128, 16
2048, 0.012293, 16
2048, 0.013432, 16
2048, 0.013827, 16
2048, 0.012940, 16
2048, 0.012463, 16
2048, 0.011750, 16
2048, 0.012545, 16
2048, 0.010257, 16
2048, 0.008474, 16
2048, 0.006684, 16
2048, 0.007238, 16
2048, 0.010635, 16
2048, 0.012988, 16
2048, 0.013409, 16
2048, 0.012822, 16
2048, 0.009762, 16
2048, 0.008066, 16
2048, 0.006856, 16
2048, 0.010174, 16
2048, 0.013087, 16
2048, 0.013895, 16
2048, 0.013424, 16
2048, 0.013709, 16
2048, 0.012925, 16
2048, 0.010932, 16
2048, 0.008036, 16
2048, 0.007879, 16
2048, 0.011433, 16
2048, 0.012523, 16
2048, 0.013223, 16
2048, 0.013888, 16
2048, 0.012676, 16
2048, 0.012548, 16
2048, 0.010387, 16
2048, 0.010149, 16
2048, 0.008632, 16
2048, 0.008222, 16
2048, 0.006845, 16
2048, 0.009418, 16
2048, 0.012603, 16
2048, 0.013317, 16
2048, 0.013458, 16
2048, 0.013719, 16
2048, 0.012454, 16
2048, 0.011391, 16
2048, 0.015493, 16
2048, 0.012617, 16
2048, 0.013458, 16
2048, 0.013811, 16
2048, 0.013537, 32
2048, 0.013067, 32
2048, 0.012843, 32
2048, 0.012881, 32
2048, 0.013113, 32
2048, 0.014722, 32
2048, 0.013775, 32
2048, 0.013465, 32
2048, 0.013660, 32
2048, 0.012993, 32
2048, 0.013719, 32
2048, 0.013337, 32
2048, 0.011759, 32
2048, 0.009370, 32
2048, 0.008719, 32
2048, 0.007332, 32
2048, 0.007684, 32
2048, 0.009492, 32
2048, 0.013081, 32
2048, 0.012737, 32
2048, 0.013513, 32
2048, 0.012962, 32
2048, 0.013555, 32
2048, 0.013637, 32
2048, 0.013880, 32
2048, 0.013624, 32
2048, 0.013981, 32
2048, 0.013679, 32
2048, 0.013622, 32
2048, 0.013272, 32
2048, 0.013850, 32
2048, 0.013309, 32
2048, 0.012746, 32
2048, 0.013308, 32
2048, 0.012569, 32
2048, 0.010662, 32
2048, 0.010535, 32
2048, 0.008862, 32
2048, 0.006470, 32
2048, 0.007957, 32
2048, 0.008102, 32
2048, 0.012713, 32
2048, 0.012144, 32
2048, 0.010817, 32
2048, 0.010319, 32
2048, 0.009818, 32
2048, 0.008532, 32
2048, 0.007239, 32
2048, 0.007184, 32
2048, 0.009667, 32
2048, 0.010886, 64
2048, 0.010042, 64
2048, 0.011787, 64
2048, 0.013573, 64
2048, 0.013538, 64
2048, 0.013475, 64
2048, 0.013580, 64
2048, 0.013677, 64
2048, 0.014020, 64
2048, 0.013650, 64
2048, 0.014185, 64
2048, 0.011595, 64
2048, 0.015269, 64
2048, 0.014883, 64
2048, 0.008796, 64
2048, 0.009465, 64
2048, 0.010379, 64
2048, 0.011401, 64
2048, 0.011389, 64
2048, 0.012991, 64
2048, 0.013262, 64
2048, 0.013340, 64
2048, 0.013038, 64
2048, 0.013287, 64
2048, 0.013851, 64
2048, 0.013611, 64
2048, 0.013763, 64
2048, 0.013435, 64
2048, 0.013590, 64
2048, 0.013508, 64
2048, 0.013653, 64
2048, 0.013367, 64
2048, 0.013529, 64
2048, 0.013362, 64
2048, 0.013529, 64
2048, 0.013105, 64
2048, 0.013351, 64
2048, 0.013320, 64
2048, 0.011580, 64
2048, 0.011890, 64
2048, 0.012485, 64
2048, 0.012966, 64
2048, 0.013407, 64
2048, 0.013135, 64
2048, 0.013077, 64
2048, 0.013227, 64
2048, 0.013223, 64
2048, 0.013358, 64
2048, 0.013305, 64
2048, 0.013730, 64
2048, 0.013502, 128
2048, 0.013427, 128
2048, 0.013493, 128
2048, 0.013408, 128
2048, 0.013857, 128
2048, 0.013672, 128
2048, 0.013886, 128
2048, 0.013733, 128
2048, 0.014012, 128
2048, 0.013566, 128
2048, 0.013734, 128
2048, 0.013673, 128
2048, 0.013804, 128
2048, 0.013454, 128
2048, 0.013533, 128
2048, 0.013751, 128
2048, 0.014008, 128
2048, 0.013768, 128
2048, 0.013737, 128
2048, 0.013863, 128
2048, 0.013819, 128
2048, 0.013651, 128
2048, 0.013594, 128
2048, 0.013584, 128
2048, 0.013781, 128
2048, 0.013677, 128
2048, 0.014033, 128
2048, 0.014006, 128
2048, 0.013925, 128
2048, 0.014109, 128
2048, 0.013775, 128
2048, 0.013768, 128
2048, 0.015100, 128
2048, 0.012114, 128
2048, 0.013059, 128
2048, 0.013078, 128
2048, 0.012560, 128
2048, 0.012918, 128
2048, 0.013293, 128
2048, 0.013087, 128
2048, 0.013220, 128
2048, 0.012964, 128
2048, 0.012451, 128
2048, 0.012607, 128
2048, 0.011941, 128
2048, 0.012860, 128
2048, 0.013024, 128
2048, 0.012867, 128
2048, 0.012121, 128
2048, 0.012681, 128
4096, 0.084066, 2
4096, 0.082829, 2
4096, 0.084448, 2
4096, 0.085741, 2
4096, 0.085909, 2
4096, 0.084821, 2
4096, 0.085555, 2
4096, 0.086340, 2
4096, 0.086647, 2
4096, 0.082834, 2
4096, 0.082680, 2
4096, 0.083978, 2
4096, 0.083814, 2
4096, 0.090166, 2
4096, 0.089289, 2
4096, 0.084431, 2
4096, 0.084159, 2
4096, 0.085460, 2
4096, 0.085958, 2
4096, 0.083747, 2
4096, 0.083846, 2
4096, 0.085254, 2
4096, 0.088930, 2
4096, 0.091708, 2
4096, 0.090830, 2
4096, 0.088836, 2
4096, 0.086831, 2
4096, 0.082498, 2
4096, 0.087903, 2
4096, 0.084400, 2
4096, 0.085334, 2
4096, 0.086720, 2
4096, 0.088423, 2
4096, 0.085677, 2
4096, 0.083575, 2
4096, 0.084272, 2
4096, 0.083935, 2
4096, 0.083750, 2
4096, 0.083762, 2
4096, 0.082902, 2
4096, 0.083718, 2
4096, 0.082040, 2
4096, 0.084487, 2
4096, 0.084513, 2
4096, 0.084441, 2
4096, 0.085144, 2
4096, 0.089275, 2
4096, 0.086097, 2
4096, 0.084944, 2
4096, 0.083650, 2
4096, 0.056982, 4
4096, 0.061898, 4
4096, 0.058194, 4
4096, 0.059586, 4
4096, 0.062658, 4
4096, 0.056198, 4
4096, 0.062051, 4
4096, 0.062034, 4
4096, 0.056766, 4
4096, 0.062130, 4
4096, 0.058427, 4
4096, 0.059786, 4
4096, 0.062525, 4
4096, 0.061893, 4
4096, 0.057506, 4
4096, 0.062853, 4
4096, 0.063072, 4
4096, 0.059303, 4
4096, 0.057762, 4
4096, 0.061082, 4
4096, 0.062779, 4
4096, 0.058774, 4
4096, 0.060122, 4
4096, 0.062666, 4
4096, 0.058056, 4
4096, 0.060722, 4
4096, 0.062122, 4
4096, 0.058678, 4
4096, 0.061224, 4
4096, 0.062584, 4
4096, 0.058855, 4
4096, 0.060612, 4
4096, 0.062902, 4
4096, 0.056015, 4
4096, 0.061845, 4
4096, 0.062118, 4
4096, 0.058391, 4
4096, 0.060603, 4
4096, 0.063179, 4
4096, 0.058902, 4
4096, 0.061156, 4
4096, 0.062660, 4
4096, 0.058192, 4
4096, 0.060762, 4
4096, 0.062716, 4
4096, 0.059842, 4
4096, 0.058782, 4
4096, 0.061935, 4
4096, 0.058204, 4
4096, 0.060303, 4
4096, 0.056370, 8
4096, 0.057037, 8
4096, 0.054145, 8
4096, 0.052419, 8
4096, 0.058592, 8
4096, 0.053386, 8
4096, 0.052898, 8
4096, 0.058283, 8
4096, 0.054079, 8
4096, 0.053317, 8
4096, 0.055292, 8
4096, 0.057325, 8
4096, 0.054362, 8
4096, 0.054992, 8
4096, 0.057961, 8
4096, 0.055090, 8
4096, 0.059880, 8
4096, 0.053304, 8
4096, 0.057422, 8
4096, 0.058441, 8
4096, 0.053192, 8
4096, 0.058817, 8
4096, 0.055499, 8
4096, 0.056121, 8
4096, 0.055911, 8
4096, 0.060086, 8
4096, 0.054219, 8
4096, 0.054418, 8
4096, 0.059256, 8
4096, 0.053860, 8
4096, 0.055011, 8
4096, 0.058403, 8
4096, 0.054166, 8
4096, 0.056892, 8
4096, 0.056688, 8
4096, 0.055845, 8
4096, 0.058535, 8
4096, 0.053424, 8
4096, 0.059271, 8
4096, 0.054702, 8
4096, 0.059077, 8
4096, 0.053609, 8
4096, 0.057030, 8
4096, 0.057308, 8
4096, 0.053393, 8
4096, 0.057255, 8
4096, 0.053782, 8
4096, 0.052750, 8
4096, 0.058581, 8
4096, 0.053820, 8
4096, 0.052855, 16
4096, 0.054516, 16
4096, 0.054972, 16
4096, 0.056125, 16
4096, 0.052649, 16
4096, 0.052339, 16
4096, 0.054072, 16
4096, 0.056451, 16
4096, 0.053909, 16
4096, 0.052553, 16
4096, 0.057881, 16
4096, 0.054916, 16
4096, 0.052198, 16
4096, 0.051832, 16
4096, 0.064132, 16
4096, 0.065320, 16
4096, 0.057601, 16
4096, 0.053303, 16
4096, 0.052631, 16
4096, 0.057839, 16
4096, 0.053599, 16
4096, 0.054975, 16
4096, 0.057412, 16
4096, 0.053220, 16
4096, 0.059158, 16
4096, 0.053148, 16
4096, 0.055487, 16
4096, 0.057321, 16
4096, 0.052467, 16
4096, 0.057400, 16
4096, 0.054797, 16
4096, 0.052658, 16
4096, 0.057071, 16
4096, 0.054639, 16
4096, 0.052536, 16
4096, 0.052078, 16
4096, 0.057369, 16
4096, 0.054900, 16
4096, 0.053369, 16
4096, 0.057110, 16
4096, 0.053190, 16
4096, 0.057436, 16
4096, 0.053931, 16
4096, 0.055179, 16
4096, 0.056233, 16
4096, 0.052892, 16
4096, 0.052851, 16
4096, 0.057349, 16
4096, 0.053153, 16
4096, 0.051741, 16
4096, 0.056920, 32
4096, 0.053646, 32
4096, 0.052699, 32
4096, 0.059903, 32
4096, 0.052886, 32
4096, 0.056364, 32
4096, 0.065571, 32
4096, 0.073928, 32
4096, 0.059358, 32
4096, 0.054971, 32
4096, 0.058294, 32
4096, 0.059934, 32
4096, 0.056652, 32
4096, 0.058192, 32
4096, 0.054043, 32
4096, 0.058975, 32
4096, 0.053199, 32
4096, 0.059199, 32
4096, 0.053140, 32
4096, 0.057204, 32
4096, 0.055010, 32
4096, 0.052934, 32
4096, 0.059627, 32
4096, 0.053955, 32
4096, 0.053004, 32
4096, 0.059186, 32
4096, 0.054882, 32
4096, 0.052832, 32
4096, 0.057982, 32
4096, 0.054651, 32
4096, 0.052612, 32
4096, 0.052397, 32
4096, 0.059539, 32
4096, 0.054698, 32
4096, 0.052460, 32
4096, 0.057568, 32
4096, 0.055367, 32
4096, 0.057784, 32
4096, 0.057098, 32
4096, 0.053431, 32
4096, 0.064119, 32
4096, 0.060017, 32
4096, 0.053393, 32
4096, 0.054539, 32
4096, 0.058532, 32
4096, 0.052977, 32
4096, 0.065479, 32
4096, 0.055525, 32
4096, 0.056716, 32
4096, 0.053709, 32
4096, 0.059221, 64
4096, 0.053701, 64
4096, 0.060845, 64
4096, 0.053878, 64
4096, 0.060781, 64
4096, 0.054021, 64
4096, 0.059687, 64
4096, 0.053580, 64
4096, 0.058167, 64
4096, 0.055468, 64
4096, 0.056553, 64
4096, 0.053654, 64
4096, 0.056723, 64
4096, 0.055344, 64
4096, 0.056198, 64
4096, 0.058858, 64
4096, 0.053089, 64
4096, 0.058675, 64
4096, 0.054995, 64
4096, 0.053181, 64
4096, 0.057299, 64
4096, 0.056591, 64
4096, 0.052912, 64
4096, 0.059736, 64
4096, 0.054059, 64
4096, 0.055378, 64
4096, 0.057698, 64
4096, 0.053065, 64
4096, 0.058498, 64
4096, 0.056287, 64
4096, 0.057060, 64
4096, 0.058465, 64
4096, 0.056657, 64
4096, 0.053865, 64
4096, 0.059863, 64
4096, 0.054568, 64
4096, 0.065164, 64
4096, 0.060394, 64
4096, 0.053780, 64
4096, 0.059113, 64
4096, 0.054722, 64
4096, 0.057720, 64
4096, 0.055378, 64
4096, 0.055849, 64
4096, 0.057235, 64
4096, 0.054185, 64
4096, 0.056498, 64
4096, 0.053508, 64
4096, 0.059588, 64
4096, 0.055404, 64
4096, 0.052746, 128
4096, 0.059674, 128
4096, 0.054972, 128
4096, 0.055414, 128
4096, 0.056451, 128
4096, 0.052890, 128
4096, 0.052802, 128
4096, 0.057265, 128
4096, 0.054995, 128
4096, 0.055911, 128
4096, 0.058199, 128
4096, 0.053017, 128
4096, 0.052262, 128
4096, 0.054109, 128
4096, 0.056944, 128
4096, 0.054276, 128
4096, 0.053340, 128
4096, 0.057757, 128
4096, 0.055381, 128
4096, 0.052773, 128
4096, 0.059055, 128
4096, 0.055799, 128
4096, 0.054496, 128
4096, 0.056761, 128
4096, 0.054215, 128
4096, 0.052870, 128
4096, 0.055053, 128
4096, 0.061940, 128
4096, 0.054578, 128
4096, 0.057762, 128
4096, 0.053108, 128
4096, 0.058693, 128
4096, 0.053309, 128
4096, 0.055169, 128
4096, 0.059066, 128
4096, 0.055598, 128
4096, 0.056985, 128
4096, 0.053082, 128
4096, 0.055280, 128
4096, 0.057566, 128
4096, 0.052960, 128
4096, 0.052350, 128
4096, 0.054773, 128
4096, 0.056839, 128
4096, 0.053114, 128
4096, 0.054370, 128
4096, 0.057664, 128
4096, 0.053735, 128
4096, 0.052550, 128
4096, 0.054867, 128
8192, 0.411081, 2
8192, 0.411149, 2
8192, 0.414769, 2
8192, 0.423242, 2
8192, 0.408775, 2
8192, 0.413659, 2
8192, 0.414541, 2
8192, 0.415091, 2
8192, 0.408875, 2
8192, 0.407198, 2
8192, 0.410148, 2
8192, 0.425356, 2
8192, 0.417893, 2
8192, 0.412289, 2
8192, 0.408238, 2
8192, 0.412629, 2
8192, 0.406027, 2
8192, 0.416669, 2
8192, 0.404553, 2
8192, 0.412579, 2
8192, 0.420970, 2
8192, 0.421224, 2
8192, 0.416173, 2
8192, 0.407284, 2
8192, 0.411270, 2
8192, 0.419283, 2
8192, 0.415947, 2
8192, 0.411459, 2
8192, 0.413116, 2
8192, 0.419964, 2
8192, 0.408387, 2
8192, 0.409630, 2
8192, 0.410356, 2
8192, 0.412444, 2
8192, 0.441856, 2
8192, 0.408224, 2
8192, 0.398005, 2
8192, 0.398872, 2
8192, 0.394241, 2
8192, 0.401114, 2
8192, 0.400120, 2
8192, 0.396079, 2
8192, 0.414707, 2
8192, 0.410927, 2
8192, 0.410002, 2
8192, 0.397527, 2
8192, 0.402220, 2
8192, 0.390500, 2
8192, 0.404983, 2
8192, 0.402465, 2
8192, 0.277561, 4
8192, 0.271989, 4
8192, 0.270369, 4
8192, 0.269674, 4
8192, 0.275296, 4
8192, 0.266948, 4
8192, 0.267276, 4
8192, 0.270977, 4
8192, 0.264381, 4
8192, 0.272340, 4
8192, 0.280545, 4
8192, 0.279632, 4
8192, 0.267693, 4
8192, 0.267919, 4
8192, 0.263817, 4
8192, 0.264086, 4
8192, 0.271078, 4
8192, 0.268477, 4
8192, 0.268876, 4
8192, 0.270324, 4
8192, 0.268605, 4
8192, 0.274022, 4
8192, 0.273779, 4
8192, 0.272276, 4
8192, 0.268931, 4
8192, 0.269311, 4
8192, 0.270236, 4
8192, 0.312078, 4
8192, 0.307895, 4
8192, 0.270770, 4
8192, 0.281211, 4
8192, 0.330088, 4
8192, 0.322871, 4
8192, 0.305618, 4
8192, 0.346552, 4
8192, 0.295830, 4
8192, 0.293599, 4
8192, 0.336991, 4
8192, 0.307358, 4
8192, 0.352904, 4
8192, 0.289176, 4
8192, 0.307985, 4
8192, 0.336494, 4
8192, 0.317513, 4
8192, 0.320584, 4
8192, 0.299203, 4
8192, 0.276013, 4
8192, 0.277903, 4
8192, 0.330300, 4
8192, 0.293032, 4
8192, 0.348058, 8
8192, 0.284786, 8
8192, 0.285948, 8
8192, 0.311422, 8
8192, 0.283197, 8
8192, 0.284444, 8
8192, 0.295947, 8
8192, 0.303525, 8
8192, 0.298288, 8
8192, 0.260805, 8
8192, 0.263124, 8
8192, 0.291689, 8
8192, 0.287723, 8
8192, 0.298433, 8
8192, 0.319924, 8
8192, 0.452344, 8
8192, 0.585143, 8
8192, 0.309339, 8
8192, 0.267522, 8
8192, 0.266192, 8
8192, 0.255905, 8
8192, 0.270774, 8
8192, 0.262164, 8
8192, 0.262428, 8
8192, 0.261055, 8
8192, 0.273693, 8
8192, 0.264410, 8
8192, 0.269046, 8
8192, 0.264262, 8
8192, 0.264280, 8
8192, 0.261123, 8
8192, 0.257531, 8
8192, 0.301707, 8
8192, 0.282697, 8
8192, 0.289927, 8
8192, 0.281605, 8
8192, 0.260513, 8
8192, 0.266355, 8
8192, 0.267664, 8
8192, 0.266872, 8
8192, 0.257333, 8
8192, 0.261821, 8
8192, 0.262297, 8
8192, 0.262682, 8
8192, 0.260308, 8
8192, 0.283281, 8
8192, 0.260605, 8
8192, 0.285040, 8
8192, 0.282435, 8
8192, 0.281459, 8
8192, 0.367873, 16
8192, 0.270550, 16
8192, 0.266598, 16
8192, 0.277079, 16
8192, 0.268241, 16
8192, 0.267197, 16
8192, 0.275293, 16
8192, 0.268970, 16
8192, 0.264803, 16
8192, 0.266189, 16
8192, 0.261967, 16
8192, 0.263714, 16
8192, 0.273230, 16
8192, 0.264061, 16
8192, 0.266176, 16
8192, 0.268208, 16
8192, 0.263936, 16
8192, 0.261505, 16
8192, 0.269197, 16
8192, 0.266226, 16
8192, 0.266944, 16
8192, 0.264284, 16
8192, 0.263279, 16
8192, 0.266415, 16
8192, 0.267798, 16
8192, 0.268588, 16
8192, 0.270860, 16
8192, 0.271094, 16
8192, 0.263169, 16
8192, 0.270257, 16
8192, 0.265962, 16
8192, 0.265767, 16
8192, 0.263934, 16
8192, 0.263042, 16
8192, 0.265407, 16
8192, 0.266532, 16
8192, 0.277017, 16
8192, 0.268352, 16
8192, 0.265506, 16
8192, 0.271904, 16
8192, 0.262247, 16
8192, 0.264445, 16
8192, 0.267211, 16
8192, 0.277049, 16
8192, 0.265758, 16
8192, 0.265672, 16
8192, 0.264931, 16
8192, 0.267608, 16
8192, 0.269575, 16
8192, 0.268108, 16
8192, 0.266419, 32
8192, 0.270878, 32
8192, 0.267230, 32
8192, 0.267898, 32
8192, 0.278527, 32
8192, 0.275170, 32
8192, 0.268089, 32
8192, 0.267698, 32
8192, 0.266639, 32
8192, 0.271683, 32
8192, 0.269388, 32
8192, 0.275276, 32
8192, 0.266302, 32
8192, 0.275074, 32
8192, 0.278764, 32
8192, 0.276439, 32
8192, 0.283084, 32
8192, 0.272737, 32
8192, 0.276785, 32
8192, 0.273806, 32
8192, 0.269673, 32
8192, 0.268736, 32
8192, 0.270452, 32
8192, 0.266478, 32
8192, 0.286916, 32
8192, 0.269721, 32
8192, 0.268788, 32
8192, 0.269460, 32
8192, 0.278892, 32
8192, 0.270060, 32
8192, 0.268973, 32
8192, 0.268515, 32
8192, 0.269287, 32
8192, 0.271104, 32
8192, 0.292677, 32
8192, 0.267451, 32
8192, 0.270598, 32
8192, 0.272076, 32
8192, 0.268895, 32
8192, 0.269355, 32
8192, 0.280613, 32
8192, 0.274107, 32
8192, 0.272266, 32
8192, 0.269779, 32
8192, 0.286787, 32
8192, 0.269613, 32
8192, 0.284736, 32
8192, 0.277090, 32
8192, 0.269437, 32
8192, 0.271029, 32
8192, 0.252408, 64
8192, 0.250779, 64
8192, 0.258774, 64
8192, 0.254317, 64
8192, 0.256775, 64
8192, 0.252686, 64
8192, 0.250395, 64
8192, 0.252942, 64
8192, 0.253919, 64
8192, 0.255950, 64
8192, 0.252857, 64
8192, 0.247772, 64
8192, 0.248743, 64
8192, 0.245820, 64
8192, 0.253546, 64
8192, 0.251759, 64
8192, 0.252061, 64
8192, 0.250174, 64
8192, 0.251783, 64
8192, 0.249599, 64
8192, 0.250885, 64
8192, 0.248855, 64
8192, 0.249248, 64
8192, 0.252433, 64
8192, 0.249644, 64
8192, 0.259208, 64
8192, 0.252188, 64
8192, 0.251527, 64
8192, 0.248786, 64
8192, 0.248888, 64
8192, 0.251612, 64
8192, 0.250455, 64
8192, 0.248061, 64
8192, 0.251580, 64
8192, 0.248057, 64
8192, 0.251449, 64
8192, 0.255675, 64
8192, 0.248701, 64
8192, 0.247992, 64
8192, 0.252846, 64
8192, 0.250617, 64
8192, 0.248438, 64
8192, 0.251522, 64
8192, 0.248787, 64
8192, 0.250804, 64
8192, 0.248953, 64
8192, 0.252732, 64
8192, 0.252746, 64
8192, 0.252930, 64
8192, 0.250233, 64
8192, 0.240076, 128
8192, 0.236633, 128
8192, 0.237464, 128
8192, 0.233061, 128
8192, 0.232792, 128
8192, 0.234646, 128
8192, 0.241598, 128
8192, 0.231360, 128
8192, 0.238304, 128
8192, 0.232038, 128
8192, 0.233884, 128
8192, 0.235034, 128
8192, 0.231900, 128
8192, 0.234329, 128
8192, 0.234902, 128
8192, 0.235540, 128
8192, 0.234111, 128
8192, 0.240138, 128
8192, 0.272726, 128
8192, 0.236131, 128
8192, 0.234164, 128
8192, 0.241087, 128
8192, 0.235342, 128
8192, 0.235719, 128
8192, 0.233422, 128
8192, 0.237819, 128
8192, 0.231354, 128
8192, 0.235580, 128
8192, 0.234641, 128
8192, 0.235748, 128
8192, 0.232901, 128
8192, 0.230687, 128
8192, 0.236510, 128
8192, 0.237670, 128
8192, 0.238096, 128
8192, 0.233939, 128
8192, 0.233886, 128
8192, 0.232534, 128
8192, 0.242881, 128
8192, 0.235497, 128
8192, 0.243893, 128
8192, 0.233948, 128
8192, 0.234029, 128
8192, 0.236519, 128
8192, 0.232544, 128
8192, 0.233139, 128
8192, 0.232056, 128
8192, 0.233886, 128
8192, 0.234459, 128
8192, 0.241269, 128
