2, 0.000000
2, 0.000000
2, 0.000000
2, 0.000003
2, 0.000002
2, 0.000001
2, 0.000001
2, 0.000001
2, 0.000000
2, 0.000000
2, 0.000000
2, 0.000002
2, 0.000001
2, 0.000001
2, 0.000001
2, 0.000001
2, 0.000001
2, 0.000000
2, 0.000001
2, 0.000001
2, 0.000001
2, 0.000001
2, 0.000001
2, 0.000000
2, 0.000000
2, 0.000001
2, 0.000003
2, 0.000001
2, 0.000001
2, 0.000001
2, 0.000001
2, 0.000001
2, 0.000001
2, 0.000001
2, 0.000002
2, 0.000001
2, 0.000000
2, 0.000001
2, 0.000000
2, 0.000000
2, 0.000000
2, 0.000001
2, 0.000002
2, 0.000000
2, 0.000001
2, 0.000000
2, 0.000000
2, 0.000000
2, 0.000001
2, 0.000001
4, 0.000001
4, 0.000000
4, 0.000000
4, 0.000000
4, 0.000001
4, 0.000001
4, 0.000001
4, 0.000001
4, 0.000001
4, 0.000000
4, 0.000001
4, 0.000001
4, 0.000001
4, 0.000000
4, 0.000003
4, 0.000001
4, 0.000001
4, 0.000001
4, 0.000000
4, 0.000000
4, 0.000000
4, 0.000001
4, 0.000007
4, 0.000001
4, 0.000001
4, 0.000001
4, 0.000001
4, 0.000001
4, 0.000001
4, 0.000000
4, 0.000001
4, 0.000001
4, 0.000001
4, 0.000001
4, 0.000000
4, 0.000001
4, 0.000000
4, 0.000001
4, 0.000002
4, 0.000001
4, 0.000001
4, 0.000001
4, 0.000001
4, 0.000001
4, 0.000000
4, 0.000004
4, 0.000001
4, 0.000001
4, 0.000001
4, 0.000001
8, 0.000001
8, 0.000001
8, 0.000001
8, 0.000001
8, 0.000001
8, 0.000001
8, 0.000001
8, 0.000001
8, 0.000001
8, 0.000001
8, 0.000001
8, 0.000001
8, 0.000001
8, 0.000001
8, 0.000001
8, 0.000000
8, 0.000001
8, 0.000001
8, 0.000001
8, 0.000001
8, 0.000000
8, 0.000001
8, 0.000001
8, 0.000001
8, 0.000001
8, 0.000001
8, 0.000002
8, 0.000002
8, 0.000001
8, 0.000001
8, 0.000000
8, 0.000000
8, 0.000001
8, 0.000001
8, 0.000002
8, 0.000001
8, 0.000001
8, 0.000001
8, 0.000000
8, 0.000000
8, 0.000001
8, 0.000001
8, 0.000001
8, 0.000000
8, 0.000001
8, 0.000001
8, 0.000001
8, 0.000001
8, 0.000001
8, 0.000001
16, 0.000001
16, 0.000001
16, 0.000001
16, 0.000000
16, 0.000001
16, 0.000001
16, 0.000001
16, 0.000001
16, 0.000002
16, 0.000001
16, 0.000000
16, 0.000001
16, 0.000001
16, 0.000001
16, 0.000006
16, 0.000001
16, 0.000002
16, 0.000001
16, 0.000001
16, 0.000002
16, 0.000002
16, 0.000004
16, 0.000001
16, 0.000001
16, 0.000001
16, 0.000001
16, 0.000000
16, 0.000001
16, 0.000002
16, 0.000001
16, 0.000001
16, 0.000001
16, 0.000001
16, 0.000000
16, 0.000001
16, 0.000001
16, 0.000000
16, 0.000001
16, 0.000001
16, 0.000001
16, 0.000000
16, 0.000000
16, 0.000001
16, 0.000001
16, 0.000001
16, 0.000001
16, 0.000001
16, 0.000001
16, 0.000000
16, 0.000003
32, 0.000002
32, 0.000002
32, 0.000001
32, 0.000002
32, 0.000002
32, 0.000002
32, 0.000001
32, 0.000001
32, 0.000001
32, 0.000002
32, 0.000002
32, 0.000001
32, 0.000001
32, 0.000002
32, 0.000001
32, 0.000002
32, 0.000002
32, 0.000001
32, 0.000001
32, 0.000002
32, 0.000001
32, 0.000002
32, 0.000003
32, 0.000002
32, 0.000001
32, 0.000001
32, 0.000001
32, 0.000001
32, 0.000002
32, 0.000002
32, 0.000002
32, 0.000001
32, 0.000001
32, 0.000001
32, 0.000002
32, 0.000001
32, 0.000002
32, 0.000002
32, 0.000001
32, 0.000001
32, 0.000001
32, 0.000001
32, 0.000001
32, 0.000001
32, 0.000002
32, 0.000001
32, 0.000001
32, 0.000001
32, 0.000001
32, 0.000001
64, 0.000003
64, 0.000002
64, 0.000009
64, 0.000004
64, 0.000003
64, 0.000002
64, 0.000003
64, 0.000002
64, 0.000003
64, 0.000009
64, 0.000003
64, 0.000003
64, 0.000020
64, 0.000003
64, 0.000003
64, 0.000003
64, 0.000004
64, 0.000005
64, 0.000005
64, 0.000003
64, 0.000003
64, 0.000003
64, 0.000004
64, 0.000007
64, 0.000004
64, 0.000004
64, 0.000003
64, 0.000004
64, 0.000003
64, 0.000003
64, 0.000004
64, 0.000005
64, 0.000003
64, 0.000003
64, 0.000004
64, 0.000004
64, 0.000004
64, 0.000004
64, 0.000004
64, 0.000003
64, 0.000003
64, 0.000003
64, 0.000005
64, 0.000003
64, 0.000003
64, 0.000003
64, 0.000003
64, 0.000003
64, 0.000003
64, 0.000003
128, 0.000013
128, 0.000046
128, 0.000018
128, 0.000013
128, 0.000013
128, 0.000015
128, 0.000017
128, 0.000020
128, 0.000016
128, 0.000015
128, 0.000016
128, 0.000018
128, 0.000024
128, 0.000022
128, 0.000022
128, 0.000021
128, 0.000027
128, 0.000020
128, 0.000023
128, 0.000022
128, 0.000027
128, 0.000023
128, 0.000020
128, 0.000019
128, 0.000026
128, 0.000019
128, 0.000021
128, 0.000019
128, 0.000021
128, 0.000027
128, 0.000015
128, 0.000015
128, 0.000015
128, 0.000020
128, 0.000020
128, 0.000018
128, 0.000019
128, 0.000019
128, 0.000020
128, 0.000018
128, 0.000018
128, 0.000021
128, 0.000023
128, 0.000022
128, 0.000018
128, 0.000015
128, 0.000018
128, 0.000017
128, 0.000017
128, 0.000020
256, 0.000071
256, 0.000066
256, 0.000126
256, 0.000119
256, 0.000119
256, 0.000089
256, 0.000145
256, 0.000132
256, 0.000098
256, 0.000082
256, 0.000120
256, 0.000127
256, 0.000100
256, 0.000102
256, 0.000111
256, 0.000078
256, 0.000099
256, 0.000090
256, 0.000114
256, 0.000095
256, 0.000102
256, 0.000116
256, 0.000089
256, 0.000066
256, 0.000092
256, 0.000149
256, 0.000077
256, 0.000099
256, 0.000054
256, 0.000051
256, 0.000068
256, 0.000091
256, 0.000097
256, 0.000047
256, 0.000040
256, 0.000041
256, 0.000038
256, 0.000055
256, 0.000077
256, 0.000057
256, 0.000036
256, 0.000042
256, 0.000046
256, 0.000258
256, 0.000055
256, 0.000042
256, 0.000040
256, 0.000061
256, 0.000179
256, 0.000074
512, 0.000270
512, 0.000196
512, 0.001035
512, 0.000392
512, 0.000164
512, 0.000167
512, 0.000341
512, 0.000692
512, 0.000176
512, 0.001006
512, 0.000513
512, 0.000169
512, 0.000240
512, 0.000414
512, 0.000367
512, 0.000195
512, 0.000224
512, 0.000343
512, 0.000618
512, 0.000182
512, 0.000175
512, 0.001029
512, 0.000440
512, 0.000171
512, 0.000376
512, 0.000559
512, 0.000186
512, 0.000180
512, 0.000341
512, 0.000781
512, 0.000208
512, 0.000187
512, 0.000317
512, 0.000235
512, 0.000168
512, 0.000169
512, 0.000574
512, 0.000538
512, 0.000182
512, 0.000169
512, 0.000510
512, 0.000481
512, 0.000163
512, 0.000163
512, 0.000653
512, 0.000505
512, 0.000173
512, 0.000163
512, 0.001415
512, 0.000543
1024, 0.001820
1024, 0.002522
1024, 0.004188
1024, 0.001539
1024, 0.002451
1024, 0.004356
1024, 0.001573
1024, 0.003622
1024, 0.003560
1024, 0.001520
1024, 0.004550
1024, 0.001610
1024, 0.001656
1024, 0.003180
1024, 0.001609
1024, 0.001640
1024, 0.003691
1024, 0.001480
1024, 0.003736
1024, 0.002241
1024, 0.001455
1024, 0.004441
1024, 0.001452
1024, 0.002265
1024, 0.003956
1024, 0.001684
1024, 0.002501
1024, 0.004674
1024, 0.001582
1024, 0.002340
1024, 0.004341
1024, 0.001586
1024, 0.002567
1024, 0.004634
1024, 0.001629
1024, 0.003833
1024, 0.003994
1024, 0.001467
1024, 0.003710
1024, 0.002721
1024, 0.001458
1024, 0.003838
1024, 0.001448
1024, 0.002224
1024, 0.004216
1024, 0.001672
1024, 0.002310
1024, 0.004251
1024, 0.001574
1024, 0.002414
2048, 0.015880
2048, 0.015559
2048, 0.015357
2048, 0.015056
2048, 0.014054
2048, 0.015734
2048, 0.016243
2048, 0.016031
2048, 0.016021
2048, 0.013373
2048, 0.014102
2048, 0.015524
2048, 0.015842
2048, 0.016026
2048, 0.015885
2048, 0.015996
2048, 0.014928
2048, 0.014083
2048, 0.015877
2048, 0.015863
2048, 0.013850
2048, 0.015128
2048, 0.015724
2048, 0.016047
2048, 0.015290
2048, 0.018007
2048, 0.014143
2048, 0.016430
2048, 0.015223
2048, 0.015483
2048, 0.014677
2048, 0.012902
2048, 0.013438
2048, 0.019576
2048, 0.017959
2048, 0.013093
2048, 0.016699
2048, 0.014808
2048, 0.016324
2048, 0.016554
2048, 0.016070
2048, 0.015932
2048, 0.013746
2048, 0.014183
2048, 0.015234
2048, 0.016642
2048, 0.015768
2048, 0.015344
2048, 0.014604
2048, 0.014135
4096, 0.115831
4096, 0.116704
4096, 0.119186
4096, 0.116339
4096, 0.119224
4096, 0.117826
4096, 0.121925
4096, 0.122510
4096, 0.120477
4096, 0.124972
4096, 0.118107
4096, 0.119018
4096, 0.117734
4096, 0.118097
4096, 0.117516
4096, 0.120239
4096, 0.116042
4096, 0.147512
4096, 0.118960
4096, 0.142330
4096, 0.118522
4096, 0.118313
4096, 0.117700
4096, 0.123337
4096, 0.117870
4096, 0.116036
4096, 0.119849
4096, 0.116768
4096, 0.116590
4096, 0.117474
4096, 0.119197
4096, 0.117273
4096, 0.118022
4096, 0.116764
4096, 0.118743
4096, 0.122412
4096, 0.117312
4096, 0.120082
4096, 0.118226
4096, 0.116395
4096, 0.116443
4096, 0.115667
4096, 0.115135
4096, 0.117749
4096, 0.114467
4096, 0.116043
4096, 0.115576
4096, 0.121349
4096, 0.117604
4096, 0.116218
8192, 0.675282
8192, 0.668895
8192, 0.668967
8192, 0.668207
8192, 0.669980
8192, 0.688366
8192, 0.674553
8192, 0.670334
8192, 0.674820
8192, 0.678050
8192, 0.677604
8192, 0.676470
8192, 0.669191
8192, 0.674944
8192, 0.665248
8192, 0.667375
8192, 0.663867
8192, 0.679540
8192, 0.668728
8192, 0.675651
8192, 0.669128
8192, 0.666878
8192, 0.666448
8192, 0.669237
8192, 0.676338
8192, 0.668051
8192, 0.677604
8192, 0.687222
8192, 0.674536
8192, 0.674033
8192, 0.670964
8192, 0.670234
8192, 0.669355
8192, 0.664149
8192, 0.681190
8192, 0.673753
8192, 0.678100
8192, 0.678359
8192, 0.673658
8192, 0.671844
8192, 0.665744
8192, 0.660650
8192, 0.665570
8192, 0.661369
8192, 0.685695
8192, 0.710240
8192, 0.670605
8192, 0.699109
8192, 0.674756
8192, 0.674585
4, 0.000001, 2
4, 0.000001, 2
4, 0.000001, 2
4, 0.000001, 2
4, 0.000001, 2
4, 0.000001, 2
4, 0.000001, 2
4, 0.000001, 2
4, 0.000002, 2
4, 0.000001, 2
4, 0.000002, 2
4, 0.000001, 2
4, 0.000001, 2
4, 0.000001, 2
4, 0.000001, 2
4, 0.000001, 2
4, 0.000001, 2
4, 0.000001, 2
4, 0.000000, 2
4, 0.000001, 2
4, 0.000001, 2
4, 0.000000, 2
4, 0.000001, 2
4, 0.000001, 2
4, 0.000002, 2
4, 0.000001, 2
4, 0.000001, 2
4, 0.000001, 2
4, 0.000001, 2
4, 0.000001, 2
4, 0.000000, 2
4, 0.000001, 2
4, 0.000001, 2
4, 0.000001, 2
4, 0.000001, 2
4, 0.000001, 2
4, 0.000001, 2
4, 0.000001, 2
4, 0.000001, 2
4, 0.000002, 2
4, 0.000001, 2
4, 0.000001, 2
4, 0.000001, 2
4, 0.000001, 2
4, 0.000001, 2
4, 0.000001, 2
4, 0.000002, 2
4, 0.000002, 2
4, 0.000001, 2
4, 0.000001, 2
8, 0.000001, 2
8, 0.000002, 2
8, 0.000002, 2
8, 0.000001, 2
8, 0.000001, 2
8, 0.000001, 2
8, 0.000001, 2
8, 0.000001, 2
8, 0.000002, 2
8, 0.000002, 2
8, 0.000001, 2
8, 0.000001, 2
8, 0.000000, 2
8, 0.000001, 2
8, 0.000000, 2
8, 0.000000, 2
8, 0.000001, 2
8, 0.000002, 2
8, 0.000001, 2
8, 0.000001, 2
8, 0.000002, 2
8, 0.000001, 2
8, 0.000001, 2
8, 0.000001, 2
8, 0.000001, 2
8, 0.000002, 2
8, 0.000001, 2
8, 0.000001, 2
8, 0.000001, 2
8, 0.000001, 2
8, 0.000001, 2
8, 0.000002, 2
8, 0.000003, 2
8, 0.000001, 2
8, 0.000001, 2
8, 0.000001, 2
8, 0.000001, 2
8, 0.000001, 2
8, 0.000002, 2
8, 0.000001, 2
8, 0.000003, 2
8, 0.000001, 2
8, 0.000002, 2
8, 0.000001, 2
8, 0.000001, 2
8, 0.000001, 2
8, 0.000002, 2
8, 0.000001, 2
8, 0.000002, 2
8, 0.000001, 2
8, 0.000002, 4
8, 0.000002, 4
8, 0.000001, 4
8, 0.000001, 4
8, 0.000001, 4
8, 0.000000, 4
8, 0.000001, 4
8, 0.000002, 4
8, 0.000002, 4
8, 0.000001, 4
8, 0.000002, 4
8, 0.000001, 4
8, 0.000001, 4
8, 0.000002, 4
8, 0.000003, 4
8, 0.000002, 4
8, 0.000001, 4
8, 0.000001, 4
8, 0.000002, 4
8, 0.000001, 4
8, 0.000001, 4
8, 0.000001, 4
8, 0.000001, 4
8, 0.000001, 4
8, 0.000003, 4
8, 0.000002, 4
8, 0.000001, 4
8, 0.000002, 4
8, 0.000001, 4
8, 0.000001, 4
8, 0.000001, 4
8, 0.000004, 4
8, 0.000002, 4
8, 0.000002, 4
8, 0.000002, 4
8, 0.000001, 4
8, 0.000001, 4
8, 0.000002, 4
8, 0.000002, 4
8, 0.000001, 4
8, 0.000001, 4
8, 0.000002, 4
8, 0.000002, 4
8, 0.000002, 4
8, 0.000001, 4
8, 0.000001, 4
8, 0.000002, 4
8, 0.000001, 4
8, 0.000001, 4
8, 0.000001, 4
16, 0.000001, 2
16, 0.000006, 2
16, 0.000002, 2
16, 0.000001, 2
16, 0.000001, 2
16, 0.000001, 2
16, 0.000001, 2
16, 0.000001, 2
16, 0.000001, 2
16, 0.000002, 2
16, 0.000001, 2
16, 0.000001, 2
16, 0.000001, 2
16, 0.000001, 2
16, 0.000001, 2
16, 0.000001, 2
16, 0.000002, 2
16, 0.000001, 2
16, 0.000002, 2
16, 0.000001, 2
16, 0.000001, 2
16, 0.000001, 2
16, 0.000001, 2
16, 0.000001, 2
16, 0.000001, 2
16, 0.000003, 2
16, 0.000002, 2
16, 0.000001, 2
16, 0.000001, 2
16, 0.000001, 2
16, 0.000001, 2
16, 0.000001, 2
16, 0.000001, 2
16, 0.000002, 2
16, 0.000002, 2
16, 0.000002, 2
16, 0.000001, 2
16, 0.000002, 2
16, 0.000001, 2
16, 0.000001, 2
16, 0.000002, 2
16, 0.000001, 2
16, 0.000003, 2
16, 0.000001, 2
16, 0.000001, 2
16, 0.000001, 2
16, 0.000001, 2
16, 0.000001, 2
16, 0.000002, 2
16, 0.000003, 2
16, 0.000001, 4
16, 0.000001, 4
16, 0.000000, 4
16, 0.000001, 4
16, 0.000001, 4
16, 0.000002, 4
16, 0.000001, 4
16, 0.000002, 4
16, 0.000002, 4
16, 0.000000, 4
16, 0.000001, 4
16, 0.000001, 4
16, 0.000001, 4
16, 0.000001, 4
16, 0.000001, 4
16, 0.000001, 4
16, 0.000000, 4
16, 0.000001, 4
16, 0.000001, 4
16, 0.000001, 4
16, 0.000001, 4
16, 0.000004, 4
16, 0.000001, 4
16, 0.000002, 4
16, 0.000001, 4
16, 0.000001, 4
16, 0.000001, 4
16, 0.000001, 4
16, 0.000001, 4
16, 0.000001, 4
16, 0.000002, 4
16, 0.000001, 4
16, 0.000001, 4
16, 0.000001, 4
16, 0.000001, 4
16, 0.000001, 4
16, 0.000001, 4
16, 0.000002, 4
16, 0.000004, 4
16, 0.000001, 4
16, 0.000001, 4
16, 0.000001, 4
16, 0.000001, 4
16, 0.000001, 4
16, 0.000001, 4
16, 0.000001, 4
16, 0.000002, 4
16, 0.000002, 4
16, 0.000001, 4
16, 0.000001, 4
16, 0.000002, 8
16, 0.000001, 8
16, 0.000002, 8
16, 0.000001, 8
16, 0.000001, 8
16, 0.000001, 8
16, 0.000001, 8
16, 0.000001, 8
16, 0.000002, 8
16, 0.000001, 8
16, 0.000002, 8
16, 0.000001, 8
16, 0.000001, 8
16, 0.000001, 8
16, 0.000001, 8
16, 0.000001, 8
16, 0.000001, 8
16, 0.000001, 8
16, 0.000001, 8
16, 0.000001, 8
16, 0.000001, 8
16, 0.000001, 8
16, 0.000001, 8
16, 0.000001, 8
16, 0.000001, 8
16, 0.000002, 8
16, 0.000002, 8
16, 0.000001, 8
16, 0.000001, 8
16, 0.000001, 8
16, 0.000001, 8
16, 0.000000, 8
16, 0.000002, 8
16, 0.000001, 8
16, 0.000003, 8
16, 0.000002, 8
16, 0.000001, 8
16, 0.000000, 8
16, 0.000000, 8
16, 0.000001, 8
16, 0.000004, 8
16, 0.000001, 8
16, 0.000001, 8
16, 0.000001, 8
16, 0.000001, 8
16, 0.000001, 8
16, 0.000001, 8
16, 0.000003, 8
16, 0.000001, 8
16, 0.000002, 8
32, 0.000003, 2
32, 0.000002, 2
32, 0.000001, 2
32, 0.000002, 2
32, 0.000002, 2
32, 0.000003, 2
32, 0.000002, 2
32, 0.000002, 2
32, 0.000001, 2
32, 0.000001, 2
32, 0.000001, 2
32, 0.000002, 2
32, 0.000001, 2
32, 0.000002, 2
32, 0.000001, 2
32, 0.000002, 2
32, 0.000003, 2
32, 0.000003, 2
32, 0.000002, 2
32, 0.000002, 2
32, 0.000002, 2
32, 0.000002, 2
32, 0.000002, 2
32, 0.000002, 2
32, 0.000002, 2
32, 0.000001, 2
32, 0.000001, 2
32, 0.000002, 2
32, 0.000001, 2
32, 0.000005, 2
32, 0.000002, 2
32, 0.000003, 2
32, 0.000003, 2
32, 0.000002, 2
32, 0.000002, 2
32, 0.000001, 2
32, 0.000002, 2
32, 0.000005, 2
32, 0.000002, 2
32, 0.000002, 2
32, 0.000002, 2
32, 0.000002, 2
32, 0.000002, 2
32, 0.000002, 2
32, 0.000002, 2
32, 0.000003, 2
32, 0.000002, 2
32, 0.000003, 2
32, 0.000002, 2
32, 0.000002, 2
32, 0.000002, 4
32, 0.000002, 4
32, 0.000003, 4
32, 0.000002, 4
32, 0.000002, 4
32, 0.000002, 4
32, 0.000001, 4
32, 0.000002, 4
32, 0.000002, 4
32, 0.000002, 4
32, 0.000002, 4
32, 0.000002, 4
32, 0.000001, 4
32, 0.000003, 4
32, 0.000002, 4
32, 0.000001, 4
32, 0.000001, 4
32, 0.000002, 4
32, 0.000002, 4
32, 0.000002, 4
32, 0.000002, 4
32, 0.000004, 4
32, 0.000002, 4
32, 0.000002, 4
32, 0.000002, 4
32, 0.000002, 4
32, 0.000001, 4
32, 0.000002, 4
32, 0.000002, 4
32, 0.000002, 4
32, 0.000003, 4
32, 0.000001, 4
32, 0.000002, 4
32, 0.000001, 4
32, 0.000001, 4
32, 0.000002, 4
32, 0.000005, 4
32, 0.000002, 4
32, 0.000002, 4
32, 0.000001, 4
32, 0.000002, 4
32, 0.000001, 4
32, 0.000002, 4
32, 0.000001, 4
32, 0.000004, 4
32, 0.000002, 4
32, 0.000002, 4
32, 0.000002, 4
32, 0.000001, 4
32, 0.000002, 4
32, 0.000002, 8
32, 0.000001, 8
32, 0.000002, 8
32, 0.000001, 8
32, 0.000002, 8
32, 0.000001, 8
32, 0.000002, 8
32, 0.000001, 8
32, 0.000002, 8
32, 0.000002, 8
32, 0.000004, 8
32, 0.000002, 8
32, 0.000001, 8
32, 0.000002, 8
32, 0.000001, 8
32, 0.000001, 8
32, 0.000002, 8
32, 0.000002, 8
32, 0.000002, 8
32, 0.000003, 8
32, 0.000002, 8
32, 0.000001, 8
32, 0.000002, 8
32, 0.000001, 8
32, 0.000001, 8
32, 0.000001, 8
32, 0.000001, 8
32, 0.000002, 8
32, 0.000001, 8
32, 0.000001, 8
32, 0.000002, 8
32, 0.000002, 8
32, 0.000002, 8
32, 0.000002, 8
32, 0.000001, 8
32, 0.000001, 8
32, 0.000003, 8
32, 0.000001, 8
32, 0.000002, 8
32, 0.000002, 8
32, 0.000001, 8
32, 0.000002, 8
32, 0.000001, 8
32, 0.000003, 8
32, 0.000001, 8
32, 0.000001, 8
32, 0.000001, 8
32, 0.000001, 8
32, 0.000001, 8
32, 0.000001, 8
32, 0.000001, 16
32, 0.000002, 16
32, 0.000002, 16
32, 0.000001, 16
32, 0.000002, 16
32, 0.000001, 16
32, 0.000001, 16
32, 0.000001, 16
32, 0.000001, 16
32, 0.000006, 16
32, 0.000002, 16
32, 0.000001, 16
32, 0.000001, 16
32, 0.000002, 16
32, 0.000001, 16
32, 0.000001, 16
32, 0.000002, 16
32, 0.000002, 16
32, 0.000001, 16
32, 0.000002, 16
32, 0.000002, 16
32, 0.000002, 16
32, 0.000002, 16
32, 0.000001, 16
32, 0.000001, 16
32, 0.000002, 16
32, 0.000002, 16
32, 0.000001, 16
32, 0.000002, 16
32, 0.000001, 16
32, 0.000002, 16
32, 0.000001, 16
32, 0.000001, 16
32, 0.000001, 16
32, 0.000001, 16
32, 0.000001, 16
32, 0.000002, 16
32, 0.000001, 16
32, 0.000001, 16
32, 0.000001, 16
32, 0.000001, 16
32, 0.000003, 16
32, 0.000002, 16
32, 0.000001, 16
32, 0.000003, 16
32, 0.000001, 16
32, 0.000001, 16
32, 0.000001, 16
32, 0.000001, 16
32, 0.000002, 16
64, 0.000005, 2
64, 0.000005, 2
64, 0.000005, 2
64, 0.000004, 2
64, 0.000005, 2
64, 0.000004, 2
64, 0.000005, 2
64, 0.000004, 2
64, 0.000004, 2
64, 0.000007, 2
64, 0.000005, 2
64, 0.000004, 2
64, 0.000004, 2
64, 0.000005, 2
64, 0.000004, 2
64, 0.000005, 2
64, 0.000005, 2
64, 0.000007, 2
64, 0.000004, 2
64, 0.000004, 2
64, 0.000005, 2
64, 0.000004, 2
64, 0.000005, 2
64, 0.000005, 2
64, 0.000004, 2
64, 0.000005, 2
64, 0.000005, 2
64, 0.000004, 2
64, 0.000004, 2
64, 0.000004, 2
64, 0.000005, 2
64, 0.000004, 2
64, 0.000005, 2
64, 0.000007, 2
64, 0.000005, 2
64, 0.000005, 2
64, 0.000006, 2
64, 0.000004, 2
64, 0.000004, 2
64, 0.000006, 2
64, 0.000004, 2
64, 0.000004, 2
64, 0.000004, 2
64, 0.000004, 2
64, 0.000005, 2
64, 0.000004, 2
64, 0.000004, 2
64, 0.000007, 2
64, 0.000005, 2
64, 0.000008, 2
64, 0.000004, 4
64, 0.000005, 4
64, 0.000005, 4
64, 0.000004, 4
64, 0.000005, 4
64, 0.000005, 4
64, 0.000005, 4
64, 0.000007, 4
64, 0.000005, 4
64, 0.000004, 4
64, 0.000005, 4
64, 0.000005, 4
64, 0.000005, 4
64, 0.000005, 4
64, 0.000006, 4
64, 0.000005, 4
64, 0.000004, 4
64, 0.000006, 4
64, 0.000010, 4
64, 0.000006, 4
64, 0.000006, 4
64, 0.000005, 4
64, 0.000005, 4
64, 0.000005, 4
64, 0.000005, 4
64, 0.000012, 4
64, 0.000006, 4
64, 0.000004, 4
64, 0.000005, 4
64, 0.000005, 4
64, 0.000005, 4
64, 0.000005, 4
64, 0.000007, 4
64, 0.000004, 4
64, 0.000005, 4
64, 0.000006, 4
64, 0.000005, 4
64, 0.000007, 4
64, 0.000008, 4
64, 0.000009, 4
64, 0.000009, 4
64, 0.000007, 4
64, 0.000007, 4
64, 0.000006, 4
64, 0.000006, 4
64, 0.000006, 4
64, 0.000006, 4
64, 0.000005, 4
64, 0.000005, 4
64, 0.000005, 4
64, 0.000004, 8
64, 0.000004, 8
64, 0.000003, 8
64, 0.000004, 8
64, 0.000005, 8
64, 0.000003, 8
64, 0.000003, 8
64, 0.000003, 8
64, 0.000004, 8
64, 0.000004, 8
64, 0.000004, 8
64, 0.000004, 8
64, 0.000004, 8
64, 0.000005, 8
64, 0.000003, 8
64, 0.000004, 8
64, 0.000005, 8
64, 0.000005, 8
64, 0.000005, 8
64, 0.000004, 8
64, 0.000003, 8
64, 0.000004, 8
64, 0.000004, 8
64, 0.000003, 8
64, 0.000004, 8
64, 0.000005, 8
64, 0.000003, 8
64, 0.000004, 8
64, 0.000004, 8
64, 0.000004, 8
64, 0.000004, 8
64, 0.000003, 8
64, 0.000004, 8
64, 0.000005, 8
64, 0.000004, 8
64, 0.000004, 8
64, 0.000004, 8
64, 0.000004, 8
64, 0.000005, 8
64, 0.000004, 8
64, 0.000006, 8
64, 0.000005, 8
64, 0.000005, 8
64, 0.000003, 8
64, 0.000004, 8
64, 0.000004, 8
64, 0.000005, 8
64, 0.000008, 8
64, 0.000005, 8
64, 0.000004, 8
64, 0.000004, 16
64, 0.000004, 16
64, 0.000004, 16
64, 0.000004, 16
64, 0.000003, 16
64, 0.000003, 16
64, 0.000004, 16
64, 0.000004, 16
64, 0.000004, 16
64, 0.000011, 16
64, 0.000006, 16
64, 0.000004, 16
64, 0.000004, 16
64, 0.000004, 16
64, 0.000005, 16
64, 0.000004, 16
64, 0.000005, 16
64, 0.000004, 16
64, 0.000002, 16
64, 0.000003, 16
64, 0.000003, 16
64, 0.000003, 16
64, 0.000004, 16
64, 0.000004, 16
64, 0.000007, 16
64, 0.000003, 16
64, 0.000003, 16
64, 0.000003, 16
64, 0.000003, 16
64, 0.000004, 16
64, 0.000003, 16
64, 0.000003, 16
64, 0.000004, 16
64, 0.000003, 16
64, 0.000003, 16
64, 0.000003, 16
64, 0.000003, 16
64, 0.000005, 16
64, 0.000004, 16
64, 0.000003, 16
64, 0.000003, 16
64, 0.000003, 16
64, 0.000002, 16
64, 0.000003, 16
64, 0.000003, 16
64, 0.000004, 16
64, 0.000003, 16
64, 0.000003, 16
64, 0.000003, 16
64, 0.000003, 16
64, 0.000003, 32
64, 0.000003, 32
64, 0.000003, 32
64, 0.000003, 32
64, 0.000004, 32
64, 0.000003, 32
64, 0.000003, 32
64, 0.000003, 32
64, 0.000003, 32
64, 0.000003, 32
64, 0.000008, 32
64, 0.000004, 32
64, 0.000003, 32
64, 0.000003, 32
64, 0.000003, 32
64, 0.000005, 32
64, 0.000004, 32
64, 0.000005, 32
64, 0.000004, 32
64, 0.000004, 32
64, 0.000004, 32
64, 0.000003, 32
64, 0.000004, 32
64, 0.000003, 32
64, 0.000003, 32
64, 0.000003, 32
64, 0.000006, 32
64, 0.000003, 32
64, 0.000003, 32
64, 0.000003, 32
64, 0.000003, 32
64, 0.000002, 32
64, 0.000003, 32
64, 0.000003, 32
64, 0.000004, 32
64, 0.000004, 32
64, 0.000003, 32
64, 0.000002, 32
64, 0.000003, 32
64, 0.000002, 32
64, 0.000002, 32
64, 0.000003, 32
64, 0.000003, 32
64, 0.000004, 32
64, 0.000003, 32
64, 0.000003, 32
64, 0.000003, 32
64, 0.000003, 32
64, 0.000004, 32
64, 0.000004, 32
128, 0.000015, 2
128, 0.000015, 2
128, 0.000015, 2
128, 0.000015, 2
128, 0.000014, 2
128, 0.000014, 2
128, 0.000015, 2
128, 0.000018, 2
128, 0.000025, 2
128, 0.000024, 2
128, 0.000015, 2
128, 0.000014, 2
128, 0.000015, 2
128, 0.000015, 2
128, 0.000015, 2
128, 0.000035, 2
128, 0.000019, 2
128, 0.000017, 2
128, 0.000015, 2
128, 0.000015, 2
128, 0.000015, 2
128, 0.000015, 2
128, 0.000014, 2
128, 0.000014, 2
128, 0.000018, 2
128, 0.000020, 2
128, 0.000015, 2
128, 0.000015, 2
128, 0.000014, 2
128, 0.000015, 2
128, 0.000015, 2
128, 0.000016, 2
128, 0.000015, 2
128, 0.000016, 2
128, 0.000016, 2
128, 0.000016, 2
128, 0.000019, 2
128, 0.000018, 2
128, 0.000021, 2
128, 0.000018, 2
128, 0.000020, 2
128, 0.000023, 2
128, 0.000023, 2
128, 0.000021, 2
128, 0.000018, 2
128, 0.000021, 2
128, 0.000020, 2
128, 0.000025, 2
128, 0.000025, 2
128, 0.000024, 2
128, 0.000024, 4
128, 0.000025, 4
128, 0.000023, 4
128, 0.000020, 4
128, 0.000018, 4
128, 0.000014, 4
128, 0.000017, 4
128, 0.000016, 4
128, 0.000016, 4
128, 0.000017, 4
128, 0.000037, 4
128, 0.000020, 4
128, 0.000017, 4
128, 0.000016, 4
128, 0.000015, 4
128, 0.000015, 4
128, 0.000015, 4
128, 0.000015, 4
128, 0.000014, 4
128, 0.000017, 4
128, 0.000015, 4
128, 0.000015, 4
128, 0.000015, 4
128, 0.000015, 4
128, 0.000016, 4
128, 0.000016, 4
128, 0.000018, 4
128, 0.000015, 4
128, 0.000016, 4
128, 0.000016, 4
128, 0.000015, 4
128, 0.000014, 4
128, 0.000014, 4
128, 0.000017, 4
128, 0.000021, 4
128, 0.000014, 4
128, 0.000016, 4
128, 0.000016, 4
128, 0.000014, 4
128, 0.000016, 4
128, 0.000015, 4
128, 0.000018, 4
128, 0.000017, 4
128, 0.000015, 4
128, 0.000017, 4
128, 0.000016, 4
128, 0.000018, 4
128, 0.000018, 4
128, 0.000016, 4
128, 0.000017, 4
128, 0.000012, 8
128, 0.000012, 8
128, 0.000012, 8
128, 0.000018, 8
128, 0.000017, 8
128, 0.000013, 8
128, 0.000012, 8
128, 0.000012, 8
128, 0.000013, 8
128, 0.000013, 8
128, 0.000014, 8
128, 0.000016, 8
128, 0.000014, 8
128, 0.000012, 8
128, 0.000013, 8
128, 0.000014, 8
128, 0.000015, 8
128, 0.000039, 8
128, 0.000016, 8
128, 0.000017, 8
128, 0.000022, 8
128, 0.000019, 8
128, 0.000019, 8
128, 0.000022, 8
128, 0.000018, 8
128, 0.000014, 8
128, 0.000014, 8
128, 0.000012, 8
128, 0.000013, 8
128, 0.000018, 8
128, 0.000013, 8
128, 0.000013, 8
128, 0.000011, 8
128, 0.000011, 8
128, 0.000011, 8
128, 0.000011, 8
128, 0.000011, 8
128, 0.000021, 8
128, 0.000044, 8
128, 0.000013, 8
128, 0.000011, 8
128, 0.000012, 8
128, 0.000011, 8
128, 0.000012, 8
128, 0.000017, 8
128, 0.000020, 8
128, 0.000015, 8
128, 0.000015, 8
128, 0.000017, 8
128, 0.000017, 8
128, 0.000014, 16
128, 0.000025, 16
128, 0.000019, 16
128, 0.000019, 16
128, 0.000021, 16
128, 0.000023, 16
128, 0.000022, 16
128, 0.000023, 16
128, 0.000025, 16
128, 0.000025, 16
128, 0.000032, 16
128, 0.000023, 16
128, 0.000020, 16
128, 0.000025, 16
128, 0.000025, 16
128, 0.000111, 16
128, 0.000016, 16
128, 0.000021, 16
128, 0.000026, 16
128, 0.000022, 16
128, 0.000022, 16
128, 0.000024, 16
128, 0.000024, 16
128, 0.000023, 16
128, 0.000020, 16
128, 0.000020, 16
128, 0.000020, 16
128, 0.000022, 16
128, 0.000017, 16
128, 0.000013, 16
128, 0.000015, 16
128, 0.000015, 16
128, 0.000016, 16
128, 0.000019, 16
128, 0.000016, 16
128, 0.000015, 16
128, 0.000019, 16
128, 0.000016, 16
128, 0.000021, 16
128, 0.000019, 16
128, 0.000020, 16
128, 0.000019, 16
128, 0.000021, 16
128, 0.000025, 16
128, 0.000021, 16
128, 0.000018, 16
128, 0.000017, 16
128, 0.000018, 16
128, 0.000019, 16
128, 0.000020, 16
128, 0.000018, 32
128, 0.000018, 32
128, 0.000021, 32
128, 0.000024, 32
128, 0.000025, 32
128, 0.000018, 32
128, 0.000017, 32
128, 0.000016, 32
128, 0.000016, 32
128, 0.000021, 32
128, 0.000014, 32
128, 0.000016, 32
128, 0.000018, 32
128, 0.000020, 32
128, 0.000032, 32
128, 0.000024, 32
128, 0.000016, 32
128, 0.000014, 32
128, 0.000015, 32
128, 0.000013, 32
128, 0.000012, 32
128, 0.000012, 32
128, 0.000010, 32
128, 0.000046, 32
128, 0.000012, 32
128, 0.000010, 32
128, 0.000010, 32
128, 0.000010, 32
128, 0.000010, 32
128, 0.000033, 32
128, 0.000041, 32
128, 0.000010, 32
128, 0.000013, 32
128, 0.000010, 32
128, 0.000012, 32
128, 0.000010, 32
128, 0.000023, 32
128, 0.000011, 32
128, 0.000014, 32
128, 0.000010, 32
128, 0.000009, 32
128, 0.000012, 32
128, 0.000010, 32
128, 0.000010, 32
128, 0.000012, 32
128, 0.000014, 32
128, 0.000010, 32
128, 0.000011, 32
128, 0.000011, 32
128, 0.000012, 32
128, 0.000012, 64
128, 0.000042, 64
128, 0.000028, 64
128, 0.000013, 64
128, 0.000015, 64
128, 0.000014, 64
128, 0.000013, 64
128, 0.000012, 64
128, 0.000011, 64
128, 0.000010, 64
128, 0.000014, 64
128, 0.000013, 64
128, 0.000016, 64
128, 0.000016, 64
128, 0.000013, 64
128, 0.000018, 64
128, 0.000012, 64
128, 0.000009, 64
128, 0.000012, 64
128, 0.000013, 64
128, 0.000013, 64
128, 0.000018, 64
128, 0.000015, 64
128, 0.000015, 64
128, 0.000012, 64
128, 0.000011, 64
128, 0.000010, 64
128, 0.000009, 64
128, 0.000012, 64
128, 0.000014, 64
128, 0.000012, 64
128, 0.000010, 64
128, 0.000011, 64
128, 0.000011, 64
128, 0.000012, 64
128, 0.000012, 64
128, 0.000017, 64
128, 0.000013, 64
128, 0.000015, 64
128, 0.000016, 64
128, 0.000016, 64
128, 0.000014, 64
128, 0.000014, 64
128, 0.000013, 64
128, 0.000020, 64
128, 0.000018, 64
128, 0.000017, 64
128, 0.000024, 64
128, 0.000030, 64
128, 0.000019, 64
256, 0.000084, 2
256, 0.000099, 2
256, 0.000101, 2
256, 0.000126, 2
256, 0.000073, 2
256, 0.000085, 2
256, 0.000076, 2
256, 0.000182, 2
256, 0.000141, 2
256, 0.000116, 2
256, 0.000053, 2
256, 0.000059, 2
256, 0.000107, 2
256, 0.000171, 2
256, 0.000170, 2
256, 0.000134, 2
256, 0.000088, 2
256, 0.000106, 2
256, 0.000171, 2
256, 0.000090, 2
256, 0.000079, 2
256, 0.000062, 2
256, 0.000087, 2
256, 0.000062, 2
256, 0.000231, 2
256, 0.000107, 2
256, 0.000169, 2
256, 0.000055, 2
256, 0.000055, 2
256, 0.000055, 2
256, 0.000079, 2
256, 0.000062, 2
256, 0.000160, 2
256, 0.000058, 2
256, 0.000054, 2
256, 0.000055, 2
256, 0.000238, 2
256, 0.000086, 2
256, 0.000061, 2
256, 0.000050, 2
256, 0.000055, 2
256, 0.000054, 2
256, 0.000061, 2
256, 0.000076, 2
256, 0.000059, 2
256, 0.000052, 2
256, 0.000053, 2
256, 0.000054, 2
256, 0.000064, 2
256, 0.000152, 2
256, 0.000099, 4
256, 0.000054, 4
256, 0.000053, 4
256, 0.000057, 4
256, 0.000106, 4
256, 0.000118, 4
256, 0.000054, 4
256, 0.000075, 4
256, 0.000054, 4
256, 0.000185, 4
256, 0.000100, 4
256, 0.000054, 4
256, 0.000053, 4
256, 0.000051, 4
256, 0.000052, 4
256, 0.000056, 4
256, 0.000065, 4
256, 0.000051, 4
256, 0.000050, 4
256, 0.000050, 4
256, 0.000050, 4
256, 0.000064, 4
256, 0.000058, 4
256, 0.000107, 4
256, 0.000143, 4
256, 0.000050, 4
256, 0.000043, 4
256, 0.000051, 4
256, 0.000069, 4
256, 0.000060, 4
256, 0.000061, 4
256, 0.000052, 4
256, 0.000065, 4
256, 0.000065, 4
256, 0.000100, 4
256, 0.000084, 4
256, 0.000116, 4
256, 0.000072, 4
256, 0.000084, 4
256, 0.000165, 4
256, 0.000065, 4
256, 0.000062, 4
256, 0.000058, 4
256, 0.000049, 4
256, 0.000050, 4
256, 0.000079, 4
256, 0.000087, 4
256, 0.000057, 4
256, 0.000059, 4
256, 0.000058, 4
256, 0.000051, 8
256, 0.000054, 8
256, 0.000058, 8
256, 0.000077, 8
256, 0.000077, 8
256, 0.000039, 8
256, 0.000041, 8
256, 0.000047, 8
256, 0.000050, 8
256, 0.000044, 8
256, 0.000047, 8
256, 0.000045, 8
256, 0.000045, 8
256, 0.000039, 8
256, 0.000039, 8
256, 0.000068, 8
256, 0.000054, 8
256, 0.000073, 8
256, 0.000063, 8
256, 0.000040, 8
256, 0.000039, 8
256, 0.000041, 8
256, 0.000056, 8
256, 0.000045, 8
256, 0.000042, 8
256, 0.000040, 8
256, 0.000045, 8
256, 0.000041, 8
256, 0.000050, 8
256, 0.000047, 8
256, 0.000086, 8
256, 0.000051, 8
256, 0.000042, 8
256, 0.000048, 8
256, 0.000040, 8
256, 0.000075, 8
256, 0.000060, 8
256, 0.000082, 8
256, 0.000041, 8
256, 0.000048, 8
256, 0.000042, 8
256, 0.000051, 8
256, 0.000046, 8
256, 0.000085, 8
256, 0.000081, 8
256, 0.000046, 8
256, 0.000046, 8
256, 0.000049, 8
256, 0.000074, 8
256, 0.000062, 8
256, 0.000048, 16
256, 0.000045, 16
256, 0.000041, 16
256, 0.000041, 16
256, 0.000080, 16
256, 0.000047, 16
256, 0.000071, 16
256, 0.000072, 16
256, 0.000043, 16
256, 0.000050, 16
256, 0.000049, 16
256, 0.000059, 16
256, 0.000109, 16
256, 0.000074, 16
256, 0.000050, 16
256, 0.000066, 16
256, 0.000090, 16
256, 0.000080, 16
256, 0.000105, 16
256, 0.000066, 16
256, 0.000073, 16
256, 0.000105, 16
256, 0.000115, 16
256, 0.000092, 16
256, 0.000073, 16
256, 0.000060, 16
256, 0.000061, 16
256, 0.000087, 16
256, 0.000067, 16
256, 0.000083, 16
256, 0.000079, 16
256, 0.000203, 16
256, 0.000083, 16
256, 0.000087, 16
256, 0.000079, 16
256, 0.000085, 16
256, 0.000111, 16
256, 0.000080, 16
256, 0.000105, 16
256, 0.000161, 16
256, 0.000107, 16
256, 0.000082, 16
256, 0.000143, 16
256, 0.000100, 16
256, 0.000076, 16
256, 0.000093, 16
256, 0.000106, 16
256, 0.000054, 16
256, 0.000062, 16
256, 0.000042, 16
256, 0.000041, 32
256, 0.000041, 32
256, 0.000061, 32
256, 0.000073, 32
256, 0.000050, 32
256, 0.000044, 32
256, 0.000042, 32
256, 0.000039, 32
256, 0.000047, 32
256, 0.000050, 32
256, 0.000048, 32
256, 0.000039, 32
256, 0.000048, 32
256, 0.000037, 32
256, 0.000043, 32
256, 0.000082, 32
256, 0.000076, 32
256, 0.000073, 32
256, 0.000062, 32
256, 0.000040, 32
256, 0.000042, 32
256, 0.000038, 32
256, 0.000114, 32
256, 0.000073, 32
256, 0.000065, 32
256, 0.000063, 32
256, 0.000076, 32
256, 0.000069, 32
256, 0.000091, 32
256, 0.000063, 32
256, 0.000059, 32
256, 0.000058, 32
256, 0.000106, 32
256, 0.000128, 32
256, 0.000092, 32
256, 0.000073, 32
256, 0.000118, 32
256, 0.000109, 32
256, 0.000083, 32
256, 0.000101, 32
256, 0.000082, 32
256, 0.000131, 32
256, 0.000084, 32
256, 0.000088, 32
256, 0.000089, 32
256, 0.000071, 32
256, 0.000093, 32
256, 0.000087, 32
256, 0.000079, 32
256, 0.000053, 32
256, 0.000050, 64
256, 0.000043, 64
256, 0.000086, 64
256, 0.000104, 64
256, 0.000077, 64
256, 0.000060, 64
256, 0.000039, 64
256, 0.000043, 64
256, 0.000043, 64
256, 0.000053, 64
256, 0.000205, 64
256, 0.000061, 64
256, 0.000041, 64
256, 0.000040, 64
256, 0.000578, 64
256, 0.000062, 64
256, 0.000075, 64
256, 0.000057, 64
256, 0.000042, 64
256, 0.000038, 64
256, 0.000042, 64
256, 0.000062, 64
256, 0.000055, 64
256, 0.000118, 64
256, 0.000078, 64
256, 0.000038, 64
256, 0.000037, 64
256, 0.000066, 64
256, 0.000074, 64
256, 0.000096, 64
256, 0.000070, 64
256, 0.000112, 64
256, 0.000038, 64
256, 0.000041, 64
256, 0.000079, 64
256, 0.000062, 64
256, 0.000090, 64
256, 0.000059, 64
256, 0.000059, 64
256, 0.000075, 64
256, 0.000278, 64
256, 0.000065, 64
256, 0.000042, 64
256, 0.000039, 64
256, 0.000039, 64
256, 0.000041, 64
256, 0.000040, 64
256, 0.000145, 64
256, 0.000066, 64
256, 0.000081, 64
256, 0.000062, 128
256, 0.000037, 128
256, 0.000037, 128
256, 0.000036, 128
256, 0.000420, 128
256, 0.000051, 128
256, 0.000047, 128
256, 0.000042, 128
256, 0.000045, 128
256, 0.000045, 128
256, 0.000097, 128
256, 0.000091, 128
256, 0.000253, 128
256, 0.000057, 128
256, 0.000060, 128
256, 0.000058, 128
256, 0.000053, 128
256, 0.000105, 128
256, 0.000068, 128
256, 0.000055, 128
256, 0.000052, 128
256, 0.000063, 128
256, 0.000063, 128
256, 0.000109, 128
256, 0.000060, 128
256, 0.000069, 128
256, 0.000077, 128
256, 0.000105, 128
256, 0.000073, 128
256, 0.000083, 128
256, 0.000090, 128
256, 0.000081, 128
256, 0.000126, 128
256, 0.000079, 128
256, 0.000080, 128
256, 0.000088, 128
256, 0.000108, 128
256, 0.000072, 128
256, 0.000108, 128
256, 0.000111, 128
256, 0.000130, 128
256, 0.000094, 128
256, 0.000093, 128
256, 0.000073, 128
256, 0.000110, 128
256, 0.000115, 128
256, 0.000100, 128
256, 0.000141, 128
256, 0.000091, 128
256, 0.000085, 128
512, 0.000594, 2
512, 0.001015, 2
512, 0.000263, 2
512, 0.000334, 2
512, 0.000628, 2
512, 0.000238, 2
512, 0.000212, 2
512, 0.000205, 2
512, 0.001563, 2
512, 0.000515, 2
512, 0.000206, 2
512, 0.000206, 2
512, 0.000492, 2
512, 0.000530, 2
512, 0.000264, 2
512, 0.000209, 2
512, 0.000446, 2
512, 0.000371, 2
512, 0.000425, 2
512, 0.000208, 2
512, 0.000209, 2
512, 0.000540, 2
512, 0.000339, 2
512, 0.000411, 2
512, 0.000616, 2
512, 0.000503, 2
512, 0.000230, 2
512, 0.000211, 2
512, 0.000844, 2
512, 0.000677, 2
512, 0.000231, 2
512, 0.000261, 2
512, 0.000588, 2
512, 0.000256, 2
512, 0.000232, 2
512, 0.000229, 2
512, 0.000934, 2
512, 0.000228, 2
512, 0.000228, 2
512, 0.000437, 2
512, 0.000735, 2
512, 0.000289, 2
512, 0.000274, 2
512, 0.000696, 2
512, 0.000212, 2
512, 0.000211, 2
512, 0.000369, 2
512, 0.000635, 2
512, 0.000245, 2
512, 0.000223, 2
512, 0.000260, 4
512, 0.000579, 4
512, 0.000388, 4
512, 0.000201, 4
512, 0.000396, 4
512, 0.000492, 4
512, 0.000196, 4
512, 0.000196, 4
512, 0.000979, 4
512, 0.000469, 4
512, 0.000217, 4
512, 0.000199, 4
512, 0.000344, 4
512, 0.000492, 4
512, 0.000269, 4
512, 0.000255, 4
512, 0.001564, 4
512, 0.000536, 4
512, 0.000194, 4
512, 0.000199, 4
512, 0.000297, 4
512, 0.000401, 4
512, 0.000225, 4
512, 0.000202, 4
512, 0.001594, 4
512, 0.000496, 4
512, 0.000194, 4
512, 0.000201, 4
512, 0.000386, 4
512, 0.000416, 4
512, 0.000212, 4
512, 0.000199, 4
512, 0.000249, 4
512, 0.000290, 4
512, 0.000279, 4
512, 0.000199, 4
512, 0.000299, 4
512, 0.000505, 4
512, 0.000252, 4
512, 0.000199, 4
512, 0.000345, 4
512, 0.000695, 4
512, 0.000271, 4
512, 0.000247, 4
512, 0.000333, 4
512, 0.000515, 4
512, 0.000211, 4
512, 0.000290, 4
512, 0.001692, 4
512, 0.000468, 4
512, 0.000169, 8
512, 0.000169, 8
512, 0.000514, 8
512, 0.000418, 8
512, 0.000171, 8
512, 0.000172, 8
512, 0.000214, 8
512, 0.000533, 8
512, 0.000424, 8
512, 0.000173, 8
512, 0.000277, 8
512, 0.000330, 8
512, 0.000434, 8
512, 0.000180, 8
512, 0.000193, 8
512, 0.000340, 8
512, 0.000241, 8
512, 0.000173, 8
512, 0.000238, 8
512, 0.000358, 8
512, 0.000494, 8
512, 0.000255, 8
512, 0.000247, 8
512, 0.000702, 8
512, 0.000488, 8
512, 0.000292, 8
512, 0.001263, 8
512, 0.000407, 8
512, 0.000213, 8
512, 0.000180, 8
512, 0.000351, 8
512, 0.000641, 8
512, 0.000227, 8
512, 0.000222, 8
512, 0.000323, 8
512, 0.000501, 8
512, 0.000206, 8
512, 0.000174, 8
512, 0.000216, 8
512, 0.000348, 8
512, 0.000378, 8
512, 0.000169, 8
512, 0.000174, 8
512, 0.000192, 8
512, 0.000217, 8
512, 0.000174, 8
512, 0.000174, 8
512, 0.000260, 8
512, 0.000378, 8
512, 0.000413, 8
512, 0.000170, 16
512, 0.000167, 16
512, 0.000588, 16
512, 0.000440, 16
512, 0.000164, 16
512, 0.000168, 16
512, 0.000164, 16
512, 0.000567, 16
512, 0.000295, 16
512, 0.000161, 16
512, 0.000165, 16
512, 0.001230, 16
512, 0.000235, 16
512, 0.000167, 16
512, 0.000165, 16
512, 0.000523, 16
512, 0.000247, 16
512, 0.000174, 16
512, 0.000160, 16
512, 0.001353, 16
512, 0.000248, 16
512, 0.000213, 16
512, 0.000234, 16
512, 0.000234, 16
512, 0.001032, 16
512, 0.000190, 16
512, 0.000464, 16
512, 0.000560, 16
512, 0.000165, 16
512, 0.000166, 16
512, 0.000165, 16
512, 0.000524, 16
512, 0.000375, 16
512, 0.000239, 16
512, 0.000203, 16
512, 0.000442, 16
512, 0.000219, 16
512, 0.000214, 16
512, 0.000189, 16
512, 0.000249, 16
512, 0.000354, 16
512, 0.000163, 16
512, 0.000166, 16
512, 0.000274, 16
512, 0.000464, 16
512, 0.000183, 16
512, 0.000208, 16
512, 0.000226, 16
512, 0.000456, 16
512, 0.000173, 16
512, 0.000182, 32
512, 0.000426, 32
512, 0.000312, 32
512, 0.000344, 32
512, 0.000186, 32
512, 0.000206, 32
512, 0.000597, 32
512, 0.000457, 32
512, 0.000183, 32
512, 0.000182, 32
512, 0.000458, 32
512, 0.000230, 32
512, 0.000270, 32
512, 0.000221, 32
512, 0.000464, 32
512, 0.000426, 32
512, 0.000183, 32
512, 0.000184, 32
512, 0.000354, 32
512, 0.000448, 32
512, 0.000182, 32
512, 0.000190, 32
512, 0.000292, 32
512, 0.000430, 32
512, 0.000187, 32
512, 0.000180, 32
512, 0.000209, 32
512, 0.000478, 32
512, 0.000217, 32
512, 0.000182, 32
512, 0.000188, 32
512, 0.001184, 32
512, 0.000462, 32
512, 0.000193, 32
512, 0.000222, 32
512, 0.001341, 32
512, 0.000457, 32
512, 0.000193, 32
512, 0.000194, 32
512, 0.000299, 32
512, 0.000841, 32
512, 0.000195, 32
512, 0.000181, 32
512, 0.000186, 32
512, 0.000578, 32
512, 0.000365, 32
512, 0.000195, 32
512, 0.000192, 32
512, 0.000466, 32
512, 0.000223, 32
512, 0.000189, 64
512, 0.000200, 64
512, 0.001044, 64
512, 0.000494, 64
512, 0.000194, 64
512, 0.000192, 64
512, 0.000332, 64
512, 0.000539, 64
512, 0.000197, 64
512, 0.000190, 64
512, 0.000205, 64
512, 0.000528, 64
512, 0.000355, 64
512, 0.000187, 64
512, 0.000189, 64
512, 0.000282, 64
512, 0.000351, 64
512, 0.000204, 64
512, 0.000200, 64
512, 0.001024, 64
512, 0.000508, 64
512, 0.000242, 64
512, 0.000293, 64
512, 0.000293, 64
512, 0.000293, 64
512, 0.000186, 64
512, 0.000186, 64
512, 0.000477, 64
512, 0.000718, 64
512, 0.000210, 64
512, 0.000196, 64
512, 0.000375, 64
512, 0.000719, 64
512, 0.000218, 64
512, 0.000266, 64
512, 0.000362, 64
512, 0.000571, 64
512, 0.000245, 64
512, 0.000216, 64
512, 0.000953, 64
512, 0.000507, 64
512, 0.000266, 64
512, 0.000274, 64
512, 0.000348, 64
512, 0.000415, 64
512, 0.000236, 64
512, 0.000298, 64
512, 0.000760, 64
512, 0.000353, 64
512, 0.000269, 64
512, 0.000815, 128
512, 0.000544, 128
512, 0.000252, 128
512, 0.000435, 128
512, 0.000595, 128
512, 0.000186, 128
512, 0.000182, 128
512, 0.000375, 128
512, 0.000448, 128
512, 0.000220, 128
512, 0.000209, 128
512, 0.000223, 128
512, 0.000380, 128
512, 0.000219, 128
512, 0.000240, 128
512, 0.000203, 128
512, 0.000958, 128
512, 0.000482, 128
512, 0.000365, 128
512, 0.000270, 128
512, 0.000450, 128
512, 0.000289, 128
512, 0.000262, 128
512, 0.000357, 128
512, 0.000508, 128
512, 0.000229, 128
512, 0.000202, 128
512, 0.000498, 128
512, 0.000478, 128
512, 0.000182, 128
512, 0.000187, 128
512, 0.000379, 128
512, 0.000419, 128
512, 0.000242, 128
512, 0.000180, 128
512, 0.000196, 128
512, 0.000508, 128
512, 0.000433, 128
512, 0.000188, 128
512, 0.000294, 128
512, 0.000446, 128
512, 0.000464, 128
512, 0.000230, 128
512, 0.000203, 128
512, 0.000725, 128
512, 0.000227, 128
512, 0.000208, 128
512, 0.000252, 128
512, 0.000381, 128
512, 0.000227, 128
1024, 0.001368, 2
1024, 0.002407, 2
1024, 0.003042, 2
1024, 0.001370, 2
1024, 0.003228, 2
1024, 0.001399, 2
1024, 0.003404, 2
1024, 0.003246, 2
1024, 0.001423, 2
1024, 0.004218, 2
1024, 0.002746, 2
1024, 0.001527, 2
1024, 0.002749, 2
1024, 0.001412, 2
1024, 0.003893, 2
1024, 0.001928, 2
1024, 0.001409, 2
1024, 0.002653, 2
1024, 0.001691, 2
1024, 0.003101, 2
1024, 0.003167, 2
1024, 0.001546, 2
1024, 0.003077, 2
1024, 0.003091, 2
1024, 0.002141, 2
1024, 0.004240, 2
1024, 0.003316, 2
1024, 0.001330, 2
1024, 0.003967, 2
1024, 0.001416, 2
1024, 0.002394, 2
1024, 0.002944, 2
1024, 0.001427, 2
1024, 0.004259, 2
1024, 0.002205, 2
1024, 0.001548, 2
1024, 0.004428, 2
1024, 0.004004, 2
1024, 0.001400, 2
1024, 0.004398, 2
1024, 0.001417, 2
1024, 0.002118, 2
1024, 0.003032, 2
1024, 0.001451, 2
1024, 0.002720, 2
1024, 0.001421, 2
1024, 0.003202, 2
1024, 0.003348, 2
1024, 0.001409, 2
1024, 0.003547, 2
1024, 0.001065, 4
1024, 0.002502, 4
1024, 0.001575, 4
1024, 0.001064, 4
1024, 0.002708, 4
1024, 0.001036, 4
1024, 0.001820, 4
1024, 0.001006, 4
1024, 0.002475, 4
1024, 0.001000, 4
1024, 0.002354, 4
1024, 0.001512, 4
1024, 0.001371, 4
1024, 0.002487, 4
1024, 0.001018, 4
1024, 0.001599, 4
1024, 0.001029, 4
1024, 0.002973, 4
1024, 0.001013, 4
1024, 0.002767, 4
1024, 0.001490, 4
1024, 0.001034, 4
1024, 0.002643, 4
1024, 0.001106, 4
1024, 0.003434, 4
1024, 0.001135, 4
1024, 0.001870, 4
1024, 0.001472, 4
1024, 0.001020, 4
1024, 0.002704, 4
1024, 0.001159, 4
1024, 0.002340, 4
1024, 0.001156, 4
1024, 0.001782, 4
1024, 0.002973, 4
1024, 0.001029, 4
1024, 0.002232, 4
1024, 0.001025, 4
1024, 0.002880, 4
1024, 0.002741, 4
1024, 0.001178, 4
1024, 0.001390, 4
1024, 0.001052, 4
1024, 0.002967, 4
1024, 0.001048, 4
1024, 0.002493, 4
1024, 0.001525, 4
1024, 0.001267, 4
1024, 0.001648, 4
1024, 0.001066, 4
1024, 0.003578, 8
1024, 0.000839, 8
1024, 0.001948, 8
1024, 0.002607, 8
1024, 0.000843, 8
1024, 0.001435, 8
1024, 0.000842, 8
1024, 0.002272, 8
1024, 0.000858, 8
1024, 0.003760, 8
1024, 0.000857, 8
1024, 0.002240, 8
1024, 0.002838, 8
1024, 0.000901, 8
1024, 0.001360, 8
1024, 0.000855, 8
1024, 0.003844, 8
1024, 0.000860, 8
1024, 0.002140, 8
1024, 0.002683, 8
1024, 0.000878, 8
1024, 0.001462, 8
1024, 0.000929, 8
1024, 0.003482, 8
1024, 0.000859, 8
1024, 0.002956, 8
1024, 0.001326, 8
1024, 0.000858, 8
1024, 0.002248, 8
1024, 0.000857, 8
1024, 0.003431, 8
1024, 0.000856, 8
1024, 0.002120, 8
1024, 0.002750, 8
1024, 0.000869, 8
1024, 0.001325, 8
1024, 0.000856, 8
1024, 0.002579, 8
1024, 0.000859, 8
1024, 0.003327, 8
1024, 0.000858, 8
1024, 0.002116, 8
1024, 0.001596, 8
1024, 0.001073, 8
1024, 0.001398, 8
1024, 0.000861, 8
1024, 0.003615, 8
1024, 0.000858, 8
1024, 0.002215, 8
1024, 0.002639, 8
1024, 0.000890, 16
1024, 0.002370, 16
1024, 0.001016, 16
1024, 0.001999, 16
1024, 0.000873, 16
1024, 0.003463, 16
1024, 0.000892, 16
1024, 0.002351, 16
1024, 0.000880, 16
1024, 0.001925, 16
1024, 0.002682, 16
1024, 0.000904, 16
1024, 0.001359, 16
1024, 0.000949, 16
1024, 0.002678, 16
1024, 0.000866, 16
1024, 0.002807, 16
1024, 0.001386, 16
1024, 0.001151, 16
1024, 0.002862, 16
1024, 0.000890, 16
1024, 0.001468, 16
1024, 0.000915, 16
1024, 0.003877, 16
1024, 0.002682, 16
1024, 0.000908, 16
1024, 0.001400, 16
1024, 0.000893, 16
1024, 0.001296, 16
1024, 0.000897, 16
1024, 0.002296, 16
1024, 0.002309, 16
1024, 0.000891, 16
1024, 0.001482, 16
1024, 0.000943, 16
1024, 0.003543, 16
1024, 0.001144, 16
1024, 0.001321, 16
1024, 0.001375, 16
1024, 0.000943, 16
1024, 0.002441, 16
1024, 0.000902, 16
1024, 0.002246, 16
1024, 0.000905, 16
1024, 0.002813, 16
1024, 0.000973, 16
1024, 0.001637, 16
1024, 0.002521, 16
1024, 0.000909, 16
1024, 0.002030, 16
1024, 0.000917, 32
1024, 0.003182, 32
1024, 0.000923, 32
1024, 0.001943, 32
1024, 0.002889, 32
1024, 0.001166, 32
1024, 0.001990, 32
1024, 0.000901, 32
1024, 0.002843, 32
1024, 0.000964, 32
1024, 0.001939, 32
1024, 0.002927, 32
1024, 0.000932, 32
1024, 0.001995, 32
1024, 0.000928, 32
1024, 0.003178, 32
1024, 0.001380, 32
1024, 0.000956, 32
1024, 0.002369, 32
1024, 0.000940, 32
1024, 0.002027, 32
1024, 0.000944, 32
1024, 0.003156, 32
1024, 0.000908, 32
1024, 0.002193, 32
1024, 0.002699, 32
1024, 0.001300, 32
1024, 0.001597, 32
1024, 0.002386, 32
1024, 0.000901, 32
1024, 0.001156, 32
1024, 0.001048, 32
1024, 0.002025, 32
1024, 0.000885, 32
1024, 0.001655, 32
1024, 0.002582, 32
1024, 0.000955, 32
1024, 0.001293, 32
1024, 0.000921, 32
1024, 0.002138, 32
1024, 0.000914, 32
1024, 0.003192, 32
1024, 0.000882, 32
1024, 0.001889, 32
1024, 0.001776, 32
1024, 0.000904, 32
1024, 0.001492, 32
1024, 0.000928, 32
1024, 0.002286, 32
1024, 0.000894, 32
1024, 0.003147, 64
1024, 0.002178, 64
1024, 0.001045, 64
1024, 0.002512, 64
1024, 0.001065, 64
1024, 0.003986, 64
1024, 0.001013, 64
1024, 0.002015, 64
1024, 0.002903, 64
1024, 0.001063, 64
1024, 0.003899, 64
1024, 0.003296, 64
1024, 0.001045, 64
1024, 0.001642, 64
1024, 0.001275, 64
1024, 0.001567, 64
1024, 0.003086, 64
1024, 0.001142, 64
1024, 0.003960, 64
1024, 0.002832, 64
1024, 0.001206, 64
1024, 0.002833, 64
1024, 0.001072, 64
1024, 0.002567, 64
1024, 0.002808, 64
1024, 0.001122, 64
1024, 0.002479, 64
1024, 0.001057, 64
1024, 0.002945, 64
1024, 0.003420, 64
1024, 0.001276, 64
1024, 0.003023, 64
1024, 0.002808, 64
1024, 0.001088, 64
1024, 0.002994, 64
1024, 0.001114, 64
1024, 0.002903, 64
1024, 0.002928, 64
1024, 0.001149, 64
1024, 0.002099, 64
1024, 0.001062, 64
1024, 0.004004, 64
1024, 0.001983, 64
1024, 0.001089, 64
1024, 0.002307, 64
1024, 0.001072, 64
1024, 0.003384, 64
1024, 0.001200, 64
1024, 0.001177, 64
1024, 0.001563, 64
1024, 0.001157, 128
1024, 0.004026, 128
1024, 0.001160, 128
1024, 0.002072, 128
1024, 0.002798, 128
1024, 0.001157, 128
1024, 0.003992, 128
1024, 0.001099, 128
1024, 0.002583, 128
1024, 0.003007, 128
1024, 0.001132, 128
1024, 0.002604, 128
1024, 0.001108, 128
1024, 0.003654, 128
1024, 0.001870, 128
1024, 0.001156, 128
1024, 0.001942, 128
1024, 0.001114, 128
1024, 0.003837, 128
1024, 0.001091, 128
1024, 0.003030, 128
1024, 0.002987, 128
1024, 0.001115, 128
1024, 0.001755, 128
1024, 0.001124, 128
1024, 0.003643, 128
1024, 0.001099, 128
1024, 0.002318, 128
1024, 0.002679, 128
1024, 0.001115, 128
1024, 0.002749, 128
1024, 0.001137, 128
1024, 0.003985, 128
1024, 0.001912, 128
1024, 0.001210, 128
1024, 0.004423, 128
1024, 0.001170, 128
1024, 0.002030, 128
1024, 0.002608, 128
1024, 0.001096, 128
1024, 0.003420, 128
1024, 0.002954, 128
1024, 0.001164, 128
1024, 0.002453, 128
1024, 0.001180, 128
1024, 0.003372, 128
1024, 0.003238, 128
1024, 0.001277, 128
1024, 0.003162, 128
1024, 0.001094, 128
2048, 0.014106, 2
2048, 0.014171, 2
2048, 0.014141, 2
2048, 0.013857, 2
2048, 0.014136, 2
2048, 0.012817, 2
2048, 0.012904, 2
2048, 0.012522, 2
2048, 0.012281, 2
2048, 0.015416, 2
2048, 0.012766, 2
2048, 0.012888, 2
2048, 0.013845, 2
2048, 0.014006, 2
2048, 0.013952, 2
2048, 0.014745, 2
2048, 0.014627, 2
2048, 0.014920, 2
2048, 0.014665, 2
2048, 0.014813, 2
2048, 0.015292, 2
2048, 0.014408, 2
2048, 0.014627, 2
2048, 0.014590, 2
2048, 0.014360, 2
2048, 0.014532, 2
2048, 0.014687, 2
2048, 0.014597, 2
2048, 0.014767, 2
2048, 0.014718, 2
2048, 0.014346, 2
2048, 0.014637, 2
2048, 0.014644, 2
2048, 0.014315, 2
2048, 0.014464, 2
2048, 0.014918, 2
2048, 0.014780, 2
2048, 0.014974, 2
2048, 0.014361, 2
2048, 0.013975, 2
2048, 0.014122, 2
2048, 0.014218, 2
2048, 0.013844, 2
2048, 0.014977, 2
2048, 0.014902, 2
2048, 0.014755, 2
2048, 0.014498, 2
2048, 0.014280, 2
2048, 0.014485, 2
2048, 0.014316, 2
2048, 0.011888, 4
2048, 0.012820, 4
2048, 0.013111, 4
2048, 0.013723, 4
2048, 0.010712, 4
2048, 0.011245, 4
2048, 0.012570, 4
2048, 0.013068, 4
2048, 0.013054, 4
2048, 0.012515, 4
2048, 0.011723, 4
2048, 0.009920, 4
2048, 0.009295, 4
2048, 0.010122, 4
2048, 0.008286, 4
2048, 0.010095, 4
2048, 0.010924, 4
2048, 0.012383, 4
2048, 0.013898, 4
2048, 0.013005, 4
2048, 0.012794, 4
2048, 0.013531, 4
2048, 0.013160, 4
2048, 0.013619, 4
2048, 0.012439, 4
2048, 0.009896, 4
2048, 0.008991, 4
2048, 0.008095, 4
2048, 0.008616, 4
2048, 0.010923, 4
2048, 0.011150, 4
2048, 0.012700, 4
2048, 0.013373, 4
2048, 0.012402, 4
2048, 0.012422, 4
2048, 0.010168, 4
2048, 0.009409, 4
2048, 0.008180, 4
2048, 0.010355, 4
2048, 0.010975, 4
2048, 0.012475, 4
2048, 0.013139, 4
2048, 0.012474, 4
2048, 0.010303, 4
2048, 0.010704, 4
2048, 0.010531, 4
2048, 0.009477, 4
2048, 0.009334, 4
2048, 0.009594, 4
2048, 0.008250, 4
2048, 0.009738, 8
2048, 0.011873, 8
2048, 0.012902, 8
2048, 0.013823, 8
2048, 0.012893, 8
2048, 0.012427, 8
2048, 0.010198, 8
2048, 0.008878, 8
2048, 0.007432, 8
2048, 0.009779, 8
2048, 0.011691, 8
2048, 0.013168, 8
2048, 0.013083, 8
2048, 0.010276, 8
2048, 0.009159, 8
2048, 0.008741, 8
2048, 0.008646, 8
2048, 0.007330, 8
2048, 0.009478, 8
2048, 0.011069, 8
2048, 0.012836, 8
2048, 0.012390, 8
2048, 0.010490, 8
2048, 0.008817, 8
2048, 0.008624, 8
2048, 0.007513, 8
2048, 0.010528, 8
2048, 0.008322, 8
2048, 0.009371, 8
2048, 0.009125, 8
2048, 0.010425, 8
2048, 0.008972, 8
2048, 0.008783, 8
2048, 0.007723, 8
2048, 0.009852, 8
2048, 0.010856, 8
2048, 0.012055, 8
2048, 0.012693, 8
2048, 0.012230, 8
2048, 0.013405, 8
2048, 0.013516, 8
2048, 0.012349, 8
2048, 0.011496, 8
2048, 0.009133, 8
2048, 0.008805, 8
2048, 0.007430, 8
2048, 0.009321, 8
2048, 0.010664, 8
2048, 0.012300, 8
2048, 0.012959, 8
2048, 0.010829, 16
2048, 0.008856, 16
2048, 0.008800, 16
2048, 0.007647, 16
2048, 0.010117, 16
2048, 0.011153, 16
2048, 0.012581, 16
2048, 0.012039, 16
2048, 0.012284, 16
2048, 0.011074, 16
2048, 0.010333, 16
2048, 0.008772, 16
2048, 0.007938, 16
2048, 0.007681, 16
2048, 0.010214, 16
2048, 0.011937, 16
2048, 0.012846, 16
2048, 0.010842, 16
2048, 0.009282, 16
2048, 0.008742, 16
2048, 0.007748, 16
2048, 0.009868, 16
2048, 0.010886, 16
2048, 0.012624, 16
2048, 0.013230, 16
2048, 0.011189, 16
2048, 0.008861, 16
2048, 0.008708, 16
2048, 0.007784, 16
2048, 0.009740, 16
2048, 0.011743, 16
2048, 0.012892, 16
2048, 0.012363, 16
2048, 0.011409, 16
2048, 0.009923, 16
2048, 0.008915, 16
2048, 0.007678, 16
2048, 0.008943, 16
2048, 0.010773, 16
2048, 0.012524, 16
2048, 0.012473, 16
2048, 0.010523, 16
2048, 0.008750, 16
2048, 0.007491, 16
2048, 0.009658, 16
2048, 0.010745, 16
2048, 0.012740, 16
2048, 0.012109, 16
2048, 0.009728, 16
2048, 0.008885, 16
2048, 0.007844, 32
2048, 0.008793, 32
2048, 0.010899, 32
2048, 0.012613, 32
2048, 0.013608, 32
2048, 0.012826, 32
2048, 0.011503, 32
2048, 0.009188, 32
2048, 0.008837, 32
2048, 0.007770, 32
2048, 0.009702, 32
2048, 0.009815, 32
2048, 0.010928, 32
2048, 0.012705, 32
2048, 0.013334, 32
2048, 0.012186, 32
2048, 0.009728, 32
2048, 0.008884, 32
2048, 0.009032, 32
2048, 0.007854, 32
2048, 0.010386, 32
2048, 0.012178, 32
2048, 0.012997, 32
2048, 0.011832, 32
2048, 0.009052, 32
2048, 0.009374, 32
2048, 0.009363, 32
2048, 0.009363, 32
2048, 0.009290, 32
2048, 0.008940, 32
2048, 0.008495, 32
2048, 0.007639, 32
2048, 0.009780, 32
2048, 0.011037, 32
2048, 0.012984, 32
2048, 0.013198, 32
2048, 0.012149, 32
2048, 0.010016, 32
2048, 0.009198, 32
2048, 0.008984, 32
2048, 0.007748, 32
2048, 0.010870, 32
2048, 0.012989, 32
2048, 0.012443, 32
2048, 0.013161, 32
2048, 0.013065, 32
2048, 0.012458, 32
2048, 0.012121, 32
2048, 0.009479, 32
2048, 0.008915, 32
2048, 0.009311, 64
2048, 0.008606, 64
2048, 0.008882, 64
2048, 0.010576, 64
2048, 0.009377, 64
2048, 0.009182, 64
2048, 0.009423, 64
2048, 0.011233, 64
2048, 0.009799, 64
2048, 0.011542, 64
2048, 0.010338, 64
2048, 0.012618, 64
2048, 0.011274, 64
2048, 0.011181, 64
2048, 0.009300, 64
2048, 0.009223, 64
2048, 0.008333, 64
2048, 0.010194, 64
2048, 0.011298, 64
2048, 0.012453, 64
2048, 0.013229, 64
2048, 0.013650, 64
2048, 0.013642, 64
2048, 0.013921, 64
2048, 0.012697, 64
2048, 0.011018, 64
2048, 0.010028, 64
2048, 0.009278, 64
2048, 0.009875, 64
2048, 0.008062, 64
2048, 0.010648, 64
2048, 0.011571, 64
2048, 0.012563, 64
2048, 0.009708, 64
2048, 0.014674, 64
2048, 0.014028, 64
2048, 0.011632, 64
2048, 0.013217, 64
2048, 0.014517, 64
2048, 0.012643, 64
2048, 0.013150, 64
2048, 0.013458, 64
2048, 0.013493, 64
2048, 0.013864, 64
2048, 0.013698, 64
2048, 0.013522, 64
2048, 0.013943, 64
2048, 0.013757, 64
2048, 0.013405, 64
2048, 0.013012, 64
2048, 0.013201, 128
2048, 0.013010, 128
2048, 0.013149, 128
2048, 0.011581, 128
2048, 0.014056, 128
2048, 0.013055, 128
2048, 0.013188, 128
2048, 0.010716, 128
2048, 0.012094, 128
2048, 0.011431, 128
2048, 0.010582, 128
2048, 0.009884, 128
2048, 0.011238, 128
2048, 0.010431, 128
2048, 0.010140, 128
2048, 0.009561, 128
2048, 0.010071, 128
2048, 0.010038, 128
2048, 0.009970, 128
2048, 0.009840, 128
2048, 0.009605, 128
2048, 0.009403, 128
2048, 0.010464, 128
2048, 0.011472, 128
2048, 0.011603, 128
2048, 0.011769, 128
2048, 0.011916, 128
2048, 0.013236, 128
2048, 0.013248, 128
2048, 0.013416, 128
2048, 0.014007, 128
2048, 0.014169, 128
2048, 0.014094, 128
2048, 0.014029, 128
2048, 0.013527, 128
2048, 0.013832, 128
2048, 0.013683, 128
2048, 0.013729, 128
2048, 0.013624, 128
2048, 0.013762, 128
2048, 0.012932, 128
2048, 0.011383, 128
2048, 0.010528, 128
2048, 0.009337, 128
2048, 0.010234, 128
2048, 0.010293, 128
2048, 0.011688, 128
2048, 0.012653, 128
2048, 0.013306, 128
2048, 0.015080, 128
4096, 0.081895, 2
4096, 0.082918, 2
4096, 0.083689, 2
4096, 0.081356, 2
4096, 0.080775, 2
4096, 0.079664, 2
4096, 0.082819, 2
4096, 0.081135, 2
4096, 0.080587, 2
4096, 0.079744, 2
4096, 0.082047, 2
4096, 0.079500, 2
4096, 0.079689, 2
4096, 0.087209, 2
4096, 0.093008, 2
4096, 0.082496, 2
4096, 0.083967, 2
4096, 0.083216, 2
4096, 0.081779, 2
4096, 0.086515, 2
4096, 0.083967, 2
4096, 0.082684, 2
4096, 0.082737, 2
4096, 0.084245, 2
4096, 0.083675, 2
4096, 0.082251, 2
4096, 0.082818, 2
4096, 0.083512, 2
4096, 0.082597, 2
4096, 0.082904, 2
4096, 0.082871, 2
4096, 0.080968, 2
4096, 0.088290, 2
4096, 0.090705, 2
4096, 0.089943, 2
4096, 0.085132, 2
4096, 0.084349, 2
4096, 0.082629, 2
4096, 0.083231, 2
4096, 0.083548, 2
4096, 0.082809, 2
4096, 0.082737, 2
4096, 0.078658, 2
4096, 0.083326, 2
4096, 0.080787, 2
4096, 0.081679, 2
4096, 0.081495, 2
4096, 0.081840, 2
4096, 0.081089, 2
4096, 0.081046, 2
4096, 0.055845, 4
4096, 0.056863, 4
4096, 0.056336, 4
4096, 0.061572, 4
4096, 0.062348, 4
4096, 0.061594, 4
4096, 0.057772, 4
4096, 0.060321, 4
4096, 0.056118, 4
4096, 0.057981, 4
4096, 0.060242, 4
4096, 0.060857, 4
4096, 0.056333, 4
4096, 0.060117, 4
4096, 0.056778, 4
4096, 0.057797, 4
4096, 0.059021, 4
4096, 0.055344, 4
4096, 0.057958, 4
4096, 0.058934, 4
4096, 0.057483, 4
4096, 0.059428, 4
4096, 0.055472, 4
4096, 0.059928, 4
4096, 0.056634, 4
4096, 0.058560, 4
4096, 0.058844, 4
4096, 0.063623, 4
4096, 0.060395, 4
4096, 0.057599, 4
4096, 0.060067, 4
4096, 0.058381, 4
4096, 0.060189, 4
4096, 0.057028, 4
4096, 0.059485, 4
4096, 0.057643, 4
4096, 0.058154, 4
4096, 0.058177, 4
4096, 0.061209, 4
4096, 0.057895, 4
4096, 0.062344, 4
4096, 0.055703, 4
4096, 0.058368, 4
4096, 0.058178, 4
4096, 0.058871, 4
4096, 0.057452, 4
4096, 0.059125, 4
4096, 0.059287, 4
4096, 0.058191, 4
4096, 0.060659, 4
4096, 0.054571, 8
4096, 0.057381, 8
4096, 0.055313, 8
4096, 0.053306, 8
4096, 0.054974, 8
4096, 0.058512, 8
4096, 0.053200, 8
4096, 0.055729, 8
4096, 0.058786, 8
4096, 0.054549, 8
4096, 0.053791, 8
4096, 0.055070, 8
4096, 0.054093, 8
4096, 0.058420, 8
4096, 0.053315, 8
4096, 0.052449, 8
4096, 0.052439, 8
4096, 0.054120, 8
4096, 0.057282, 8
4096, 0.055494, 8
4096, 0.052607, 8
4096, 0.052362, 8
4096, 0.054638, 8
4096, 0.057002, 8
4096, 0.056545, 8
4096, 0.053664, 8
4096, 0.055564, 8
4096, 0.061177, 8
4096, 0.054385, 8
4096, 0.059026, 8
4096, 0.055938, 8
4096, 0.055766, 8
4096, 0.056432, 8
4096, 0.058003, 8
4096, 0.059147, 8
4096, 0.054547, 8
4096, 0.053070, 8
4096, 0.055388, 8
4096, 0.057315, 8
4096, 0.052776, 8
4096, 0.054566, 8
4096, 0.057296, 8
4096, 0.054958, 8
4096, 0.053059, 8
4096, 0.058436, 8
4096, 0.055153, 8
4096, 0.055681, 8
4096, 0.057856, 8
4096, 0.053336, 8
4096, 0.052273, 8
4096, 0.051655, 16
4096, 0.056364, 16
4096, 0.053356, 16
4096, 0.052514, 16
4096, 0.054455, 16
4096, 0.059116, 16
4096, 0.052066, 16
4096, 0.051858, 16
4096, 0.051245, 16
4096, 0.053230, 16
4096, 0.055419, 16
4096, 0.056238, 16
4096, 0.053761, 16
4096, 0.054160, 16
4096, 0.052251, 16
4096, 0.052448, 16
4096, 0.053993, 16
4096, 0.054438, 16
4096, 0.055720, 16
4096, 0.052640, 16
4096, 0.053266, 16
4096, 0.056647, 16
4096, 0.053294, 16
4096, 0.052053, 16
4096, 0.051939, 16
4096, 0.064824, 16
4096, 0.058661, 16
4096, 0.052571, 16
4096, 0.054567, 16
4096, 0.056823, 16
4096, 0.052955, 16
4096, 0.052087, 16
4096, 0.053966, 16
4096, 0.054025, 16
4096, 0.057907, 16
4096, 0.052530, 16
4096, 0.054425, 16
4096, 0.056965, 16
4096, 0.054440, 16
4096, 0.052542, 16
4096, 0.051663, 16
4096, 0.053936, 16
4096, 0.058986, 16
4096, 0.054882, 16
4096, 0.057911, 16
4096, 0.061101, 16
4096, 0.074100, 16
4096, 0.069425, 16
4096, 0.061993, 16
4096, 0.065838, 16
4096, 0.060970, 32
4096, 0.064820, 32
4096, 0.058071, 32
4096, 0.055682, 32
4096, 0.056289, 32
4096, 0.056012, 32
4096, 0.053235, 32
4096, 0.081910, 32
4096, 0.062140, 32
4096, 0.059490, 32
4096, 0.054257, 32
4096, 0.055774, 32
4096, 0.056053, 32
4096, 0.052777, 32
4096, 0.055784, 32
4096, 0.054231, 32
4096, 0.053929, 32
4096, 0.057333, 32
4096, 0.054206, 32
4096, 0.052832, 32
4096, 0.059213, 32
4096, 0.053566, 32
4096, 0.052911, 32
4096, 0.063918, 32
4096, 0.055297, 32
4096, 0.057420, 32
4096, 0.053239, 32
4096, 0.057304, 32
4096, 0.058091, 32
4096, 0.052703, 32
4096, 0.052279, 32
4096, 0.059126, 32
4096, 0.056178, 32
4096, 0.052999, 32
4096, 0.055120, 32
4096, 0.060074, 32
4096, 0.053313, 32
4096, 0.052610, 32
4096, 0.054385, 32
4096, 0.058143, 32
4096, 0.054184, 32
4096, 0.055536, 32
4096, 0.057430, 32
4096, 0.053639, 32
4096, 0.052779, 32
4096, 0.055650, 32
4096, 0.057640, 32
4096, 0.053737, 32
4096, 0.055643, 32
4096, 0.055955, 32
4096, 0.053064, 64
4096, 0.056593, 64
4096, 0.055723, 64
4096, 0.052966, 64
4096, 0.056091, 64
4096, 0.057258, 64
4096, 0.057355, 64
4096, 0.053926, 64
4096, 0.054057, 64
4096, 0.059737, 64
4096, 0.053113, 64
4096, 0.055091, 64
4096, 0.057808, 64
4096, 0.054510, 64
4096, 0.053395, 64
4096, 0.059010, 64
4096, 0.054723, 64
4096, 0.053194, 64
4096, 0.058511, 64
4096, 0.057170, 64
4096, 0.053015, 64
4096, 0.052716, 64
4096, 0.064952, 64
4096, 0.054909, 64
4096, 0.059227, 64
4096, 0.053391, 64
4096, 0.055696, 64
4096, 0.057757, 64
4096, 0.056224, 64
4096, 0.053410, 64
4096, 0.059042, 64
4096, 0.055734, 64
4096, 0.052785, 64
4096, 0.054789, 64
4096, 0.057043, 64
4096, 0.055019, 64
4096, 0.053050, 64
4096, 0.056358, 64
4096, 0.057315, 64
4096, 0.055564, 64
4096, 0.052801, 64
4096, 0.055316, 64
4096, 0.057269, 64
4096, 0.054478, 64
4096, 0.053062, 64
4096, 0.054079, 64
4096, 0.055811, 64
4096, 0.058180, 64
4096, 0.053272, 64
4096, 0.058565, 64
4096, 0.054317, 128
4096, 0.052717, 128
4096, 0.054729, 128
4096, 0.057879, 128
4096, 0.052819, 128
4096, 0.052240, 128
4096, 0.052135, 128
4096, 0.053608, 128
4096, 0.053810, 128
4096, 0.056262, 128
4096, 0.055930, 128
4096, 0.053493, 128
4096, 0.052245, 128
4096, 0.053550, 128
4096, 0.054053, 128
4096, 0.055966, 128
4096, 0.057264, 128
4096, 0.054674, 128
4096, 0.052753, 128
4096, 0.052688, 128
4096, 0.052019, 128
4096, 0.051991, 128
4096, 0.056597, 128
4096, 0.052975, 128
4096, 0.052166, 128
4096, 0.052023, 128
4096, 0.052576, 128
4096, 0.053337, 128
4096, 0.054356, 128
4096, 0.055747, 128
4096, 0.056312, 128
4096, 0.053534, 128
4096, 0.052254, 128
4096, 0.052321, 128
4096, 0.056818, 128
4096, 0.054708, 128
4096, 0.053219, 128
4096, 0.057887, 128
4096, 0.061916, 128
4096, 0.057508, 128
4096, 0.054420, 128
4096, 0.052452, 128
4096, 0.052912, 128
4096, 0.053782, 128
4096, 0.053270, 128
4096, 0.055461, 128
4096, 0.053877, 128
4096, 0.053037, 128
4096, 0.055636, 128
4096, 0.056462, 128
8192, 0.395389, 2
8192, 0.397588, 2
8192, 0.395821, 2
8192, 0.397056, 2
8192, 0.408698, 2
8192, 0.412625, 2
8192, 0.409468, 2
8192, 0.404397, 2
8192, 0.396411, 2
8192, 0.401664, 2
8192, 0.394396, 2
8192, 0.394031, 2
8192, 0.398709, 2
8192, 0.411827, 2
8192, 0.406464, 2
8192, 0.394445, 2
8192, 0.390624, 2
8192, 0.392996, 2
8192, 0.401459, 2
8192, 0.401903, 2
8192, 0.406505, 2
8192, 0.412235, 2
8192, 0.407505, 2
8192, 0.410004, 2
8192, 0.403139, 2
8192, 0.392088, 2
8192, 0.393078, 2
8192, 0.394204, 2
8192, 0.408163, 2
8192, 0.408755, 2
8192, 0.410471, 2
8192, 0.413539, 2
8192, 0.399374, 2
8192, 0.403895, 2
8192, 0.394372, 2
8192, 0.399851, 2
8192, 0.399488, 2
8192, 0.418491, 2
8192, 0.405570, 2
8192, 0.405785, 2
8192, 0.401611, 2
8192, 0.401674, 2
8192, 0.405301, 2
8192, 0.403867, 2
8192, 0.404962, 2
8192, 0.407867, 2
8192, 0.409426, 2
8192, 0.414973, 2
8192, 0.404310, 2
8192, 0.398111, 2
8192, 0.270334, 4
8192, 0.270313, 4
8192, 0.271164, 4
8192, 0.270039, 4
8192, 0.279596, 4
8192, 0.272210, 4
8192, 0.270678, 4
8192, 0.268240, 4
8192, 0.276215, 4
8192, 0.274510, 4
8192, 0.267747, 4
8192, 0.269549, 4
8192, 0.269417, 4
8192, 0.269475, 4
8192, 0.288094, 4
8192, 0.274580, 4
8192, 0.278305, 4
8192, 0.267299, 4
8192, 0.270533, 4
8192, 0.270119, 4
8192, 0.273285, 4
8192, 0.275442, 4
8192, 0.278086, 4
8192, 0.272540, 4
8192, 0.280297, 4
8192, 0.275013, 4
8192, 0.271195, 4
8192, 0.272397, 4
8192, 0.262900, 4
8192, 0.266963, 4
8192, 0.267296, 4
8192, 0.266697, 4
8192, 0.265987, 4
8192, 0.274204, 4
8192, 0.279584, 4
8192, 0.271155, 4
8192, 0.267938, 4
8192, 0.265686, 4
8192, 0.265021, 4
8192, 0.268661, 4
8192, 0.268417, 4
8192, 0.268551, 4
8192, 0.267357, 4
8192, 0.274803, 4
8192, 0.279957, 4
8192, 0.279919, 4
8192, 0.272527, 4
8192, 0.275525, 4
8192, 0.272721, 4
8192, 0.269696, 4
8192, 0.258710, 8
8192, 0.261513, 8
8192, 0.257126, 8
8192, 0.256201, 8
8192, 0.255932, 8
8192, 0.262854, 8
8192, 0.257236, 8
8192, 0.264654, 8
8192, 0.263832, 8
8192, 0.256899, 8
8192, 0.258836, 8
8192, 0.254226, 8
8192, 0.258862, 8
8192, 0.267661, 8
8192, 0.260214, 8
8192, 0.260837, 8
8192, 0.263989, 8
8192, 0.264012, 8
8192, 0.259979, 8
8192, 0.268101, 8
8192, 0.259196, 8
8192, 0.262767, 8
8192, 0.262869, 8
8192, 0.255769, 8
8192, 0.263829, 8
8192, 0.292820, 8
8192, 0.265471, 8
8192, 0.260670, 8
8192, 0.263169, 8
8192, 0.262636, 8
8192, 0.256679, 8
8192, 0.258682, 8
8192, 0.257094, 8
8192, 0.255835, 8
8192, 0.256958, 8
8192, 0.279559, 8
8192, 0.263707, 8
8192, 0.256975, 8
8192, 0.260517, 8
8192, 0.259818, 8
8192, 0.259717, 8
8192, 0.251996, 8
8192, 0.258404, 8
8192, 0.255556, 8
8192, 0.271386, 8
8192, 0.256346, 8
8192, 0.262035, 8
8192, 0.261597, 8
8192, 0.263706, 8
8192, 0.261584, 8
8192, 0.279185, 16
8192, 0.266906, 16
8192, 0.258714, 16
8192, 0.267550, 16
8192, 0.263322, 16
8192, 0.266401, 16
8192, 0.290793, 16
8192, 0.266127, 16
8192, 0.266486, 16
8192, 0.263951, 16
8192, 0.267120, 16
8192, 0.268571, 16
8192, 0.276211, 16
8192, 0.266989, 16
8192, 0.267718, 16
8192, 0.265677, 16
8192, 0.293058, 16
8192, 0.264938, 16
8192, 0.270915, 16
8192, 0.267368, 16
8192, 0.264002, 16
8192, 0.264911, 16
8192, 0.269374, 16
8192, 0.266852, 16
8192, 0.264734, 16
8192, 0.265415, 16
8192, 0.287909, 16
8192, 0.270516, 16
8192, 0.267340, 16
8192, 0.259215, 16
8192, 0.261529, 16
8192, 0.267448, 16
8192, 0.264258, 16
8192, 0.262205, 16
8192, 0.260318, 16
8192, 0.260313, 16
8192, 0.267702, 16
8192, 0.267203, 16
8192, 0.262956, 16
8192, 0.258896, 16
8192, 0.262137, 16
8192, 0.263120, 16
8192, 0.263605, 16
8192, 0.271242, 16
8192, 0.262992, 16
8192, 0.263498, 16
8192, 0.263369, 16
8192, 0.261027, 16
8192, 0.292450, 16
8192, 0.282187, 16
8192, 0.269121, 32
8192, 0.272701, 32
8192, 0.265778, 32
8192, 0.265094, 32
8192, 0.267434, 32
8192, 0.279917, 32
8192, 0.267130, 32
8192, 0.270851, 32
8192, 0.270302, 32
8192, 0.267427, 32
8192, 0.267249, 32
8192, 0.281520, 32
8192, 0.267421, 32
8192, 0.267206, 32
8192, 0.264671, 32
8192, 0.266329, 32
8192, 0.266324, 32
8192, 0.295199, 32
8192, 0.267879, 32
8192, 0.269013, 32
8192, 0.266733, 32
8192, 0.267672, 32
8192, 0.267726, 32
8192, 0.278635, 32
8192, 0.266588, 32
8192, 0.275364, 32
8192, 0.266714, 32
8192, 0.270671, 32
8192, 0.268140, 32
8192, 0.282584, 32
8192, 0.272807, 32
8192, 0.266246, 32
8192, 0.266972, 32
8192, 0.266407, 32
8192, 0.268479, 32
8192, 0.273476, 32
8192, 0.272992, 32
8192, 0.279634, 32
8192, 0.274129, 32
8192, 0.270459, 32
8192, 0.263285, 32
8192, 0.276043, 32
8192, 0.271564, 32
8192, 0.268425, 32
8192, 0.267588, 32
8192, 0.275127, 32
8192, 0.272162, 32
8192, 0.283835, 32
8192, 0.271954, 32
8192, 0.268112, 32
8192, 0.248884, 64
8192, 0.245840, 64
8192, 0.248442, 64
8192, 0.247401, 64
8192, 0.245760, 64
8192, 0.244312, 64
8192, 0.243016, 64
8192, 0.249590, 64
8192, 0.247188, 64
8192, 0.243741, 64
8192, 0.256977, 64
8192, 0.248468, 64
8192, 0.245732, 64
8192, 0.245199, 64
8192, 0.249831, 64
8192, 0.247117, 64
8192, 0.266009, 64
8192, 0.248687, 64
8192, 0.257890, 64
8192, 0.249497, 64
8192, 0.247423, 64
8192, 0.246631, 64
8192, 0.244068, 64
8192, 0.248512, 64
8192, 0.246216, 64
8192, 0.243341, 64
8192, 0.246836, 64
8192, 0.247456, 64
8192, 0.245920, 64
8192, 0.251859, 64
8192, 0.249167, 64
8192, 0.246628, 64
8192, 0.241240, 64
8192, 0.245661, 64
8192, 0.244753, 64
8192, 0.254399, 64
8192, 0.250275, 64
8192, 0.251482, 64
8192, 0.249179, 64
8192, 0.260938, 64
8192, 0.247081, 64
8192, 0.249503, 64
8192, 0.247463, 64
8192, 0.249159, 64
8192, 0.244969, 64
8192, 0.246424, 64
8192, 0.244106, 64
8192, 0.246906, 64
8192, 0.258894, 64
8192, 0.247974, 64
8192, 0.230968, 128
8192, 0.233149, 128
8192, 0.240922, 128
8192, 0.231779, 128
8192, 0.238278, 128
8192, 0.233748, 128
8192, 0.231355, 128
8192, 0.230258, 128
8192, 0.227129, 128
8192, 0.227234, 128
8192, 0.236862, 128
8192, 0.233757, 128
8192, 0.279066, 128
8192, 0.236543, 128
8192, 0.232443, 128
8192, 0.225169, 128
8192, 0.226032, 128
8192, 0.239128, 128
8192, 0.230121, 128
8192, 0.228530, 128
8192, 0.231902, 128
8192, 0.244971, 128
8192, 0.228712, 128
8192, 0.227472, 128
8192, 0.232750, 128
8192, 0.229199, 128
8192, 0.229897, 128
8192, 0.229548, 128
8192, 0.231269, 128
8192, 0.227729, 128
8192, 0.235581, 128
8192, 0.237318, 128
8192, 0.241939, 128
8192, 0.231357, 128
8192, 0.225681, 128
8192, 0.230090, 128
8192, 0.230641, 128
8192, 0.234131, 128
8192, 0.232797, 128
8192, 0.229825, 128
8192, 0.232402, 128
8192, 0.232154, 128
8192, 0.231889, 128
8192, 0.243095, 128
8192, 0.231867, 128
8192, 0.232726, 128
8192, 0.233372, 128
8192, 0.224110, 128
8192, 0.226719, 128
8192, 0.232790, 128
