2, 0.000001
2, 0.000000
2, 0.000000
2, 0.000002
2, 0.000000
2, 0.000001
2, 0.000001
2, 0.000000
2, 0.000001
2, 0.000001
2, 0.000001
2, 0.000000
2, 0.000000
2, 0.000001
2, 0.000001
2, 0.000000
2, 0.000001
2, 0.000000
2, 0.000000
2, 0.000000
2, 0.000000
2, 0.000001
2, 0.000001
2, 0.000001
2, 0.000001
2, 0.000000
2, 0.000000
2, 0.000001
2, 0.000000
2, 0.000004
2, 0.000001
2, 0.000002
2, 0.000000
2, 0.000001
2, 0.000001
2, 0.000000
2, 0.000001
2, 0.000001
2, 0.000006
2, 0.000001
2, 0.000001
2, 0.000000
2, 0.000000
2, 0.000001
2, 0.000001
2, 0.000001
2, 0.000001
2, 0.000001
2, 0.000001
2, 0.000000
4, 0.000001
4, 0.000000
4, 0.000002
4, 0.000001
4, 0.000001
4, 0.000001
4, 0.000000
4, 0.000000
4, 0.000000
4, 0.000001
4, 0.000000
4, 0.000002
4, 0.000001
4, 0.000001
4, 0.000000
4, 0.000001
4, 0.000001
4, 0.000000
4, 0.000001
4, 0.000001
4, 0.000001
4, 0.000000
4, 0.000001
4, 0.000001
4, 0.000000
4, 0.000001
4, 0.000006
4, 0.000003
4, 0.000001
4, 0.000001
4, 0.000001
4, 0.000001
4, 0.000001
4, 0.000000
4, 0.000001
4, 0.000001
4, 0.000001
4, 0.000001
4, 0.000001
4, 0.000004
4, 0.000001
4, 0.000002
4, 0.000001
4, 0.000001
4, 0.000001
4, 0.000001
4, 0.000001
4, 0.000001
4, 0.000001
4, 0.000001
8, 0.000001
8, 0.000001
8, 0.000000
8, 0.000001
8, 0.000002
8, 0.000001
8, 0.000000
8, 0.000000
8, 0.000000
8, 0.000000
8, 0.000001
8, 0.000002
8, 0.000001
8, 0.000001
8, 0.000001
8, 0.000001
8, 0.000000
8, 0.000001
8, 0.000001
8, 0.000002
8, 0.000001
8, 0.000001
8, 0.000001
8, 0.000001
8, 0.000002
8, 0.000002
8, 0.000001
8, 0.000001
8, 0.000001
8, 0.000001
8, 0.000004
8, 0.000001
8, 0.000001
8, 0.000001
8, 0.000001
8, 0.000001
8, 0.000001
8, 0.000001
8, 0.000002
8, 0.000002
8, 0.000001
8, 0.000001
8, 0.000001
8, 0.000000
8, 0.000002
8, 0.000001
8, 0.000001
8, 0.000000
8, 0.000001
8, 0.000001
16, 0.000001
16, 0.000001
16, 0.000001
16, 0.000002
16, 0.000001
16, 0.000000
16, 0.000001
16, 0.000001
16, 0.000001
16, 0.000001
16, 0.000001
16, 0.000001
16, 0.000001
16, 0.000001
16, 0.000001
16, 0.000001
16, 0.000002
16, 0.000002
16, 0.000001
16, 0.000001
16, 0.000000
16, 0.000001
16, 0.000002
16, 0.000001
16, 0.000001
16, 0.000000
16, 0.000001
16, 0.000000
16, 0.000000
16, 0.000001
16, 0.000001
16, 0.000002
16, 0.000003
16, 0.000001
16, 0.000001
16, 0.000001
16, 0.000005
16, 0.000002
16, 0.000001
16, 0.000001
16, 0.000001
16, 0.000001
16, 0.000002
16, 0.000001
16, 0.000001
16, 0.000001
16, 0.000001
16, 0.000001
16, 0.000000
16, 0.000001
32, 0.000003
32, 0.000002
32, 0.000002
32, 0.000002
32, 0.000002
32, 0.000001
32, 0.000004
32, 0.000001
32, 0.000001
32, 0.000002
32, 0.000001
32, 0.000001
32, 0.000001
32, 0.000001
32, 0.000001
32, 0.000002
32, 0.000002
32, 0.000001
32, 0.000002
32, 0.000001
32, 0.000001
32, 0.000001
32, 0.000001
32, 0.000001
32, 0.000003
32, 0.000002
32, 0.000002
32, 0.000002
32, 0.000003
32, 0.000004
32, 0.000004
32, 0.000002
32, 0.000005
32, 0.000003
32, 0.000002
32, 0.000004
32, 0.000002
32, 0.000004
32, 0.000002
32, 0.000002
32, 0.000002
32, 0.000002
32, 0.000003
32, 0.000004
32, 0.000002
32, 0.000001
32, 0.000002
32, 0.000002
32, 0.000010
32, 0.000002
64, 0.000003
64, 0.000003
64, 0.000004
64, 0.000007
64, 0.000005
64, 0.000006
64, 0.000005
64, 0.000012
64, 0.000005
64, 0.000006
64, 0.000003
64, 0.000003
64, 0.000003
64, 0.000003
64, 0.000048
64, 0.000004
64, 0.000003
64, 0.000003
64, 0.000003
64, 0.000003
64, 0.000003
64, 0.000004
64, 0.000004
64, 0.000003
64, 0.000002
64, 0.000006
64, 0.000003
64, 0.000003
64, 0.000004
64, 0.000004
64, 0.000003
64, 0.000003
64, 0.000003
64, 0.000003
64, 0.000003
64, 0.000005
64, 0.000003
64, 0.000003
64, 0.000003
64, 0.000003
64, 0.000003
64, 0.000003
64, 0.000003
64, 0.000002
64, 0.000003
64, 0.000003
64, 0.000003
64, 0.000003
64, 0.000006
64, 0.000004
128, 0.000016
128, 0.000016
128, 0.000017
128, 0.000021
128, 0.000018
128, 0.000016
128, 0.000016
128, 0.000018
128, 0.000018
128, 0.000022
128, 0.000017
128, 0.000019
128, 0.000012
128, 0.000017
128, 0.000011
128, 0.000014
128, 0.000011
128, 0.000010
128, 0.000011
128, 0.000010
128, 0.000022
128, 0.000013
128, 0.000012
128, 0.000014
128, 0.000016
128, 0.000017
128, 0.000019
128, 0.000017
128, 0.000017
128, 0.000016
128, 0.000018
128, 0.000044
128, 0.000027
128, 0.000019
128, 0.000039
128, 0.000017
128, 0.000025
128, 0.000019
128, 0.000019
128, 0.000015
128, 0.000019
128, 0.000041
128, 0.000058
128, 0.000021
128, 0.000022
128, 0.000024
128, 0.000028
128, 0.000021
128, 0.000018
128, 0.000023
256, 0.000141
256, 0.000080
256, 0.000048
256, 0.000044
256, 0.000065
256, 0.000041
256, 0.000048
256, 0.000051
256, 0.000040
256, 0.000041
256, 0.000036
256, 0.000040
256, 0.000046
256, 0.000109
256, 0.000089
256, 0.000063
256, 0.000036
256, 0.000039
256, 0.000037
256, 0.000088
256, 0.000177
256, 0.000076
256, 0.000041
256, 0.000046
256, 0.000049
256, 0.000070
256, 0.000120
256, 0.000055
256, 0.000057
256, 0.000057
256, 0.000088
256, 0.000047
256, 0.000083
256, 0.000040
256, 0.000055
256, 0.000059
256, 0.000131
256, 0.000047
256, 0.000097
256, 0.000044
256, 0.000048
256, 0.000046
256, 0.000067
256, 0.000100
256, 0.000070
256, 0.000048
256, 0.000044
256, 0.000043
256, 0.000262
256, 0.000098
512, 0.000481
512, 0.000204
512, 0.000273
512, 0.000761
512, 0.000236
512, 0.000253
512, 0.000577
512, 0.000166
512, 0.000162
512, 0.000326
512, 0.000590
512, 0.000159
512, 0.000157
512, 0.001749
512, 0.000644
512, 0.000183
512, 0.000186
512, 0.000505
512, 0.000193
512, 0.000168
512, 0.000252
512, 0.000732
512, 0.000173
512, 0.000187
512, 0.001205
512, 0.000570
512, 0.000166
512, 0.000178
512, 0.000383
512, 0.000443
512, 0.000170
512, 0.000164
512, 0.000283
512, 0.000508
512, 0.000190
512, 0.000165
512, 0.000981
512, 0.000488
512, 0.000160
512, 0.000165
512, 0.000476
512, 0.000493
512, 0.000165
512, 0.000157
512, 0.000221
512, 0.000539
512, 0.000202
512, 0.000159
512, 0.000209
512, 0.000615
1024, 0.001722
1024, 0.002595
1024, 0.003226
1024, 0.001451
1024, 0.002413
1024, 0.003873
1024, 0.001551
1024, 0.002097
1024, 0.003836
1024, 0.001937
1024, 0.001649
1024, 0.003753
1024, 0.001446
1024, 0.002048
1024, 0.003981
1024, 0.004061
1024, 0.001456
1024, 0.004101
1024, 0.003042
1024, 0.001695
1024, 0.003236
1024, 0.004303
1024, 0.001863
1024, 0.001790
1024, 0.005012
1024, 0.002556
1024, 0.001463
1024, 0.004177
1024, 0.003341
1024, 0.001577
1024, 0.004683
1024, 0.003149
1024, 0.001594
1024, 0.004449
1024, 0.004235
1024, 0.001630
1024, 0.002886
1024, 0.004854
1024, 0.004375
1024, 0.001451
1024, 0.002579
1024, 0.003414
1024, 0.001575
1024, 0.002674
1024, 0.003969
1024, 0.002464
1024, 0.001482
1024, 0.004289
1024, 0.002209
1024, 0.001747
2048, 0.015823
2048, 0.012922
2048, 0.016354
2048, 0.016391
2048, 0.015589
2048, 0.014313
2048, 0.015667
2048, 0.015863
2048, 0.014476
2048, 0.014433
2048, 0.015734
2048, 0.016010
2048, 0.013472
2048, 0.013854
2048, 0.015393
2048, 0.015780
2048, 0.015641
2048, 0.013064
2048, 0.014478
2048, 0.015933
2048, 0.015381
2048, 0.013848
2048, 0.014875
2048, 0.016335
2048, 0.016316
2048, 0.015976
2048, 0.015960
2048, 0.016011
2048, 0.015399
2048, 0.015858
2048, 0.016143
2048, 0.015418
2048, 0.014199
2048, 0.016153
2048, 0.016110
2048, 0.014580
2048, 0.015880
2048, 0.015705
2048, 0.014975
2048, 0.012894
2048, 0.016168
2048, 0.016212
2048, 0.015146
2048, 0.014186
2048, 0.016072
2048, 0.016018
2048, 0.014632
2048, 0.016475
2048, 0.015644
2048, 0.013320
4096, 0.118495
4096, 0.117377
4096, 0.115701
4096, 0.116753
4096, 0.116370
4096, 0.115334
4096, 0.121244
4096, 0.118471
4096, 0.119448
4096, 0.119146
4096, 0.120479
4096, 0.117234
4096, 0.117186
4096, 0.117698
4096, 0.119599
4096, 0.115629
4096, 0.116887
4096, 0.116634
4096, 0.116483
4096, 0.113117
4096, 0.117177
4096, 0.116739
4096, 0.116878
4096, 0.119149
4096, 0.118399
4096, 0.118983
4096, 0.117283
4096, 0.116350
4096, 0.117100
4096, 0.116905
4096, 0.114951
4096, 0.117080
4096, 0.114577
4096, 0.113879
4096, 0.118351
4096, 0.115302
4096, 0.134834
4096, 0.116864
4096, 0.117817
4096, 0.119162
4096, 0.115941
4096, 0.124121
4096, 0.117964
4096, 0.116026
4096, 0.119006
4096, 0.116679
4096, 0.115991
4096, 0.116329
4096, 0.115825
4096, 0.119114
8192, 0.678414
8192, 0.673798
8192, 0.686673
8192, 0.671559
8192, 0.670931
8192, 0.669698
8192, 0.677416
8192, 0.661106
8192, 0.681870
8192, 0.664983
8192, 0.668754
8192, 0.668670
8192, 0.670354
8192, 0.681416
8192, 0.673773
8192, 0.674945
8192, 0.690248
8192, 0.677881
8192, 0.677536
8192, 0.673212
8192, 0.678844
8192, 0.674089
8192, 0.667853
8192, 0.662704
8192, 0.676251
8192, 0.670753
8192, 0.671781
8192, 0.665281
8192, 0.667916
8192, 0.669197
8192, 0.658925
8192, 0.675371
8192, 0.665520
8192, 0.684596
8192, 0.675867
8192, 0.670858
8192, 0.671875
8192, 0.664421
8192, 0.670778
8192, 0.678478
8192, 0.666753
8192, 0.674386
8192, 0.675911
8192, 0.664001
8192, 0.672030
8192, 0.669785
8192, 0.693422
8192, 0.662201
8192, 0.667717
8192, 0.671996
4, 0.000000, 2
4, 0.000001, 2
4, 0.000001, 2
4, 0.000001, 2
4, 0.000001, 2
4, 0.000001, 2
4, 0.000001, 2
4, 0.000001, 2
4, 0.000001, 2
4, 0.000000, 2
4, 0.000001, 2
4, 0.000002, 2
4, 0.000001, 2
4, 0.000001, 2
4, 0.000002, 2
4, 0.000002, 2
4, 0.000001, 2
4, 0.000001, 2
4, 0.000001, 2
4, 0.000000, 2
4, 0.000001, 2
4, 0.000001, 2
4, 0.000002, 2
4, 0.000002, 2
4, 0.000001, 2
4, 0.000000, 2
4, 0.000001, 2
4, 0.000001, 2
4, 0.000001, 2
4, 0.000001, 2
4, 0.000001, 2
4, 0.000001, 2
4, 0.000002, 2
4, 0.000002, 2
4, 0.000002, 2
4, 0.000001, 2
4, 0.000001, 2
4, 0.000002, 2
4, 0.000002, 2
4, 0.000002, 2
4, 0.000002, 2
4, 0.000002, 2
4, 0.000002, 2
4, 0.000004, 2
4, 0.000001, 2
4, 0.000001, 2
4, 0.000001, 2
4, 0.000001, 2
4, 0.000001, 2
4, 0.000001, 2
8, 0.000001, 2
8, 0.000001, 2
8, 0.000001, 2
8, 0.000001, 2
8, 0.000001, 2
8, 0.000004, 2
8, 0.000001, 2
8, 0.000001, 2
8, 0.000001, 2
8, 0.000001, 2
8, 0.000001, 2
8, 0.000001, 2
8, 0.000001, 2
8, 0.000001, 2
8, 0.000002, 2
8, 0.000002, 2
8, 0.000001, 2
8, 0.000001, 2
8, 0.000001, 2
8, 0.000001, 2
8, 0.000002, 2
8, 0.000001, 2
8, 0.000000, 2
8, 0.000001, 2
8, 0.000001, 2
8, 0.000001, 2
8, 0.000001, 2
8, 0.000001, 2
8, 0.000002, 2
8, 0.000001, 2
8, 0.000001, 2
8, 0.000001, 2
8, 0.000001, 2
8, 0.000001, 2
8, 0.000001, 2
8, 0.000002, 2
8, 0.000001, 2
8, 0.000002, 2
8, 0.000002, 2
8, 0.000001, 2
8, 0.000000, 2
8, 0.000001, 2
8, 0.000000, 2
8, 0.000002, 2
8, 0.000002, 2
8, 0.000001, 2
8, 0.000001, 2
8, 0.000001, 2
8, 0.000001, 2
8, 0.000001, 2
8, 0.000000, 4
8, 0.000002, 4
8, 0.000001, 4
8, 0.000001, 4
8, 0.000001, 4
8, 0.000001, 4
8, 0.000001, 4
8, 0.000000, 4
8, 0.000001, 4
8, 0.000001, 4
8, 0.000001, 4
8, 0.000002, 4
8, 0.000000, 4
8, 0.000001, 4
8, 0.000001, 4
8, 0.000001, 4
8, 0.000001, 4
8, 0.000001, 4
8, 0.000002, 4
8, 0.000001, 4
8, 0.000001, 4
8, 0.000000, 4
8, 0.000001, 4
8, 0.000000, 4
8, 0.000001, 4
8, 0.000001, 4
8, 0.000001, 4
8, 0.000001, 4
8, 0.000001, 4
8, 0.000001, 4
8, 0.000001, 4
8, 0.000001, 4
8, 0.000001, 4
8, 0.000001, 4
8, 0.000002, 4
8, 0.000002, 4
8, 0.000001, 4
8, 0.000000, 4
8, 0.000001, 4
8, 0.000001, 4
8, 0.000001, 4
8, 0.000001, 4
8, 0.000002, 4
8, 0.000002, 4
8, 0.000001, 4
8, 0.000001, 4
8, 0.000001, 4
8, 0.000001, 4
8, 0.000000, 4
8, 0.000001, 4
16, 0.000001, 2
16, 0.000002, 2
16, 0.000001, 2
16, 0.000002, 2
16, 0.000001, 2
16, 0.000002, 2
16, 0.000001, 2
16, 0.000002, 2
16, 0.000002, 2
16, 0.000002, 2
16, 0.000001, 2
16, 0.000002, 2
16, 0.000002, 2
16, 0.000001, 2
16, 0.000002, 2
16, 0.000002, 2
16, 0.000001, 2
16, 0.000002, 2
16, 0.000001, 2
16, 0.000001, 2
16, 0.000001, 2
16, 0.000001, 2
16, 0.000001, 2
16, 0.000002, 2
16, 0.000001, 2
16, 0.000001, 2
16, 0.000001, 2
16, 0.000001, 2
16, 0.000001, 2
16, 0.000001, 2
16, 0.000006, 2
16, 0.000001, 2
16, 0.000001, 2
16, 0.000001, 2
16, 0.000002, 2
16, 0.000002, 2
16, 0.000002, 2
16, 0.000002, 2
16, 0.000001, 2
16, 0.000001, 2
16, 0.000002, 2
16, 0.000001, 2
16, 0.000001, 2
16, 0.000001, 2
16, 0.000002, 2
16, 0.000005, 2
16, 0.000002, 2
16, 0.000002, 2
16, 0.000001, 2
16, 0.000001, 2
16, 0.000001, 4
16, 0.000001, 4
16, 0.000002, 4
16, 0.000001, 4
16, 0.000001, 4
16, 0.000001, 4
16, 0.000001, 4
16, 0.000001, 4
16, 0.000001, 4
16, 0.000001, 4
16, 0.000001, 4
16, 0.000001, 4
16, 0.000002, 4
16, 0.000002, 4
16, 0.000001, 4
16, 0.000002, 4
16, 0.000002, 4
16, 0.000004, 4
16, 0.000002, 4
16, 0.000002, 4
16, 0.000002, 4
16, 0.000002, 4
16, 0.000003, 4
16, 0.000003, 4
16, 0.000002, 4
16, 0.000001, 4
16, 0.000002, 4
16, 0.000002, 4
16, 0.000003, 4
16, 0.000002, 4
16, 0.000002, 4
16, 0.000001, 4
16, 0.000004, 4
16, 0.000001, 4
16, 0.000001, 4
16, 0.000001, 4
16, 0.000001, 4
16, 0.000001, 4
16, 0.000001, 4
16, 0.000000, 4
16, 0.000005, 4
16, 0.000001, 4
16, 0.000001, 4
16, 0.000001, 4
16, 0.000001, 4
16, 0.000001, 4
16, 0.000001, 4
16, 0.000001, 4
16, 0.000002, 4
16, 0.000002, 4
16, 0.000001, 8
16, 0.000001, 8
16, 0.000001, 8
16, 0.000001, 8
16, 0.000001, 8
16, 0.000001, 8
16, 0.000008, 8
16, 0.000001, 8
16, 0.000001, 8
16, 0.000001, 8
16, 0.000001, 8
16, 0.000001, 8
16, 0.000001, 8
16, 0.000001, 8
16, 0.000001, 8
16, 0.000002, 8
16, 0.000002, 8
16, 0.000001, 8
16, 0.000001, 8
16, 0.000002, 8
16, 0.000001, 8
16, 0.000002, 8
16, 0.000001, 8
16, 0.000001, 8
16, 0.000002, 8
16, 0.000001, 8
16, 0.000001, 8
16, 0.000001, 8
16, 0.000001, 8
16, 0.000001, 8
16, 0.000001, 8
16, 0.000001, 8
16, 0.000001, 8
16, 0.000001, 8
16, 0.000003, 8
16, 0.000001, 8
16, 0.000001, 8
16, 0.000002, 8
16, 0.000001, 8
16, 0.000001, 8
16, 0.000001, 8
16, 0.000001, 8
16, 0.000004, 8
16, 0.000001, 8
16, 0.000002, 8
16, 0.000001, 8
16, 0.000001, 8
16, 0.000001, 8
16, 0.000001, 8
16, 0.000001, 8
32, 0.000002, 2
32, 0.000004, 2
32, 0.000003, 2
32, 0.000002, 2
32, 0.000002, 2
32, 0.000002, 2
32, 0.000002, 2
32, 0.000002, 2
32, 0.000002, 2
32, 0.000002, 2
32, 0.000002, 2
32, 0.000002, 2
32, 0.000002, 2
32, 0.000002, 2
32, 0.000002, 2
32, 0.000002, 2
32, 0.000002, 2
32, 0.000002, 2
32, 0.000003, 2
32, 0.000003, 2
32, 0.000002, 2
32, 0.000001, 2
32, 0.000002, 2
32, 0.000002, 2
32, 0.000010, 2
32, 0.000002, 2
32, 0.000002, 2
32, 0.000002, 2
32, 0.000002, 2
32, 0.000002, 2
32, 0.000001, 2
32, 0.000002, 2
32, 0.000005, 2
32, 0.000002, 2
32, 0.000004, 2
32, 0.000002, 2
32, 0.000002, 2
32, 0.000002, 2
32, 0.000001, 2
32, 0.000002, 2
32, 0.000006, 2
32, 0.000002, 2
32, 0.000002, 2
32, 0.000002, 2
32, 0.000001, 2
32, 0.000002, 2
32, 0.000002, 2
32, 0.000002, 2
32, 0.000006, 2
32, 0.000002, 2
32, 0.000002, 4
32, 0.000002, 4
32, 0.000001, 4
32, 0.000002, 4
32, 0.000002, 4
32, 0.000002, 4
32, 0.000002, 4
32, 0.000002, 4
32, 0.000001, 4
32, 0.000002, 4
32, 0.000002, 4
32, 0.000004, 4
32, 0.000002, 4
32, 0.000003, 4
32, 0.000002, 4
32, 0.000003, 4
32, 0.000002, 4
32, 0.000003, 4
32, 0.000002, 4
32, 0.000002, 4
32, 0.000002, 4
32, 0.000002, 4
32, 0.000002, 4
32, 0.000002, 4
32, 0.000002, 4
32, 0.000002, 4
32, 0.000002, 4
32, 0.000001, 4
32, 0.000002, 4
32, 0.000001, 4
32, 0.000002, 4
32, 0.000002, 4
32, 0.000003, 4
32, 0.000002, 4
32, 0.000001, 4
32, 0.000001, 4
32, 0.000002, 4
32, 0.000002, 4
32, 0.000002, 4
32, 0.000002, 4
32, 0.000003, 4
32, 0.000002, 4
32, 0.000001, 4
32, 0.000002, 4
32, 0.000002, 4
32, 0.000003, 4
32, 0.000002, 4
32, 0.000002, 4
32, 0.000002, 4
32, 0.000001, 4
32, 0.000001, 8
32, 0.000002, 8
32, 0.000002, 8
32, 0.000002, 8
32, 0.000002, 8
32, 0.000003, 8
32, 0.000002, 8
32, 0.000002, 8
32, 0.000002, 8
32, 0.000004, 8
32, 0.000002, 8
32, 0.000003, 8
32, 0.000003, 8
32, 0.000003, 8
32, 0.000003, 8
32, 0.000003, 8
32, 0.000002, 8
32, 0.000002, 8
32, 0.000002, 8
32, 0.000003, 8
32, 0.000003, 8
32, 0.000002, 8
32, 0.000001, 8
32, 0.000001, 8
32, 0.000001, 8
32, 0.000002, 8
32, 0.000002, 8
32, 0.000002, 8
32, 0.000002, 8
32, 0.000002, 8
32, 0.000001, 8
32, 0.000001, 8
32, 0.000001, 8
32, 0.000001, 8
32, 0.000001, 8
32, 0.000001, 8
32, 0.000003, 8
32, 0.000002, 8
32, 0.000001, 8
32, 0.000002, 8
32, 0.000002, 8
32, 0.000001, 8
32, 0.000002, 8
32, 0.000002, 8
32, 0.000002, 8
32, 0.000001, 8
32, 0.000001, 8
32, 0.000001, 8
32, 0.000001, 8
32, 0.000002, 8
32, 0.000001, 16
32, 0.000001, 16
32, 0.000002, 16
32, 0.000002, 16
32, 0.000002, 16
32, 0.000001, 16
32, 0.000001, 16
32, 0.000001, 16
32, 0.000002, 16
32, 0.000001, 16
32, 0.000001, 16
32, 0.000001, 16
32, 0.000002, 16
32, 0.000002, 16
32, 0.000001, 16
32, 0.000001, 16
32, 0.000002, 16
32, 0.000002, 16
32, 0.000002, 16
32, 0.000002, 16
32, 0.000002, 16
32, 0.000001, 16
32, 0.000002, 16
32, 0.000001, 16
32, 0.000001, 16
32, 0.000001, 16
32, 0.000001, 16
32, 0.000001, 16
32, 0.000001, 16
32, 0.000001, 16
32, 0.000003, 16
32, 0.000002, 16
32, 0.000001, 16
32, 0.000001, 16
32, 0.000002, 16
32, 0.000001, 16
32, 0.000001, 16
32, 0.000002, 16
32, 0.000005, 16
32, 0.000002, 16
32, 0.000001, 16
32, 0.000001, 16
32, 0.000001, 16
32, 0.000001, 16
32, 0.000001, 16
32, 0.000001, 16
32, 0.000002, 16
32, 0.000002, 16
32, 0.000001, 16
32, 0.000001, 16
64, 0.000005, 2
64, 0.000004, 2
64, 0.000005, 2
64, 0.000012, 2
64, 0.000006, 2
64, 0.000006, 2
64, 0.000005, 2
64, 0.000006, 2
64, 0.000007, 2
64, 0.000007, 2
64, 0.000008, 2
64, 0.000006, 2
64, 0.000005, 2
64, 0.000004, 2
64, 0.000004, 2
64, 0.000005, 2
64, 0.000005, 2
64, 0.000007, 2
64, 0.000005, 2
64, 0.000005, 2
64, 0.000005, 2
64, 0.000006, 2
64, 0.000006, 2
64, 0.000007, 2
64, 0.000007, 2
64, 0.000006, 2
64, 0.000005, 2
64, 0.000005, 2
64, 0.000006, 2
64, 0.000006, 2
64, 0.000010, 2
64, 0.000006, 2
64, 0.000005, 2
64, 0.000006, 2
64, 0.000005, 2
64, 0.000007, 2
64, 0.000007, 2
64, 0.000007, 2
64, 0.000005, 2
64, 0.000005, 2
64, 0.000005, 2
64, 0.000006, 2
64, 0.000006, 2
64, 0.000006, 2
64, 0.000007, 2
64, 0.000007, 2
64, 0.000010, 2
64, 0.000006, 2
64, 0.000006, 2
64, 0.000006, 2
64, 0.000005, 4
64, 0.000004, 4
64, 0.000003, 4
64, 0.000003, 4
64, 0.000004, 4
64, 0.000003, 4
64, 0.000003, 4
64, 0.000003, 4
64, 0.000009, 4
64, 0.000005, 4
64, 0.000004, 4
64, 0.000004, 4
64, 0.000003, 4
64, 0.000004, 4
64, 0.000004, 4
64, 0.000013, 4
64, 0.000005, 4
64, 0.000004, 4
64, 0.000004, 4
64, 0.000004, 4
64, 0.000006, 4
64, 0.000007, 4
64, 0.000007, 4
64, 0.000005, 4
64, 0.000004, 4
64, 0.000003, 4
64, 0.000003, 4
64, 0.000003, 4
64, 0.000004, 4
64, 0.000005, 4
64, 0.000004, 4
64, 0.000003, 4
64, 0.000003, 4
64, 0.000004, 4
64, 0.000003, 4
64, 0.000003, 4
64, 0.000005, 4
64, 0.000004, 4
64, 0.000003, 4
64, 0.000004, 4
64, 0.000003, 4
64, 0.000003, 4
64, 0.000003, 4
64, 0.000004, 4
64, 0.000030, 4
64, 0.000004, 4
64, 0.000004, 4
64, 0.000003, 4
64, 0.000003, 4
64, 0.000004, 4
64, 0.000003, 8
64, 0.000005, 8
64, 0.000005, 8
64, 0.000005, 8
64, 0.000004, 8
64, 0.000003, 8
64, 0.000004, 8
64, 0.000003, 8
64, 0.000004, 8
64, 0.000005, 8
64, 0.000004, 8
64, 0.000003, 8
64, 0.000003, 8
64, 0.000003, 8
64, 0.000003, 8
64, 0.000004, 8
64, 0.000003, 8
64, 0.000007, 8
64, 0.000004, 8
64, 0.000004, 8
64, 0.000004, 8
64, 0.000005, 8
64, 0.000004, 8
64, 0.000005, 8
64, 0.000005, 8
64, 0.000004, 8
64, 0.000004, 8
64, 0.000003, 8
64, 0.000003, 8
64, 0.000004, 8
64, 0.000004, 8
64, 0.000004, 8
64, 0.000006, 8
64, 0.000004, 8
64, 0.000004, 8
64, 0.000004, 8
64, 0.000004, 8
64, 0.000005, 8
64, 0.000004, 8
64, 0.000007, 8
64, 0.000005, 8
64, 0.000004, 8
64, 0.000003, 8
64, 0.000004, 8
64, 0.000003, 8
64, 0.000004, 8
64, 0.000004, 8
64, 0.000003, 8
64, 0.000004, 8
64, 0.000003, 8
64, 0.000003, 16
64, 0.000003, 16
64, 0.000003, 16
64, 0.000003, 16
64, 0.000004, 16
64, 0.000003, 16
64, 0.000004, 16
64, 0.000003, 16
64, 0.000003, 16
64, 0.000003, 16
64, 0.000004, 16
64, 0.000007, 16
64, 0.000005, 16
64, 0.000004, 16
64, 0.000005, 16
64, 0.000004, 16
64, 0.000004, 16
64, 0.000004, 16
64, 0.000004, 16
64, 0.000005, 16
64, 0.000005, 16
64, 0.000004, 16
64, 0.000008, 16
64, 0.000005, 16
64, 0.000004, 16
64, 0.000005, 16
64, 0.000004, 16
64, 0.000003, 16
64, 0.000003, 16
64, 0.000004, 16
64, 0.000003, 16
64, 0.000004, 16
64, 0.000004, 16
64, 0.000004, 16
64, 0.000004, 16
64, 0.000004, 16
64, 0.000007, 16
64, 0.000005, 16
64, 0.000004, 16
64, 0.000004, 16
64, 0.000005, 16
64, 0.000007, 16
64, 0.000007, 16
64, 0.000005, 16
64, 0.000005, 16
64, 0.000003, 16
64, 0.000003, 16
64, 0.000004, 16
64, 0.000011, 16
64, 0.000004, 16
64, 0.000005, 32
64, 0.000004, 32
64, 0.000003, 32
64, 0.000005, 32
64, 0.000004, 32
64, 0.000005, 32
64, 0.000006, 32
64, 0.000004, 32
64, 0.000005, 32
64, 0.000004, 32
64, 0.000006, 32
64, 0.000005, 32
64, 0.000006, 32
64, 0.000005, 32
64, 0.000004, 32
64, 0.000005, 32
64, 0.000003, 32
64, 0.000005, 32
64, 0.000005, 32
64, 0.000005, 32
64, 0.000005, 32
64, 0.000005, 32
64, 0.000007, 32
64, 0.000005, 32
64, 0.000004, 32
64, 0.000005, 32
64, 0.000007, 32
64, 0.000005, 32
64, 0.000010, 32
64, 0.000005, 32
64, 0.000005, 32
64, 0.000004, 32
64, 0.000007, 32
64, 0.000005, 32
64, 0.000004, 32
64, 0.000004, 32
64, 0.000006, 32
64, 0.000005, 32
64, 0.000006, 32
64, 0.000006, 32
64, 0.000006, 32
64, 0.000005, 32
64, 0.000005, 32
64, 0.000005, 32
64, 0.000004, 32
64, 0.000004, 32
64, 0.000004, 32
64, 0.000003, 32
64, 0.000005, 32
64, 0.000006, 32
128, 0.000026, 2
128, 0.000027, 2
128, 0.000024, 2
128, 0.000029, 2
128, 0.000049, 2
128, 0.000025, 2
128, 0.000031, 2
128, 0.000033, 2
128, 0.000055, 2
128, 0.000030, 2
128, 0.000028, 2
128, 0.000024, 2
128, 0.000031, 2
128, 0.000115, 2
128, 0.000028, 2
128, 0.000032, 2
128, 0.000041, 2
128, 0.000036, 2
128, 0.000058, 2
128, 0.000021, 2
128, 0.000029, 2
128, 0.000033, 2
128, 0.000072, 2
128, 0.000024, 2
128, 0.000020, 2
128, 0.000019, 2
128, 0.000019, 2
128, 0.000019, 2
128, 0.000029, 2
128, 0.000018, 2
128, 0.000022, 2
128, 0.000023, 2
128, 0.000025, 2
128, 0.000034, 2
128, 0.000030, 2
128, 0.000028, 2
128, 0.000030, 2
128, 0.000032, 2
128, 0.000035, 2
128, 0.000032, 2
128, 0.000025, 2
128, 0.000021, 2
128, 0.000026, 2
128, 0.000030, 2
128, 0.000024, 2
128, 0.000026, 2
128, 0.000029, 2
128, 0.000031, 2
128, 0.000030, 2
128, 0.000026, 2
128, 0.000022, 4
128, 0.000028, 4
128, 0.000039, 4
128, 0.000030, 4
128, 0.000023, 4
128, 0.000022, 4
128, 0.000030, 4
128, 0.000038, 4
128, 0.000026, 4
128, 0.000028, 4
128, 0.000038, 4
128, 0.000054, 4
128, 0.000018, 4
128, 0.000017, 4
128, 0.000015, 4
128, 0.000018, 4
128, 0.000014, 4
128, 0.000014, 4
128, 0.000013, 4
128, 0.000014, 4
128, 0.000011, 4
128, 0.000011, 4
128, 0.000010, 4
128, 0.000094, 4
128, 0.000013, 4
128, 0.000012, 4
128, 0.000010, 4
128, 0.000011, 4
128, 0.000011, 4
128, 0.000010, 4
128, 0.000012, 4
128, 0.000015, 4
128, 0.000014, 4
128, 0.000014, 4
128, 0.000012, 4
128, 0.000011, 4
128, 0.000011, 4
128, 0.000011, 4
128, 0.000034, 4
128, 0.000013, 4
128, 0.000011, 4
128, 0.000012, 4
128, 0.000010, 4
128, 0.000011, 4
128, 0.000018, 4
128, 0.000012, 4
128, 0.000011, 4
128, 0.000012, 4
128, 0.000011, 4
128, 0.000010, 4
128, 0.000011, 8
128, 0.000011, 8
128, 0.000010, 8
128, 0.000014, 8
128, 0.000013, 8
128, 0.000010, 8
128, 0.000010, 8
128, 0.000010, 8
128, 0.000011, 8
128, 0.000010, 8
128, 0.000028, 8
128, 0.000013, 8
128, 0.000012, 8
128, 0.000014, 8
128, 0.000013, 8
128, 0.000016, 8
128, 0.000014, 8
128, 0.000013, 8
128, 0.000012, 8
128, 0.000011, 8
128, 0.000010, 8
128, 0.000011, 8
128, 0.000011, 8
128, 0.000010, 8
128, 0.000017, 8
128, 0.000014, 8
128, 0.000011, 8
128, 0.000011, 8
128, 0.000010, 8
128, 0.000011, 8
128, 0.000011, 8
128, 0.000024, 8
128, 0.000046, 8
128, 0.000012, 8
128, 0.000011, 8
128, 0.000010, 8
128, 0.000011, 8
128, 0.000027, 8
128, 0.000011, 8
128, 0.000010, 8
128, 0.000010, 8
128, 0.000011, 8
128, 0.000010, 8
128, 0.000011, 8
128, 0.000010, 8
128, 0.000012, 8
128, 0.000011, 8
128, 0.000010, 8
128, 0.000011, 8
128, 0.000010, 8
128, 0.000010, 16
128, 0.000011, 16
128, 0.000013, 16
128, 0.000014, 16
128, 0.000014, 16
128, 0.000014, 16
128, 0.000018, 16
128, 0.000012, 16
128, 0.000010, 16
128, 0.000010, 16
128, 0.000014, 16
128, 0.000011, 16
128, 0.000012, 16
128, 0.000012, 16
128, 0.000014, 16
128, 0.000015, 16
128, 0.000017, 16
128, 0.000014, 16
128, 0.000010, 16
128, 0.000014, 16
128, 0.000015, 16
128, 0.000014, 16
128, 0.000034, 16
128, 0.000010, 16
128, 0.000010, 16
128, 0.000009, 16
128, 0.000009, 16
128, 0.000010, 16
128, 0.000011, 16
128, 0.000010, 16
128, 0.000015, 16
128, 0.000012, 16
128, 0.000012, 16
128, 0.000009, 16
128, 0.000010, 16
128, 0.000010, 16
128, 0.000009, 16
128, 0.000013, 16
128, 0.000011, 16
128, 0.000010, 16
128, 0.000011, 16
128, 0.000012, 16
128, 0.000011, 16
128, 0.000010, 16
128, 0.000010, 16
128, 0.000026, 16
128, 0.000011, 16
128, 0.000011, 16
128, 0.000012, 16
128, 0.000011, 16
128, 0.000012, 32
128, 0.000012, 32
128, 0.000016, 32
128, 0.000012, 32
128, 0.000010, 32
128, 0.000015, 32
128, 0.000018, 32
128, 0.000012, 32
128, 0.000013, 32
128, 0.000012, 32
128, 0.000011, 32
128, 0.000013, 32
128, 0.000010, 32
128, 0.000021, 32
128, 0.000011, 32
128, 0.000010, 32
128, 0.000010, 32
128, 0.000011, 32
128, 0.000013, 32
128, 0.000011, 32
128, 0.000009, 32
128, 0.000010, 32
128, 0.000010, 32
128, 0.000009, 32
128, 0.000010, 32
128, 0.000011, 32
128, 0.000011, 32
128, 0.000010, 32
128, 0.000010, 32
128, 0.000014, 32
128, 0.000010, 32
128, 0.000012, 32
128, 0.000012, 32
128, 0.000015, 32
128, 0.000012, 32
128, 0.000012, 32
128, 0.000012, 32
128, 0.000012, 32
128, 0.000012, 32
128, 0.000010, 32
128, 0.000011, 32
128, 0.000013, 32
128, 0.000011, 32
128, 0.000010, 32
128, 0.000009, 32
128, 0.000010, 32
128, 0.000009, 32
128, 0.000011, 32
128, 0.000011, 32
128, 0.000013, 32
128, 0.000011, 64
128, 0.000011, 64
128, 0.000009, 64
128, 0.000010, 64
128, 0.000031, 64
128, 0.000014, 64
128, 0.000016, 64
128, 0.000013, 64
128, 0.000012, 64
128, 0.000016, 64
128, 0.000017, 64
128, 0.000018, 64
128, 0.000017, 64
128, 0.000016, 64
128, 0.000013, 64
128, 0.000012, 64
128, 0.000012, 64
128, 0.000011, 64
128, 0.000096, 64
128, 0.000012, 64
128, 0.000012, 64
128, 0.000009, 64
128, 0.000010, 64
128, 0.000009, 64
128, 0.000009, 64
128, 0.000010, 64
128, 0.000011, 64
128, 0.000014, 64
128, 0.000011, 64
128, 0.000010, 64
128, 0.000009, 64
128, 0.000012, 64
128, 0.000013, 64
128, 0.000016, 64
128, 0.000014, 64
128, 0.000015, 64
128, 0.000014, 64
128, 0.000014, 64
128, 0.000015, 64
128, 0.000015, 64
128, 0.000022, 64
128, 0.000018, 64
128, 0.000014, 64
128, 0.000013, 64
128, 0.000011, 64
128, 0.000011, 64
128, 0.000010, 64
128, 0.000012, 64
128, 0.000012, 64
128, 0.000010, 64
256, 0.000100, 2
256, 0.000057, 2
256, 0.000055, 2
256, 0.000053, 2
256, 0.000070, 2
256, 0.000101, 2
256, 0.000112, 2
256, 0.000062, 2
256, 0.000063, 2
256, 0.000062, 2
256, 0.000212, 2
256, 0.000117, 2
256, 0.000080, 2
256, 0.000056, 2
256, 0.000071, 2
256, 0.000051, 2
256, 0.000095, 2
256, 0.000129, 2
256, 0.000058, 2
256, 0.000066, 2
256, 0.000061, 2
256, 0.000062, 2
256, 0.000170, 2
256, 0.000074, 2
256, 0.000135, 2
256, 0.000084, 2
256, 0.000083, 2
256, 0.000113, 2
256, 0.000137, 2
256, 0.000134, 2
256, 0.000098, 2
256, 0.000115, 2
256, 0.000116, 2
256, 0.000139, 2
256, 0.000095, 2
256, 0.000079, 2
256, 0.000098, 2
256, 0.000133, 2
256, 0.000135, 2
256, 0.000091, 2
256, 0.000083, 2
256, 0.000099, 2
256, 0.000101, 2
256, 0.000127, 2
256, 0.000101, 2
256, 0.000105, 2
256, 0.000164, 2
256, 0.000141, 2
256, 0.000158, 2
256, 0.000123, 2
256, 0.000174, 4
256, 0.000096, 4
256, 0.000111, 4
256, 0.000109, 4
256, 0.000095, 4
256, 0.000102, 4
256, 0.000106, 4
256, 0.000076, 4
256, 0.000062, 4
256, 0.000419, 4
256, 0.000087, 4
256, 0.000074, 4
256, 0.000098, 4
256, 0.000040, 4
256, 0.000043, 4
256, 0.000041, 4
256, 0.000109, 4
256, 0.000071, 4
256, 0.000122, 4
256, 0.000046, 4
256, 0.000045, 4
256, 0.000052, 4
256, 0.000088, 4
256, 0.000077, 4
256, 0.000208, 4
256, 0.000045, 4
256, 0.000040, 4
256, 0.000040, 4
256, 0.000062, 4
256, 0.000064, 4
256, 0.000049, 4
256, 0.000049, 4
256, 0.000045, 4
256, 0.000050, 4
256, 0.000046, 4
256, 0.000047, 4
256, 0.000117, 4
256, 0.000062, 4
256, 0.000056, 4
256, 0.000055, 4
256, 0.000059, 4
256, 0.000130, 4
256, 0.000067, 4
256, 0.000057, 4
256, 0.000049, 4
256, 0.000060, 4
256, 0.000069, 4
256, 0.000070, 4
256, 0.000106, 4
256, 0.000102, 4
256, 0.000051, 8
256, 0.000047, 8
256, 0.000048, 8
256, 0.000052, 8
256, 0.000117, 8
256, 0.000068, 8
256, 0.000042, 8
256, 0.000038, 8
256, 0.000040, 8
256, 0.000161, 8
256, 0.000058, 8
256, 0.000083, 8
256, 0.000050, 8
256, 0.000056, 8
256, 0.000084, 8
256, 0.000085, 8
256, 0.000099, 8
256, 0.000051, 8
256, 0.000058, 8
256, 0.000096, 8
256, 0.000064, 8
256, 0.000101, 8
256, 0.000096, 8
256, 0.000057, 8
256, 0.000075, 8
256, 0.000073, 8
256, 0.000048, 8
256, 0.000060, 8
256, 0.000065, 8
256, 0.000079, 8
256, 0.000068, 8
256, 0.000066, 8
256, 0.000073, 8
256, 0.000086, 8
256, 0.000085, 8
256, 0.000077, 8
256, 0.000062, 8
256, 0.000063, 8
256, 0.000045, 8
256, 0.000045, 8
256, 0.000040, 8
256, 0.000043, 8
256, 0.000127, 8
256, 0.000079, 8
256, 0.000043, 8
256, 0.000038, 8
256, 0.000042, 8
256, 0.000100, 8
256, 0.000087, 8
256, 0.000082, 8
256, 0.000046, 16
256, 0.000037, 16
256, 0.000040, 16
256, 0.000079, 16
256, 0.000081, 16
256, 0.000294, 16
256, 0.000057, 16
256, 0.000041, 16
256, 0.000050, 16
256, 0.000042, 16
256, 0.000093, 16
256, 0.000076, 16
256, 0.000051, 16
256, 0.000048, 16
256, 0.000048, 16
256, 0.000060, 16
256, 0.000084, 16
256, 0.000067, 16
256, 0.000110, 16
256, 0.000042, 16
256, 0.000040, 16
256, 0.000050, 16
256, 0.000098, 16
256, 0.000083, 16
256, 0.000055, 16
256, 0.000041, 16
256, 0.000039, 16
256, 0.000043, 16
256, 0.000081, 16
256, 0.000048, 16
256, 0.000070, 16
256, 0.000041, 16
256, 0.000036, 16
256, 0.000039, 16
256, 0.000050, 16
256, 0.000043, 16
256, 0.000036, 16
256, 0.000045, 16
256, 0.000043, 16
256, 0.000056, 16
256, 0.000167, 16
256, 0.000094, 16
256, 0.000058, 16
256, 0.000071, 16
256, 0.000073, 16
256, 0.000067, 16
256, 0.000067, 16
256, 0.000052, 16
256, 0.000057, 16
256, 0.000061, 16
256, 0.000064, 32
256, 0.000087, 32
256, 0.000197, 32
256, 0.000062, 32
256, 0.000056, 32
256, 0.000048, 32
256, 0.000053, 32
256, 0.000075, 32
256, 0.000057, 32
256, 0.000060, 32
256, 0.000049, 32
256, 0.000048, 32
256, 0.000084, 32
256, 0.000106, 32
256, 0.000045, 32
256, 0.000041, 32
256, 0.000041, 32
256, 0.000041, 32
256, 0.000066, 32
256, 0.000051, 32
256, 0.000042, 32
256, 0.000047, 32
256, 0.000037, 32
256, 0.000042, 32
256, 0.000057, 32
256, 0.000081, 32
256, 0.000065, 32
256, 0.000086, 32
256, 0.000046, 32
256, 0.000043, 32
256, 0.000041, 32
256, 0.000071, 32
256, 0.000100, 32
256, 0.000063, 32
256, 0.000038, 32
256, 0.000044, 32
256, 0.000047, 32
256, 0.000057, 32
256, 0.000074, 32
256, 0.000062, 32
256, 0.000044, 32
256, 0.000047, 32
256, 0.000046, 32
256, 0.000055, 32
256, 0.000082, 32
256, 0.000099, 32
256, 0.000055, 32
256, 0.000056, 32
256, 0.000089, 32
256, 0.000056, 32
256, 0.000072, 64
256, 0.000050, 64
256, 0.000065, 64
256, 0.000061, 64
256, 0.000063, 64
256, 0.000069, 64
256, 0.000108, 64
256, 0.000054, 64
256, 0.000064, 64
256, 0.000102, 64
256, 0.000063, 64
256, 0.000056, 64
256, 0.000061, 64
256, 0.000075, 64
256, 0.000065, 64
256, 0.000101, 64
256, 0.000081, 64
256, 0.000096, 64
256, 0.000037, 64
256, 0.000043, 64
256, 0.000039, 64
256, 0.000203, 64
256, 0.000043, 64
256, 0.000046, 64
256, 0.000044, 64
256, 0.000042, 64
256, 0.000041, 64
256, 0.000101, 64
256, 0.000066, 64
256, 0.000056, 64
256, 0.000043, 64
256, 0.000051, 64
256, 0.000040, 64
256, 0.000042, 64
256, 0.000061, 64
256, 0.000074, 64
256, 0.000070, 64
256, 0.000057, 64
256, 0.000071, 64
256, 0.000072, 64
256, 0.000066, 64
256, 0.000052, 64
256, 0.000054, 64
256, 0.000057, 64
256, 0.000056, 64
256, 0.000133, 64
256, 0.000080, 64
256, 0.000082, 64
256, 0.000061, 64
256, 0.000060, 64
256, 0.000187, 128
256, 0.000108, 128
256, 0.000075, 128
256, 0.000059, 128
256, 0.000052, 128
256, 0.000057, 128
256, 0.000083, 128
256, 0.000089, 128
256, 0.000044, 128
256, 0.000055, 128
256, 0.000058, 128
256, 0.000498, 128
256, 0.000097, 128
256, 0.000051, 128
256, 0.000044, 128
256, 0.000043, 128
256, 0.000042, 128
256, 0.000040, 128
256, 0.000069, 128
256, 0.000049, 128
256, 0.000094, 128
256, 0.000061, 128
256, 0.000052, 128
256, 0.000064, 128
256, 0.000216, 128
256, 0.000114, 128
256, 0.000043, 128
256, 0.000042, 128
256, 0.000046, 128
256, 0.000056, 128
256, 0.000055, 128
256, 0.000047, 128
256, 0.000051, 128
256, 0.000058, 128
256, 0.000054, 128
256, 0.000100, 128
256, 0.000092, 128
256, 0.000048, 128
256, 0.000059, 128
256, 0.000058, 128
256, 0.000193, 128
256, 0.000062, 128
256, 0.000347, 128
256, 0.000052, 128
256, 0.000066, 128
256, 0.000107, 128
256, 0.000129, 128
256, 0.000083, 128
256, 0.000056, 128
256, 0.000040, 128
512, 0.000225, 2
512, 0.000956, 2
512, 0.000555, 2
512, 0.000217, 2
512, 0.000241, 2
512, 0.000947, 2
512, 0.000613, 2
512, 0.000307, 2
512, 0.000280, 2
512, 0.000654, 2
512, 0.000274, 2
512, 0.000210, 2
512, 0.000217, 2
512, 0.000802, 2
512, 0.000232, 2
512, 0.000237, 2
512, 0.000527, 2
512, 0.000647, 2
512, 0.000224, 2
512, 0.000228, 2
512, 0.000411, 2
512, 0.000778, 2
512, 0.000219, 2
512, 0.000215, 2
512, 0.001338, 2
512, 0.000681, 2
512, 0.000284, 2
512, 0.000230, 2
512, 0.000339, 2
512, 0.000293, 2
512, 0.000262, 2
512, 0.000447, 2
512, 0.000388, 2
512, 0.000281, 2
512, 0.000347, 2
512, 0.001290, 2
512, 0.000583, 2
512, 0.000230, 2
512, 0.000212, 2
512, 0.001809, 2
512, 0.000535, 2
512, 0.000237, 2
512, 0.000212, 2
512, 0.001431, 2
512, 0.000565, 2
512, 0.000217, 2
512, 0.000211, 2
512, 0.001664, 2
512, 0.000646, 2
512, 0.000358, 2
512, 0.000201, 4
512, 0.000731, 4
512, 0.000676, 4
512, 0.000226, 4
512, 0.000229, 4
512, 0.001260, 4
512, 0.000521, 4
512, 0.000188, 4
512, 0.000329, 4
512, 0.000481, 4
512, 0.000273, 4
512, 0.000199, 4
512, 0.000183, 4
512, 0.000456, 4
512, 0.000456, 4
512, 0.000347, 4
512, 0.001800, 4
512, 0.000541, 4
512, 0.000375, 4
512, 0.000731, 4
512, 0.000460, 4
512, 0.000248, 4
512, 0.000202, 4
512, 0.001341, 4
512, 0.000641, 4
512, 0.000316, 4
512, 0.000256, 4
512, 0.000638, 4
512, 0.000236, 4
512, 0.000228, 4
512, 0.000495, 4
512, 0.000212, 4
512, 0.000225, 4
512, 0.000200, 4
512, 0.000250, 4
512, 0.000601, 4
512, 0.000202, 4
512, 0.000180, 4
512, 0.000453, 4
512, 0.000488, 4
512, 0.000216, 4
512, 0.000347, 4
512, 0.001268, 4
512, 0.000185, 4
512, 0.000216, 4
512, 0.000602, 4
512, 0.000224, 4
512, 0.000213, 4
512, 0.001016, 4
512, 0.000429, 4
512, 0.000214, 8
512, 0.001292, 8
512, 0.000505, 8
512, 0.000163, 8
512, 0.000177, 8
512, 0.000942, 8
512, 0.000375, 8
512, 0.000166, 8
512, 0.000599, 8
512, 0.000522, 8
512, 0.000174, 8
512, 0.000180, 8
512, 0.001257, 8
512, 0.000255, 8
512, 0.000233, 8
512, 0.000560, 8
512, 0.000189, 8
512, 0.000203, 8
512, 0.001382, 8
512, 0.000190, 8
512, 0.000487, 8
512, 0.000185, 8
512, 0.000800, 8
512, 0.000191, 8
512, 0.000395, 8
512, 0.000403, 8
512, 0.000183, 8
512, 0.000201, 8
512, 0.000175, 8
512, 0.000969, 8
512, 0.000429, 8
512, 0.000278, 8
512, 0.000373, 8
512, 0.000183, 8
512, 0.000604, 8
512, 0.000181, 8
512, 0.000219, 8
512, 0.000511, 8
512, 0.000188, 8
512, 0.001055, 8
512, 0.000181, 8
512, 0.000431, 8
512, 0.000405, 8
512, 0.000260, 8
512, 0.000190, 8
512, 0.000189, 8
512, 0.000366, 8
512, 0.000569, 8
512, 0.000211, 8
512, 0.000500, 8
512, 0.000771, 16
512, 0.000172, 16
512, 0.000689, 16
512, 0.000575, 16
512, 0.000174, 16
512, 0.000972, 16
512, 0.000802, 16
512, 0.000171, 16
512, 0.000357, 16
512, 0.000385, 16
512, 0.000150, 16
512, 0.000182, 16
512, 0.000702, 16
512, 0.000183, 16
512, 0.000147, 16
512, 0.000737, 16
512, 0.000444, 16
512, 0.000158, 16
512, 0.000167, 16
512, 0.000283, 16
512, 0.000240, 16
512, 0.000169, 16
512, 0.000574, 16
512, 0.000492, 16
512, 0.000156, 16
512, 0.000174, 16
512, 0.000183, 16
512, 0.000240, 16
512, 0.000288, 16
512, 0.000316, 16
512, 0.000460, 16
512, 0.000167, 16
512, 0.000153, 16
512, 0.000336, 16
512, 0.000233, 16
512, 0.000175, 16
512, 0.000266, 16
512, 0.000271, 16
512, 0.000410, 16
512, 0.000159, 16
512, 0.000386, 16
512, 0.000175, 16
512, 0.000439, 16
512, 0.000168, 16
512, 0.000286, 16
512, 0.000534, 16
512, 0.000178, 16
512, 0.001144, 16
512, 0.000229, 16
512, 0.000383, 16
512, 0.000192, 32
512, 0.001101, 32
512, 0.000985, 32
512, 0.000509, 32
512, 0.001062, 32
512, 0.000195, 32
512, 0.000236, 32
512, 0.000197, 32
512, 0.000453, 32
512, 0.000584, 32
512, 0.000195, 32
512, 0.000759, 32
512, 0.000406, 32
512, 0.000185, 32
512, 0.000184, 32
512, 0.000974, 32
512, 0.000198, 32
512, 0.000340, 32
512, 0.001003, 32
512, 0.000205, 32
512, 0.000452, 32
512, 0.000221, 32
512, 0.000452, 32
512, 0.000647, 32
512, 0.000236, 32
512, 0.000444, 32
512, 0.000602, 32
512, 0.000179, 32
512, 0.000168, 32
512, 0.000402, 32
512, 0.000237, 32
512, 0.000489, 32
512, 0.000322, 32
512, 0.000406, 32
512, 0.000217, 32
512, 0.000162, 32
512, 0.000560, 32
512, 0.000396, 32
512, 0.000188, 32
512, 0.000179, 32
512, 0.000683, 32
512, 0.000562, 32
512, 0.000188, 32
512, 0.000219, 32
512, 0.001042, 32
512, 0.000199, 32
512, 0.000205, 32
512, 0.000497, 32
512, 0.000415, 32
512, 0.000168, 32
512, 0.000197, 64
512, 0.000652, 64
512, 0.000418, 64
512, 0.000189, 64
512, 0.000166, 64
512, 0.000618, 64
512, 0.000408, 64
512, 0.000189, 64
512, 0.000630, 64
512, 0.000626, 64
512, 0.000191, 64
512, 0.000165, 64
512, 0.001400, 64
512, 0.000502, 64
512, 0.000174, 64
512, 0.001362, 64
512, 0.000593, 64
512, 0.000665, 64
512, 0.000532, 64
512, 0.000394, 64
512, 0.000949, 64
512, 0.000429, 64
512, 0.000639, 64
512, 0.000342, 64
512, 0.000248, 64
512, 0.000658, 64
512, 0.000431, 64
512, 0.000195, 64
512, 0.000228, 64
512, 0.000593, 64
512, 0.000205, 64
512, 0.000190, 64
512, 0.000164, 64
512, 0.000585, 64
512, 0.000488, 64
512, 0.000195, 64
512, 0.000218, 64
512, 0.000358, 64
512, 0.000522, 64
512, 0.000230, 64
512, 0.000205, 64
512, 0.000563, 64
512, 0.000224, 64
512, 0.000169, 64
512, 0.000165, 64
512, 0.001005, 64
512, 0.000384, 64
512, 0.000274, 64
512, 0.001615, 64
512, 0.000509, 64
512, 0.000256, 128
512, 0.000234, 128
512, 0.000710, 128
512, 0.000270, 128
512, 0.000317, 128
512, 0.000700, 128
512, 0.000554, 128
512, 0.000257, 128
512, 0.000244, 128
512, 0.000562, 128
512, 0.000187, 128
512, 0.000191, 128
512, 0.000276, 128
512, 0.000529, 128
512, 0.000295, 128
512, 0.000230, 128
512, 0.000721, 128
512, 0.000209, 128
512, 0.000270, 128
512, 0.000531, 128
512, 0.000538, 128
512, 0.000182, 128
512, 0.000164, 128
512, 0.000507, 128
512, 0.000195, 128
512, 0.000192, 128
512, 0.000339, 128
512, 0.000395, 128
512, 0.000178, 128
512, 0.000331, 128
512, 0.000239, 128
512, 0.000328, 128
512, 0.000295, 128
512, 0.000343, 128
512, 0.000519, 128
512, 0.000193, 128
512, 0.000165, 128
512, 0.001981, 128
512, 0.000441, 128
512, 0.000165, 128
512, 0.000169, 128
512, 0.000429, 128
512, 0.000235, 128
512, 0.000208, 128
512, 0.000275, 128
512, 0.000299, 128
512, 0.000278, 128
512, 0.000373, 128
512, 0.000729, 128
512, 0.000235, 128
1024, 0.003030, 2
1024, 0.002745, 2
1024, 0.001353, 2
1024, 0.004897, 2
1024, 0.003624, 2
1024, 0.001235, 2
1024, 0.001456, 2
1024, 0.003538, 2
1024, 0.001244, 2
1024, 0.002294, 2
1024, 0.004946, 2
1024, 0.001486, 2
1024, 0.001590, 2
1024, 0.003985, 2
1024, 0.002362, 2
1024, 0.001326, 2
1024, 0.003916, 2
1024, 0.001345, 2
1024, 0.001282, 2
1024, 0.002865, 2
1024, 0.001261, 2
1024, 0.002313, 2
1024, 0.004103, 2
1024, 0.001249, 2
1024, 0.002320, 2
1024, 0.004263, 2
1024, 0.001244, 2
1024, 0.002243, 2
1024, 0.004407, 2
1024, 0.001448, 2
1024, 0.001595, 2
1024, 0.003459, 2
1024, 0.001290, 2
1024, 0.002339, 2
1024, 0.004245, 2
1024, 0.002061, 2
1024, 0.001471, 2
1024, 0.004363, 2
1024, 0.002185, 2
1024, 0.001276, 2
1024, 0.004268, 2
1024, 0.003057, 2
1024, 0.001244, 2
1024, 0.003972, 2
1024, 0.003165, 2
1024, 0.001366, 2
1024, 0.003794, 2
1024, 0.002044, 2
1024, 0.001242, 2
1024, 0.004485, 2
1024, 0.000894, 4
1024, 0.001018, 4
1024, 0.003244, 4
1024, 0.000881, 4
1024, 0.003489, 4
1024, 0.001122, 4
1024, 0.001099, 4
1024, 0.002333, 4
1024, 0.001262, 4
1024, 0.001826, 4
1024, 0.002666, 4
1024, 0.000985, 4
1024, 0.002582, 4
1024, 0.000959, 4
1024, 0.000977, 4
1024, 0.002834, 4
1024, 0.000874, 4
1024, 0.002323, 4
1024, 0.002386, 4
1024, 0.000879, 4
1024, 0.002628, 4
1024, 0.000876, 4
1024, 0.002179, 4
1024, 0.002973, 4
1024, 0.000879, 4
1024, 0.003402, 4
1024, 0.001060, 4
1024, 0.000976, 4
1024, 0.003910, 4
1024, 0.000876, 4
1024, 0.002048, 4
1024, 0.002327, 4
1024, 0.000879, 4
1024, 0.002438, 4
1024, 0.002610, 4
1024, 0.000882, 4
1024, 0.002383, 4
1024, 0.001030, 4
1024, 0.002258, 4
1024, 0.002496, 4
1024, 0.001146, 4
1024, 0.002880, 4
1024, 0.003679, 4
1024, 0.001035, 4
1024, 0.002652, 4
1024, 0.003069, 4
1024, 0.000875, 4
1024, 0.003291, 4
1024, 0.000990, 4
1024, 0.000891, 4
1024, 0.003381, 8
1024, 0.000757, 8
1024, 0.002506, 8
1024, 0.001204, 8
1024, 0.000871, 8
1024, 0.002617, 8
1024, 0.000755, 8
1024, 0.003492, 8
1024, 0.001962, 8
1024, 0.000784, 8
1024, 0.003161, 8
1024, 0.000882, 8
1024, 0.002133, 8
1024, 0.001154, 8
1024, 0.000849, 8
1024, 0.001726, 8
1024, 0.000782, 8
1024, 0.003819, 8
1024, 0.000883, 8
1024, 0.002314, 8
1024, 0.001116, 8
1024, 0.000793, 8
1024, 0.002511, 8
1024, 0.000767, 8
1024, 0.003582, 8
1024, 0.000863, 8
1024, 0.000896, 8
1024, 0.003151, 8
1024, 0.000800, 8
1024, 0.002812, 8
1024, 0.000752, 8
1024, 0.001236, 8
1024, 0.004444, 8
1024, 0.000860, 8
1024, 0.001025, 8
1024, 0.003421, 8
1024, 0.003954, 8
1024, 0.003143, 8
1024, 0.001294, 8
1024, 0.002428, 8
1024, 0.002776, 8
1024, 0.001908, 8
1024, 0.000900, 8
1024, 0.004058, 8
1024, 0.002919, 8
1024, 0.001065, 8
1024, 0.000911, 8
1024, 0.004449, 8
1024, 0.002979, 8
1024, 0.000805, 8
1024, 0.002815, 16
1024, 0.004954, 16
1024, 0.002791, 16
1024, 0.000815, 16
1024, 0.002372, 16
1024, 0.005765, 16
1024, 0.002904, 16
1024, 0.001083, 16
1024, 0.002367, 16
1024, 0.004181, 16
1024, 0.003099, 16
1024, 0.001212, 16
1024, 0.003945, 16
1024, 0.003063, 16
1024, 0.003631, 16
1024, 0.002484, 16
1024, 0.000823, 16
1024, 0.003870, 16
1024, 0.002800, 16
1024, 0.000875, 16
1024, 0.002914, 16
1024, 0.003224, 16
1024, 0.002836, 16
1024, 0.000838, 16
1024, 0.002987, 16
1024, 0.003244, 16
1024, 0.003148, 16
1024, 0.000986, 16
1024, 0.000947, 16
1024, 0.003030, 16
1024, 0.003808, 16
1024, 0.002882, 16
1024, 0.000905, 16
1024, 0.002451, 16
1024, 0.003106, 16
1024, 0.003440, 16
1024, 0.001043, 16
1024, 0.001813, 16
1024, 0.004851, 16
1024, 0.001550, 16
1024, 0.000777, 16
1024, 0.004158, 16
1024, 0.003080, 16
1024, 0.000763, 16
1024, 0.004820, 16
1024, 0.003258, 16
1024, 0.000907, 16
1024, 0.003134, 16
1024, 0.003457, 16
1024, 0.000752, 16
1024, 0.002848, 32
1024, 0.002830, 32
1024, 0.000789, 32
1024, 0.003200, 32
1024, 0.000765, 32
1024, 0.001066, 32
1024, 0.002928, 32
1024, 0.000769, 32
1024, 0.003295, 32
1024, 0.000760, 32
1024, 0.001543, 32
1024, 0.002348, 32
1024, 0.000757, 32
1024, 0.002296, 32
1024, 0.003438, 32
1024, 0.000869, 32
1024, 0.002394, 32
1024, 0.000759, 32
1024, 0.002285, 32
1024, 0.002291, 32
1024, 0.000891, 32
1024, 0.001486, 32
1024, 0.002686, 32
1024, 0.000876, 32
1024, 0.000914, 32
1024, 0.003602, 32
1024, 0.001495, 32
1024, 0.001166, 32
1024, 0.004131, 32
1024, 0.002847, 32
1024, 0.000956, 32
1024, 0.002431, 32
1024, 0.001553, 32
1024, 0.001110, 32
1024, 0.002150, 32
1024, 0.002799, 32
1024, 0.001064, 32
1024, 0.002161, 32
1024, 0.001987, 32
1024, 0.000765, 32
1024, 0.002924, 32
1024, 0.002527, 32
1024, 0.000787, 32
1024, 0.002568, 32
1024, 0.000780, 32
1024, 0.001967, 32
1024, 0.002835, 32
1024, 0.000783, 32
1024, 0.002966, 32
1024, 0.003415, 32
1024, 0.000911, 64
1024, 0.003476, 64
1024, 0.003194, 64
1024, 0.000969, 64
1024, 0.003747, 64
1024, 0.003945, 64
1024, 0.000930, 64
1024, 0.002507, 64
1024, 0.003244, 64
1024, 0.001015, 64
1024, 0.002252, 64
1024, 0.002555, 64
1024, 0.001029, 64
1024, 0.001387, 64
1024, 0.002413, 64
1024, 0.004930, 64
1024, 0.002447, 64
1024, 0.003225, 64
1024, 0.001281, 64
1024, 0.002248, 64
1024, 0.002089, 64
1024, 0.004431, 64
1024, 0.004843, 64
1024, 0.002059, 64
1024, 0.001578, 64
1024, 0.001039, 64
1024, 0.002982, 64
1024, 0.004915, 64
1024, 0.003332, 64
1024, 0.001224, 64
1024, 0.002245, 64
1024, 0.003450, 64
1024, 0.003037, 64
1024, 0.001164, 64
1024, 0.002621, 64
1024, 0.000989, 64
1024, 0.001189, 64
1024, 0.002871, 64
1024, 0.000857, 64
1024, 0.002394, 64
1024, 0.003108, 64
1024, 0.000898, 64
1024, 0.002756, 64
1024, 0.000864, 64
1024, 0.001454, 64
1024, 0.003595, 64
1024, 0.000925, 64
1024, 0.003644, 64
1024, 0.001082, 64
1024, 0.000923, 64
1024, 0.004510, 128
1024, 0.000961, 128
1024, 0.002191, 128
1024, 0.003545, 128
1024, 0.001039, 128
1024, 0.002796, 128
1024, 0.005814, 128
1024, 0.003825, 128
1024, 0.003887, 128
1024, 0.001286, 128
1024, 0.002721, 128
1024, 0.003946, 128
1024, 0.001223, 128
1024, 0.002529, 128
1024, 0.004365, 128
1024, 0.004687, 128
1024, 0.001073, 128
1024, 0.001147, 128
1024, 0.005047, 128
1024, 0.003438, 128
1024, 0.001103, 128
1024, 0.004249, 128
1024, 0.003941, 128
1024, 0.001069, 128
1024, 0.002609, 128
1024, 0.003582, 128
1024, 0.004883, 128
1024, 0.001001, 128
1024, 0.001063, 128
1024, 0.002800, 128
1024, 0.000949, 128
1024, 0.002123, 128
1024, 0.003169, 128
1024, 0.001098, 128
1024, 0.002289, 128
1024, 0.003577, 128
1024, 0.001073, 128
1024, 0.003163, 128
1024, 0.003101, 128
1024, 0.001057, 128
1024, 0.004068, 128
1024, 0.001118, 128
1024, 0.001047, 128
1024, 0.002507, 128
1024, 0.001091, 128
1024, 0.003609, 128
1024, 0.003640, 128
1024, 0.001073, 128
1024, 0.004237, 128
1024, 0.001305, 128
2048, 0.011061, 2
2048, 0.010465, 2
2048, 0.012630, 2
2048, 0.016312, 2
2048, 0.012426, 2
2048, 0.011116, 2
2048, 0.014465, 2
2048, 0.014285, 2
2048, 0.015352, 2
2048, 0.012111, 2
2048, 0.015305, 2
2048, 0.018375, 2
2048, 0.014288, 2
2048, 0.012591, 2
2048, 0.011876, 2
2048, 0.011965, 2
2048, 0.014476, 2
2048, 0.014642, 2
2048, 0.012885, 2
2048, 0.010244, 2
2048, 0.013646, 2
2048, 0.014833, 2
2048, 0.015192, 2
2048, 0.011206, 2
2048, 0.011958, 2
2048, 0.014343, 2
2048, 0.014616, 2
2048, 0.014438, 2
2048, 0.012525, 2
2048, 0.011306, 2
2048, 0.010702, 2
2048, 0.014783, 2
2048, 0.014533, 2
2048, 0.014165, 2
2048, 0.014177, 2
2048, 0.012409, 2
2048, 0.011579, 2
2048, 0.011928, 2
2048, 0.013891, 2
2048, 0.015400, 2
2048, 0.014683, 2
2048, 0.014272, 2
2048, 0.012027, 2
2048, 0.011616, 2
2048, 0.012891, 2
2048, 0.015326, 2
2048, 0.015107, 2
2048, 0.014133, 2
2048, 0.011526, 2
2048, 0.011581, 2
2048, 0.009656, 4
2048, 0.009622, 4
2048, 0.011393, 4
2048, 0.013962, 4
2048, 0.012456, 4
2048, 0.011184, 4
2048, 0.012374, 4
2048, 0.012893, 4
2048, 0.010959, 4
2048, 0.011919, 4
2048, 0.009729, 4
2048, 0.008864, 4
2048, 0.009122, 4
2048, 0.013088, 4
2048, 0.014353, 4
2048, 0.009576, 4
2048, 0.011343, 4
2048, 0.013854, 4
2048, 0.013964, 4
2048, 0.011364, 4
2048, 0.010240, 4
2048, 0.010530, 4
2048, 0.015556, 4
2048, 0.012592, 4
2048, 0.014556, 4
2048, 0.012976, 4
2048, 0.010954, 4
2048, 0.014920, 4
2048, 0.010533, 4
2048, 0.015175, 4
2048, 0.013737, 4
2048, 0.008382, 4
2048, 0.009079, 4
2048, 0.014750, 4
2048, 0.012438, 4
2048, 0.007620, 4
2048, 0.008603, 4
2048, 0.013026, 4
2048, 0.014260, 4
2048, 0.014142, 4
2048, 0.010187, 4
2048, 0.009010, 4
2048, 0.008012, 4
2048, 0.006971, 4
2048, 0.007817, 4
2048, 0.008063, 4
2048, 0.007741, 4
2048, 0.012480, 4
2048, 0.015578, 4
2048, 0.012659, 4
2048, 0.012798, 8
2048, 0.011154, 8
2048, 0.011654, 8
2048, 0.017244, 8
2048, 0.014337, 8
2048, 0.019688, 8
2048, 0.013988, 8
2048, 0.007497, 8
2048, 0.009921, 8
2048, 0.013925, 8
2048, 0.015018, 8
2048, 0.022315, 8
2048, 0.019085, 8
2048, 0.010334, 8
2048, 0.009667, 8
2048, 0.013127, 8
2048, 0.009283, 8
2048, 0.007065, 8
2048, 0.009429, 8
2048, 0.013234, 8
2048, 0.015334, 8
2048, 0.009755, 8
2048, 0.014577, 8
2048, 0.013494, 8
2048, 0.014974, 8
2048, 0.015691, 8
2048, 0.016554, 8
2048, 0.014548, 8
2048, 0.010336, 8
2048, 0.015203, 8
2048, 0.009957, 8
2048, 0.015635, 8
2048, 0.010172, 8
2048, 0.014990, 8
2048, 0.012828, 8
2048, 0.015337, 8
2048, 0.010645, 8
2048, 0.008498, 8
2048, 0.014663, 8
2048, 0.012235, 8
2048, 0.011404, 8
2048, 0.015393, 8
2048, 0.012184, 8
2048, 0.011348, 8
2048, 0.015789, 8
2048, 0.014577, 8
2048, 0.013211, 8
2048, 0.014762, 8
2048, 0.013516, 8
2048, 0.019160, 8
2048, 0.011004, 16
2048, 0.015570, 16
2048, 0.011620, 16
2048, 0.010782, 16
2048, 0.012646, 16
2048, 0.013673, 16
2048, 0.009892, 16
2048, 0.009745, 16
2048, 0.011330, 16
2048, 0.013998, 16
2048, 0.009518, 16
2048, 0.009653, 16
2048, 0.011895, 16
2048, 0.013237, 16
2048, 0.012846, 16
2048, 0.011367, 16
2048, 0.010536, 16
2048, 0.009410, 16
2048, 0.008169, 16
2048, 0.009230, 16
2048, 0.010573, 16
2048, 0.012533, 16
2048, 0.012579, 16
2048, 0.011124, 16
2048, 0.009792, 16
2048, 0.008640, 16
2048, 0.007868, 16
2048, 0.007831, 16
2048, 0.008899, 16
2048, 0.009076, 16
2048, 0.010171, 16
2048, 0.010294, 16
2048, 0.011575, 16
2048, 0.012558, 16
2048, 0.013309, 16
2048, 0.012526, 16
2048, 0.012721, 16
2048, 0.011567, 16
2048, 0.011064, 16
2048, 0.011004, 16
2048, 0.010083, 16
2048, 0.009891, 16
2048, 0.009888, 16
2048, 0.009635, 16
2048, 0.008110, 16
2048, 0.007612, 16
2048, 0.008631, 16
2048, 0.008668, 16
2048, 0.008991, 16
2048, 0.009036, 16
2048, 0.011165, 32
2048, 0.012790, 32
2048, 0.013344, 32
2048, 0.012974, 32
2048, 0.012260, 32
2048, 0.011098, 32
2048, 0.011078, 32
2048, 0.010961, 32
2048, 0.010990, 32
2048, 0.011165, 32
2048, 0.011155, 32
2048, 0.011169, 32
2048, 0.011703, 32
2048, 0.008312, 32
2048, 0.009637, 32
2048, 0.009182, 32
2048, 0.011460, 32
2048, 0.011595, 32
2048, 0.013206, 32
2048, 0.012548, 32
2048, 0.012213, 32
2048, 0.010958, 32
2048, 0.011278, 32
2048, 0.011073, 32
2048, 0.011158, 32
2048, 0.009805, 32
2048, 0.009907, 32
2048, 0.008911, 32
2048, 0.008844, 32
2048, 0.009343, 32
2048, 0.008609, 32
2048, 0.007819, 32
2048, 0.008098, 32
2048, 0.007849, 32
2048, 0.008268, 32
2048, 0.007872, 32
2048, 0.007905, 32
2048, 0.008160, 32
2048, 0.009284, 32
2048, 0.012710, 32
2048, 0.013590, 32
2048, 0.013103, 32
2048, 0.012994, 32
2048, 0.012421, 32
2048, 0.011038, 32
2048, 0.011329, 32
2048, 0.011220, 32
2048, 0.009973, 32
2048, 0.009612, 32
2048, 0.008420, 32
2048, 0.009144, 64
2048, 0.008440, 64
2048, 0.009835, 64
2048, 0.009477, 64
2048, 0.011608, 64
2048, 0.013552, 64
2048, 0.013239, 64
2048, 0.013626, 64
2048, 0.013202, 64
2048, 0.011917, 64
2048, 0.011457, 64
2048, 0.010722, 64
2048, 0.008452, 64
2048, 0.010060, 64
2048, 0.010954, 64
2048, 0.013495, 64
2048, 0.013623, 64
2048, 0.012726, 64
2048, 0.011525, 64
2048, 0.010276, 64
2048, 0.009528, 64
2048, 0.008335, 64
2048, 0.008324, 64
2048, 0.007995, 64
2048, 0.008143, 64
2048, 0.008274, 64
2048, 0.008039, 64
2048, 0.007974, 64
2048, 0.008238, 64
2048, 0.009444, 64
2048, 0.009237, 64
2048, 0.011707, 64
2048, 0.011154, 64
2048, 0.015022, 64
2048, 0.008946, 64
2048, 0.007970, 64
2048, 0.008832, 64
2048, 0.008172, 64
2048, 0.008411, 64
2048, 0.008290, 64
2048, 0.007807, 64
2048, 0.007842, 64
2048, 0.007857, 64
2048, 0.007824, 64
2048, 0.007907, 64
2048, 0.008029, 64
2048, 0.008409, 64
2048, 0.007963, 64
2048, 0.009937, 64
2048, 0.011623, 64
2048, 0.013927, 128
2048, 0.013910, 128
2048, 0.012102, 128
2048, 0.010111, 128
2048, 0.008775, 128
2048, 0.008446, 128
2048, 0.008602, 128
2048, 0.008765, 128
2048, 0.010054, 128
2048, 0.009357, 128
2048, 0.011443, 128
2048, 0.013141, 128
2048, 0.014051, 128
2048, 0.014164, 128
2048, 0.013904, 128
2048, 0.014231, 128
2048, 0.011890, 128
2048, 0.010785, 128
2048, 0.008626, 128
2048, 0.007853, 128
2048, 0.007965, 128
2048, 0.008423, 128
2048, 0.008808, 128
2048, 0.008098, 128
2048, 0.008578, 128
2048, 0.009393, 128
2048, 0.010269, 128
2048, 0.010625, 128
2048, 0.010582, 128
2048, 0.010517, 128
2048, 0.011226, 128
2048, 0.013045, 128
2048, 0.014840, 128
2048, 0.014479, 128
2048, 0.013914, 128
2048, 0.013072, 128
2048, 0.011169, 128
2048, 0.011013, 128
2048, 0.010393, 128
2048, 0.009228, 128
2048, 0.009831, 128
2048, 0.007885, 128
2048, 0.008113, 128
2048, 0.008259, 128
2048, 0.008580, 128
2048, 0.008468, 128
2048, 0.008109, 128
2048, 0.007951, 128
2048, 0.008781, 128
2048, 0.008956, 128
4096, 0.083942, 2
4096, 0.081497, 2
4096, 0.080261, 2
4096, 0.079391, 2
4096, 0.079135, 2
4096, 0.079495, 2
4096, 0.080763, 2
4096, 0.076613, 2
4096, 0.085454, 2
4096, 0.081537, 2
4096, 0.081655, 2
4096, 0.081039, 2
4096, 0.084172, 2
4096, 0.083402, 2
4096, 0.082651, 2
4096, 0.082376, 2
4096, 0.081539, 2
4096, 0.083864, 2
4096, 0.084798, 2
4096, 0.084957, 2
4096, 0.084187, 2
4096, 0.085507, 2
4096, 0.084282, 2
4096, 0.085050, 2
4096, 0.083525, 2
4096, 0.083809, 2
4096, 0.083665, 2
4096, 0.085927, 2
4096, 0.083036, 2
4096, 0.082951, 2
4096, 0.083874, 2
4096, 0.083199, 2
4096, 0.086733, 2
4096, 0.086334, 2
4096, 0.083875, 2
4096, 0.084366, 2
4096, 0.085192, 2
4096, 0.084863, 2
4096, 0.084188, 2
4096, 0.084205, 2
4096, 0.083984, 2
4096, 0.083829, 2
4096, 0.084561, 2
4096, 0.084207, 2
4096, 0.086037, 2
4096, 0.083933, 2
4096, 0.084860, 2
4096, 0.083734, 2
4096, 0.082950, 2
4096, 0.087029, 2
4096, 0.057969, 4
4096, 0.062425, 4
4096, 0.062534, 4
4096, 0.063037, 4
4096, 0.062086, 4
4096, 0.059854, 4
4096, 0.058712, 4
4096, 0.056336, 4
4096, 0.061188, 4
4096, 0.061589, 4
4096, 0.062514, 4
4096, 0.061898, 4
4096, 0.060847, 4
4096, 0.060860, 4
4096, 0.061595, 4
4096, 0.061770, 4
4096, 0.062951, 4
4096, 0.060644, 4
4096, 0.062663, 4
4096, 0.061201, 4
4096, 0.059177, 4
4096, 0.059720, 4
4096, 0.057802, 4
4096, 0.055392, 4
4096, 0.055418, 4
4096, 0.056546, 4
4096, 0.059143, 4
4096, 0.062505, 4
4096, 0.062638, 4
4096, 0.062923, 4
4096, 0.061410, 4
4096, 0.061416, 4
4096, 0.061306, 4
4096, 0.062310, 4
4096, 0.060879, 4
4096, 0.058951, 4
4096, 0.066685, 4
4096, 0.059121, 4
4096, 0.058870, 4
4096, 0.058465, 4
4096, 0.066049, 4
4096, 0.060680, 4
4096, 0.059835, 4
4096, 0.057381, 4
4096, 0.058393, 4
4096, 0.065194, 4
4096, 0.062459, 4
4096, 0.059436, 4
4096, 0.057845, 4
4096, 0.059360, 4
4096, 0.056228, 8
4096, 0.053383, 8
4096, 0.054427, 8
4096, 0.054088, 8
4096, 0.053112, 8
4096, 0.055271, 8
4096, 0.059154, 8
4096, 0.052973, 8
4096, 0.055237, 8
4096, 0.055679, 8
4096, 0.059945, 8
4096, 0.057021, 8
4096, 0.053128, 8
4096, 0.054562, 8
4096, 0.053373, 8
4096, 0.056838, 8
4096, 0.060651, 8
4096, 0.059295, 8
4096, 0.065465, 8
4096, 0.057579, 8
4096, 0.058532, 8
4096, 0.058904, 8
4096, 0.057076, 8
4096, 0.063284, 8
4096, 0.055540, 8
4096, 0.056842, 8
4096, 0.058681, 8
4096, 0.060599, 8
4096, 0.056639, 8
4096, 0.055931, 8
4096, 0.053514, 8
4096, 0.053772, 8
4096, 0.055488, 8
4096, 0.057930, 8
4096, 0.058932, 8
4096, 0.061991, 8
4096, 0.054326, 8
4096, 0.057035, 8
4096, 0.057266, 8
4096, 0.061260, 8
4096, 0.060051, 8
4096, 0.060379, 8
4096, 0.056787, 8
4096, 0.054777, 8
4096, 0.055680, 8
4096, 0.089631, 8
4096, 0.071322, 8
4096, 0.068673, 8
4096, 0.063699, 8
4096, 0.063218, 8
4096, 0.054815, 16
4096, 0.056336, 16
4096, 0.058999, 16
4096, 0.061147, 16
4096, 0.065851, 16
4096, 0.067039, 16
4096, 0.066777, 16
4096, 0.057461, 16
4096, 0.067760, 16
4096, 0.087103, 16
4096, 0.070276, 16
4096, 0.064449, 16
4096, 0.068472, 16
4096, 0.076861, 16
4096, 0.069714, 16
4096, 0.076881, 16
4096, 0.063774, 16
4096, 0.067503, 16
4096, 0.062996, 16
4096, 0.066078, 16
4096, 0.070229, 16
4096, 0.060585, 16
4096, 0.053371, 16
4096, 0.062079, 16
4096, 0.061002, 16
4096, 0.060816, 16
4096, 0.053946, 16
4096, 0.064332, 16
4096, 0.058552, 16
4096, 0.057226, 16
4096, 0.056260, 16
4096, 0.057406, 16
4096, 0.060058, 16
4096, 0.056133, 16
4096, 0.075064, 16
4096, 0.075631, 16
4096, 0.100598, 16
4096, 0.075004, 16
4096, 0.070650, 16
4096, 0.074247, 16
4096, 0.078234, 16
4096, 0.063863, 16
4096, 0.081058, 16
4096, 0.070648, 16
4096, 0.058470, 16
4096, 0.068694, 16
4096, 0.063626, 16
4096, 0.056901, 16
4096, 0.064378, 16
4096, 0.066282, 16
4096, 0.067068, 32
4096, 0.064848, 32
4096, 0.068670, 32
4096, 0.065582, 32
4096, 0.053145, 32
4096, 0.057328, 32
4096, 0.060688, 32
4096, 0.061834, 32
4096, 0.056373, 32
4096, 0.053243, 32
4096, 0.058433, 32
4096, 0.055768, 32
4096, 0.053677, 32
4096, 0.058506, 32
4096, 0.051988, 32
4096, 0.054630, 32
4096, 0.052374, 32
4096, 0.060843, 32
4096, 0.052612, 32
4096, 0.059665, 32
4096, 0.060322, 32
4096, 0.055824, 32
4096, 0.053578, 32
4096, 0.057041, 32
4096, 0.059269, 32
4096, 0.054984, 32
4096, 0.053284, 32
4096, 0.055562, 32
4096, 0.061484, 32
4096, 0.057156, 32
4096, 0.055821, 32
4096, 0.053200, 32
4096, 0.054117, 32
4096, 0.056919, 32
4096, 0.058700, 32
4096, 0.059057, 32
4096, 0.055732, 32
4096, 0.052662, 32
4096, 0.055113, 32
4096, 0.058331, 32
4096, 0.061382, 32
4096, 0.056136, 32
4096, 0.058443, 32
4096, 0.058259, 32
4096, 0.059062, 32
4096, 0.059020, 32
4096, 0.062407, 32
4096, 0.059694, 32
4096, 0.058183, 32
4096, 0.055107, 32
4096, 0.053363, 64
4096, 0.055047, 64
4096, 0.058551, 64
4096, 0.057684, 64
4096, 0.053286, 64
4096, 0.054054, 64
4096, 0.057156, 64
4096, 0.059842, 64
4096, 0.057409, 64
4096, 0.053230, 64
4096, 0.056289, 64
4096, 0.062342, 64
4096, 0.060414, 64
4096, 0.064438, 64
4096, 0.057604, 64
4096, 0.056436, 64
4096, 0.067205, 64
4096, 0.053580, 64
4096, 0.056240, 64
4096, 0.059722, 64
4096, 0.056930, 64
4096, 0.053446, 64
4096, 0.054934, 64
4096, 0.060218, 64
4096, 0.060033, 64
4096, 0.055535, 64
4096, 0.053205, 64
4096, 0.058906, 64
4096, 0.052833, 64
4096, 0.057782, 64
4096, 0.054725, 64
4096, 0.054635, 64
4096, 0.058453, 64
4096, 0.060542, 64
4096, 0.053325, 64
4096, 0.058107, 64
4096, 0.064236, 64
4096, 0.056595, 64
4096, 0.056275, 64
4096, 0.054442, 64
4096, 0.060977, 64
4096, 0.055587, 64
4096, 0.055022, 64
4096, 0.056813, 64
4096, 0.059698, 64
4096, 0.058865, 64
4096, 0.057779, 64
4096, 0.053102, 64
4096, 0.058527, 64
4096, 0.063153, 64
4096, 0.053732, 128
4096, 0.052733, 128
4096, 0.056620, 128
4096, 0.053026, 128
4096, 0.055197, 128
4096, 0.060838, 128
4096, 0.057841, 128
4096, 0.056020, 128
4096, 0.052452, 128
4096, 0.059494, 128
4096, 0.053230, 128
4096, 0.055129, 128
4096, 0.057695, 128
4096, 0.052045, 128
4096, 0.055048, 128
4096, 0.057540, 128
4096, 0.056398, 128
4096, 0.053178, 128
4096, 0.053464, 128
4096, 0.054686, 128
4096, 0.055009, 128
4096, 0.057776, 128
4096, 0.056141, 128
4096, 0.052878, 128
4096, 0.053837, 128
4096, 0.056047, 128
4096, 0.057641, 128
4096, 0.054643, 128
4096, 0.053219, 128
4096, 0.054933, 128
4096, 0.059018, 128
4096, 0.056418, 128
4096, 0.053696, 128
4096, 0.053282, 128
4096, 0.053546, 128
4096, 0.057236, 128
4096, 0.053613, 128
4096, 0.053734, 128
4096, 0.056203, 128
4096, 0.054920, 128
4096, 0.056683, 128
4096, 0.052389, 128
4096, 0.054284, 128
4096, 0.063465, 128
4096, 0.053303, 128
4096, 0.054536, 128
4096, 0.055147, 128
4096, 0.055144, 128
4096, 0.056997, 128
4096, 0.058937, 128
8192, 0.411918, 2
8192, 0.416313, 2
8192, 0.413780, 2
8192, 0.412346, 2
8192, 0.405670, 2
8192, 0.412874, 2
8192, 0.418607, 2
8192, 0.420625, 2
8192, 0.412296, 2
8192, 0.418891, 2
8192, 0.413596, 2
8192, 0.411665, 2
8192, 0.413800, 2
8192, 0.407122, 2
8192, 0.401736, 2
8192, 0.391260, 2
8192, 0.394660, 2
8192, 0.385100, 2
8192, 0.393621, 2
8192, 0.397380, 2
8192, 0.386898, 2
8192, 0.402657, 2
8192, 0.393891, 2
8192, 0.389374, 2
8192, 0.398175, 2
8192, 0.404232, 2
8192, 0.413506, 2
8192, 0.412175, 2
8192, 0.414949, 2
8192, 0.417965, 2
8192, 0.413666, 2
8192, 0.410021, 2
8192, 0.411571, 2
8192, 0.420700, 2
8192, 0.406180, 2
8192, 0.407810, 2
8192, 0.414242, 2
8192, 0.411111, 2
8192, 0.409156, 2
8192, 0.420941, 2
8192, 0.445151, 2
8192, 0.415805, 2
8192, 0.419485, 2
8192, 0.412947, 2
8192, 0.416175, 2
8192, 0.424855, 2
8192, 0.414096, 2
8192, 0.406389, 2
8192, 0.408911, 2
8192, 0.413965, 2
8192, 0.280081, 4
8192, 0.287355, 4
8192, 0.279841, 4
8192, 0.277474, 4
8192, 0.278364, 4
8192, 0.277804, 4
8192, 0.281744, 4
8192, 0.274390, 4
8192, 0.275388, 4
8192, 0.280371, 4
8192, 0.280987, 4
8192, 0.280513, 4
8192, 0.275968, 4
8192, 0.278175, 4
8192, 0.272052, 4
8192, 0.275711, 4
8192, 0.274249, 4
8192, 0.283828, 4
8192, 0.279244, 4
8192, 0.278486, 4
8192, 0.276971, 4
8192, 0.280963, 4
8192, 0.275605, 4
8192, 0.284017, 4
8192, 0.274839, 4
8192, 0.278408, 4
8192, 0.277505, 4
8192, 0.279254, 4
8192, 0.280032, 4
8192, 0.286416, 4
8192, 0.278578, 4
8192, 0.283992, 4
8192, 0.279679, 4
8192, 0.277335, 4
8192, 0.279690, 4
8192, 0.281872, 4
8192, 0.278470, 4
8192, 0.279357, 4
8192, 0.293441, 4
8192, 0.294133, 4
8192, 0.284449, 4
8192, 0.279031, 4
8192, 0.279325, 4
8192, 0.276418, 4
8192, 0.274494, 4
8192, 0.275218, 4
8192, 0.289720, 4
8192, 0.290719, 4
8192, 0.272835, 4
8192, 0.270631, 4
8192, 0.257193, 8
8192, 0.259411, 8
8192, 0.259223, 8
8192, 0.256020, 8
8192, 0.255443, 8
8192, 0.253653, 8
8192, 0.259083, 8
8192, 0.280205, 8
8192, 0.258564, 8
8192, 0.258225, 8
8192, 0.255240, 8
8192, 0.262443, 8
8192, 0.266270, 8
8192, 0.259486, 8
8192, 0.263858, 8
8192, 0.262389, 8
8192, 0.260301, 8
8192, 0.283962, 8
8192, 0.276659, 8
8192, 0.260609, 8
8192, 0.261450, 8
8192, 0.260122, 8
8192, 0.256302, 8
8192, 0.249105, 8
8192, 0.260666, 8
8192, 0.253985, 8
8192, 0.269441, 8
8192, 0.264667, 8
8192, 0.267141, 8
8192, 0.266390, 8
8192, 0.271511, 8
8192, 0.259213, 8
8192, 0.261505, 8
8192, 0.260465, 8
8192, 0.260391, 8
8192, 0.270467, 8
8192, 0.271858, 8
8192, 0.265709, 8
8192, 0.264956, 8
8192, 0.262695, 8
8192, 0.258459, 8
8192, 0.267257, 8
8192, 0.258851, 8
8192, 0.255028, 8
8192, 0.257439, 8
8192, 0.259058, 8
8192, 0.267013, 8
8192, 0.264731, 8
8192, 0.266124, 8
8192, 0.262725, 8
8192, 0.264164, 16
8192, 0.265504, 16
8192, 0.275649, 16
8192, 0.275203, 16
8192, 0.274629, 16
8192, 0.273703, 16
8192, 0.267371, 16
8192, 0.269449, 16
8192, 0.273871, 16
8192, 0.265164, 16
8192, 0.265867, 16
8192, 0.266864, 16
8192, 0.266074, 16
8192, 0.263277, 16
8192, 0.274052, 16
8192, 0.274082, 16
8192, 0.266332, 16
8192, 0.266920, 16
8192, 0.267391, 16
8192, 0.268328, 16
8192, 0.265706, 16
8192, 0.270412, 16
8192, 0.265933, 16
8192, 0.272483, 16
8192, 0.282066, 16
8192, 0.276689, 16
8192, 0.272082, 16
8192, 0.264872, 16
8192, 0.276461, 16
8192, 0.262711, 16
8192, 0.264271, 16
8192, 0.270652, 16
8192, 0.263275, 16
8192, 0.270265, 16
8192, 0.270607, 16
8192, 0.266637, 16
8192, 0.267231, 16
8192, 0.261466, 16
8192, 0.266158, 16
8192, 0.268371, 16
8192, 0.267828, 16
8192, 0.264526, 16
8192, 0.277278, 16
8192, 0.283187, 16
8192, 0.265524, 16
8192, 0.263786, 16
8192, 0.264875, 16
8192, 0.269162, 16
8192, 0.280733, 16
8192, 0.265656, 16
8192, 0.268299, 32
8192, 0.280471, 32
8192, 0.277043, 32
8192, 0.277705, 32
8192, 0.273142, 32
8192, 0.279511, 32
8192, 0.271088, 32
8192, 0.272912, 32
8192, 0.275219, 32
8192, 0.277400, 32
8192, 0.271560, 32
8192, 0.271769, 32
8192, 0.281601, 32
8192, 0.272486, 32
8192, 0.274227, 32
8192, 0.277176, 32
8192, 0.272975, 32
8192, 0.275297, 32
8192, 0.275562, 32
8192, 0.272229, 32
8192, 0.273426, 32
8192, 0.286402, 32
8192, 0.272070, 32
8192, 0.272669, 32
8192, 0.272799, 32
8192, 0.270789, 32
8192, 0.279773, 32
8192, 0.274030, 32
8192, 0.275621, 32
8192, 0.279656, 32
8192, 0.271085, 32
8192, 0.270285, 32
8192, 0.270008, 32
8192, 0.274167, 32
8192, 0.273743, 32
8192, 0.274377, 32
8192, 0.271249, 32
8192, 0.268190, 32
8192, 0.272572, 32
8192, 0.272940, 32
8192, 0.284015, 32
8192, 0.274187, 32
8192, 0.271416, 32
8192, 0.276179, 32
8192, 0.276405, 32
8192, 0.271667, 32
8192, 0.275780, 32
8192, 0.267118, 32
8192, 0.274869, 32
8192, 0.275602, 32
8192, 0.258619, 64
8192, 0.251665, 64
8192, 0.251521, 64
8192, 0.250256, 64
8192, 0.250344, 64
8192, 0.248744, 64
8192, 0.255365, 64
8192, 0.254718, 64
8192, 0.251577, 64
8192, 0.255853, 64
8192, 0.261317, 64
8192, 0.252768, 64
8192, 0.255467, 64
8192, 0.252340, 64
8192, 0.251099, 64
8192, 0.251710, 64
8192, 0.251072, 64
8192, 0.259241, 64
8192, 0.248513, 64
8192, 0.261447, 64
8192, 0.254709, 64
8192, 0.252793, 64
8192, 0.264696, 64
8192, 0.251981, 64
8192, 0.252152, 64
8192, 0.250444, 64
8192, 0.250340, 64
8192, 0.248278, 64
8192, 0.262829, 64
8192, 0.253168, 64
8192, 0.251772, 64
8192, 0.252812, 64
8192, 0.250118, 64
8192, 0.250131, 64
8192, 0.254275, 64
8192, 0.249875, 64
8192, 0.251676, 64
8192, 0.252301, 64
8192, 0.262320, 64
8192, 0.260531, 64
8192, 0.251077, 64
8192, 0.252563, 64
8192, 0.251510, 64
8192, 0.255340, 64
8192, 0.251763, 64
8192, 0.260532, 64
8192, 0.254335, 64
8192, 0.251307, 64
8192, 0.257671, 64
8192, 0.258222, 64
8192, 0.239856, 128
8192, 0.235892, 128
8192, 0.237182, 128
8192, 0.235364, 128
8192, 0.233854, 128
8192, 0.236024, 128
8192, 0.237936, 128
8192, 0.234739, 128
8192, 0.243176, 128
8192, 0.239375, 128
8192, 0.236667, 128
8192, 0.235963, 128
8192, 0.232125, 128
8192, 0.240522, 128
8192, 0.233390, 128
8192, 0.234252, 128
8192, 0.232597, 128
8192, 0.232801, 128
8192, 0.238571, 128
8192, 0.238833, 128
8192, 0.240879, 128
8192, 0.238958, 128
8192, 0.236253, 128
8192, 0.234676, 128
8192, 0.233801, 128
8192, 0.242147, 128
8192, 0.236919, 128
8192, 0.238763, 128
8192, 0.233689, 128
8192, 0.240848, 128
8192, 0.239141, 128
8192, 0.236889, 128
8192, 0.234079, 128
8192, 0.242033, 128
8192, 0.235999, 128
8192, 0.236168, 128
8192, 0.233043, 128
8192, 0.232058, 128
8192, 0.235296, 128
8192, 0.237483, 128
8192, 0.233164, 128
8192, 0.234219, 128
8192, 0.239226, 128
8192, 0.238752, 128
8192, 0.243117, 128
8192, 0.235936, 128
8192, 0.233858, 128
8192, 0.239156, 128
8192, 0.229295, 128
8192, 0.237643, 128
