2, 0.000002
2, 0.000003
2, 0.000002
2, 0.000001
2, 0.000001
2, 0.000001
2, 0.000000
2, 0.000000
2, 0.000001
2, 0.000002
2, 0.000000
2, 0.000001
2, 0.000001
2, 0.000001
2, 0.000001
2, 0.000001
2, 0.000001
2, 0.000001
2, 0.000000
2, 0.000001
2, 0.000001
2, 0.000001
2, 0.000001
2, 0.000000
2, 0.000001
2, 0.000001
2, 0.000002
2, 0.000004
2, 0.000001
2, 0.000001
2, 0.000001
2, 0.000001
2, 0.000001
2, 0.000000
2, 0.000001
2, 0.000001
2, 0.000001
2, 0.000001
2, 0.000000
2, 0.000001
2, 0.000001
2, 0.000001
2, 0.000002
2, 0.000001
2, 0.000001
2, 0.000000
2, 0.000001
2, 0.000001
2, 0.000001
2, 0.000001
4, 0.000001
4, 0.000001
4, 0.000001
4, 0.000001
4, 0.000001
4, 0.000002
4, 0.000001
4, 0.000002
4, 0.000001
4, 0.000001
4, 0.000001
4, 0.000001
4, 0.000001
4, 0.000000
4, 0.000001
4, 0.000001
4, 0.000001
4, 0.000002
4, 0.000001
4, 0.000002
4, 0.000002
4, 0.000001
4, 0.000001
4, 0.000000
4, 0.000002
4, 0.000001
4, 0.000001
4, 0.000001
4, 0.000001
4, 0.000001
4, 0.000001
4, 0.000003
4, 0.000002
4, 0.000001
4, 0.000002
4, 0.000001
4, 0.000001
4, 0.000002
4, 0.000001
4, 0.000002
4, 0.000001
4, 0.000000
4, 0.000000
4, 0.000000
4, 0.000001
4, 0.000002
4, 0.000002
4, 0.000001
4, 0.000001
4, 0.000001
8, 0.000000
8, 0.000001
8, 0.000001
8, 0.000002
8, 0.000001
8, 0.000001
8, 0.000001
8, 0.000000
8, 0.000001
8, 0.000001
8, 0.000001
8, 0.000009
8, 0.000002
8, 0.000001
8, 0.000001
8, 0.000001
8, 0.000001
8, 0.000001
8, 0.000002
8, 0.000005
8, 0.000001
8, 0.000001
8, 0.000001
8, 0.000002
8, 0.000004
8, 0.000001
8, 0.000002
8, 0.000001
8, 0.000001
8, 0.000002
8, 0.000001
8, 0.000001
8, 0.000001
8, 0.000001
8, 0.000001
8, 0.000001
8, 0.000000
8, 0.000000
8, 0.000001
8, 0.000001
8, 0.000001
8, 0.000001
8, 0.000001
8, 0.000002
8, 0.000001
8, 0.000001
8, 0.000001
8, 0.000002
8, 0.000001
8, 0.000001
16, 0.000003
16, 0.000003
16, 0.000003
16, 0.000002
16, 0.000003
16, 0.000002
16, 0.000003
16, 0.000003
16, 0.000002
16, 0.000002
16, 0.000001
16, 0.000001
16, 0.000001
16, 0.000002
16, 0.000004
16, 0.000001
16, 0.000002
16, 0.000001
16, 0.000001
16, 0.000001
16, 0.000014
16, 0.000001
16, 0.000001
16, 0.000002
16, 0.000002
16, 0.000001
16, 0.000001
16, 0.000002
16, 0.000002
16, 0.000002
16, 0.000002
16, 0.000001
16, 0.000001
16, 0.000001
16, 0.000001
16, 0.000001
16, 0.000001
16, 0.000002
16, 0.000002
16, 0.000002
16, 0.000002
16, 0.000001
16, 0.000001
16, 0.000001
16, 0.000001
16, 0.000001
16, 0.000001
16, 0.000002
16, 0.000002
16, 0.000001
32, 0.000006
32, 0.000006
32, 0.000004
32, 0.000005
32, 0.000006
32, 0.000005
32, 0.000005
32, 0.000004
32, 0.000006
32, 0.000004
32, 0.000004
32, 0.000004
32, 0.000006
32, 0.000008
32, 0.000005
32, 0.000006
32, 0.000003
32, 0.000004
32, 0.000004
32, 0.000003
32, 0.000004
32, 0.000003
32, 0.000003
32, 0.000004
32, 0.000004
32, 0.000003
32, 0.000005
32, 0.000004
32, 0.000004
32, 0.000003
32, 0.000003
32, 0.000002
32, 0.000004
32, 0.000003
32, 0.000003
32, 0.000003
32, 0.000004
32, 0.000004
32, 0.000003
32, 0.000003
32, 0.000003
32, 0.000003
32, 0.000004
32, 0.000003
32, 0.000003
32, 0.000004
32, 0.000004
32, 0.000003
32, 0.000004
32, 0.000004
64, 0.000013
64, 0.000010
64, 0.000011
64, 0.000010
64, 0.000011
64, 0.000011
64, 0.000012
64, 0.000014
64, 0.000012
64, 0.000012
64, 0.000012
64, 0.000011
64, 0.000014
64, 0.000017
64, 0.000077
64, 0.000015
64, 0.000018
64, 0.000020
64, 0.000020
64, 0.000021
64, 0.000020
64, 0.000021
64, 0.000018
64, 0.000022
64, 0.000022
64, 0.000025
64, 0.000028
64, 0.000023
64, 0.000022
64, 0.000025
64, 0.000025
64, 0.000019
64, 0.000026
64, 0.000022
64, 0.000019
64, 0.000024
64, 0.000026
64, 0.000037
64, 0.000027
64, 0.000023
64, 0.000026
64, 0.000032
64, 0.000024
64, 0.000023
64, 0.000019
64, 0.000018
64, 0.000023
64, 0.000018
64, 0.000016
64, 0.000013
128, 0.000045
128, 0.000050
128, 0.000044
128, 0.000050
128, 0.000045
128, 0.000042
128, 0.000043
128, 0.000037
128, 0.000040
128, 0.000037
128, 0.000052
128, 0.000046
128, 0.000038
128, 0.000041
128, 0.000037
128, 0.000040
128, 0.000060
128, 0.000042
128, 0.000060
128, 0.000041
128, 0.000041
128, 0.000042
128, 0.000044
128, 0.000043
128, 0.000056
128, 0.000051
128, 0.000050
128, 0.000067
128, 0.000062
128, 0.000068
128, 0.000070
128, 0.000070
128, 0.000079
128, 0.000070
128, 0.000065
128, 0.000058
128, 0.000056
128, 0.000046
128, 0.000046
128, 0.000045
128, 0.000049
128, 0.000054
128, 0.000055
128, 0.000046
128, 0.000052
128, 0.000051
128, 0.000041
128, 0.000035
128, 0.000039
128, 0.000040
256, 0.000165
256, 0.000198
256, 0.000170
256, 0.000193
256, 0.000156
256, 0.000156
256, 0.000195
256, 0.000158
256, 0.000161
256, 0.000143
256, 0.000169
256, 0.000306
256, 0.000196
256, 0.000190
256, 0.000157
256, 0.000144
256, 0.000390
256, 0.000222
256, 0.000220
256, 0.000195
256, 0.000177
256, 0.000180
256, 0.000312
256, 0.000212
256, 0.000171
256, 0.000195
256, 0.000273
256, 0.000324
256, 0.000290
256, 0.000286
256, 0.000394
256, 0.000300
256, 0.000288
256, 0.000183
256, 0.000171
256, 0.000199
256, 0.000178
256, 0.000251
256, 0.000200
256, 0.000156
256, 0.000139
256, 0.000251
256, 0.000161
256, 0.000238
256, 0.000250
256, 0.000156
256, 0.000205
256, 0.000148
256, 0.000153
256, 0.000166
512, 0.000727
512, 0.001041
512, 0.000759
512, 0.001122
512, 0.000847
512, 0.000609
512, 0.000758
512, 0.000807
512, 0.000692
512, 0.000596
512, 0.000990
512, 0.000613
512, 0.000772
512, 0.001068
512, 0.000724
512, 0.000715
512, 0.000766
512, 0.000992
512, 0.001958
512, 0.000915
512, 0.000707
512, 0.000832
512, 0.000581
512, 0.000560
512, 0.000959
512, 0.001009
512, 0.000685
512, 0.000878
512, 0.001022
512, 0.000562
512, 0.000584
512, 0.000905
512, 0.000784
512, 0.000558
512, 0.000694
512, 0.000734
512, 0.000585
512, 0.001171
512, 0.000818
512, 0.000561
512, 0.000779
512, 0.000877
512, 0.000564
512, 0.000607
512, 0.000765
512, 0.000596
512, 0.000795
512, 0.001198
512, 0.000575
512, 0.000819
1024, 0.002608
1024, 0.004013
1024, 0.003430
1024, 0.003648
1024, 0.004096
1024, 0.004954
1024, 0.005746
1024, 0.005334
1024, 0.004809
1024, 0.004618
1024, 0.002469
1024, 0.003334
1024, 0.003107
1024, 0.004765
1024, 0.004892
1024, 0.005169
1024, 0.003996
1024, 0.002414
1024, 0.003049
1024, 0.005388
1024, 0.003718
1024, 0.003336
1024, 0.004851
1024, 0.004701
1024, 0.004114
1024, 0.002442
1024, 0.003273
1024, 0.004970
1024, 0.004312
1024, 0.004064
1024, 0.002314
1024, 0.003543
1024, 0.004276
1024, 0.004835
1024, 0.004878
1024, 0.005168
1024, 0.002315
1024, 0.002530
1024, 0.004004
1024, 0.004709
1024, 0.005338
1024, 0.005881
1024, 0.004466
1024, 0.002329
1024, 0.003120
1024, 0.004588
1024, 0.005266
1024, 0.004660
1024, 0.002465
1024, 0.002811
2048, 0.019613
2048, 0.020120
2048, 0.017874
2048, 0.018655
2048, 0.018889
2048, 0.019128
2048, 0.020869
2048, 0.023992
2048, 0.023143
2048, 0.019064
2048, 0.018917
2048, 0.019996
2048, 0.021473
2048, 0.020227
2048, 0.018049
2048, 0.018425
2048, 0.019555
2048, 0.019968
2048, 0.019130
2048, 0.020374
2048, 0.018394
2048, 0.018845
2048, 0.019451
2048, 0.018996
2048, 0.018791
2048, 0.020429
2048, 0.020070
2048, 0.018537
2048, 0.018417
2048, 0.020202
2048, 0.020481
2048, 0.018759
2048, 0.019261
2048, 0.019422
2048, 0.018233
2048, 0.019183
2048, 0.019895
2048, 0.020448
2048, 0.018761
2048, 0.018727
2048, 0.018499
2048, 0.018579
2048, 0.019580
2048, 0.020629
2048, 0.022355
2048, 0.019554
2048, 0.019654
2048, 0.018792
2048, 0.018726
2048, 0.017929
4096, 0.125133
4096, 0.151758
4096, 0.138732
4096, 0.139522
4096, 0.138063
4096, 0.132755
4096, 0.125565
4096, 0.136793
4096, 0.131291
4096, 0.117800
4096, 0.133022
4096, 0.132247
4096, 0.140222
4096, 0.133752
4096, 0.125284
4096, 0.128838
4096, 0.124299
4096, 0.121552
4096, 0.126104
4096, 0.127733
4096, 0.127693
4096, 0.138113
4096, 0.130894
4096, 0.143347
4096, 0.128309
4096, 0.124742
4096, 0.130741
4096, 0.122493
4096, 0.119738
4096, 0.120879
4096, 0.118209
4096, 0.118284
4096, 0.118211
4096, 0.116597
4096, 0.123540
4096, 0.122641
4096, 0.119727
4096, 0.116715
4096, 0.116203
4096, 0.117932
4096, 0.119291
4096, 0.120819
4096, 0.117397
4096, 0.119237
4096, 0.118833
4096, 0.117482
4096, 0.117409
4096, 0.118607
4096, 0.116773
4096, 0.116604
8192, 0.601930
8192, 0.590979
8192, 0.580148
8192, 0.581509
8192, 0.582585
8192, 0.575693
8192, 0.614214
8192, 0.589762
8192, 0.588822
8192, 0.598477
8192, 0.597014
8192, 0.590824
8192, 0.593287
8192, 0.587459
8192, 0.595422
8192, 0.588922
8192, 0.597905
8192, 0.592197
8192, 0.595516
8192, 0.585665
8192, 0.597044
8192, 0.579119
8192, 0.589328
8192, 0.590564
8192, 0.591330
8192, 0.595506
8192, 0.588539
8192, 0.586108
8192, 0.598472
8192, 0.591508
8192, 0.582400
8192, 0.585356
8192, 0.599377
8192, 0.579906
8192, 0.585040
8192, 0.584518
8192, 0.587678
8192, 0.598422
8192, 0.588725
8192, 0.603518
8192, 0.576391
8192, 0.593485
8192, 0.604985
8192, 0.587011
8192, 0.593540
8192, 0.590453
8192, 0.581331
8192, 0.596944
8192, 0.595320
8192, 0.584271
4, 0.000003, 2
4, 0.000001, 2
4, 0.000001, 2
4, 0.000000, 2
4, 0.000001, 2
4, 0.000000, 2
4, 0.000001, 2
4, 0.000001, 2
4, 0.000002, 2
4, 0.000000, 2
4, 0.000002, 2
4, 0.000001, 2
4, 0.000001, 2
4, 0.000001, 2
4, 0.000001, 2
4, 0.000001, 2
4, 0.000002, 2
4, 0.000001, 2
4, 0.000001, 2
4, 0.000001, 2
4, 0.000001, 2
4, 0.000000, 2
4, 0.000001, 2
4, 0.000003, 2
4, 0.000001, 2
4, 0.000001, 2
4, 0.000001, 2
4, 0.000001, 2
4, 0.000001, 2
4, 0.000002, 2
4, 0.000003, 2
4, 0.000001, 2
4, 0.000001, 2
4, 0.000002, 2
4, 0.000002, 2
4, 0.000003, 2
4, 0.000002, 2
4, 0.000001, 2
4, 0.000000, 2
4, 0.000001, 2
4, 0.000001, 2
4, 0.000000, 2
4, 0.000001, 2
4, 0.000002, 2
4, 0.000001, 2
4, 0.000001, 2
4, 0.000001, 2
4, 0.000000, 2
4, 0.000000, 2
4, 0.000001, 2
8, 0.000002, 2
8, 0.000002, 2
8, 0.000001, 2
8, 0.000001, 2
8, 0.000001, 2
8, 0.000001, 2
8, 0.000000, 2
8, 0.000001, 2
8, 0.000002, 2
8, 0.000001, 2
8, 0.000002, 2
8, 0.000001, 2
8, 0.000001, 2
8, 0.000001, 2
8, 0.000001, 2
8, 0.000004, 2
8, 0.000001, 2
8, 0.000001, 2
8, 0.000001, 2
8, 0.000001, 2
8, 0.000002, 2
8, 0.000002, 2
8, 0.000002, 2
8, 0.000004, 2
8, 0.000002, 2
8, 0.000002, 2
8, 0.000001, 2
8, 0.000001, 2
8, 0.000002, 2
8, 0.000003, 2
8, 0.000002, 2
8, 0.000001, 2
8, 0.000002, 2
8, 0.000002, 2
8, 0.000002, 2
8, 0.000002, 2
8, 0.000002, 2
8, 0.000002, 2
8, 0.000001, 2
8, 0.000001, 2
8, 0.000001, 2
8, 0.000001, 2
8, 0.000002, 2
8, 0.000002, 2
8, 0.000002, 2
8, 0.000001, 2
8, 0.000001, 2
8, 0.000002, 2
8, 0.000001, 2
8, 0.000002, 2
8, 0.000001, 4
8, 0.000001, 4
8, 0.000002, 4
8, 0.000001, 4
8, 0.000001, 4
8, 0.000001, 4
8, 0.000001, 4
8, 0.000002, 4
8, 0.000001, 4
8, 0.000001, 4
8, 0.000001, 4
8, 0.000001, 4
8, 0.000001, 4
8, 0.000001, 4
8, 0.000001, 4
8, 0.000001, 4
8, 0.000002, 4
8, 0.000001, 4
8, 0.000001, 4
8, 0.000001, 4
8, 0.000001, 4
8, 0.000001, 4
8, 0.000001, 4
8, 0.000001, 4
8, 0.000001, 4
8, 0.000001, 4
8, 0.000001, 4
8, 0.000001, 4
8, 0.000001, 4
8, 0.000001, 4
8, 0.000001, 4
8, 0.000001, 4
8, 0.000002, 4
8, 0.000001, 4
8, 0.000001, 4
8, 0.000000, 4
8, 0.000001, 4
8, 0.000001, 4
8, 0.000001, 4
8, 0.000004, 4
8, 0.000001, 4
8, 0.000001, 4
8, 0.000001, 4
8, 0.000002, 4
8, 0.000001, 4
8, 0.000002, 4
8, 0.000001, 4
8, 0.000001, 4
8, 0.000001, 4
8, 0.000001, 4
16, 0.000002, 2
16, 0.000003, 2
16, 0.000002, 2
16, 0.000003, 2
16, 0.000003, 2
16, 0.000002, 2
16, 0.000001, 2
16, 0.000001, 2
16, 0.000002, 2
16, 0.000003, 2
16, 0.000002, 2
16, 0.000002, 2
16, 0.000002, 2
16, 0.000002, 2
16, 0.000002, 2
16, 0.000002, 2
16, 0.000002, 2
16, 0.000003, 2
16, 0.000002, 2
16, 0.000002, 2
16, 0.000002, 2
16, 0.000002, 2
16, 0.000002, 2
16, 0.000002, 2
16, 0.000002, 2
16, 0.000002, 2
16, 0.000002, 2
16, 0.000002, 2
16, 0.000002, 2
16, 0.000002, 2
16, 0.000002, 2
16, 0.000005, 2
16, 0.000002, 2
16, 0.000002, 2
16, 0.000002, 2
16, 0.000002, 2
16, 0.000002, 2
16, 0.000002, 2
16, 0.000002, 2
16, 0.000002, 2
16, 0.000002, 2
16, 0.000002, 2
16, 0.000002, 2
16, 0.000001, 2
16, 0.000001, 2
16, 0.000002, 2
16, 0.000002, 2
16, 0.000002, 2
16, 0.000003, 2
16, 0.000002, 2
16, 0.000002, 4
16, 0.000002, 4
16, 0.000002, 4
16, 0.000001, 4
16, 0.000002, 4
16, 0.000002, 4
16, 0.000001, 4
16, 0.000001, 4
16, 0.000002, 4
16, 0.000001, 4
16, 0.000001, 4
16, 0.000001, 4
16, 0.000004, 4
16, 0.000002, 4
16, 0.000002, 4
16, 0.000002, 4
16, 0.000002, 4
16, 0.000001, 4
16, 0.000002, 4
16, 0.000001, 4
16, 0.000029, 4
16, 0.000001, 4
16, 0.000001, 4
16, 0.000002, 4
16, 0.000001, 4
16, 0.000002, 4
16, 0.000002, 4
16, 0.000003, 4
16, 0.000002, 4
16, 0.000002, 4
16, 0.000001, 4
16, 0.000002, 4
16, 0.000002, 4
16, 0.000002, 4
16, 0.000002, 4
16, 0.000002, 4
16, 0.000002, 4
16, 0.000002, 4
16, 0.000002, 4
16, 0.000002, 4
16, 0.000001, 4
16, 0.000003, 4
16, 0.000002, 4
16, 0.000002, 4
16, 0.000002, 4
16, 0.000002, 4
16, 0.000002, 4
16, 0.000002, 4
16, 0.000002, 4
16, 0.000002, 4
16, 0.000002, 8
16, 0.000001, 8
16, 0.000001, 8
16, 0.000001, 8
16, 0.000001, 8
16, 0.000001, 8
16, 0.000001, 8
16, 0.000002, 8
16, 0.000003, 8
16, 0.000001, 8
16, 0.000002, 8
16, 0.000001, 8
16, 0.000001, 8
16, 0.000002, 8
16, 0.000002, 8
16, 0.000002, 8
16, 0.000001, 8
16, 0.000001, 8
16, 0.000001, 8
16, 0.000002, 8
16, 0.000002, 8
16, 0.000003, 8
16, 0.000002, 8
16, 0.000001, 8
16, 0.000001, 8
16, 0.000002, 8
16, 0.000002, 8
16, 0.000002, 8
16, 0.000002, 8
16, 0.000003, 8
16, 0.000002, 8
16, 0.000002, 8
16, 0.000002, 8
16, 0.000002, 8
16, 0.000002, 8
16, 0.000002, 8
16, 0.000003, 8
16, 0.000002, 8
16, 0.000002, 8
16, 0.000003, 8
16, 0.000003, 8
16, 0.000003, 8
16, 0.000002, 8
16, 0.000002, 8
16, 0.000002, 8
16, 0.000002, 8
16, 0.000002, 8
16, 0.000005, 8
16, 0.000002, 8
16, 0.000002, 8
32, 0.000006, 2
32, 0.000007, 2
32, 0.000008, 2
32, 0.000007, 2
32, 0.000006, 2
32, 0.000008, 2
32, 0.000007, 2
32, 0.000006, 2
32, 0.000007, 2
32, 0.000012, 2
32, 0.000006, 2
32, 0.000006, 2
32, 0.000006, 2
32, 0.000006, 2
32, 0.000006, 2
32, 0.000009, 2
32, 0.000007, 2
32, 0.000005, 2
32, 0.000005, 2
32, 0.000004, 2
32, 0.000005, 2
32, 0.000005, 2
32, 0.000005, 2
32, 0.000005, 2
32, 0.000005, 2
32, 0.000004, 2
32, 0.000004, 2
32, 0.000004, 2
32, 0.000005, 2
32, 0.000004, 2
32, 0.000004, 2
32, 0.000007, 2
32, 0.000010, 2
32, 0.000005, 2
32, 0.000006, 2
32, 0.000004, 2
32, 0.000004, 2
32, 0.000005, 2
32, 0.000008, 2
32, 0.000006, 2
32, 0.000005, 2
32, 0.000005, 2
32, 0.000004, 2
32, 0.000005, 2
32, 0.000004, 2
32, 0.000006, 2
32, 0.000008, 2
32, 0.000007, 2
32, 0.000005, 2
32, 0.000005, 2
32, 0.000004, 4
32, 0.000004, 4
32, 0.000005, 4
32, 0.000004, 4
32, 0.000004, 4
32, 0.000004, 4
32, 0.000003, 4
32, 0.000003, 4
32, 0.000004, 4
32, 0.000004, 4
32, 0.000005, 4
32, 0.000006, 4
32, 0.000005, 4
32, 0.000007, 4
32, 0.000004, 4
32, 0.000003, 4
32, 0.000003, 4
32, 0.000004, 4
32, 0.000004, 4
32, 0.000006, 4
32, 0.000003, 4
32, 0.000004, 4
32, 0.000004, 4
32, 0.000004, 4
32, 0.000004, 4
32, 0.000005, 4
32, 0.000004, 4
32, 0.000003, 4
32, 0.000004, 4
32, 0.000004, 4
32, 0.000003, 4
32, 0.000007, 4
32, 0.000004, 4
32, 0.000004, 4
32, 0.000004, 4
32, 0.000004, 4
32, 0.000003, 4
32, 0.000005, 4
32, 0.000004, 4
32, 0.000005, 4
32, 0.000004, 4
32, 0.000004, 4
32, 0.000003, 4
32, 0.000003, 4
32, 0.000003, 4
32, 0.000005, 4
32, 0.000004, 4
32, 0.000004, 4
32, 0.000004, 4
32, 0.000003, 4
32, 0.000004, 8
32, 0.000004, 8
32, 0.000036, 8
32, 0.000004, 8
32, 0.000004, 8
32, 0.000003, 8
32, 0.000004, 8
32, 0.000003, 8
32, 0.000003, 8
32, 0.000003, 8
32, 0.000003, 8
32, 0.000004, 8
32, 0.000004, 8
32, 0.000004, 8
32, 0.000003, 8
32, 0.000003, 8
32, 0.000003, 8
32, 0.000004, 8
32, 0.000010, 8
32, 0.000006, 8
32, 0.000006, 8
32, 0.000004, 8
32, 0.000006, 8
32, 0.000005, 8
32, 0.000006, 8
32, 0.000005, 8
32, 0.000004, 8
32, 0.000004, 8
32, 0.000004, 8
32, 0.000004, 8
32, 0.000004, 8
32, 0.000003, 8
32, 0.000004, 8
32, 0.000007, 8
32, 0.000004, 8
32, 0.000003, 8
32, 0.000004, 8
32, 0.000004, 8
32, 0.000003, 8
32, 0.000004, 8
32, 0.000003, 8
32, 0.000005, 8
32, 0.000006, 8
32, 0.000007, 8
32, 0.000003, 8
32, 0.000003, 8
32, 0.000003, 8
32, 0.000007, 8
32, 0.000004, 8
32, 0.000004, 8
32, 0.000003, 16
32, 0.000003, 16
32, 0.000004, 16
32, 0.000004, 16
32, 0.000004, 16
32, 0.000004, 16
32, 0.000004, 16
32, 0.000003, 16
32, 0.000004, 16
32, 0.000003, 16
32, 0.000003, 16
32, 0.000004, 16
32, 0.000004, 16
32, 0.000004, 16
32, 0.000004, 16
32, 0.000004, 16
32, 0.000003, 16
32, 0.000003, 16
32, 0.000003, 16
32, 0.000007, 16
32, 0.000004, 16
32, 0.000004, 16
32, 0.000004, 16
32, 0.000003, 16
32, 0.000003, 16
32, 0.000004, 16
32, 0.000003, 16
32, 0.000006, 16
32, 0.000004, 16
32, 0.000004, 16
32, 0.000003, 16
32, 0.000004, 16
32, 0.000003, 16
32, 0.000003, 16
32, 0.000004, 16
32, 0.000005, 16
32, 0.000004, 16
32, 0.000004, 16
32, 0.000004, 16
32, 0.000004, 16
32, 0.000004, 16
32, 0.000005, 16
32, 0.000005, 16
32, 0.000006, 16
32, 0.000005, 16
32, 0.000005, 16
32, 0.000005, 16
32, 0.000006, 16
32, 0.000006, 16
32, 0.000007, 16
64, 0.000025, 2
64, 0.000028, 2
64, 0.000049, 2
64, 0.000023, 2
64, 0.000023, 2
64, 0.000020, 2
64, 0.000021, 2
64, 0.000045, 2
64, 0.000021, 2
64, 0.000026, 2
64, 0.000046, 2
64, 0.000027, 2
64, 0.000026, 2
64, 0.000022, 2
64, 0.000022, 2
64, 0.000018, 2
64, 0.000018, 2
64, 0.000042, 2
64, 0.000018, 2
64, 0.000020, 2
64, 0.000023, 2
64, 0.000021, 2
64, 0.000026, 2
64, 0.000029, 2
64, 0.000027, 2
64, 0.000028, 2
64, 0.000025, 2
64, 0.000031, 2
64, 0.000030, 2
64, 0.000022, 2
64, 0.000029, 2
64, 0.000029, 2
64, 0.000030, 2
64, 0.000031, 2
64, 0.000024, 2
64, 0.000029, 2
64, 0.000032, 2
64, 0.000036, 2
64, 0.000034, 2
64, 0.000028, 2
64, 0.000037, 2
64, 0.000034, 2
64, 0.000032, 2
64, 0.000024, 2
64, 0.000023, 2
64, 0.000020, 2
64, 0.000018, 2
64, 0.000018, 2
64, 0.000016, 2
64, 0.000016, 2
64, 0.000015, 4
64, 0.000013, 4
64, 0.000013, 4
64, 0.000011, 4
64, 0.000013, 4
64, 0.000012, 4
64, 0.000020, 4
64, 0.000013, 4
64, 0.000012, 4
64, 0.000011, 4
64, 0.000012, 4
64, 0.000012, 4
64, 0.000011, 4
64, 0.000016, 4
64, 0.000014, 4
64, 0.000015, 4
64, 0.000015, 4
64, 0.000016, 4
64, 0.000018, 4
64, 0.000023, 4
64, 0.000020, 4
64, 0.000014, 4
64, 0.000028, 4
64, 0.000018, 4
64, 0.000020, 4
64, 0.000023, 4
64, 0.000023, 4
64, 0.000019, 4
64, 0.000016, 4
64, 0.000020, 4
64, 0.000019, 4
64, 0.000020, 4
64, 0.000025, 4
64, 0.000020, 4
64, 0.000016, 4
64, 0.000017, 4
64, 0.000018, 4
64, 0.000023, 4
64, 0.000029, 4
64, 0.000018, 4
64, 0.000015, 4
64, 0.000015, 4
64, 0.000016, 4
64, 0.000016, 4
64, 0.000019, 4
64, 0.000018, 4
64, 0.000018, 4
64, 0.000018, 4
64, 0.000019, 4
64, 0.000023, 4
64, 0.000024, 8
64, 0.000019, 8
64, 0.000020, 8
64, 0.000021, 8
64, 0.000022, 8
64, 0.000023, 8
64, 0.000018, 8
64, 0.000019, 8
64, 0.000023, 8
64, 0.000025, 8
64, 0.000022, 8
64, 0.000024, 8
64, 0.000020, 8
64, 0.000020, 8
64, 0.000023, 8
64, 0.000022, 8
64, 0.000025, 8
64, 0.000027, 8
64, 0.000026, 8
64, 0.000030, 8
64, 0.000031, 8
64, 0.000023, 8
64, 0.000027, 8
64, 0.000029, 8
64, 0.000029, 8
64, 0.000023, 8
64, 0.000037, 8
64, 0.000025, 8
64, 0.000032, 8
64, 0.000023, 8
64, 0.000023, 8
64, 0.000024, 8
64, 0.000021, 8
64, 0.000023, 8
64, 0.000017, 8
64, 0.000021, 8
64, 0.000022, 8
64, 0.000025, 8
64, 0.000019, 8
64, 0.000015, 8
64, 0.000020, 8
64, 0.000022, 8
64, 0.000023, 8
64, 0.000020, 8
64, 0.000019, 8
64, 0.000016, 8
64, 0.000022, 8
64, 0.000021, 8
64, 0.000021, 8
64, 0.000021, 8
64, 0.000016, 16
64, 0.000015, 16
64, 0.000012, 16
64, 0.000015, 16
64, 0.000013, 16
64, 0.000011, 16
64, 0.000014, 16
64, 0.000014, 16
64, 0.000014, 16
64, 0.000011, 16
64, 0.000012, 16
64, 0.000014, 16
64, 0.000011, 16
64, 0.000013, 16
64, 0.000014, 16
64, 0.000015, 16
64, 0.000013, 16
64, 0.000011, 16
64, 0.000011, 16
64, 0.000011, 16
64, 0.000015, 16
64, 0.000013, 16
64, 0.000018, 16
64, 0.000018, 16
64, 0.000018, 16
64, 0.000015, 16
64, 0.000017, 16
64, 0.000017, 16
64, 0.000019, 16
64, 0.000019, 16
64, 0.000019, 16
64, 0.000017, 16
64, 0.000017, 16
64, 0.000017, 16
64, 0.000019, 16
64, 0.000019, 16
64, 0.000014, 16
64, 0.000016, 16
64, 0.000018, 16
64, 0.000018, 16
64, 0.000016, 16
64, 0.000021, 16
64, 0.000017, 16
64, 0.000019, 16
64, 0.000015, 16
64, 0.000018, 16
64, 0.000017, 16
64, 0.000017, 16
64, 0.000029, 16
64, 0.000015, 16
64, 0.000012, 32
64, 0.000017, 32
64, 0.000016, 32
64, 0.000019, 32
64, 0.000019, 32
64, 0.000024, 32
64, 0.000016, 32
64, 0.000016, 32
64, 0.000018, 32
64, 0.000019, 32
64, 0.000015, 32
64, 0.000015, 32
64, 0.000014, 32
64, 0.000014, 32
64, 0.000038, 32
64, 0.000014, 32
64, 0.000013, 32
64, 0.000013, 32
64, 0.000011, 32
64, 0.000012, 32
64, 0.000016, 32
64, 0.000012, 32
64, 0.000012, 32
64, 0.000012, 32
64, 0.000012, 32
64, 0.000012, 32
64, 0.000012, 32
64, 0.000021, 32
64, 0.000013, 32
64, 0.000012, 32
64, 0.000014, 32
64, 0.000017, 32
64, 0.000016, 32
64, 0.000016, 32
64, 0.000017, 32
64, 0.000015, 32
64, 0.000014, 32
64, 0.000017, 32
64, 0.000016, 32
64, 0.000017, 32
64, 0.000017, 32
64, 0.000020, 32
64, 0.000015, 32
64, 0.000017, 32
64, 0.000019, 32
64, 0.000021, 32
64, 0.000033, 32
64, 0.000017, 32
64, 0.000019, 32
64, 0.000018, 32
128, 0.000110, 2
128, 0.000099, 2
128, 0.000131, 2
128, 0.000095, 2
128, 0.000108, 2
128, 0.000105, 2
128, 0.000092, 2
128, 0.000066, 2
128, 0.000067, 2
128, 0.000092, 2
128, 0.000111, 2
128, 0.000114, 2
128, 0.000127, 2
128, 0.000118, 2
128, 0.000093, 2
128, 0.000093, 2
128, 0.000081, 2
128, 0.000078, 2
128, 0.000085, 2
128, 0.000086, 2
128, 0.000078, 2
128, 0.000071, 2
128, 0.000081, 2
128, 0.000084, 2
128, 0.000093, 2
128, 0.000088, 2
128, 0.000109, 2
128, 0.000127, 2
128, 0.000171, 2
128, 0.000109, 2
128, 0.000115, 2
128, 0.000114, 2
128, 0.000130, 2
128, 0.000079, 2
128, 0.000090, 2
128, 0.000093, 2
128, 0.000116, 2
128, 0.000122, 2
128, 0.000092, 2
128, 0.000078, 2
128, 0.000070, 2
128, 0.000070, 2
128, 0.000059, 2
128, 0.000075, 2
128, 0.000095, 2
128, 0.000071, 2
128, 0.000070, 2
128, 0.000072, 2
128, 0.000084, 2
128, 0.000104, 2
128, 0.000096, 4
128, 0.000068, 4
128, 0.000066, 4
128, 0.000075, 4
128, 0.000084, 4
128, 0.000116, 4
128, 0.000066, 4
128, 0.000086, 4
128, 0.000063, 4
128, 0.000062, 4
128, 0.000072, 4
128, 0.000072, 4
128, 0.000064, 4
128, 0.000076, 4
128, 0.000073, 4
128, 0.000071, 4
128, 0.000064, 4
128, 0.000057, 4
128, 0.000048, 4
128, 0.000051, 4
128, 0.000051, 4
128, 0.000048, 4
128, 0.000047, 4
128, 0.000042, 4
128, 0.000044, 4
128, 0.000062, 4
128, 0.000049, 4
128, 0.000043, 4
128, 0.000043, 4
128, 0.000054, 4
128, 0.000061, 4
128, 0.000064, 4
128, 0.000052, 4
128, 0.000056, 4
128, 0.000049, 4
128, 0.000047, 4
128, 0.000057, 4
128, 0.000042, 4
128, 0.000047, 4
128, 0.000052, 4
128, 0.000047, 4
128, 0.000042, 4
128, 0.000043, 4
128, 0.000042, 4
128, 0.000043, 4
128, 0.000110, 4
128, 0.000048, 4
128, 0.000049, 4
128, 0.000047, 4
128, 0.000043, 4
128, 0.000044, 8
128, 0.000044, 8
128, 0.000051, 8
128, 0.000048, 8
128, 0.000044, 8
128, 0.000049, 8
128, 0.000047, 8
128, 0.000046, 8
128, 0.000062, 8
128, 0.000085, 8
128, 0.000072, 8
128, 0.000057, 8
128, 0.000068, 8
128, 0.000155, 8
128, 0.000070, 8
128, 0.000067, 8
128, 0.000074, 8
128, 0.000070, 8
128, 0.000088, 8
128, 0.000081, 8
128, 0.000091, 8
128, 0.000074, 8
128, 0.000077, 8
128, 0.000085, 8
128, 0.000096, 8
128, 0.000091, 8
128, 0.000124, 8
128, 0.000101, 8
128, 0.000080, 8
128, 0.000081, 8
128, 0.000071, 8
128, 0.000080, 8
128, 0.000064, 8
128, 0.000064, 8
128, 0.000064, 8
128, 0.000089, 8
128, 0.000074, 8
128, 0.000081, 8
128, 0.000077, 8
128, 0.000070, 8
128, 0.000080, 8
128, 0.000071, 8
128, 0.000053, 8
128, 0.000070, 8
128, 0.000064, 8
128, 0.000080, 8
128, 0.000064, 8
128, 0.000048, 8
128, 0.000045, 8
128, 0.000055, 8
128, 0.000058, 16
128, 0.000063, 16
128, 0.000067, 16
128, 0.000062, 16
128, 0.000046, 16
128, 0.000047, 16
128, 0.000050, 16
128, 0.000054, 16
128, 0.000038, 16
128, 0.000050, 16
128, 0.000086, 16
128, 0.000051, 16
128, 0.000050, 16
128, 0.000047, 16
128, 0.000207, 16
128, 0.000049, 16
128, 0.000046, 16
128, 0.000078, 16
128, 0.000047, 16
128, 0.000059, 16
128, 0.000071, 16
128, 0.000052, 16
128, 0.000058, 16
128, 0.000064, 16
128, 0.000089, 16
128, 0.000065, 16
128, 0.000069, 16
128, 0.000068, 16
128, 0.000057, 16
128, 0.000050, 16
128, 0.000049, 16
128, 0.000043, 16
128, 0.000047, 16
128, 0.000045, 16
128, 0.000055, 16
128, 0.000047, 16
128, 0.000048, 16
128, 0.000161, 16
128, 0.000055, 16
128, 0.000044, 16
128, 0.000046, 16
128, 0.000048, 16
128, 0.000053, 16
128, 0.000059, 16
128, 0.000055, 16
128, 0.000046, 16
128, 0.000043, 16
128, 0.000048, 16
128, 0.000052, 16
128, 0.000052, 16
128, 0.000046, 32
128, 0.000045, 32
128, 0.000082, 32
128, 0.000051, 32
128, 0.000041, 32
128, 0.000045, 32
128, 0.000047, 32
128, 0.000089, 32
128, 0.000063, 32
128, 0.000061, 32
128, 0.000054, 32
128, 0.000053, 32
128, 0.000058, 32
128, 0.000067, 32
128, 0.000083, 32
128, 0.000081, 32
128, 0.000063, 32
128, 0.000062, 32
128, 0.000070, 32
128, 0.000078, 32
128, 0.000096, 32
128, 0.000065, 32
128, 0.000061, 32
128, 0.000066, 32
128, 0.000064, 32
128, 0.000105, 32
128, 0.000076, 32
128, 0.000061, 32
128, 0.000062, 32
128, 0.000064, 32
128, 0.000063, 32
128, 0.000061, 32
128, 0.000063, 32
128, 0.000054, 32
128, 0.000071, 32
128, 0.000078, 32
128, 0.000076, 32
128, 0.000115, 32
128, 0.000056, 32
128, 0.000049, 32
128, 0.000045, 32
128, 0.000044, 32
128, 0.000044, 32
128, 0.000041, 32
128, 0.000087, 32
128, 0.000040, 32
128, 0.000046, 32
128, 0.000044, 32
128, 0.000056, 32
128, 0.000055, 32
128, 0.000079, 64
128, 0.000047, 64
128, 0.000039, 64
128, 0.000038, 64
128, 0.000039, 64
128, 0.000041, 64
128, 0.000049, 64
128, 0.000059, 64
128, 0.000045, 64
128, 0.000049, 64
128, 0.000057, 64
128, 0.000058, 64
128, 0.000052, 64
128, 0.000063, 64
128, 0.000046, 64
128, 0.000045, 64
128, 0.000051, 64
128, 0.000050, 64
128, 0.000050, 64
128, 0.000052, 64
128, 0.000055, 64
128, 0.000078, 64
128, 0.000045, 64
128, 0.000047, 64
128, 0.000054, 64
128, 0.000068, 64
128, 0.000063, 64
128, 0.000077, 64
128, 0.000057, 64
128, 0.000049, 64
128, 0.000069, 64
128, 0.000047, 64
128, 0.000043, 64
128, 0.000040, 64
128, 0.000077, 64
128, 0.000044, 64
128, 0.000039, 64
128, 0.000042, 64
128, 0.000039, 64
128, 0.000042, 64
128, 0.000041, 64
128, 0.000047, 64
128, 0.000109, 64
128, 0.000042, 64
128, 0.000038, 64
128, 0.000041, 64
128, 0.000040, 64
128, 0.000042, 64
128, 0.000048, 64
128, 0.000039, 64
256, 0.000298, 2
256, 0.000206, 2
256, 0.000220, 2
256, 0.000198, 2
256, 0.000430, 2
256, 0.000282, 2
256, 0.000247, 2
256, 0.000221, 2
256, 0.000197, 2
256, 0.000432, 2
256, 0.000328, 2
256, 0.000247, 2
256, 0.000220, 2
256, 0.000198, 2
256, 0.000229, 2
256, 0.000267, 2
256, 0.000292, 2
256, 0.000247, 2
256, 0.000199, 2
256, 0.000221, 2
256, 0.000318, 2
256, 0.000389, 2
256, 0.000378, 2
256, 0.000304, 2
256, 0.000339, 2
256, 0.000324, 2
256, 0.000230, 2
256, 0.000230, 2
256, 0.000223, 2
256, 0.000340, 2
256, 0.000331, 2
256, 0.000228, 2
256, 0.000199, 2
256, 0.000221, 2
256, 0.000223, 2
256, 0.000356, 2
256, 0.000313, 2
256, 0.000272, 2
256, 0.000222, 2
256, 0.000297, 2
256, 0.000507, 2
256, 0.000231, 2
256, 0.000323, 2
256, 0.000283, 2
256, 0.000344, 2
256, 0.000465, 2
256, 0.000359, 2
256, 0.000359, 2
256, 0.000357, 2
256, 0.000414, 2
256, 0.000306, 4
256, 0.000281, 4
256, 0.000292, 4
256, 0.000319, 4
256, 0.000345, 4
256, 0.000256, 4
256, 0.000199, 4
256, 0.000211, 4
256, 0.000269, 4
256, 0.000344, 4
256, 0.000271, 4
256, 0.000209, 4
256, 0.000252, 4
256, 0.000244, 4
256, 0.000349, 4
256, 0.000310, 4
256, 0.000248, 4
256, 0.000204, 4
256, 0.000172, 4
256, 0.000199, 4
256, 0.000282, 4
256, 0.000261, 4
256, 0.000243, 4
256, 0.000219, 4
256, 0.000192, 4
256, 0.000281, 4
256, 0.000194, 4
256, 0.000215, 4
256, 0.000226, 4
256, 0.000211, 4
256, 0.000246, 4
256, 0.000264, 4
256, 0.000216, 4
256, 0.000194, 4
256, 0.000168, 4
256, 0.000187, 4
256, 0.000202, 4
256, 0.000242, 4
256, 0.000218, 4
256, 0.000212, 4
256, 0.000253, 4
256, 0.000282, 4
256, 0.000318, 4
256, 0.000299, 4
256, 0.000233, 4
256, 0.000277, 4
256, 0.000357, 4
256, 0.000284, 4
256, 0.000212, 4
256, 0.000269, 4
256, 0.000164, 8
256, 0.000339, 8
256, 0.000225, 8
256, 0.000217, 8
256, 0.000178, 8
256, 0.000233, 8
256, 0.000306, 8
256, 0.000239, 8
256, 0.000211, 8
256, 0.000233, 8
256, 0.000202, 8
256, 0.000205, 8
256, 0.000221, 8
256, 0.000183, 8
256, 0.000294, 8
256, 0.000184, 8
256, 0.000160, 8
256, 0.000212, 8
256, 0.000203, 8
256, 0.000225, 8
256, 0.000174, 8
256, 0.000155, 8
256, 0.000207, 8
256, 0.000230, 8
256, 0.000209, 8
256, 0.000178, 8
256, 0.000280, 8
256, 0.000159, 8
256, 0.000242, 8
256, 0.000204, 8
256, 0.000176, 8
256, 0.000174, 8
256, 0.000155, 8
256, 0.000159, 8
256, 0.000570, 8
256, 0.000204, 8
256, 0.000192, 8
256, 0.000173, 8
256, 0.000156, 8
256, 0.000174, 8
256, 0.000218, 8
256, 0.000265, 8
256, 0.000177, 8
256, 0.000156, 8
256, 0.000155, 8
256, 0.000159, 8
256, 0.000259, 8
256, 0.000177, 8
256, 0.000204, 8
256, 0.000195, 8
256, 0.000203, 16
256, 0.000236, 16
256, 0.000225, 16
256, 0.000207, 16
256, 0.000237, 16
256, 0.000233, 16
256, 0.000286, 16
256, 0.000284, 16
256, 0.000224, 16
256, 0.000251, 16
256, 0.000213, 16
256, 0.000371, 16
256, 0.000261, 16
256, 0.000291, 16
256, 0.000265, 16
256, 0.000293, 16
256, 0.000318, 16
256, 0.000354, 16
256, 0.000321, 16
256, 0.000370, 16
256, 0.000304, 16
256, 0.000367, 16
256, 0.000287, 16
256, 0.000260, 16
256, 0.000361, 16
256, 0.000343, 16
256, 0.000275, 16
256, 0.000299, 16
256, 0.000419, 16
256, 0.000301, 16
256, 0.000279, 16
256, 0.000191, 16
256, 0.000222, 16
256, 0.000172, 16
256, 0.000366, 16
256, 0.000195, 16
256, 0.000241, 16
256, 0.000184, 16
256, 0.000171, 16
256, 0.000283, 16
256, 0.000210, 16
256, 0.000183, 16
256, 0.000197, 16
256, 0.000247, 16
256, 0.000255, 16
256, 0.000233, 16
256, 0.000302, 16
256, 0.000176, 16
256, 0.000267, 16
256, 0.000375, 16
256, 0.000261, 32
256, 0.000207, 32
256, 0.000176, 32
256, 0.000158, 32
256, 0.000179, 32
256, 0.000367, 32
256, 0.000205, 32
256, 0.000170, 32
256, 0.000158, 32
256, 0.000181, 32
256, 0.000163, 32
256, 0.000234, 32
256, 0.000208, 32
256, 0.000183, 32
256, 0.000205, 32
256, 0.000187, 32
256, 0.000229, 32
256, 0.000215, 32
256, 0.000183, 32
256, 0.000213, 32
256, 0.000220, 32
256, 0.000185, 32
256, 0.000537, 32
256, 0.000225, 32
256, 0.000222, 32
256, 0.000166, 32
256, 0.000167, 32
256, 0.000177, 32
256, 0.000360, 32
256, 0.000373, 32
256, 0.000309, 32
256, 0.000264, 32
256, 0.000403, 32
256, 0.000323, 32
256, 0.000330, 32
256, 0.000310, 32
256, 0.000577, 32
256, 0.000278, 32
256, 0.000398, 32
256, 0.000349, 32
256, 0.000400, 32
256, 0.000397, 32
256, 0.000324, 32
256, 0.000291, 32
256, 0.000252, 32
256, 0.000282, 32
256, 0.000192, 32
256, 0.000166, 32
256, 0.000175, 32
256, 0.000160, 32
256, 0.000294, 64
256, 0.000183, 64
256, 0.000231, 64
256, 0.000166, 64
256, 0.000150, 64
256, 0.000153, 64
256, 0.000298, 64
256, 0.000227, 64
256, 0.000233, 64
256, 0.000168, 64
256, 0.000157, 64
256, 0.000168, 64
256, 0.000235, 64
256, 0.000261, 64
256, 0.000203, 64
256, 0.000178, 64
256, 0.000190, 64
256, 0.000378, 64
256, 0.000288, 64
256, 0.000263, 64
256, 0.000238, 64
256, 0.000245, 64
256, 0.000344, 64
256, 0.000258, 64
256, 0.000254, 64
256, 0.000229, 64
256, 0.000277, 64
256, 0.000293, 64
256, 0.000304, 64
256, 0.000277, 64
256, 0.000276, 64
256, 0.000888, 64
256, 0.000341, 64
256, 0.000280, 64
256, 0.000274, 64
256, 0.000386, 64
256, 0.000239, 64
256, 0.000270, 64
256, 0.000194, 64
256, 0.000237, 64
256, 0.000247, 64
256, 0.000199, 64
256, 0.000232, 64
256, 0.000178, 64
256, 0.000211, 64
256, 0.000263, 64
256, 0.000273, 64
256, 0.000298, 64
256, 0.000281, 64
256, 0.000277, 64
256, 0.000302, 128
256, 0.000290, 128
256, 0.000250, 128
256, 0.000251, 128
256, 0.000286, 128
256, 0.000356, 128
256, 0.000269, 128
256, 0.000219, 128
256, 0.000280, 128
256, 0.000343, 128
256, 0.000285, 128
256, 0.000297, 128
256, 0.000256, 128
256, 0.000436, 128
256, 0.000342, 128
256, 0.000299, 128
256, 0.000378, 128
256, 0.000401, 128
256, 0.000345, 128
256, 0.000329, 128
256, 0.000283, 128
256, 0.000254, 128
256, 0.000229, 128
256, 0.000166, 128
256, 0.000147, 128
256, 0.000161, 128
256, 0.000239, 128
256, 0.000191, 128
256, 0.000153, 128
256, 0.000145, 128
256, 0.000150, 128
256, 0.000147, 128
256, 0.000232, 128
256, 0.000201, 128
256, 0.000219, 128
256, 0.000163, 128
256, 0.000160, 128
256, 0.000151, 128
256, 0.000367, 128
256, 0.000167, 128
256, 0.000225, 128
256, 0.000149, 128
256, 0.000146, 128
256, 0.000161, 128
256, 0.000351, 128
256, 0.000251, 128
256, 0.000261, 128
256, 0.000217, 128
256, 0.000300, 128
256, 0.000208, 128
512, 0.001315, 2
512, 0.001139, 2
512, 0.001182, 2
512, 0.000843, 2
512, 0.001084, 2
512, 0.001278, 2
512, 0.000840, 2
512, 0.000794, 2
512, 0.001408, 2
512, 0.000796, 2
512, 0.000800, 2
512, 0.001277, 2
512, 0.000823, 2
512, 0.000798, 2
512, 0.001141, 2
512, 0.001133, 2
512, 0.001087, 2
512, 0.001416, 2
512, 0.000938, 2
512, 0.002128, 2
512, 0.000935, 2
512, 0.000795, 2
512, 0.001943, 2
512, 0.001177, 2
512, 0.000938, 2
512, 0.001077, 2
512, 0.001098, 2
512, 0.000793, 2
512, 0.000957, 2
512, 0.001104, 2
512, 0.000818, 2
512, 0.000822, 2
512, 0.001223, 2
512, 0.000820, 2
512, 0.000919, 2
512, 0.001331, 2
512, 0.000822, 2
512, 0.001090, 2
512, 0.001412, 2
512, 0.000827, 2
512, 0.001643, 2
512, 0.001060, 2
512, 0.000891, 2
512, 0.002025, 2
512, 0.000876, 2
512, 0.000927, 2
512, 0.002034, 2
512, 0.001110, 2
512, 0.000808, 2
512, 0.001611, 2
512, 0.000856, 4
512, 0.000796, 4
512, 0.001772, 4
512, 0.001043, 4
512, 0.000694, 4
512, 0.000831, 4
512, 0.001142, 4
512, 0.000673, 4
512, 0.001119, 4
512, 0.000975, 4
512, 0.000819, 4
512, 0.001152, 4
512, 0.000922, 4
512, 0.000671, 4
512, 0.001859, 4
512, 0.000863, 4
512, 0.000856, 4
512, 0.001919, 4
512, 0.001078, 4
512, 0.000874, 4
512, 0.001103, 4
512, 0.000750, 4
512, 0.000809, 4
512, 0.001723, 4
512, 0.000770, 4
512, 0.000671, 4
512, 0.001435, 4
512, 0.000906, 4
512, 0.000713, 4
512, 0.000946, 4
512, 0.000929, 4
512, 0.000674, 4
512, 0.000797, 4
512, 0.000930, 4
512, 0.000670, 4
512, 0.000675, 4
512, 0.000995, 4
512, 0.000756, 4
512, 0.000914, 4
512, 0.000857, 4
512, 0.000748, 4
512, 0.000733, 4
512, 0.001041, 4
512, 0.000671, 4
512, 0.000697, 4
512, 0.000871, 4
512, 0.000754, 4
512, 0.000674, 4
512, 0.001179, 4
512, 0.000671, 4
512, 0.000622, 8
512, 0.000834, 8
512, 0.000622, 8
512, 0.000629, 8
512, 0.000966, 8
512, 0.000695, 8
512, 0.000623, 8
512, 0.000854, 8
512, 0.000751, 8
512, 0.000625, 8
512, 0.001223, 8
512, 0.000757, 8
512, 0.000623, 8
512, 0.001380, 8
512, 0.000816, 8
512, 0.000627, 8
512, 0.000840, 8
512, 0.000913, 8
512, 0.000730, 8
512, 0.000701, 8
512, 0.000828, 8
512, 0.000640, 8
512, 0.000623, 8
512, 0.000861, 8
512, 0.000693, 8
512, 0.000622, 8
512, 0.000912, 8
512, 0.000814, 8
512, 0.000757, 8
512, 0.000958, 8
512, 0.000759, 8
512, 0.000644, 8
512, 0.000894, 8
512, 0.000697, 8
512, 0.000623, 8
512, 0.001066, 8
512, 0.000635, 8
512, 0.000669, 8
512, 0.001007, 8
512, 0.000751, 8
512, 0.000662, 8
512, 0.001563, 8
512, 0.000687, 8
512, 0.000624, 8
512, 0.001556, 8
512, 0.000898, 8
512, 0.000646, 8
512, 0.000730, 8
512, 0.000960, 8
512, 0.000623, 8
512, 0.000748, 16
512, 0.000859, 16
512, 0.000628, 16
512, 0.000663, 16
512, 0.000959, 16
512, 0.000837, 16
512, 0.000962, 16
512, 0.002004, 16
512, 0.000789, 16
512, 0.000816, 16
512, 0.001865, 16
512, 0.001043, 16
512, 0.001044, 16
512, 0.001141, 16
512, 0.001342, 16
512, 0.001637, 16
512, 0.000904, 16
512, 0.000624, 16
512, 0.002059, 16
512, 0.000729, 16
512, 0.000875, 16
512, 0.001008, 16
512, 0.001013, 16
512, 0.000784, 16
512, 0.001208, 16
512, 0.000769, 16
512, 0.000725, 16
512, 0.000671, 16
512, 0.000808, 16
512, 0.000715, 16
512, 0.000607, 16
512, 0.000957, 16
512, 0.000716, 16
512, 0.000608, 16
512, 0.001219, 16
512, 0.000696, 16
512, 0.000623, 16
512, 0.001675, 16
512, 0.000762, 16
512, 0.000649, 16
512, 0.000826, 16
512, 0.000785, 16
512, 0.000616, 16
512, 0.000854, 16
512, 0.000918, 16
512, 0.000615, 16
512, 0.001064, 16
512, 0.000869, 16
512, 0.000634, 16
512, 0.000642, 16
512, 0.001007, 32
512, 0.000766, 32
512, 0.000643, 32
512, 0.001033, 32
512, 0.000654, 32
512, 0.000752, 32
512, 0.001106, 32
512, 0.000643, 32
512, 0.000881, 32
512, 0.001293, 32
512, 0.000658, 32
512, 0.000799, 32
512, 0.001889, 32
512, 0.000960, 32
512, 0.000717, 32
512, 0.000642, 32
512, 0.000930, 32
512, 0.000722, 32
512, 0.000643, 32
512, 0.000896, 32
512, 0.000783, 32
512, 0.000641, 32
512, 0.000979, 32
512, 0.000832, 32
512, 0.000638, 32
512, 0.001893, 32
512, 0.000797, 32
512, 0.000735, 32
512, 0.001643, 32
512, 0.000826, 32
512, 0.000642, 32
512, 0.000900, 32
512, 0.000934, 32
512, 0.000657, 32
512, 0.001150, 32
512, 0.000864, 32
512, 0.000861, 32
512, 0.001027, 32
512, 0.000861, 32
512, 0.000762, 32
512, 0.000890, 32
512, 0.001016, 32
512, 0.000833, 32
512, 0.000865, 32
512, 0.001000, 32
512, 0.000756, 32
512, 0.000793, 32
512, 0.001032, 32
512, 0.000739, 32
512, 0.000720, 32
512, 0.000969, 64
512, 0.000752, 64
512, 0.000648, 64
512, 0.001047, 64
512, 0.000639, 64
512, 0.000621, 64
512, 0.001059, 64
512, 0.001002, 64
512, 0.000633, 64
512, 0.000955, 64
512, 0.000737, 64
512, 0.000709, 64
512, 0.001367, 64
512, 0.000833, 64
512, 0.000628, 64
512, 0.001293, 64
512, 0.000885, 64
512, 0.000962, 64
512, 0.001514, 64
512, 0.000883, 64
512, 0.000626, 64
512, 0.001202, 64
512, 0.000699, 64
512, 0.000749, 64
512, 0.002220, 64
512, 0.000777, 64
512, 0.000605, 64
512, 0.001768, 64
512, 0.000773, 64
512, 0.000607, 64
512, 0.000792, 64
512, 0.001107, 64
512, 0.000657, 64
512, 0.001022, 64
512, 0.000861, 64
512, 0.000655, 64
512, 0.001137, 64
512, 0.000900, 64
512, 0.000625, 64
512, 0.000879, 64
512, 0.000875, 64
512, 0.000777, 64
512, 0.000823, 64
512, 0.000921, 64
512, 0.001031, 64
512, 0.000726, 64
512, 0.001022, 64
512, 0.000877, 64
512, 0.000918, 64
512, 0.000998, 64
512, 0.000820, 128
512, 0.001229, 128
512, 0.001068, 128
512, 0.001020, 128
512, 0.001790, 128
512, 0.000718, 128
512, 0.000583, 128
512, 0.001466, 128
512, 0.000838, 128
512, 0.000592, 128
512, 0.001937, 128
512, 0.000904, 128
512, 0.000613, 128
512, 0.001941, 128
512, 0.000783, 128
512, 0.000688, 128
512, 0.001131, 128
512, 0.000995, 128
512, 0.000732, 128
512, 0.000887, 128
512, 0.000966, 128
512, 0.000689, 128
512, 0.002332, 128
512, 0.000735, 128
512, 0.000675, 128
512, 0.002027, 128
512, 0.000733, 128
512, 0.000643, 128
512, 0.001097, 128
512, 0.000873, 128
512, 0.000767, 128
512, 0.001115, 128
512, 0.001073, 128
512, 0.000699, 128
512, 0.000689, 128
512, 0.001301, 128
512, 0.000624, 128
512, 0.000839, 128
512, 0.001041, 128
512, 0.000674, 128
512, 0.000781, 128
512, 0.001015, 128
512, 0.000585, 128
512, 0.000583, 128
512, 0.001100, 128
512, 0.000687, 128
512, 0.000600, 128
512, 0.001579, 128
512, 0.000618, 128
512, 0.000586, 128
1024, 0.005523, 2
1024, 0.006337, 2
1024, 0.006355, 2
1024, 0.007150, 2
1024, 0.006642, 2
1024, 0.006151, 2
1024, 0.006625, 2
1024, 0.005818, 2
1024, 0.005397, 2
1024, 0.003790, 2
1024, 0.003685, 2
1024, 0.004153, 2
1024, 0.003454, 2
1024, 0.003629, 2
1024, 0.003940, 2
1024, 0.004353, 2
1024, 0.005708, 2
1024, 0.005917, 2
1024, 0.006532, 2
1024, 0.007299, 2
1024, 0.006199, 2
1024, 0.006140, 2
1024, 0.005431, 2
1024, 0.003557, 2
1024, 0.003485, 2
1024, 0.004009, 2
1024, 0.004311, 2
1024, 0.004912, 2
1024, 0.005746, 2
1024, 0.007021, 2
1024, 0.006454, 2
1024, 0.005781, 2
1024, 0.004713, 2
1024, 0.003404, 2
1024, 0.004071, 2
1024, 0.003945, 2
1024, 0.004709, 2
1024, 0.006084, 2
1024, 0.006559, 2
1024, 0.006674, 2
1024, 0.005677, 2
1024, 0.004922, 2
1024, 0.003502, 2
1024, 0.003394, 2
1024, 0.004128, 2
1024, 0.004849, 2
1024, 0.005410, 2
1024, 0.006453, 2
1024, 0.005535, 2
1024, 0.005051, 2
1024, 0.003026, 4
1024, 0.002896, 4
1024, 0.003520, 4
1024, 0.004699, 4
1024, 0.005270, 4
1024, 0.004219, 4
1024, 0.003215, 4
1024, 0.003065, 4
1024, 0.003355, 4
1024, 0.004549, 4
1024, 0.005425, 4
1024, 0.004909, 4
1024, 0.003304, 4
1024, 0.002996, 4
1024, 0.002825, 4
1024, 0.003849, 4
1024, 0.004694, 4
1024, 0.005579, 4
1024, 0.004714, 4
1024, 0.002937, 4
1024, 0.002865, 4
1024, 0.003457, 4
1024, 0.004226, 4
1024, 0.004933, 4
1024, 0.005498, 4
1024, 0.005083, 4
1024, 0.003452, 4
1024, 0.003138, 4
1024, 0.003031, 4
1024, 0.004313, 4
1024, 0.004744, 4
1024, 0.006392, 4
1024, 0.004500, 4
1024, 0.002867, 4
1024, 0.002731, 4
1024, 0.003673, 4
1024, 0.004739, 4
1024, 0.005556, 4
1024, 0.005692, 4
1024, 0.004299, 4
1024, 0.002837, 4
1024, 0.002887, 4
1024, 0.003404, 4
1024, 0.004217, 4
1024, 0.005370, 4
1024, 0.004285, 4
1024, 0.002835, 4
1024, 0.002736, 4
1024, 0.003423, 4
1024, 0.004429, 4
1024, 0.004510, 8
1024, 0.005107, 8
1024, 0.003194, 8
1024, 0.002520, 8
1024, 0.003438, 8
1024, 0.003803, 8
1024, 0.004394, 8
1024, 0.004769, 8
1024, 0.002759, 8
1024, 0.002640, 8
1024, 0.003225, 8
1024, 0.004063, 8
1024, 0.004661, 8
1024, 0.004724, 8
1024, 0.002584, 8
1024, 0.002654, 8
1024, 0.003272, 8
1024, 0.004560, 8
1024, 0.004754, 8
1024, 0.002773, 8
1024, 0.002524, 8
1024, 0.003443, 8
1024, 0.004760, 8
1024, 0.004856, 8
1024, 0.004130, 8
1024, 0.002669, 8
1024, 0.002936, 8
1024, 0.004125, 8
1024, 0.004975, 8
1024, 0.004751, 8
1024, 0.003050, 8
1024, 0.002526, 8
1024, 0.003229, 8
1024, 0.004258, 8
1024, 0.005222, 8
1024, 0.004146, 8
1024, 0.002595, 8
1024, 0.003175, 8
1024, 0.004184, 8
1024, 0.004669, 8
1024, 0.004934, 8
1024, 0.003661, 8
1024, 0.002754, 8
1024, 0.002910, 8
1024, 0.004093, 8
1024, 0.004617, 8
1024, 0.005557, 8
1024, 0.003349, 8
1024, 0.002629, 8
1024, 0.003118, 8
1024, 0.004146, 16
1024, 0.004741, 16
1024, 0.004764, 16
1024, 0.003253, 16
1024, 0.002495, 16
1024, 0.003214, 16
1024, 0.004284, 16
1024, 0.004655, 16
1024, 0.004932, 16
1024, 0.002694, 16
1024, 0.002672, 16
1024, 0.003253, 16
1024, 0.004668, 16
1024, 0.005452, 16
1024, 0.004157, 16
1024, 0.002709, 16
1024, 0.002963, 16
1024, 0.004031, 16
1024, 0.005429, 16
1024, 0.005214, 16
1024, 0.004814, 16
1024, 0.003132, 16
1024, 0.002639, 16
1024, 0.003098, 16
1024, 0.004630, 16
1024, 0.005351, 16
1024, 0.004758, 16
1024, 0.002843, 16
1024, 0.002497, 16
1024, 0.003292, 16
1024, 0.004696, 16
1024, 0.005514, 16
1024, 0.003252, 16
1024, 0.002745, 16
1024, 0.002903, 16
1024, 0.004379, 16
1024, 0.005677, 16
1024, 0.004538, 16
1024, 0.002463, 16
1024, 0.002776, 16
1024, 0.004138, 16
1024, 0.005351, 16
1024, 0.005046, 16
1024, 0.005341, 16
1024, 0.005451, 16
1024, 0.002883, 16
1024, 0.002677, 16
1024, 0.003292, 16
1024, 0.003711, 16
1024, 0.004796, 16
1024, 0.006199, 32
1024, 0.004792, 32
1024, 0.003065, 32
1024, 0.002914, 32
1024, 0.003350, 32
1024, 0.004198, 32
1024, 0.005631, 32
1024, 0.004515, 32
1024, 0.002931, 32
1024, 0.002959, 32
1024, 0.003191, 32
1024, 0.004014, 32
1024, 0.005582, 32
1024, 0.005255, 32
1024, 0.005127, 32
1024, 0.002932, 32
1024, 0.002823, 32
1024, 0.003540, 32
1024, 0.003821, 32
1024, 0.005400, 32
1024, 0.005130, 32
1024, 0.004782, 32
1024, 0.004503, 32
1024, 0.002826, 32
1024, 0.002852, 32
1024, 0.003211, 32
1024, 0.003332, 32
1024, 0.003554, 32
1024, 0.004037, 32
1024, 0.004794, 32
1024, 0.005477, 32
1024, 0.005023, 32
1024, 0.002829, 32
1024, 0.002781, 32
1024, 0.003626, 32
1024, 0.004159, 32
1024, 0.004632, 32
1024, 0.005255, 32
1024, 0.005789, 32
1024, 0.005435, 32
1024, 0.004247, 32
1024, 0.003562, 32
1024, 0.003024, 32
1024, 0.003381, 32
1024, 0.003587, 32
1024, 0.004504, 32
1024, 0.005420, 32
1024, 0.004885, 32
1024, 0.005116, 32
1024, 0.005092, 32
1024, 0.003117, 64
1024, 0.002586, 64
1024, 0.003083, 64
1024, 0.003188, 64
1024, 0.003070, 64
1024, 0.003984, 64
1024, 0.003702, 64
1024, 0.003800, 64
1024, 0.004430, 64
1024, 0.005276, 64
1024, 0.005436, 64
1024, 0.005668, 64
1024, 0.005629, 64
1024, 0.002890, 64
1024, 0.003372, 64
1024, 0.005386, 64
1024, 0.005675, 64
1024, 0.006083, 64
1024, 0.005725, 64
1024, 0.006674, 64
1024, 0.005628, 64
1024, 0.005580, 64
1024, 0.004628, 64
1024, 0.003960, 64
1024, 0.003573, 64
1024, 0.002808, 64
1024, 0.002851, 64
1024, 0.003446, 64
1024, 0.004495, 64
1024, 0.004778, 64
1024, 0.005447, 64
1024, 0.005444, 64
1024, 0.004387, 64
1024, 0.002657, 64
1024, 0.003480, 64
1024, 0.004842, 64
1024, 0.005673, 64
1024, 0.006142, 64
1024, 0.005923, 64
1024, 0.004069, 64
1024, 0.002628, 64
1024, 0.003448, 64
1024, 0.004751, 64
1024, 0.005762, 64
1024, 0.005204, 64
1024, 0.004617, 64
1024, 0.002924, 64
1024, 0.002871, 64
1024, 0.005213, 64
1024, 0.003814, 64
1024, 0.005680, 128
1024, 0.006266, 128
1024, 0.006250, 128
1024, 0.006827, 128
1024, 0.005677, 128
1024, 0.006298, 128
1024, 0.007201, 128
1024, 0.006429, 128
1024, 0.008086, 128
1024, 0.007453, 128
1024, 0.005569, 128
1024, 0.005205, 128
1024, 0.002881, 128
1024, 0.002711, 128
1024, 0.003758, 128
1024, 0.003693, 128
1024, 0.003643, 128
1024, 0.005358, 128
1024, 0.003318, 128
1024, 0.003953, 128
1024, 0.004390, 128
1024, 0.004354, 128
1024, 0.005650, 128
1024, 0.005789, 128
1024, 0.005843, 128
1024, 0.005860, 128
1024, 0.005291, 128
1024, 0.002477, 128
1024, 0.003197, 128
1024, 0.004377, 128
1024, 0.005622, 128
1024, 0.007301, 128
1024, 0.005298, 128
1024, 0.006073, 128
1024, 0.008109, 128
1024, 0.005692, 128
1024, 0.006333, 128
1024, 0.006234, 128
1024, 0.007866, 128
1024, 0.007210, 128
1024, 0.007375, 128
1024, 0.005547, 128
1024, 0.006546, 128
1024, 0.008291, 128
1024, 0.007092, 128
1024, 0.005871, 128
1024, 0.003214, 128
1024, 0.010299, 128
1024, 0.005354, 128
1024, 0.002978, 128
2048, 0.033814, 2
2048, 0.027432, 2
2048, 0.027288, 2
2048, 0.027137, 2
2048, 0.025362, 2
2048, 0.026175, 2
2048, 0.026470, 2
2048, 0.025954, 2
2048, 0.030082, 2
2048, 0.024199, 2
2048, 0.026846, 2
2048, 0.026532, 2
2048, 0.028655, 2
2048, 0.028854, 2
2048, 0.031021, 2
2048, 0.025440, 2
2048, 0.026310, 2
2048, 0.024208, 2
2048, 0.023690, 2
2048, 0.029687, 2
2048, 0.030458, 2
2048, 0.025295, 2
2048, 0.023619, 2
2048, 0.029010, 2
2048, 0.027854, 2
2048, 0.028554, 2
2048, 0.026020, 2
2048, 0.024923, 2
2048, 0.027571, 2
2048, 0.025873, 2
2048, 0.028859, 2
2048, 0.025823, 2
2048, 0.028321, 2
2048, 0.026954, 2
2048, 0.027136, 2
2048, 0.027186, 2
2048, 0.026483, 2
2048, 0.027608, 2
2048, 0.024265, 2
2048, 0.027051, 2
2048, 0.025393, 2
2048, 0.026092, 2
2048, 0.025394, 2
2048, 0.027360, 2
2048, 0.025413, 2
2048, 0.028986, 2
2048, 0.025040, 2
2048, 0.027399, 2
2048, 0.026733, 2
2048, 0.026815, 2
2048, 0.021360, 4
2048, 0.022942, 4
2048, 0.021528, 4
2048, 0.020702, 4
2048, 0.021665, 4
2048, 0.020687, 4
2048, 0.019879, 4
2048, 0.021937, 4
2048, 0.023703, 4
2048, 0.020215, 4
2048, 0.020198, 4
2048, 0.019985, 4
2048, 0.021304, 4
2048, 0.021967, 4
2048, 0.023560, 4
2048, 0.019695, 4
2048, 0.019623, 4
2048, 0.019940, 4
2048, 0.025343, 4
2048, 0.026871, 4
2048, 0.024552, 4
2048, 0.026783, 4
2048, 0.030998, 4
2048, 0.024380, 4
2048, 0.032769, 4
2048, 0.023423, 4
2048, 0.025311, 4
2048, 0.021604, 4
2048, 0.024497, 4
2048, 0.023187, 4
2048, 0.019766, 4
2048, 0.019146, 4
2048, 0.021712, 4
2048, 0.022826, 4
2048, 0.021222, 4
2048, 0.030409, 4
2048, 0.028613, 4
2048, 0.018885, 4
2048, 0.025942, 4
2048, 0.022163, 4
2048, 0.019467, 4
2048, 0.019339, 4
2048, 0.020189, 4
2048, 0.020938, 4
2048, 0.022037, 4
2048, 0.024722, 4
2048, 0.022587, 4
2048, 0.020499, 4
2048, 0.021865, 4
2048, 0.022042, 4
2048, 0.020256, 8
2048, 0.019330, 8
2048, 0.019069, 8
2048, 0.021197, 8
2048, 0.021084, 8
2048, 0.021796, 8
2048, 0.020937, 8
2048, 0.020838, 8
2048, 0.021570, 8
2048, 0.017585, 8
2048, 0.018314, 8
2048, 0.018071, 8
2048, 0.019036, 8
2048, 0.018755, 8
2048, 0.022542, 8
2048, 0.025019, 8
2048, 0.020473, 8
2048, 0.019556, 8
2048, 0.023780, 8
2048, 0.022260, 8
2048, 0.021345, 8
2048, 0.020046, 8
2048, 0.019522, 8
2048, 0.019965, 8
2048, 0.019942, 8
2048, 0.019375, 8
2048, 0.021031, 8
2048, 0.019757, 8
2048, 0.021394, 8
2048, 0.022089, 8
2048, 0.020572, 8
2048, 0.020348, 8
2048, 0.021132, 8
2048, 0.021115, 8
2048, 0.020990, 8
2048, 0.019515, 8
2048, 0.019300, 8
2048, 0.020871, 8
2048, 0.024782, 8
2048, 0.021716, 8
2048, 0.021728, 8
2048, 0.022109, 8
2048, 0.021570, 8
2048, 0.031528, 8
2048, 0.023487, 8
2048, 0.021378, 8
2048, 0.022446, 8
2048, 0.022160, 8
2048, 0.020715, 8
2048, 0.019878, 8
2048, 0.019384, 16
2048, 0.019360, 16
2048, 0.019417, 16
2048, 0.023456, 16
2048, 0.021104, 16
2048, 0.022066, 16
2048, 0.022052, 16
2048, 0.021018, 16
2048, 0.020932, 16
2048, 0.019982, 16
2048, 0.020054, 16
2048, 0.019509, 16
2048, 0.025320, 16
2048, 0.023770, 16
2048, 0.021670, 16
2048, 0.019999, 16
2048, 0.020496, 16
2048, 0.021951, 16
2048, 0.020294, 16
2048, 0.021915, 16
2048, 0.020637, 16
2048, 0.020554, 16
2048, 0.021086, 16
2048, 0.020091, 16
2048, 0.021715, 16
2048, 0.020208, 16
2048, 0.020487, 16
2048, 0.020811, 16
2048, 0.020705, 16
2048, 0.020661, 16
2048, 0.022764, 16
2048, 0.020553, 16
2048, 0.020913, 16
2048, 0.020340, 16
2048, 0.020762, 16
2048, 0.021282, 16
2048, 0.020742, 16
2048, 0.020223, 16
2048, 0.022693, 16
2048, 0.036707, 16
2048, 0.021599, 16
2048, 0.026178, 16
2048, 0.023003, 16
2048, 0.022937, 16
2048, 0.020741, 16
2048, 0.020737, 16
2048, 0.021265, 16
2048, 0.020449, 16
2048, 0.021701, 16
2048, 0.019282, 16
2048, 0.025712, 32
2048, 0.023748, 32
2048, 0.020501, 32
2048, 0.021355, 32
2048, 0.020564, 32
2048, 0.020873, 32
2048, 0.020036, 32
2048, 0.020252, 32
2048, 0.020716, 32
2048, 0.021199, 32
2048, 0.021524, 32
2048, 0.023731, 32
2048, 0.020150, 32
2048, 0.022153, 32
2048, 0.021328, 32
2048, 0.020395, 32
2048, 0.021167, 32
2048, 0.020332, 32
2048, 0.023295, 32
2048, 0.021899, 32
2048, 0.021530, 32
2048, 0.025224, 32
2048, 0.021592, 32
2048, 0.018883, 32
2048, 0.019830, 32
2048, 0.019499, 32
2048, 0.020213, 32
2048, 0.021782, 32
2048, 0.021511, 32
2048, 0.020794, 32
2048, 0.021739, 32
2048, 0.023595, 32
2048, 0.020735, 32
2048, 0.020649, 32
2048, 0.022397, 32
2048, 0.022583, 32
2048, 0.021251, 32
2048, 0.021260, 32
2048, 0.024011, 32
2048, 0.021506, 32
2048, 0.022081, 32
2048, 0.020653, 32
2048, 0.022113, 32
2048, 0.022955, 32
2048, 0.020375, 32
2048, 0.021160, 32
2048, 0.020114, 32
2048, 0.021724, 32
2048, 0.020556, 32
2048, 0.021605, 32
2048, 0.021566, 64
2048, 0.024431, 64
2048, 0.024247, 64
2048, 0.023323, 64
2048, 0.022104, 64
2048, 0.023137, 64
2048, 0.023160, 64
2048, 0.022945, 64
2048, 0.024093, 64
2048, 0.024357, 64
2048, 0.021807, 64
2048, 0.022744, 64
2048, 0.024036, 64
2048, 0.022411, 64
2048, 0.020818, 64
2048, 0.029358, 64
2048, 0.022141, 64
2048, 0.023835, 64
2048, 0.024166, 64
2048, 0.022808, 64
2048, 0.025156, 64
2048, 0.022989, 64
2048, 0.022232, 64
2048, 0.029134, 64
2048, 0.031514, 64
2048, 0.037816, 64
2048, 0.031645, 64
2048, 0.027606, 64
2048, 0.024776, 64
2048, 0.024975, 64
2048, 0.022596, 64
2048, 0.025292, 64
2048, 0.022765, 64
2048, 0.021371, 64
2048, 0.022571, 64
2048, 0.024193, 64
2048, 0.022001, 64
2048, 0.020110, 64
2048, 0.019996, 64
2048, 0.019694, 64
2048, 0.021889, 64
2048, 0.021730, 64
2048, 0.021510, 64
2048, 0.021692, 64
2048, 0.026527, 64
2048, 0.023822, 64
2048, 0.023018, 64
2048, 0.020961, 64
2048, 0.021812, 64
2048, 0.020980, 64
2048, 0.022920, 128
2048, 0.021469, 128
2048, 0.022275, 128
2048, 0.021942, 128
2048, 0.021351, 128
2048, 0.026420, 128
2048, 0.021068, 128
2048, 0.022119, 128
2048, 0.021535, 128
2048, 0.022075, 128
2048, 0.021768, 128
2048, 0.022325, 128
2048, 0.020898, 128
2048, 0.023918, 128
2048, 0.022968, 128
2048, 0.022127, 128
2048, 0.020478, 128
2048, 0.020281, 128
2048, 0.020338, 128
2048, 0.020683, 128
2048, 0.019010, 128
2048, 0.018843, 128
2048, 0.018716, 128
2048, 0.018704, 128
2048, 0.018764, 128
2048, 0.019430, 128
2048, 0.020886, 128
2048, 0.021321, 128
2048, 0.020961, 128
2048, 0.022345, 128
2048, 0.022020, 128
2048, 0.022299, 128
2048, 0.021070, 128
2048, 0.021534, 128
2048, 0.019015, 128
2048, 0.019096, 128
2048, 0.018662, 128
2048, 0.018678, 128
2048, 0.019895, 128
2048, 0.020464, 128
2048, 0.021048, 128
2048, 0.022510, 128
2048, 0.021146, 128
2048, 0.020383, 128
2048, 0.019755, 128
2048, 0.019086, 128
2048, 0.018879, 128
2048, 0.019347, 128
2048, 0.019973, 128
2048, 0.020224, 128
4096, 0.117919, 2
4096, 0.110844, 2
4096, 0.117570, 2
4096, 0.118388, 2
4096, 0.121539, 2
4096, 0.134102, 2
4096, 0.123422, 2
4096, 0.124495, 2
4096, 0.118184, 2
4096, 0.124488, 2
4096, 0.125538, 2
4096, 0.121325, 2
4096, 0.116835, 2
4096, 0.117986, 2
4096, 0.116312, 2
4096, 0.118943, 2
4096, 0.166601, 2
4096, 0.124148, 2
4096, 0.124159, 2
4096, 0.120754, 2
4096, 0.120462, 2
4096, 0.118954, 2
4096, 0.117729, 2
4096, 0.122082, 2
4096, 0.126767, 2
4096, 0.123744, 2
4096, 0.123465, 2
4096, 0.128485, 2
4096, 0.117966, 2
4096, 0.119272, 2
4096, 0.119807, 2
4096, 0.117382, 2
4096, 0.118680, 2
4096, 0.119443, 2
4096, 0.122029, 2
4096, 0.120665, 2
4096, 0.124548, 2
4096, 0.118891, 2
4096, 0.123360, 2
4096, 0.120792, 2
4096, 0.124520, 2
4096, 0.118104, 2
4096, 0.120030, 2
4096, 0.118393, 2
4096, 0.123049, 2
4096, 0.117267, 2
4096, 0.119271, 2
4096, 0.115935, 2
4096, 0.118484, 2
4096, 0.115161, 2
4096, 0.099714, 4
4096, 0.094560, 4
4096, 0.095702, 4
4096, 0.097064, 4
4096, 0.092779, 4
4096, 0.097703, 4
4096, 0.096549, 4
4096, 0.096246, 4
4096, 0.096553, 4
4096, 0.097736, 4
4096, 0.095985, 4
4096, 0.097507, 4
4096, 0.095969, 4
4096, 0.096151, 4
4096, 0.094622, 4
4096, 0.093988, 4
4096, 0.092217, 4
4096, 0.094394, 4
4096, 0.094270, 4
4096, 0.093542, 4
4096, 0.093876, 4
4096, 0.093374, 4
4096, 0.095877, 4
4096, 0.094711, 4
4096, 0.095247, 4
4096, 0.096512, 4
4096, 0.104110, 4
4096, 0.099963, 4
4096, 0.101060, 4
4096, 0.099376, 4
4096, 0.099739, 4
4096, 0.099738, 4
4096, 0.097454, 4
4096, 0.098457, 4
4096, 0.098264, 4
4096, 0.095405, 4
4096, 0.097486, 4
4096, 0.097700, 4
4096, 0.096847, 4
4096, 0.095860, 4
4096, 0.092552, 4
4096, 0.092149, 4
4096, 0.095877, 4
4096, 0.093789, 4
4096, 0.095966, 4
4096, 0.092787, 4
4096, 0.091122, 4
4096, 0.092307, 4
4096, 0.093752, 4
4096, 0.094778, 4
4096, 0.086520, 8
4096, 0.086761, 8
4096, 0.096929, 8
4096, 0.087529, 8
4096, 0.087176, 8
4096, 0.086566, 8
4096, 0.089477, 8
4096, 0.090126, 8
4096, 0.096451, 8
4096, 0.089427, 8
4096, 0.091279, 8
4096, 0.090730, 8
4096, 0.093549, 8
4096, 0.090522, 8
4096, 0.093453, 8
4096, 0.091437, 8
4096, 0.094440, 8
4096, 0.091605, 8
4096, 0.092243, 8
4096, 0.094303, 8
4096, 0.091616, 8
4096, 0.092260, 8
4096, 0.092086, 8
4096, 0.088558, 8
4096, 0.095901, 8
4096, 0.093764, 8
4096, 0.093464, 8
4096, 0.094704, 8
4096, 0.096518, 8
4096, 0.091136, 8
4096, 0.090004, 8
4096, 0.094357, 8
4096, 0.095169, 8
4096, 0.103863, 8
4096, 0.097042, 8
4096, 0.095593, 8
4096, 0.091313, 8
4096, 0.093003, 8
4096, 0.093241, 8
4096, 0.092924, 8
4096, 0.091380, 8
4096, 0.092180, 8
4096, 0.094603, 8
4096, 0.091833, 8
4096, 0.092457, 8
4096, 0.088041, 8
4096, 0.086135, 8
4096, 0.086404, 8
4096, 0.086432, 8
4096, 0.085399, 8
4096, 0.084593, 16
4096, 0.086365, 16
4096, 0.085205, 16
4096, 0.085119, 16
4096, 0.085897, 16
4096, 0.085554, 16
4096, 0.086466, 16
4096, 0.086221, 16
4096, 0.085629, 16
4096, 0.084798, 16
4096, 0.085670, 16
4096, 0.083617, 16
4096, 0.084776, 16
4096, 0.085329, 16
4096, 0.083917, 16
4096, 0.089306, 16
4096, 0.082952, 16
4096, 0.084584, 16
4096, 0.085143, 16
4096, 0.087376, 16
4096, 0.086511, 16
4096, 0.092159, 16
4096, 0.087611, 16
4096, 0.089364, 16
4096, 0.088030, 16
4096, 0.084812, 16
4096, 0.083989, 16
4096, 0.085376, 16
4096, 0.085944, 16
4096, 0.085406, 16
4096, 0.085807, 16
4096, 0.094070, 16
4096, 0.088932, 16
4096, 0.092600, 16
4096, 0.090229, 16
4096, 0.089634, 16
4096, 0.092452, 16
4096, 0.094838, 16
4096, 0.088638, 16
4096, 0.092537, 16
4096, 0.094354, 16
4096, 0.090448, 16
4096, 0.090298, 16
4096, 0.087920, 16
4096, 0.088555, 16
4096, 0.087010, 16
4096, 0.089215, 16
4096, 0.086458, 16
4096, 0.088049, 16
4096, 0.087008, 16
4096, 0.089161, 32
4096, 0.090519, 32
4096, 0.089268, 32
4096, 0.092877, 32
4096, 0.092731, 32
4096, 0.090662, 32
4096, 0.086939, 32
4096, 0.095476, 32
4096, 0.089193, 32
4096, 0.089813, 32
4096, 0.090238, 32
4096, 0.090750, 32
4096, 0.092047, 32
4096, 0.090816, 32
4096, 0.088158, 32
4096, 0.090669, 32
4096, 0.087664, 32
4096, 0.090573, 32
4096, 0.088341, 32
4096, 0.095834, 32
4096, 0.093365, 32
4096, 0.089990, 32
4096, 0.092172, 32
4096, 0.090394, 32
4096, 0.088523, 32
4096, 0.092367, 32
4096, 0.089967, 32
4096, 0.091612, 32
4096, 0.092301, 32
4096, 0.091695, 32
4096, 0.091653, 32
4096, 0.094321, 32
4096, 0.091466, 32
4096, 0.095083, 32
4096, 0.098747, 32
4096, 0.096393, 32
4096, 0.096155, 32
4096, 0.092020, 32
4096, 0.092644, 32
4096, 0.093701, 32
4096, 0.095843, 32
4096, 0.091578, 32
4096, 0.092579, 32
4096, 0.091388, 32
4096, 0.090792, 32
4096, 0.094164, 32
4096, 0.092210, 32
4096, 0.092870, 32
4096, 0.088465, 32
4096, 0.093823, 32
4096, 0.093088, 64
4096, 0.093462, 64
4096, 0.091022, 64
4096, 0.094616, 64
4096, 0.095488, 64
4096, 0.090207, 64
4096, 0.092793, 64
4096, 0.090625, 64
4096, 0.094075, 64
4096, 0.088214, 64
4096, 0.094750, 64
4096, 0.096579, 64
4096, 0.094102, 64
4096, 0.094395, 64
4096, 0.095786, 64
4096, 0.096134, 64
4096, 0.096787, 64
4096, 0.095782, 64
4096, 0.089875, 64
4096, 0.092522, 64
4096, 0.092682, 64
4096, 0.089850, 64
4096, 0.088834, 64
4096, 0.087935, 64
4096, 0.087568, 64
4096, 0.087415, 64
4096, 0.089406, 64
4096, 0.091701, 64
4096, 0.088961, 64
4096, 0.086670, 64
4096, 0.090231, 64
4096, 0.090628, 64
4096, 0.091624, 64
4096, 0.087862, 64
4096, 0.087919, 64
4096, 0.088835, 64
4096, 0.101734, 64
4096, 0.095401, 64
4096, 0.093503, 64
4096, 0.090687, 64
4096, 0.094264, 64
4096, 0.092154, 64
4096, 0.095980, 64
4096, 0.095386, 64
4096, 0.089125, 64
4096, 0.090219, 64
4096, 0.093749, 64
4096, 0.089586, 64
4096, 0.094923, 64
4096, 0.093150, 64
4096, 0.086619, 128
4096, 0.106046, 128
4096, 0.089312, 128
4096, 0.086838, 128
4096, 0.092647, 128
4096, 0.085382, 128
4096, 0.086414, 128
4096, 0.088254, 128
4096, 0.093336, 128
4096, 0.089635, 128
4096, 0.087084, 128
4096, 0.088842, 128
4096, 0.091126, 128
4096, 0.092447, 128
4096, 0.088860, 128
4096, 0.092326, 128
4096, 0.090796, 128
4096, 0.092374, 128
4096, 0.092146, 128
4096, 0.089073, 128
4096, 0.095044, 128
4096, 0.092275, 128
4096, 0.089097, 128
4096, 0.093202, 128
4096, 0.089439, 128
4096, 0.087426, 128
4096, 0.089652, 128
4096, 0.091065, 128
4096, 0.088185, 128
4096, 0.088420, 128
4096, 0.091322, 128
4096, 0.087718, 128
4096, 0.088898, 128
4096, 0.092211, 128
4096, 0.086591, 128
4096, 0.087923, 128
4096, 0.090558, 128
4096, 0.089906, 128
4096, 0.087989, 128
4096, 0.089504, 128
4096, 0.092608, 128
4096, 0.094792, 128
4096, 0.088240, 128
4096, 0.089453, 128
4096, 0.091403, 128
4096, 0.089996, 128
4096, 0.090644, 128
4096, 0.090361, 128
4096, 0.087437, 128
4096, 0.089555, 128
8192, 0.542538, 2
8192, 0.547260, 2
8192, 0.556708, 2
8192, 0.549517, 2
8192, 0.520801, 2
8192, 0.539432, 2
8192, 0.536129, 2
8192, 0.534623, 2
8192, 0.552169, 2
8192, 0.550993, 2
8192, 0.541041, 2
8192, 0.536965, 2
8192, 0.555855, 2
8192, 0.544627, 2
8192, 0.535899, 2
8192, 0.531817, 2
8192, 0.533918, 2
8192, 0.538760, 2
8192, 0.540159, 2
8192, 0.545140, 2
8192, 0.531704, 2
8192, 0.518765, 2
8192, 0.529673, 2
8192, 0.535624, 2
8192, 0.518155, 2
8192, 0.531385, 2
8192, 0.520170, 2
8192, 0.524730, 2
8192, 0.526548, 2
8192, 0.553643, 2
8192, 0.557043, 2
8192, 0.562983, 2
8192, 0.563475, 2
8192, 0.546207, 2
8192, 0.547583, 2
8192, 0.521024, 2
8192, 0.533355, 2
8192, 0.536779, 2
8192, 0.523795, 2
8192, 0.544055, 2
8192, 0.540754, 2
8192, 0.543726, 2
8192, 0.571051, 2
8192, 0.524032, 2
8192, 0.544932, 2
8192, 0.519889, 2
8192, 0.525253, 2
8192, 0.520396, 2
8192, 0.532443, 2
8192, 0.527810, 2
8192, 0.398664, 4
8192, 0.393175, 4
8192, 0.403947, 4
8192, 0.434853, 4
8192, 0.431406, 4
8192, 0.423647, 4
8192, 0.414941, 4
8192, 0.406804, 4
8192, 0.400000, 4
8192, 0.391685, 4
8192, 0.406705, 4
8192, 0.403354, 4
8192, 0.409014, 4
8192, 0.406258, 4
8192, 0.410815, 4
8192, 0.418573, 4
8192, 0.418858, 4
8192, 0.432024, 4
8192, 0.425429, 4
8192, 0.423819, 4
8192, 0.416804, 4
8192, 0.410595, 4
8192, 0.390807, 4
8192, 0.401404, 4
8192, 0.402243, 4
8192, 0.393993, 4
8192, 0.402882, 4
8192, 0.392534, 4
8192, 0.407441, 4
8192, 0.409386, 4
8192, 0.428376, 4
8192, 0.419208, 4
8192, 0.411240, 4
8192, 0.414978, 4
8192, 0.415005, 4
8192, 0.421011, 4
8192, 0.420510, 4
8192, 0.420309, 4
8192, 0.419157, 4
8192, 0.402215, 4
8192, 0.395032, 4
8192, 0.403279, 4
8192, 0.399990, 4
8192, 0.418923, 4
8192, 0.421808, 4
8192, 0.408262, 4
8192, 0.424711, 4
8192, 0.410599, 4
8192, 0.411832, 4
8192, 0.397609, 4
8192, 0.392588, 8
8192, 0.385715, 8
8192, 0.366828, 8
8192, 0.388256, 8
8192, 0.396003, 8
8192, 0.387585, 8
8192, 0.400265, 8
8192, 0.377575, 8
8192, 0.380538, 8
8192, 0.374067, 8
8192, 0.375337, 8
8192, 0.374232, 8
8192, 0.380489, 8
8192, 0.401935, 8
8192, 0.375045, 8
8192, 0.381764, 8
8192, 0.388663, 8
8192, 0.394226, 8
8192, 0.394879, 8
8192, 0.448473, 8
8192, 0.427007, 8
8192, 0.400618, 8
8192, 0.396398, 8
8192, 0.386076, 8
8192, 0.388707, 8
8192, 0.375486, 8
8192, 0.375443, 8
8192, 0.380604, 8
8192, 0.374612, 8
8192, 0.379549, 8
8192, 0.373043, 8
8192, 0.381591, 8
8192, 0.392309, 8
8192, 0.384962, 8
8192, 0.405910, 8
8192, 0.397637, 8
8192, 0.400106, 8
8192, 0.390694, 8
8192, 0.388423, 8
8192, 0.375139, 8
8192, 0.387854, 8
8192, 0.370354, 8
8192, 0.394982, 8
8192, 0.381909, 8
8192, 0.385996, 8
8192, 0.366058, 8
8192, 0.391109, 8
8192, 0.415091, 8
8192, 0.399170, 8
8192, 0.391409, 8
8192, 0.390248, 16
8192, 0.384942, 16
8192, 0.387100, 16
8192, 0.385497, 16
8192, 0.382882, 16
8192, 0.379539, 16
8192, 0.385800, 16
8192, 0.397703, 16
8192, 0.394250, 16
8192, 0.387059, 16
8192, 0.389894, 16
8192, 0.393906, 16
8192, 0.378380, 16
8192, 0.373047, 16
8192, 0.387854, 16
8192, 0.387099, 16
8192, 0.396276, 16
8192, 0.409079, 16
8192, 0.400169, 16
8192, 0.404866, 16
8192, 0.384332, 16
8192, 0.384644, 16
8192, 0.378890, 16
8192, 0.467777, 16
8192, 0.416549, 16
8192, 0.402874, 16
8192, 0.378942, 16
8192, 0.384619, 16
8192, 0.384056, 16
8192, 0.391828, 16
8192, 0.398621, 16
8192, 0.403513, 16
8192, 0.390180, 16
8192, 0.392835, 16
8192, 0.400266, 16
8192, 0.398407, 16
8192, 0.401591, 16
8192, 0.408332, 16
8192, 0.388218, 16
8192, 0.385969, 16
8192, 0.386931, 16
8192, 0.392379, 16
8192, 0.395839, 16
8192, 0.398491, 16
8192, 0.395292, 16
8192, 0.394075, 16
8192, 0.392421, 16
8192, 0.398323, 16
8192, 0.386797, 16
8192, 0.392540, 16
8192, 0.408351, 32
8192, 0.402339, 32
8192, 0.399348, 32
8192, 0.401002, 32
8192, 0.396042, 32
8192, 0.400113, 32
8192, 0.397815, 32
8192, 0.406606, 32
8192, 0.395017, 32
8192, 0.389646, 32
8192, 0.388344, 32
8192, 0.380869, 32
8192, 0.390253, 32
8192, 0.387952, 32
8192, 0.397524, 32
8192, 0.390067, 32
8192, 0.397766, 32
8192, 0.400256, 32
8192, 0.400402, 32
8192, 0.398152, 32
8192, 0.395802, 32
8192, 0.398835, 32
8192, 0.386477, 32
8192, 0.386603, 32
8192, 0.389947, 32
8192, 0.389444, 32
8192, 0.387208, 32
8192, 0.404841, 32
8192, 0.408079, 32
8192, 0.414734, 32
8192, 0.398380, 32
8192, 0.407829, 32
8192, 0.398266, 32
8192, 0.411030, 32
8192, 0.411902, 32
8192, 0.414443, 32
8192, 0.429811, 32
8192, 0.407219, 32
8192, 0.404003, 32
8192, 0.403848, 32
8192, 0.418983, 32
8192, 0.409992, 32
8192, 0.406653, 32
8192, 0.394502, 32
8192, 0.404640, 32
8192, 0.398262, 32
8192, 0.412206, 32
8192, 0.409911, 32
8192, 0.399828, 32
8192, 0.387003, 32
8192, 0.377061, 64
8192, 0.370598, 64
8192, 0.378299, 64
8192, 0.370390, 64
8192, 0.378167, 64
8192, 0.376676, 64
8192, 0.383580, 64
8192, 0.382286, 64
8192, 0.374234, 64
8192, 0.378934, 64
8192, 0.397287, 64
8192, 0.385502, 64
8192, 0.383288, 64
8192, 0.384112, 64
8192, 0.389930, 64
8192, 0.385506, 64
8192, 0.391899, 64
8192, 0.386082, 64
8192, 0.392105, 64
8192, 0.387788, 64
8192, 0.387569, 64
8192, 0.379034, 64
8192, 0.373847, 64
8192, 0.387456, 64
8192, 0.367598, 64
8192, 0.381634, 64
8192, 0.370686, 64
8192, 0.380130, 64
8192, 0.382320, 64
8192, 0.390864, 64
8192, 0.403789, 64
8192, 0.393767, 64
8192, 0.386267, 64
8192, 0.380411, 64
8192, 0.376985, 64
8192, 0.380989, 64
8192, 0.391711, 64
8192, 0.376611, 64
8192, 0.374079, 64
8192, 0.385717, 64
8192, 0.385816, 64
8192, 0.386479, 64
8192, 0.383588, 64
8192, 0.384198, 64
8192, 0.391617, 64
8192, 0.386524, 64
8192, 0.388684, 64
8192, 0.390153, 64
8192, 0.385782, 64
8192, 0.394974, 64
8192, 0.380107, 128
8192, 0.375900, 128
8192, 0.370139, 128
8192, 0.355710, 128
8192, 0.354116, 128
8192, 0.359529, 128
8192, 0.365807, 128
8192, 0.369191, 128
8192, 0.353658, 128
8192, 0.367650, 128
8192, 0.355296, 128
8192, 0.362793, 128
8192, 0.349864, 128
8192, 0.361238, 128
8192, 0.376915, 128
8192, 0.374809, 128
8192, 0.377556, 128
8192, 0.371849, 128
8192, 0.373557, 128
8192, 0.371135, 128
8192, 0.382761, 128
8192, 0.380907, 128
8192, 0.377775, 128
8192, 0.373115, 128
8192, 0.372870, 128
8192, 0.372676, 128
8192, 0.372618, 128
8192, 0.374979, 128
8192, 0.372382, 128
8192, 0.370322, 128
8192, 0.366305, 128
8192, 0.363328, 128
8192, 0.373358, 128
8192, 0.363775, 128
8192, 0.370911, 128
8192, 0.369823, 128
8192, 0.372717, 128
8192, 0.373072, 128
8192, 0.366792, 128
8192, 0.354881, 128
8192, 0.353659, 128
8192, 0.356006, 128
8192, 0.361470, 128
8192, 0.362970, 128
8192, 0.362503, 128
8192, 0.358014, 128
8192, 0.355930, 128
8192, 0.366864, 128
8192, 0.357568, 128
8192, 0.373422, 128
